INFO: = = = = = = = = = = = = = = = = = = = = 
INFO: ## Starting Time: 2026-05-03 15:19:30
INFO: Namespace(dataset='CAMRa2011', seed=1, device='cuda:0', emb_dim=32, epoch=30, batch_size=256, drop_ratio=0.2, lr=0.001, topK=[1, 5, 10], num_negatives=4)
INFO: [Epoch 0] user loss: 0.30303
INFO: [Epoch 0] group loss: 0.24629
INFO: [Epoch 0] [user evaluate] [metrics] pred_score max: 1.000000, num of top-score tie (avg per sample): 1.7083
INFO: [Epoch 0] [user evaluate] [metrics] top-score tie ratio (avg per sample): 1.6914%, samples with tied top (>1 item): 34.7176%
INFO: [Epoch 0] User [metrics], Hit@[1, 5, 10]: [0.25615, 0.62093, 0.80133], NDCG@[1, 5, 10]: [0.25615, 0.44057, 0.49912]
INFO: [Epoch 0] [group evaluate] [metrics] pred_score max: 1.000000, num of top-score tie (avg per sample): 1.6621
INFO: [Epoch 0] [group evaluate] [metrics] top-score tie ratio (avg per sample): 1.6456%, samples with tied top (>1 item): 29.9310%
INFO: [Epoch 0] Group [metrics], Hit@[1, 5, 10]: [0.25172, 0.57586, 0.7869], NDCG@[1, 5, 10]: [0.25172, 0.41488, 0.48363]
INFO: [Epoch 0] [user evaluate] [metrics_first] pred_score max: 1.000000, num of top-score tie (avg per sample): 1.7083
INFO: [Epoch 0] [user evaluate] [metrics_first] top-score tie ratio (avg per sample): 1.6914%, samples with tied top (>1 item): 34.7176%
INFO: [Epoch 0] User [metrics_first], Hit@[1, 5, 10]: [0.25615, 0.62259, 0.80133], NDCG@[1, 5, 10]: [0.25615, 0.44145, 0.49946]
INFO: [Epoch 0] [group evaluate] [metrics_first] pred_score max: 1.000000, num of top-score tie (avg per sample): 1.6621
INFO: [Epoch 0] [group evaluate] [metrics_first] top-score tie ratio (avg per sample): 1.6456%, samples with tied top (>1 item): 29.9310%
INFO: [Epoch 0] Group [metrics_first], Hit@[1, 5, 10]: [0.25172, 0.57586, 0.78828], NDCG@[1, 5, 10]: [0.25172, 0.41496, 0.48417]
INFO: [Epoch 0] [user evaluate] [metrics_last] pred_score max: 1.000000, num of top-score tie (avg per sample): 1.7083
INFO: [Epoch 0] [user evaluate] [metrics_last] top-score tie ratio (avg per sample): 1.6914%, samples with tied top (>1 item): 34.7176%
INFO: [Epoch 0] User [metrics_last], Hit@[1, 5, 10]: [0.14751, 0.60831, 0.80066], NDCG@[1, 5, 10]: [0.14751, 0.38176, 0.44446]
INFO: [Epoch 0] [group evaluate] [metrics_last] pred_score max: 1.000000, num of top-score tie (avg per sample): 1.6621
INFO: [Epoch 0] [group evaluate] [metrics_last] top-score tie ratio (avg per sample): 1.6456%, samples with tied top (>1 item): 29.9310%
INFO: [Epoch 0] Group [metrics_last], Hit@[1, 5, 10]: [0.16, 0.56966, 0.78552], NDCG@[1, 5, 10]: [0.16, 0.3664, 0.43682]
INFO: [Epoch 0] [user evaluate] [metrics_tie_aware] pred_score max: 1.000000, num of top-score tie (avg per sample): 1.7083
INFO: [Epoch 0] [user evaluate] [metrics_tie_aware] top-score tie ratio (avg per sample): 1.6914%, samples with tied top (>1 item): 34.7176%
INFO: [Epoch 0] User [metrics_tie_aware], Hit@[1, 5, 10]: [0.1871, 0.61836, 0.801], NDCG@[1, 5, 10]: [0.1871, 0.40798, 0.46734]
INFO: [Epoch 0] [group evaluate] [metrics_tie_aware] pred_score max: 1.000000, num of top-score tie (avg per sample): 1.6621
INFO: [Epoch 0] [group evaluate] [metrics_tie_aware] top-score tie ratio (avg per sample): 1.6456%, samples with tied top (>1 item): 29.9310%
INFO: [Epoch 0] Group [metrics_tie_aware], Hit@[1, 5, 10]: [0.19218, 0.57442, 0.78707], NDCG@[1, 5, 10]: [0.19218, 0.387, 0.45631]
INFO: 
INFO: [Epoch 1] user loss: 0.23395
INFO: [Epoch 1] group loss: 0.20185
INFO: [Epoch 1] [user evaluate] [metrics] pred_score max: 1.000000, num of top-score tie (avg per sample): 3.0505
INFO: [Epoch 1] [user evaluate] [metrics] top-score tie ratio (avg per sample): 3.0203%, samples with tied top (>1 item): 73.8538%
INFO: [Epoch 1] User [metrics], Hit@[1, 5, 10]: [0.42458, 0.64186, 0.81395], NDCG@[1, 5, 10]: [0.42458, 0.52921, 0.58457]
INFO: [Epoch 1] [group evaluate] [metrics] pred_score max: 1.000000, num of top-score tie (avg per sample): 2.8572
INFO: [Epoch 1] [group evaluate] [metrics] top-score tie ratio (avg per sample): 2.8290%, samples with tied top (>1 item): 63.1034%
INFO: [Epoch 1] Group [metrics], Hit@[1, 5, 10]: [0.36414, 0.60621, 0.79586], NDCG@[1, 5, 10]: [0.36414, 0.48222, 0.54367]
INFO: [Epoch 1] [user evaluate] [metrics_first] pred_score max: 1.000000, num of top-score tie (avg per sample): 3.0505
INFO: [Epoch 1] [user evaluate] [metrics_first] top-score tie ratio (avg per sample): 3.0203%, samples with tied top (>1 item): 73.8538%
INFO: [Epoch 1] User [metrics_first], Hit@[1, 5, 10]: [0.42458, 0.64319, 0.81395], NDCG@[1, 5, 10]: [0.42458, 0.53028, 0.5852]
INFO: [Epoch 1] [group evaluate] [metrics_first] pred_score max: 1.000000, num of top-score tie (avg per sample): 2.8572
INFO: [Epoch 1] [group evaluate] [metrics_first] top-score tie ratio (avg per sample): 2.8290%, samples with tied top (>1 item): 63.1034%
INFO: [Epoch 1] Group [metrics_first], Hit@[1, 5, 10]: [0.36414, 0.60621, 0.79655], NDCG@[1, 5, 10]: [0.36414, 0.48225, 0.544]
INFO: [Epoch 1] [user evaluate] [metrics_last] pred_score max: 1.000000, num of top-score tie (avg per sample): 3.0505
INFO: [Epoch 1] [user evaluate] [metrics_last] top-score tie ratio (avg per sample): 3.0203%, samples with tied top (>1 item): 73.8538%
INFO: [Epoch 1] User [metrics_last], Hit@[1, 5, 10]: [0.06944, 0.58007, 0.81362], NDCG@[1, 5, 10]: [0.06944, 0.31916, 0.39528]
INFO: [Epoch 1] [group evaluate] [metrics_last] pred_score max: 1.000000, num of top-score tie (avg per sample): 2.8572
INFO: [Epoch 1] [group evaluate] [metrics_last] top-score tie ratio (avg per sample): 2.8290%, samples with tied top (>1 item): 63.1034%
INFO: [Epoch 1] Group [metrics_last], Hit@[1, 5, 10]: [0.09931, 0.55517, 0.7931], NDCG@[1, 5, 10]: [0.09931, 0.31991, 0.39755]
INFO: [Epoch 1] [user evaluate] [metrics_tie_aware] pred_score max: 1.000000, num of top-score tie (avg per sample): 3.0505
INFO: [Epoch 1] [user evaluate] [metrics_tie_aware] top-score tie ratio (avg per sample): 3.0203%, samples with tied top (>1 item): 73.8538%
INFO: [Epoch 1] User [metrics_tie_aware], Hit@[1, 5, 10]: [0.17748, 0.62542, 0.81379], NDCG@[1, 5, 10]: [0.17748, 0.40643, 0.46738]
INFO: [Epoch 1] [group evaluate] [metrics_tie_aware] pred_score max: 1.000000, num of top-score tie (avg per sample): 2.8572
INFO: [Epoch 1] [group evaluate] [metrics_tie_aware] top-score tie ratio (avg per sample): 2.8290%, samples with tied top (>1 item): 63.1034%
INFO: [Epoch 1] Group [metrics_tie_aware], Hit@[1, 5, 10]: [0.17576, 0.59172, 0.79596], NDCG@[1, 5, 10]: [0.17576, 0.38564, 0.45205]
INFO: 
INFO: [Epoch 2] user loss: 0.20178
INFO: [Epoch 2] group loss: 0.17702
INFO: [Epoch 2] [user evaluate] [metrics] pred_score max: 1.000000, num of top-score tie (avg per sample): 2.9960
INFO: [Epoch 2] [user evaluate] [metrics] top-score tie ratio (avg per sample): 2.9663%, samples with tied top (>1 item): 68.5382%
INFO: [Epoch 2] User [metrics], Hit@[1, 5, 10]: [0.40698, 0.64252, 0.81628], NDCG@[1, 5, 10]: [0.40698, 0.5218, 0.57826]
INFO: [Epoch 2] [group evaluate] [metrics] pred_score max: 1.000000, num of top-score tie (avg per sample): 2.8634
INFO: [Epoch 2] [group evaluate] [metrics] top-score tie ratio (avg per sample): 2.8351%, samples with tied top (>1 item): 60.0000%
INFO: [Epoch 2] Group [metrics], Hit@[1, 5, 10]: [0.35724, 0.61517, 0.80621], NDCG@[1, 5, 10]: [0.35724, 0.48445, 0.54598]
INFO: [Epoch 2] [user evaluate] [metrics_first] pred_score max: 1.000000, num of top-score tie (avg per sample): 2.9960
INFO: [Epoch 2] [user evaluate] [metrics_first] top-score tie ratio (avg per sample): 2.9663%, samples with tied top (>1 item): 68.5382%
INFO: [Epoch 2] User [metrics_first], Hit@[1, 5, 10]: [0.40698, 0.64286, 0.81628], NDCG@[1, 5, 10]: [0.40698, 0.52219, 0.57855]
INFO: [Epoch 2] [group evaluate] [metrics_first] pred_score max: 1.000000, num of top-score tie (avg per sample): 2.8634
INFO: [Epoch 2] [group evaluate] [metrics_first] top-score tie ratio (avg per sample): 2.8351%, samples with tied top (>1 item): 60.0000%
INFO: [Epoch 2] Group [metrics_first], Hit@[1, 5, 10]: [0.35724, 0.61517, 0.8069], NDCG@[1, 5, 10]: [0.35724, 0.4849, 0.54664]
INFO: [Epoch 2] [user evaluate] [metrics_last] pred_score max: 1.000000, num of top-score tie (avg per sample): 2.9960
INFO: [Epoch 2] [user evaluate] [metrics_last] top-score tie ratio (avg per sample): 2.9663%, samples with tied top (>1 item): 68.5382%
INFO: [Epoch 2] User [metrics_last], Hit@[1, 5, 10]: [0.08239, 0.56711, 0.81628], NDCG@[1, 5, 10]: [0.08239, 0.32017, 0.4021]
INFO: [Epoch 2] [group evaluate] [metrics_last] pred_score max: 1.000000, num of top-score tie (avg per sample): 2.8634
INFO: [Epoch 2] [group evaluate] [metrics_last] top-score tie ratio (avg per sample): 2.8351%, samples with tied top (>1 item): 60.0000%
INFO: [Epoch 2] Group [metrics_last], Hit@[1, 5, 10]: [0.09517, 0.54138, 0.80345], NDCG@[1, 5, 10]: [0.09517, 0.3134, 0.39894]
INFO: [Epoch 2] [user evaluate] [metrics_tie_aware] pred_score max: 1.000000, num of top-score tie (avg per sample): 2.9960
INFO: [Epoch 2] [user evaluate] [metrics_tie_aware] top-score tie ratio (avg per sample): 2.9663%, samples with tied top (>1 item): 68.5382%
INFO: [Epoch 2] User [metrics_tie_aware], Hit@[1, 5, 10]: [0.17836, 0.62249, 0.81628], NDCG@[1, 5, 10]: [0.17836, 0.40453, 0.46785]
INFO: [Epoch 2] [group evaluate] [metrics_tie_aware] pred_score max: 1.000000, num of top-score tie (avg per sample): 2.8634
INFO: [Epoch 2] [group evaluate] [metrics_tie_aware] top-score tie ratio (avg per sample): 2.8351%, samples with tied top (>1 item): 60.0000%
INFO: [Epoch 2] Group [metrics_tie_aware], Hit@[1, 5, 10]: [0.16771, 0.59476, 0.80574], NDCG@[1, 5, 10]: [0.16771, 0.38411, 0.45247]
INFO: 
INFO: [Epoch 3] user loss: 0.17951
INFO: [Epoch 3] group loss: 0.15810
INFO: [Epoch 3] [user evaluate] [metrics] pred_score max: 1.000000, num of top-score tie (avg per sample): 2.8874
INFO: [Epoch 3] [user evaluate] [metrics] top-score tie ratio (avg per sample): 2.8588%, samples with tied top (>1 item): 67.1429%
INFO: [Epoch 3] User [metrics], Hit@[1, 5, 10]: [0.401, 0.64917, 0.82359], NDCG@[1, 5, 10]: [0.401, 0.5224, 0.57912]
INFO: [Epoch 3] [group evaluate] [metrics] pred_score max: 1.000000, num of top-score tie (avg per sample): 2.8786
INFO: [Epoch 3] [group evaluate] [metrics] top-score tie ratio (avg per sample): 2.8501%, samples with tied top (>1 item): 61.2414%
INFO: [Epoch 3] Group [metrics], Hit@[1, 5, 10]: [0.36414, 0.61517, 0.80621], NDCG@[1, 5, 10]: [0.36414, 0.48633, 0.54851]
INFO: [Epoch 3] [user evaluate] [metrics_first] pred_score max: 1.000000, num of top-score tie (avg per sample): 2.8874
INFO: [Epoch 3] [user evaluate] [metrics_first] top-score tie ratio (avg per sample): 2.8588%, samples with tied top (>1 item): 67.1429%
INFO: [Epoch 3] User [metrics_first], Hit@[1, 5, 10]: [0.401, 0.65017, 0.82359], NDCG@[1, 5, 10]: [0.401, 0.52296, 0.57937]
INFO: [Epoch 3] [group evaluate] [metrics_first] pred_score max: 1.000000, num of top-score tie (avg per sample): 2.8786
INFO: [Epoch 3] [group evaluate] [metrics_first] top-score tie ratio (avg per sample): 2.8501%, samples with tied top (>1 item): 61.2414%
INFO: [Epoch 3] Group [metrics_first], Hit@[1, 5, 10]: [0.36414, 0.61655, 0.80759], NDCG@[1, 5, 10]: [0.36414, 0.487, 0.54909]
INFO: [Epoch 3] [user evaluate] [metrics_last] pred_score max: 1.000000, num of top-score tie (avg per sample): 2.8874
INFO: [Epoch 3] [user evaluate] [metrics_last] top-score tie ratio (avg per sample): 2.8588%, samples with tied top (>1 item): 67.1429%
INFO: [Epoch 3] User [metrics_last], Hit@[1, 5, 10]: [0.08472, 0.57442, 0.82259], NDCG@[1, 5, 10]: [0.08472, 0.32619, 0.40819]
INFO: [Epoch 3] [group evaluate] [metrics_last] pred_score max: 1.000000, num of top-score tie (avg per sample): 2.8786
INFO: [Epoch 3] [group evaluate] [metrics_last] top-score tie ratio (avg per sample): 2.8501%, samples with tied top (>1 item): 61.2414%
INFO: [Epoch 3] Group [metrics_last], Hit@[1, 5, 10]: [0.10621, 0.54897, 0.80414], NDCG@[1, 5, 10]: [0.10621, 0.31916, 0.40297]
INFO: [Epoch 3] [user evaluate] [metrics_tie_aware] pred_score max: 1.000000, num of top-score tie (avg per sample): 2.8874
INFO: [Epoch 3] [user evaluate] [metrics_tie_aware] top-score tie ratio (avg per sample): 2.8588%, samples with tied top (>1 item): 67.1429%
INFO: [Epoch 3] User [metrics_tie_aware], Hit@[1, 5, 10]: [0.1794, 0.63122, 0.82323], NDCG@[1, 5, 10]: [0.1794, 0.40983, 0.47264]
INFO: [Epoch 3] [group evaluate] [metrics_tie_aware] pred_score max: 1.000000, num of top-score tie (avg per sample): 2.8786
INFO: [Epoch 3] [group evaluate] [metrics_tie_aware] top-score tie ratio (avg per sample): 2.8501%, samples with tied top (>1 item): 61.2414%
INFO: [Epoch 3] Group [metrics_tie_aware], Hit@[1, 5, 10]: [0.17535, 0.59736, 0.80659], NDCG@[1, 5, 10]: [0.17535, 0.38728, 0.45561]
INFO: 
INFO: [Epoch 4] user loss: 0.16316
INFO: [Epoch 4] group loss: 0.14238
INFO: [Epoch 4] [user evaluate] [metrics] pred_score max: 1.000000, num of top-score tie (avg per sample): 2.6684
INFO: [Epoch 4] [user evaluate] [metrics] top-score tie ratio (avg per sample): 2.6420%, samples with tied top (>1 item): 61.0299%
INFO: [Epoch 4] User [metrics], Hit@[1, 5, 10]: [0.3804, 0.65714, 0.82625], NDCG@[1, 5, 10]: [0.3804, 0.51697, 0.57204]
INFO: [Epoch 4] [group evaluate] [metrics] pred_score max: 1.000000, num of top-score tie (avg per sample): 2.7021
INFO: [Epoch 4] [group evaluate] [metrics] top-score tie ratio (avg per sample): 2.6753%, samples with tied top (>1 item): 53.7931%
INFO: [Epoch 4] Group [metrics], Hit@[1, 5, 10]: [0.35103, 0.61379, 0.81517], NDCG@[1, 5, 10]: [0.35103, 0.47948, 0.54506]
INFO: [Epoch 4] [user evaluate] [metrics_first] pred_score max: 1.000000, num of top-score tie (avg per sample): 2.6684
INFO: [Epoch 4] [user evaluate] [metrics_first] top-score tie ratio (avg per sample): 2.6420%, samples with tied top (>1 item): 61.0299%
INFO: [Epoch 4] User [metrics_first], Hit@[1, 5, 10]: [0.3804, 0.65748, 0.82625], NDCG@[1, 5, 10]: [0.3804, 0.51719, 0.57216]
INFO: [Epoch 4] [group evaluate] [metrics_first] pred_score max: 1.000000, num of top-score tie (avg per sample): 2.7021
INFO: [Epoch 4] [group evaluate] [metrics_first] top-score tie ratio (avg per sample): 2.6753%, samples with tied top (>1 item): 53.7931%
INFO: [Epoch 4] Group [metrics_first], Hit@[1, 5, 10]: [0.35103, 0.61379, 0.81586], NDCG@[1, 5, 10]: [0.35103, 0.47951, 0.54533]
INFO: [Epoch 4] [user evaluate] [metrics_last] pred_score max: 1.000000, num of top-score tie (avg per sample): 2.6684
INFO: [Epoch 4] [user evaluate] [metrics_last] top-score tie ratio (avg per sample): 2.6420%, samples with tied top (>1 item): 61.0299%
INFO: [Epoch 4] User [metrics_last], Hit@[1, 5, 10]: [0.0907, 0.59336, 0.82525], NDCG@[1, 5, 10]: [0.0907, 0.3417, 0.41811]
INFO: [Epoch 4] [group evaluate] [metrics_last] pred_score max: 1.000000, num of top-score tie (avg per sample): 2.7021
INFO: [Epoch 4] [group evaluate] [metrics_last] top-score tie ratio (avg per sample): 2.6753%, samples with tied top (>1 item): 53.7931%
INFO: [Epoch 4] Group [metrics_last], Hit@[1, 5, 10]: [0.11586, 0.54414, 0.81172], NDCG@[1, 5, 10]: [0.11586, 0.32413, 0.41215]
INFO: [Epoch 4] [user evaluate] [metrics_tie_aware] pred_score max: 1.000000, num of top-score tie (avg per sample): 2.6684
INFO: [Epoch 4] [user evaluate] [metrics_tie_aware] top-score tie ratio (avg per sample): 2.6420%, samples with tied top (>1 item): 61.0299%
INFO: [Epoch 4] User [metrics_tie_aware], Hit@[1, 5, 10]: [0.18062, 0.64046, 0.82586], NDCG@[1, 5, 10]: [0.18062, 0.41591, 0.47659]
INFO: [Epoch 4] [group evaluate] [metrics_tie_aware] pred_score max: 1.000000, num of top-score tie (avg per sample): 2.7021
INFO: [Epoch 4] [group evaluate] [metrics_tie_aware] top-score tie ratio (avg per sample): 2.6753%, samples with tied top (>1 item): 53.7931%
INFO: [Epoch 4] Group [metrics_tie_aware], Hit@[1, 5, 10]: [0.17952, 0.59469, 0.81492], NDCG@[1, 5, 10]: [0.17952, 0.38804, 0.46007]
INFO: 
INFO: [Epoch 5] user loss: 0.14869
INFO: [Epoch 5] group loss: 0.12947
INFO: [Epoch 5] [user evaluate] [metrics] pred_score max: 1.000000, num of top-score tie (avg per sample): 2.5425
INFO: [Epoch 5] [user evaluate] [metrics] top-score tie ratio (avg per sample): 2.5174%, samples with tied top (>1 item): 57.4751%
INFO: [Epoch 5] User [metrics], Hit@[1, 5, 10]: [0.36545, 0.66412, 0.83389], NDCG@[1, 5, 10]: [0.36545, 0.51191, 0.56701]
INFO: [Epoch 5] [group evaluate] [metrics] pred_score max: 1.000000, num of top-score tie (avg per sample): 2.6662
INFO: [Epoch 5] [group evaluate] [metrics] top-score tie ratio (avg per sample): 2.6398%, samples with tied top (>1 item): 51.1034%
INFO: [Epoch 5] Group [metrics], Hit@[1, 5, 10]: [0.34759, 0.61931, 0.80552], NDCG@[1, 5, 10]: [0.34759, 0.48059, 0.54111]
INFO: [Epoch 5] [user evaluate] [metrics_first] pred_score max: 1.000000, num of top-score tie (avg per sample): 2.5425
INFO: [Epoch 5] [user evaluate] [metrics_first] top-score tie ratio (avg per sample): 2.5174%, samples with tied top (>1 item): 57.4751%
INFO: [Epoch 5] User [metrics_first], Hit@[1, 5, 10]: [0.36545, 0.66412, 0.83422], NDCG@[1, 5, 10]: [0.36545, 0.51201, 0.56724]
INFO: [Epoch 5] [group evaluate] [metrics_first] pred_score max: 1.000000, num of top-score tie (avg per sample): 2.6662
INFO: [Epoch 5] [group evaluate] [metrics_first] top-score tie ratio (avg per sample): 2.6398%, samples with tied top (>1 item): 51.1034%
INFO: [Epoch 5] Group [metrics_first], Hit@[1, 5, 10]: [0.34759, 0.62, 0.80621], NDCG@[1, 5, 10]: [0.34759, 0.48089, 0.54141]
INFO: [Epoch 5] [user evaluate] [metrics_last] pred_score max: 1.000000, num of top-score tie (avg per sample): 2.5425
INFO: [Epoch 5] [user evaluate] [metrics_last] top-score tie ratio (avg per sample): 2.5174%, samples with tied top (>1 item): 57.4751%
INFO: [Epoch 5] User [metrics_last], Hit@[1, 5, 10]: [0.10133, 0.61196, 0.83322], NDCG@[1, 5, 10]: [0.10133, 0.3546, 0.42721]
INFO: [Epoch 5] [group evaluate] [metrics_last] pred_score max: 1.000000, num of top-score tie (avg per sample): 2.6662
INFO: [Epoch 5] [group evaluate] [metrics_last] top-score tie ratio (avg per sample): 2.6398%, samples with tied top (>1 item): 51.1034%
INFO: [Epoch 5] Group [metrics_last], Hit@[1, 5, 10]: [0.12069, 0.55793, 0.80552], NDCG@[1, 5, 10]: [0.12069, 0.33163, 0.41277]
INFO: [Epoch 5] [user evaluate] [metrics_tie_aware] pred_score max: 1.000000, num of top-score tie (avg per sample): 2.5425
INFO: [Epoch 5] [user evaluate] [metrics_tie_aware] top-score tie ratio (avg per sample): 2.5174%, samples with tied top (>1 item): 57.4751%
INFO: [Epoch 5] User [metrics_tie_aware], Hit@[1, 5, 10]: [0.18313, 0.65056, 0.8338], NDCG@[1, 5, 10]: [0.18313, 0.42072, 0.48046]
INFO: [Epoch 5] [group evaluate] [metrics_tie_aware] pred_score max: 1.000000, num of top-score tie (avg per sample): 2.6662
INFO: [Epoch 5] [group evaluate] [metrics_tie_aware] top-score tie ratio (avg per sample): 2.6398%, samples with tied top (>1 item): 51.1034%
INFO: [Epoch 5] Group [metrics_tie_aware], Hit@[1, 5, 10]: [0.18086, 0.6025, 0.80586], NDCG@[1, 5, 10]: [0.18086, 0.39217, 0.45855]
INFO: 
INFO: [Epoch 6] user loss: 0.13687
INFO: [Epoch 6] group loss: 0.11835
INFO: [Epoch 6] [user evaluate] [metrics] pred_score max: 1.000000, num of top-score tie (avg per sample): 2.4096
INFO: [Epoch 6] [user evaluate] [metrics] top-score tie ratio (avg per sample): 2.3858%, samples with tied top (>1 item): 51.8272%
INFO: [Epoch 6] User [metrics], Hit@[1, 5, 10]: [0.34917, 0.65914, 0.83588], NDCG@[1, 5, 10]: [0.34917, 0.50364, 0.56137]
INFO: [Epoch 6] [group evaluate] [metrics] pred_score max: 1.000000, num of top-score tie (avg per sample): 2.5848
INFO: [Epoch 6] [group evaluate] [metrics] top-score tie ratio (avg per sample): 2.5592%, samples with tied top (>1 item): 50.4828%
INFO: [Epoch 6] Group [metrics], Hit@[1, 5, 10]: [0.34138, 0.62207, 0.81655], NDCG@[1, 5, 10]: [0.34138, 0.47908, 0.54229]
INFO: [Epoch 6] [user evaluate] [metrics_first] pred_score max: 1.000000, num of top-score tie (avg per sample): 2.4096
INFO: [Epoch 6] [user evaluate] [metrics_first] top-score tie ratio (avg per sample): 2.3858%, samples with tied top (>1 item): 51.8272%
INFO: [Epoch 6] User [metrics_first], Hit@[1, 5, 10]: [0.34917, 0.6598, 0.83654], NDCG@[1, 5, 10]: [0.34917, 0.50429, 0.562]
INFO: [Epoch 6] [group evaluate] [metrics_first] pred_score max: 1.000000, num of top-score tie (avg per sample): 2.5848
INFO: [Epoch 6] [group evaluate] [metrics_first] top-score tie ratio (avg per sample): 2.5592%, samples with tied top (>1 item): 50.4828%
INFO: [Epoch 6] Group [metrics_first], Hit@[1, 5, 10]: [0.34138, 0.62414, 0.81724], NDCG@[1, 5, 10]: [0.34138, 0.48006, 0.54277]
INFO: [Epoch 6] [user evaluate] [metrics_last] pred_score max: 1.000000, num of top-score tie (avg per sample): 2.4096
INFO: [Epoch 6] [user evaluate] [metrics_last] top-score tie ratio (avg per sample): 2.3858%, samples with tied top (>1 item): 51.8272%
INFO: [Epoch 6] User [metrics_last], Hit@[1, 5, 10]: [0.10864, 0.6113, 0.83455], NDCG@[1, 5, 10]: [0.10864, 0.36027, 0.43367]
INFO: [Epoch 6] [group evaluate] [metrics_last] pred_score max: 1.000000, num of top-score tie (avg per sample): 2.5848
INFO: [Epoch 6] [group evaluate] [metrics_last] top-score tie ratio (avg per sample): 2.5592%, samples with tied top (>1 item): 50.4828%
INFO: [Epoch 6] Group [metrics_last], Hit@[1, 5, 10]: [0.12207, 0.56276, 0.81655], NDCG@[1, 5, 10]: [0.12207, 0.33714, 0.42028]
INFO: [Epoch 6] [user evaluate] [metrics_tie_aware] pred_score max: 1.000000, num of top-score tie (avg per sample): 2.4096
INFO: [Epoch 6] [user evaluate] [metrics_tie_aware] top-score tie ratio (avg per sample): 2.3858%, samples with tied top (>1 item): 51.8272%
INFO: [Epoch 6] User [metrics_tie_aware], Hit@[1, 5, 10]: [0.18355, 0.6462, 0.83601], NDCG@[1, 5, 10]: [0.18355, 0.42055, 0.48271]
INFO: [Epoch 6] [group evaluate] [metrics_tie_aware] pred_score max: 1.000000, num of top-score tie (avg per sample): 2.5848
INFO: [Epoch 6] [group evaluate] [metrics_tie_aware] top-score tie ratio (avg per sample): 2.5592%, samples with tied top (>1 item): 50.4828%
INFO: [Epoch 6] Group [metrics_tie_aware], Hit@[1, 5, 10]: [0.18217, 0.60703, 0.8169], NDCG@[1, 5, 10]: [0.18217, 0.39582, 0.46424]
INFO: 
INFO: [Epoch 7] user loss: 0.12638
INFO: [Epoch 7] group loss: 0.10997
INFO: [Epoch 7] [user evaluate] [metrics] pred_score max: 1.000000, num of top-score tie (avg per sample): 2.0306
INFO: [Epoch 7] [user evaluate] [metrics] top-score tie ratio (avg per sample): 2.0105%, samples with tied top (>1 item): 40.0997%
INFO: [Epoch 7] User [metrics], Hit@[1, 5, 10]: [0.30365, 0.66711, 0.84252], NDCG@[1, 5, 10]: [0.30365, 0.48622, 0.54334]
INFO: [Epoch 7] [group evaluate] [metrics] pred_score max: 1.000000, num of top-score tie (avg per sample): 2.3538
INFO: [Epoch 7] [group evaluate] [metrics] top-score tie ratio (avg per sample): 2.3305%, samples with tied top (>1 item): 43.5172%
INFO: [Epoch 7] Group [metrics], Hit@[1, 5, 10]: [0.31655, 0.63103, 0.82069], NDCG@[1, 5, 10]: [0.31655, 0.47271, 0.53419]
INFO: [Epoch 7] [user evaluate] [metrics_first] pred_score max: 1.000000, num of top-score tie (avg per sample): 2.0306
INFO: [Epoch 7] [user evaluate] [metrics_first] top-score tie ratio (avg per sample): 2.0105%, samples with tied top (>1 item): 40.0997%
INFO: [Epoch 7] User [metrics_first], Hit@[1, 5, 10]: [0.30365, 0.66744, 0.84319], NDCG@[1, 5, 10]: [0.30365, 0.48639, 0.54358]
INFO: [Epoch 7] [group evaluate] [metrics_first] pred_score max: 1.000000, num of top-score tie (avg per sample): 2.3538
INFO: [Epoch 7] [group evaluate] [metrics_first] top-score tie ratio (avg per sample): 2.3305%, samples with tied top (>1 item): 43.5172%
INFO: [Epoch 7] Group [metrics_first], Hit@[1, 5, 10]: [0.31655, 0.63241, 0.82207], NDCG@[1, 5, 10]: [0.31655, 0.47349, 0.53491]
INFO: [Epoch 7] [user evaluate] [metrics_last] pred_score max: 1.000000, num of top-score tie (avg per sample): 2.0306
INFO: [Epoch 7] [user evaluate] [metrics_last] top-score tie ratio (avg per sample): 2.0105%, samples with tied top (>1 item): 40.0997%
INFO: [Epoch 7] User [metrics_last], Hit@[1, 5, 10]: [0.12658, 0.63189, 0.8412], NDCG@[1, 5, 10]: [0.12658, 0.38223, 0.45084]
INFO: [Epoch 7] [group evaluate] [metrics_last] pred_score max: 1.000000, num of top-score tie (avg per sample): 2.3538
INFO: [Epoch 7] [group evaluate] [metrics_last] top-score tie ratio (avg per sample): 2.3305%, samples with tied top (>1 item): 43.5172%
INFO: [Epoch 7] Group [metrics_last], Hit@[1, 5, 10]: [0.13172, 0.57862, 0.81862], NDCG@[1, 5, 10]: [0.13172, 0.35308, 0.43165]
INFO: [Epoch 7] [user evaluate] [metrics_tie_aware] pred_score max: 1.000000, num of top-score tie (avg per sample): 2.0306
INFO: [Epoch 7] [user evaluate] [metrics_tie_aware] top-score tie ratio (avg per sample): 2.0105%, samples with tied top (>1 item): 40.0997%
INFO: [Epoch 7] User [metrics_tie_aware], Hit@[1, 5, 10]: [0.18483, 0.65753, 0.84258], NDCG@[1, 5, 10]: [0.18483, 0.42686, 0.48725]
INFO: [Epoch 7] [group evaluate] [metrics_tie_aware] pred_score max: 1.000000, num of top-score tie (avg per sample): 2.3538
INFO: [Epoch 7] [group evaluate] [metrics_tie_aware] top-score tie ratio (avg per sample): 2.3305%, samples with tied top (>1 item): 43.5172%
INFO: [Epoch 7] Group [metrics_tie_aware], Hit@[1, 5, 10]: [0.18448, 0.61803, 0.82052], NDCG@[1, 5, 10]: [0.18448, 0.4035, 0.46934]
INFO: 
INFO: [Epoch 8] user loss: 0.11817
INFO: [Epoch 8] group loss: 0.10275
INFO: [Epoch 8] [user evaluate] [metrics] pred_score max: 1.000000, num of top-score tie (avg per sample): 1.9595
INFO: [Epoch 8] [user evaluate] [metrics] top-score tie ratio (avg per sample): 1.9401%, samples with tied top (>1 item): 37.3754%
INFO: [Epoch 8] User [metrics], Hit@[1, 5, 10]: [0.3, 0.66611, 0.84817], NDCG@[1, 5, 10]: [0.3, 0.48431, 0.54342]
INFO: [Epoch 8] [group evaluate] [metrics] pred_score max: 1.000000, num of top-score tie (avg per sample): 2.4517
INFO: [Epoch 8] [group evaluate] [metrics] top-score tie ratio (avg per sample): 2.4274%, samples with tied top (>1 item): 44.2069%
INFO: [Epoch 8] Group [metrics], Hit@[1, 5, 10]: [0.31862, 0.63862, 0.81655], NDCG@[1, 5, 10]: [0.31862, 0.47836, 0.53604]
INFO: [Epoch 8] [user evaluate] [metrics_first] pred_score max: 1.000000, num of top-score tie (avg per sample): 1.9595
INFO: [Epoch 8] [user evaluate] [metrics_first] top-score tie ratio (avg per sample): 1.9401%, samples with tied top (>1 item): 37.3754%
INFO: [Epoch 8] User [metrics_first], Hit@[1, 5, 10]: [0.3, 0.66611, 0.84817], NDCG@[1, 5, 10]: [0.3, 0.4845, 0.54364]
INFO: [Epoch 8] [group evaluate] [metrics_first] pred_score max: 1.000000, num of top-score tie (avg per sample): 2.4517
INFO: [Epoch 8] [group evaluate] [metrics_first] top-score tie ratio (avg per sample): 2.4274%, samples with tied top (>1 item): 44.2069%
INFO: [Epoch 8] Group [metrics_first], Hit@[1, 5, 10]: [0.31862, 0.63862, 0.81655], NDCG@[1, 5, 10]: [0.31862, 0.47841, 0.53612]
INFO: [Epoch 8] [user evaluate] [metrics_last] pred_score max: 1.000000, num of top-score tie (avg per sample): 1.9595
INFO: [Epoch 8] [user evaluate] [metrics_last] top-score tie ratio (avg per sample): 1.9401%, samples with tied top (>1 item): 37.3754%
INFO: [Epoch 8] User [metrics_last], Hit@[1, 5, 10]: [0.13654, 0.63588, 0.84718], NDCG@[1, 5, 10]: [0.13654, 0.38906, 0.45814]
INFO: [Epoch 8] [group evaluate] [metrics_last] pred_score max: 1.000000, num of top-score tie (avg per sample): 2.4517
INFO: [Epoch 8] [group evaluate] [metrics_last] top-score tie ratio (avg per sample): 2.4274%, samples with tied top (>1 item): 44.2069%
INFO: [Epoch 8] Group [metrics_last], Hit@[1, 5, 10]: [0.1269, 0.58069, 0.81241], NDCG@[1, 5, 10]: [0.1269, 0.35327, 0.42915]
INFO: [Epoch 8] [user evaluate] [metrics_tie_aware] pred_score max: 1.000000, num of top-score tie (avg per sample): 1.9595
INFO: [Epoch 8] [user evaluate] [metrics_tie_aware] top-score tie ratio (avg per sample): 1.9401%, samples with tied top (>1 item): 37.3754%
INFO: [Epoch 8] User [metrics_tie_aware], Hit@[1, 5, 10]: [0.19005, 0.65788, 0.84808], NDCG@[1, 5, 10]: [0.19005, 0.42978, 0.4917]
INFO: [Epoch 8] [group evaluate] [metrics_tie_aware] pred_score max: 1.000000, num of top-score tie (avg per sample): 2.4517
INFO: [Epoch 8] [group evaluate] [metrics_tie_aware] top-score tie ratio (avg per sample): 2.4274%, samples with tied top (>1 item): 44.2069%
INFO: [Epoch 8] Group [metrics_tie_aware], Hit@[1, 5, 10]: [0.18059, 0.62131, 0.81551], NDCG@[1, 5, 10]: [0.18059, 0.40469, 0.46794]
INFO: 
INFO: [Epoch 9] user loss: 0.11149
INFO: [Epoch 9] group loss: 0.09752
INFO: [Epoch 9] [user evaluate] [metrics] pred_score max: 1.000000, num of top-score tie (avg per sample): 1.7824
INFO: [Epoch 9] [user evaluate] [metrics] top-score tie ratio (avg per sample): 1.7647%, samples with tied top (>1 item): 32.4252%
INFO: [Epoch 9] User [metrics], Hit@[1, 5, 10]: [0.28937, 0.67309, 0.84585], NDCG@[1, 5, 10]: [0.28937, 0.4813, 0.53751]
INFO: [Epoch 9] [group evaluate] [metrics] pred_score max: 1.000000, num of top-score tie (avg per sample): 2.3097
INFO: [Epoch 9] [group evaluate] [metrics] top-score tie ratio (avg per sample): 2.2868%, samples with tied top (>1 item): 41.9310%
INFO: [Epoch 9] Group [metrics], Hit@[1, 5, 10]: [0.31241, 0.62276, 0.81241], NDCG@[1, 5, 10]: [0.31241, 0.46957, 0.53134]
INFO: [Epoch 9] [user evaluate] [metrics_first] pred_score max: 1.000000, num of top-score tie (avg per sample): 1.7824
INFO: [Epoch 9] [user evaluate] [metrics_first] top-score tie ratio (avg per sample): 1.7647%, samples with tied top (>1 item): 32.4252%
INFO: [Epoch 9] User [metrics_first], Hit@[1, 5, 10]: [0.28937, 0.67309, 0.84618], NDCG@[1, 5, 10]: [0.28937, 0.48146, 0.53778]
INFO: [Epoch 9] [group evaluate] [metrics_first] pred_score max: 1.000000, num of top-score tie (avg per sample): 2.3097
INFO: [Epoch 9] [group evaluate] [metrics_first] top-score tie ratio (avg per sample): 2.2868%, samples with tied top (>1 item): 41.9310%
INFO: [Epoch 9] Group [metrics_first], Hit@[1, 5, 10]: [0.31241, 0.62345, 0.81241], NDCG@[1, 5, 10]: [0.31241, 0.46987, 0.53141]
INFO: [Epoch 9] [user evaluate] [metrics_last] pred_score max: 1.000000, num of top-score tie (avg per sample): 1.7824
INFO: [Epoch 9] [user evaluate] [metrics_last] top-score tie ratio (avg per sample): 1.7647%, samples with tied top (>1 item): 32.4252%
INFO: [Epoch 9] User [metrics_last], Hit@[1, 5, 10]: [0.14718, 0.64551, 0.84485], NDCG@[1, 5, 10]: [0.14718, 0.39892, 0.46426]
INFO: [Epoch 9] [group evaluate] [metrics_last] pred_score max: 1.000000, num of top-score tie (avg per sample): 2.3097
INFO: [Epoch 9] [group evaluate] [metrics_last] top-score tie ratio (avg per sample): 2.2868%, samples with tied top (>1 item): 41.9310%
INFO: [Epoch 9] Group [metrics_last], Hit@[1, 5, 10]: [0.13655, 0.57379, 0.80966], NDCG@[1, 5, 10]: [0.13655, 0.35622, 0.43359]
INFO: [Epoch 9] [user evaluate] [metrics_tie_aware] pred_score max: 1.000000, num of top-score tie (avg per sample): 1.7824
INFO: [Epoch 9] [user evaluate] [metrics_tie_aware] top-score tie ratio (avg per sample): 1.7647%, samples with tied top (>1 item): 32.4252%
INFO: [Epoch 9] User [metrics_tie_aware], Hit@[1, 5, 10]: [0.19524, 0.66564, 0.84592], NDCG@[1, 5, 10]: [0.19524, 0.43478, 0.49358]
INFO: [Epoch 9] [group evaluate] [metrics_tie_aware] pred_score max: 1.000000, num of top-score tie (avg per sample): 2.3097
INFO: [Epoch 9] [group evaluate] [metrics_tie_aware] top-score tie ratio (avg per sample): 2.2868%, samples with tied top (>1 item): 41.9310%
INFO: [Epoch 9] Group [metrics_tie_aware], Hit@[1, 5, 10]: [0.18637, 0.60921, 0.81146], NDCG@[1, 5, 10]: [0.18637, 0.40318, 0.46924]
INFO: 
INFO: [Epoch 10] user loss: 0.10728
INFO: [Epoch 10] group loss: 0.09268
INFO: [Epoch 10] [user evaluate] [metrics] pred_score max: 1.000000, num of top-score tie (avg per sample): 1.4817
INFO: [Epoch 10] [user evaluate] [metrics] top-score tie ratio (avg per sample): 1.4671%, samples with tied top (>1 item): 20.5648%
INFO: [Epoch 10] User [metrics], Hit@[1, 5, 10]: [0.25415, 0.66944, 0.8485], NDCG@[1, 5, 10]: [0.25415, 0.4646, 0.52328]
INFO: [Epoch 10] [group evaluate] [metrics] pred_score max: 1.000000, num of top-score tie (avg per sample): 2.0441
INFO: [Epoch 10] [group evaluate] [metrics] top-score tie ratio (avg per sample): 2.0239%, samples with tied top (>1 item): 35.6552%
INFO: [Epoch 10] Group [metrics], Hit@[1, 5, 10]: [0.29586, 0.62069, 0.81172], NDCG@[1, 5, 10]: [0.29586, 0.45891, 0.52127]
INFO: [Epoch 10] [user evaluate] [metrics_first] pred_score max: 1.000000, num of top-score tie (avg per sample): 1.4817
INFO: [Epoch 10] [user evaluate] [metrics_first] top-score tie ratio (avg per sample): 1.4671%, samples with tied top (>1 item): 20.5648%
INFO: [Epoch 10] User [metrics_first], Hit@[1, 5, 10]: [0.25415, 0.66977, 0.8485], NDCG@[1, 5, 10]: [0.25415, 0.46475, 0.52334]
INFO: [Epoch 10] [group evaluate] [metrics_first] pred_score max: 1.000000, num of top-score tie (avg per sample): 2.0441
INFO: [Epoch 10] [group evaluate] [metrics_first] top-score tie ratio (avg per sample): 2.0239%, samples with tied top (>1 item): 35.6552%
INFO: [Epoch 10] Group [metrics_first], Hit@[1, 5, 10]: [0.29586, 0.62207, 0.81241], NDCG@[1, 5, 10]: [0.29586, 0.45949, 0.52158]
INFO: [Epoch 10] [user evaluate] [metrics_last] pred_score max: 1.000000, num of top-score tie (avg per sample): 1.4817
INFO: [Epoch 10] [user evaluate] [metrics_last] top-score tie ratio (avg per sample): 1.4671%, samples with tied top (>1 item): 20.5648%
INFO: [Epoch 10] User [metrics_last], Hit@[1, 5, 10]: [0.17375, 0.65349, 0.84718], NDCG@[1, 5, 10]: [0.17375, 0.41838, 0.48211]
INFO: [Epoch 10] [group evaluate] [metrics_last] pred_score max: 1.000000, num of top-score tie (avg per sample): 2.0441
INFO: [Epoch 10] [group evaluate] [metrics_last] top-score tie ratio (avg per sample): 2.0239%, samples with tied top (>1 item): 35.6552%
INFO: [Epoch 10] Group [metrics_last], Hit@[1, 5, 10]: [0.15379, 0.59103, 0.80966], NDCG@[1, 5, 10]: [0.15379, 0.37262, 0.44411]
INFO: [Epoch 10] [user evaluate] [metrics_tie_aware] pred_score max: 1.000000, num of top-score tie (avg per sample): 1.4817
INFO: [Epoch 10] [user evaluate] [metrics_tie_aware] top-score tie ratio (avg per sample): 1.4671%, samples with tied top (>1 item): 20.5648%
INFO: [Epoch 10] User [metrics_tie_aware], Hit@[1, 5, 10]: [0.20191, 0.66553, 0.84806], NDCG@[1, 5, 10]: [0.20191, 0.43883, 0.49872]
INFO: [Epoch 10] [group evaluate] [metrics_tie_aware] pred_score max: 1.000000, num of top-score tie (avg per sample): 2.0441
INFO: [Epoch 10] [group evaluate] [metrics_tie_aware] top-score tie ratio (avg per sample): 2.0239%, samples with tied top (>1 item): 35.6552%
INFO: [Epoch 10] Group [metrics_tie_aware], Hit@[1, 5, 10]: [0.19639, 0.61138, 0.81103], NDCG@[1, 5, 10]: [0.19639, 0.40783, 0.47312]
INFO: 
INFO: [Epoch 11] user loss: 0.10286
INFO: [Epoch 11] group loss: 0.09002
INFO: [Epoch 11] [user evaluate] [metrics] pred_score max: 1.000000, num of top-score tie (avg per sample): 1.5359
INFO: [Epoch 11] [user evaluate] [metrics] top-score tie ratio (avg per sample): 1.5207%, samples with tied top (>1 item): 23.1894%
INFO: [Epoch 11] User [metrics], Hit@[1, 5, 10]: [0.26811, 0.67176, 0.85282], NDCG@[1, 5, 10]: [0.26811, 0.47172, 0.53118]
INFO: [Epoch 11] [group evaluate] [metrics] pred_score max: 1.000000, num of top-score tie (avg per sample): 2.1124
INFO: [Epoch 11] [group evaluate] [metrics] top-score tie ratio (avg per sample): 2.0915%, samples with tied top (>1 item): 39.1034%
INFO: [Epoch 11] Group [metrics], Hit@[1, 5, 10]: [0.31172, 0.62276, 0.81172], NDCG@[1, 5, 10]: [0.31172, 0.46756, 0.52903]
INFO: [Epoch 11] [user evaluate] [metrics_first] pred_score max: 1.000000, num of top-score tie (avg per sample): 1.5359
INFO: [Epoch 11] [user evaluate] [metrics_first] top-score tie ratio (avg per sample): 1.5207%, samples with tied top (>1 item): 23.1894%
INFO: [Epoch 11] User [metrics_first], Hit@[1, 5, 10]: [0.26811, 0.67176, 0.85316], NDCG@[1, 5, 10]: [0.26811, 0.47194, 0.53153]
INFO: [Epoch 11] [group evaluate] [metrics_first] pred_score max: 1.000000, num of top-score tie (avg per sample): 2.1124
INFO: [Epoch 11] [group evaluate] [metrics_first] top-score tie ratio (avg per sample): 2.0915%, samples with tied top (>1 item): 39.1034%
INFO: [Epoch 11] Group [metrics_first], Hit@[1, 5, 10]: [0.31172, 0.62345, 0.81172], NDCG@[1, 5, 10]: [0.31172, 0.46792, 0.52916]
INFO: [Epoch 11] [user evaluate] [metrics_last] pred_score max: 1.000000, num of top-score tie (avg per sample): 1.5359
INFO: [Epoch 11] [user evaluate] [metrics_last] top-score tie ratio (avg per sample): 1.5207%, samples with tied top (>1 item): 23.1894%
INFO: [Epoch 11] User [metrics_last], Hit@[1, 5, 10]: [0.17276, 0.65714, 0.85282], NDCG@[1, 5, 10]: [0.17276, 0.41841, 0.4828]
INFO: [Epoch 11] [group evaluate] [metrics_last] pred_score max: 1.000000, num of top-score tie (avg per sample): 2.1124
INFO: [Epoch 11] [group evaluate] [metrics_last] top-score tie ratio (avg per sample): 2.0915%, samples with tied top (>1 item): 39.1034%
INFO: [Epoch 11] Group [metrics_last], Hit@[1, 5, 10]: [0.13724, 0.5869, 0.81103], NDCG@[1, 5, 10]: [0.13724, 0.36219, 0.43552]
INFO: [Epoch 11] [user evaluate] [metrics_tie_aware] pred_score max: 1.000000, num of top-score tie (avg per sample): 1.5359
INFO: [Epoch 11] [user evaluate] [metrics_tie_aware] top-score tie ratio (avg per sample): 1.5207%, samples with tied top (>1 item): 23.1894%
INFO: [Epoch 11] User [metrics_tie_aware], Hit@[1, 5, 10]: [0.206, 0.66759, 0.85299], NDCG@[1, 5, 10]: [0.206, 0.44153, 0.50246]
INFO: [Epoch 11] [group evaluate] [metrics_tie_aware] pred_score max: 1.000000, num of top-score tie (avg per sample): 2.1124
INFO: [Epoch 11] [group evaluate] [metrics_tie_aware] top-score tie ratio (avg per sample): 2.0915%, samples with tied top (>1 item): 39.1034%
INFO: [Epoch 11] Group [metrics_tie_aware], Hit@[1, 5, 10]: [0.19099, 0.6117, 0.81129], NDCG@[1, 5, 10]: [0.19099, 0.40603, 0.47114]
INFO: 
INFO: [Epoch 12] user loss: 0.09936
INFO: [Epoch 12] group loss: 0.08680
INFO: [Epoch 12] [user evaluate] [metrics] pred_score max: 1.000000, num of top-score tie (avg per sample): 1.4598
INFO: [Epoch 12] [user evaluate] [metrics] top-score tie ratio (avg per sample): 1.4453%, samples with tied top (>1 item): 18.9037%
INFO: [Epoch 12] User [metrics], Hit@[1, 5, 10]: [0.25914, 0.66478, 0.85249], NDCG@[1, 5, 10]: [0.25914, 0.46557, 0.52728]
INFO: [Epoch 12] [group evaluate] [metrics] pred_score max: 1.000000, num of top-score tie (avg per sample): 2.1490
INFO: [Epoch 12] [group evaluate] [metrics] top-score tie ratio (avg per sample): 2.1277%, samples with tied top (>1 item): 39.7241%
INFO: [Epoch 12] Group [metrics], Hit@[1, 5, 10]: [0.31103, 0.61034, 0.8069], NDCG@[1, 5, 10]: [0.31103, 0.46305, 0.52728]
INFO: [Epoch 12] [user evaluate] [metrics_first] pred_score max: 1.000000, num of top-score tie (avg per sample): 1.4598
INFO: [Epoch 12] [user evaluate] [metrics_first] top-score tie ratio (avg per sample): 1.4453%, samples with tied top (>1 item): 18.9037%
INFO: [Epoch 12] User [metrics_first], Hit@[1, 5, 10]: [0.25914, 0.66545, 0.85249], NDCG@[1, 5, 10]: [0.25914, 0.4659, 0.5274]
INFO: [Epoch 12] [group evaluate] [metrics_first] pred_score max: 1.000000, num of top-score tie (avg per sample): 2.1490
INFO: [Epoch 12] [group evaluate] [metrics_first] top-score tie ratio (avg per sample): 2.1277%, samples with tied top (>1 item): 39.7241%
INFO: [Epoch 12] Group [metrics_first], Hit@[1, 5, 10]: [0.31103, 0.61103, 0.80759], NDCG@[1, 5, 10]: [0.31103, 0.46346, 0.52765]
INFO: [Epoch 12] [user evaluate] [metrics_last] pred_score max: 1.000000, num of top-score tie (avg per sample): 1.4598
INFO: [Epoch 12] [user evaluate] [metrics_last] top-score tie ratio (avg per sample): 1.4453%, samples with tied top (>1 item): 18.9037%
INFO: [Epoch 12] User [metrics_last], Hit@[1, 5, 10]: [0.17575, 0.65183, 0.85183], NDCG@[1, 5, 10]: [0.17575, 0.41904, 0.48492]
INFO: [Epoch 12] [group evaluate] [metrics_last] pred_score max: 1.000000, num of top-score tie (avg per sample): 2.1490
INFO: [Epoch 12] [group evaluate] [metrics_last] top-score tie ratio (avg per sample): 2.1277%, samples with tied top (>1 item): 39.7241%
INFO: [Epoch 12] Group [metrics_last], Hit@[1, 5, 10]: [0.13793, 0.57862, 0.80552], NDCG@[1, 5, 10]: [0.13793, 0.36114, 0.43552]
INFO: [Epoch 12] [user evaluate] [metrics_tie_aware] pred_score max: 1.000000, num of top-score tie (avg per sample): 1.4598
INFO: [Epoch 12] [user evaluate] [metrics_tie_aware] top-score tie ratio (avg per sample): 1.4453%, samples with tied top (>1 item): 18.9037%
INFO: [Epoch 12] User [metrics_tie_aware], Hit@[1, 5, 10]: [0.20555, 0.66147, 0.85243], NDCG@[1, 5, 10]: [0.20555, 0.43947, 0.50228]
INFO: [Epoch 12] [group evaluate] [metrics_tie_aware] pred_score max: 1.000000, num of top-score tie (avg per sample): 2.1490
INFO: [Epoch 12] [group evaluate] [metrics_tie_aware] top-score tie ratio (avg per sample): 2.1277%, samples with tied top (>1 item): 39.7241%
INFO: [Epoch 12] Group [metrics_tie_aware], Hit@[1, 5, 10]: [0.19214, 0.60146, 0.80669], NDCG@[1, 5, 10]: [0.19214, 0.40363, 0.47077]
INFO: 
INFO: [Epoch 13] user loss: 0.09706
INFO: [Epoch 13] group loss: 0.08412
INFO: [Epoch 13] [user evaluate] [metrics] pred_score max: 1.000000, num of top-score tie (avg per sample): 1.5611
INFO: [Epoch 13] [user evaluate] [metrics] top-score tie ratio (avg per sample): 1.5457%, samples with tied top (>1 item): 24.4186%
INFO: [Epoch 13] User [metrics], Hit@[1, 5, 10]: [0.27309, 0.67575, 0.85914], NDCG@[1, 5, 10]: [0.27309, 0.47606, 0.53615]
INFO: [Epoch 13] [group evaluate] [metrics] pred_score max: 1.000000, num of top-score tie (avg per sample): 2.3917
INFO: [Epoch 13] [group evaluate] [metrics] top-score tie ratio (avg per sample): 2.3680%, samples with tied top (>1 item): 43.7241%
INFO: [Epoch 13] Group [metrics], Hit@[1, 5, 10]: [0.32759, 0.62069, 0.80966], NDCG@[1, 5, 10]: [0.32759, 0.47427, 0.53596]
INFO: [Epoch 13] [user evaluate] [metrics_first] pred_score max: 1.000000, num of top-score tie (avg per sample): 1.5611
INFO: [Epoch 13] [user evaluate] [metrics_first] top-score tie ratio (avg per sample): 1.5457%, samples with tied top (>1 item): 24.4186%
INFO: [Epoch 13] User [metrics_first], Hit@[1, 5, 10]: [0.27309, 0.67575, 0.85947], NDCG@[1, 5, 10]: [0.27309, 0.47615, 0.53637]
INFO: [Epoch 13] [group evaluate] [metrics_first] pred_score max: 1.000000, num of top-score tie (avg per sample): 2.3917
INFO: [Epoch 13] [group evaluate] [metrics_first] top-score tie ratio (avg per sample): 2.3680%, samples with tied top (>1 item): 43.7241%
INFO: [Epoch 13] Group [metrics_first], Hit@[1, 5, 10]: [0.32759, 0.62207, 0.81103], NDCG@[1, 5, 10]: [0.32759, 0.47488, 0.53649]
INFO: [Epoch 13] [user evaluate] [metrics_last] pred_score max: 1.000000, num of top-score tie (avg per sample): 1.5611
INFO: [Epoch 13] [user evaluate] [metrics_last] top-score tie ratio (avg per sample): 1.5457%, samples with tied top (>1 item): 24.4186%
INFO: [Epoch 13] User [metrics_last], Hit@[1, 5, 10]: [0.16777, 0.66213, 0.8588], NDCG@[1, 5, 10]: [0.16777, 0.41902, 0.48356]
INFO: [Epoch 13] [group evaluate] [metrics_last] pred_score max: 1.000000, num of top-score tie (avg per sample): 2.3917
INFO: [Epoch 13] [group evaluate] [metrics_last] top-score tie ratio (avg per sample): 2.3680%, samples with tied top (>1 item): 43.7241%
INFO: [Epoch 13] Group [metrics_last], Hit@[1, 5, 10]: [0.1269, 0.57862, 0.80552], NDCG@[1, 5, 10]: [0.1269, 0.35212, 0.42635]
INFO: [Epoch 13] [user evaluate] [metrics_tie_aware] pred_score max: 1.000000, num of top-score tie (avg per sample): 1.5611
INFO: [Epoch 13] [user evaluate] [metrics_tie_aware] top-score tie ratio (avg per sample): 1.5457%, samples with tied top (>1 item): 24.4186%
INFO: [Epoch 13] User [metrics_tie_aware], Hit@[1, 5, 10]: [0.2048, 0.67187, 0.85927], NDCG@[1, 5, 10]: [0.2048, 0.44339, 0.50484]
INFO: [Epoch 13] [group evaluate] [metrics_tie_aware] pred_score max: 1.000000, num of top-score tie (avg per sample): 2.3917
INFO: [Epoch 13] [group evaluate] [metrics_tie_aware] top-score tie ratio (avg per sample): 2.3680%, samples with tied top (>1 item): 43.7241%
INFO: [Epoch 13] Group [metrics_tie_aware], Hit@[1, 5, 10]: [0.18687, 0.60729, 0.80881], NDCG@[1, 5, 10]: [0.18687, 0.40169, 0.46758]
INFO: 
INFO: [Epoch 14] user loss: 0.09442
INFO: [Epoch 14] group loss: 0.08227
INFO: [Epoch 14] [user evaluate] [metrics] pred_score max: 1.000000, num of top-score tie (avg per sample): 1.4831
INFO: [Epoch 14] [user evaluate] [metrics] top-score tie ratio (avg per sample): 1.4684%, samples with tied top (>1 item): 21.7940%
INFO: [Epoch 14] User [metrics], Hit@[1, 5, 10]: [0.26312, 0.67641, 0.85781], NDCG@[1, 5, 10]: [0.26312, 0.47277, 0.53229]
INFO: [Epoch 14] [group evaluate] [metrics] pred_score max: 1.000000, num of top-score tie (avg per sample): 2.3614
INFO: [Epoch 14] [group evaluate] [metrics] top-score tie ratio (avg per sample): 2.3380%, samples with tied top (>1 item): 43.5862%
INFO: [Epoch 14] Group [metrics], Hit@[1, 5, 10]: [0.32897, 0.62276, 0.81586], NDCG@[1, 5, 10]: [0.32897, 0.47577, 0.53842]
INFO: [Epoch 14] [user evaluate] [metrics_first] pred_score max: 1.000000, num of top-score tie (avg per sample): 1.4831
INFO: [Epoch 14] [user evaluate] [metrics_first] top-score tie ratio (avg per sample): 1.4684%, samples with tied top (>1 item): 21.7940%
INFO: [Epoch 14] User [metrics_first], Hit@[1, 5, 10]: [0.26312, 0.67641, 0.85781], NDCG@[1, 5, 10]: [0.26312, 0.47281, 0.53238]
INFO: [Epoch 14] [group evaluate] [metrics_first] pred_score max: 1.000000, num of top-score tie (avg per sample): 2.3614
INFO: [Epoch 14] [group evaluate] [metrics_first] top-score tie ratio (avg per sample): 2.3380%, samples with tied top (>1 item): 43.5862%
INFO: [Epoch 14] Group [metrics_first], Hit@[1, 5, 10]: [0.32897, 0.62345, 0.81655], NDCG@[1, 5, 10]: [0.32897, 0.47616, 0.53877]
INFO: [Epoch 14] [user evaluate] [metrics_last] pred_score max: 1.000000, num of top-score tie (avg per sample): 1.4831
INFO: [Epoch 14] [user evaluate] [metrics_last] top-score tie ratio (avg per sample): 1.4684%, samples with tied top (>1 item): 21.7940%
INFO: [Epoch 14] User [metrics_last], Hit@[1, 5, 10]: [0.17076, 0.66512, 0.85748], NDCG@[1, 5, 10]: [0.17076, 0.42286, 0.48611]
INFO: [Epoch 14] [group evaluate] [metrics_last] pred_score max: 1.000000, num of top-score tie (avg per sample): 2.3614
INFO: [Epoch 14] [group evaluate] [metrics_last] top-score tie ratio (avg per sample): 2.3380%, samples with tied top (>1 item): 43.5862%
INFO: [Epoch 14] Group [metrics_last], Hit@[1, 5, 10]: [0.12069, 0.58069, 0.81034], NDCG@[1, 5, 10]: [0.12069, 0.351, 0.42587]
INFO: [Epoch 14] [user evaluate] [metrics_tie_aware] pred_score max: 1.000000, num of top-score tie (avg per sample): 1.4831
INFO: [Epoch 14] [user evaluate] [metrics_tie_aware] top-score tie ratio (avg per sample): 1.4684%, samples with tied top (>1 item): 21.7940%
INFO: [Epoch 14] User [metrics_tie_aware], Hit@[1, 5, 10]: [0.20395, 0.67343, 0.8577], NDCG@[1, 5, 10]: [0.20395, 0.44453, 0.50506]
INFO: [Epoch 14] [group evaluate] [metrics_tie_aware] pred_score max: 1.000000, num of top-score tie (avg per sample): 2.3614
INFO: [Epoch 14] [group evaluate] [metrics_tie_aware] top-score tie ratio (avg per sample): 2.3380%, samples with tied top (>1 item): 43.5862%
INFO: [Epoch 14] Group [metrics_tie_aware], Hit@[1, 5, 10]: [0.18433, 0.60929, 0.81508], NDCG@[1, 5, 10]: [0.18433, 0.40171, 0.46861]
INFO: 
INFO: [Epoch 15] user loss: 0.09235
INFO: [Epoch 15] group loss: 0.08032
INFO: [Epoch 15] [user evaluate] [metrics] pred_score max: 1.000000, num of top-score tie (avg per sample): 1.4561
INFO: [Epoch 15] [user evaluate] [metrics] top-score tie ratio (avg per sample): 1.4417%, samples with tied top (>1 item): 19.9668%
INFO: [Epoch 15] User [metrics], Hit@[1, 5, 10]: [0.26578, 0.67674, 0.85748], NDCG@[1, 5, 10]: [0.26578, 0.47296, 0.53234]
INFO: [Epoch 15] [group evaluate] [metrics] pred_score max: 1.000000, num of top-score tie (avg per sample): 2.4276
INFO: [Epoch 15] [group evaluate] [metrics] top-score tie ratio (avg per sample): 2.4036%, samples with tied top (>1 item): 45.6552%
INFO: [Epoch 15] Group [metrics], Hit@[1, 5, 10]: [0.34483, 0.61655, 0.80483], NDCG@[1, 5, 10]: [0.34483, 0.48002, 0.54158]
INFO: [Epoch 15] [user evaluate] [metrics_first] pred_score max: 1.000000, num of top-score tie (avg per sample): 1.4561
INFO: [Epoch 15] [user evaluate] [metrics_first] top-score tie ratio (avg per sample): 1.4417%, samples with tied top (>1 item): 19.9668%
INFO: [Epoch 15] User [metrics_first], Hit@[1, 5, 10]: [0.26578, 0.67741, 0.85748], NDCG@[1, 5, 10]: [0.26578, 0.47323, 0.53243]
INFO: [Epoch 15] [group evaluate] [metrics_first] pred_score max: 1.000000, num of top-score tie (avg per sample): 2.4276
INFO: [Epoch 15] [group evaluate] [metrics_first] top-score tie ratio (avg per sample): 2.4036%, samples with tied top (>1 item): 45.6552%
INFO: [Epoch 15] Group [metrics_first], Hit@[1, 5, 10]: [0.34483, 0.61724, 0.80552], NDCG@[1, 5, 10]: [0.34483, 0.48053, 0.54204]
INFO: [Epoch 15] [user evaluate] [metrics_last] pred_score max: 1.000000, num of top-score tie (avg per sample): 1.4561
INFO: [Epoch 15] [user evaluate] [metrics_last] top-score tie ratio (avg per sample): 1.4417%, samples with tied top (>1 item): 19.9668%
INFO: [Epoch 15] User [metrics_last], Hit@[1, 5, 10]: [0.17209, 0.66777, 0.85748], NDCG@[1, 5, 10]: [0.17209, 0.42383, 0.48621]
INFO: [Epoch 15] [group evaluate] [metrics_last] pred_score max: 1.000000, num of top-score tie (avg per sample): 2.4276
INFO: [Epoch 15] [group evaluate] [metrics_last] top-score tie ratio (avg per sample): 2.4036%, samples with tied top (>1 item): 45.6552%
INFO: [Epoch 15] Group [metrics_last], Hit@[1, 5, 10]: [0.12414, 0.56966, 0.80069], NDCG@[1, 5, 10]: [0.12414, 0.34649, 0.42217]
INFO: [Epoch 15] [user evaluate] [metrics_tie_aware] pred_score max: 1.000000, num of top-score tie (avg per sample): 1.4561
INFO: [Epoch 15] [user evaluate] [metrics_tie_aware] top-score tie ratio (avg per sample): 1.4417%, samples with tied top (>1 item): 19.9668%
INFO: [Epoch 15] User [metrics_tie_aware], Hit@[1, 5, 10]: [0.20605, 0.67473, 0.85748], NDCG@[1, 5, 10]: [0.20605, 0.44511, 0.50518]
INFO: [Epoch 15] [group evaluate] [metrics_tie_aware] pred_score max: 1.000000, num of top-score tie (avg per sample): 2.4276
INFO: [Epoch 15] [group evaluate] [metrics_tie_aware] top-score tie ratio (avg per sample): 2.4036%, samples with tied top (>1 item): 45.6552%
INFO: [Epoch 15] Group [metrics_tie_aware], Hit@[1, 5, 10]: [0.19033, 0.60151, 0.80392], NDCG@[1, 5, 10]: [0.19033, 0.40081, 0.46705]
INFO: 
INFO: [Epoch 16] user loss: 0.09098
INFO: [Epoch 16] group loss: 0.07891
INFO: [Epoch 16] [user evaluate] [metrics] pred_score max: 1.000000, num of top-score tie (avg per sample): 1.5302
INFO: [Epoch 16] [user evaluate] [metrics] top-score tie ratio (avg per sample): 1.5151%, samples with tied top (>1 item): 23.5880%
INFO: [Epoch 16] User [metrics], Hit@[1, 5, 10]: [0.27807, 0.68173, 0.8608], NDCG@[1, 5, 10]: [0.27807, 0.48023, 0.53878]
INFO: [Epoch 16] [group evaluate] [metrics] pred_score max: 1.000000, num of top-score tie (avg per sample): 2.7255
INFO: [Epoch 16] [group evaluate] [metrics] top-score tie ratio (avg per sample): 2.6985%, samples with tied top (>1 item): 53.4483%
INFO: [Epoch 16] Group [metrics], Hit@[1, 5, 10]: [0.35586, 0.63172, 0.80828], NDCG@[1, 5, 10]: [0.35586, 0.49261, 0.55005]
INFO: [Epoch 16] [user evaluate] [metrics_first] pred_score max: 1.000000, num of top-score tie (avg per sample): 1.5302
INFO: [Epoch 16] [user evaluate] [metrics_first] top-score tie ratio (avg per sample): 1.5151%, samples with tied top (>1 item): 23.5880%
INFO: [Epoch 16] User [metrics_first], Hit@[1, 5, 10]: [0.27807, 0.68206, 0.8608], NDCG@[1, 5, 10]: [0.27807, 0.4804, 0.53885]
INFO: [Epoch 16] [group evaluate] [metrics_first] pred_score max: 1.000000, num of top-score tie (avg per sample): 2.7255
INFO: [Epoch 16] [group evaluate] [metrics_first] top-score tie ratio (avg per sample): 2.6985%, samples with tied top (>1 item): 53.4483%
INFO: [Epoch 16] Group [metrics_first], Hit@[1, 5, 10]: [0.35586, 0.63172, 0.80897], NDCG@[1, 5, 10]: [0.35586, 0.49292, 0.55061]
INFO: [Epoch 16] [user evaluate] [metrics_last] pred_score max: 1.000000, num of top-score tie (avg per sample): 1.5302
INFO: [Epoch 16] [user evaluate] [metrics_last] top-score tie ratio (avg per sample): 1.5151%, samples with tied top (>1 item): 23.5880%
INFO: [Epoch 16] User [metrics_last], Hit@[1, 5, 10]: [0.1691, 0.66877, 0.8608], NDCG@[1, 5, 10]: [0.1691, 0.42194, 0.48482]
INFO: [Epoch 16] [group evaluate] [metrics_last] pred_score max: 1.000000, num of top-score tie (avg per sample): 2.7255
INFO: [Epoch 16] [group evaluate] [metrics_last] top-score tie ratio (avg per sample): 2.6985%, samples with tied top (>1 item): 53.4483%
INFO: [Epoch 16] Group [metrics_last], Hit@[1, 5, 10]: [0.10552, 0.57931, 0.80276], NDCG@[1, 5, 10]: [0.10552, 0.33852, 0.41147]
INFO: [Epoch 16] [user evaluate] [metrics_tie_aware] pred_score max: 1.000000, num of top-score tie (avg per sample): 1.5302
INFO: [Epoch 16] [user evaluate] [metrics_tie_aware] top-score tie ratio (avg per sample): 1.5151%, samples with tied top (>1 item): 23.5880%
INFO: [Epoch 16] User [metrics_tie_aware], Hit@[1, 5, 10]: [0.20834, 0.67786, 0.8608], NDCG@[1, 5, 10]: [0.20834, 0.44708, 0.50695]
INFO: [Epoch 16] [group evaluate] [metrics_tie_aware] pred_score max: 1.000000, num of top-score tie (avg per sample): 2.7255
INFO: [Epoch 16] [group evaluate] [metrics_tie_aware] top-score tie ratio (avg per sample): 2.6985%, samples with tied top (>1 item): 53.4483%
INFO: [Epoch 16] Group [metrics_tie_aware], Hit@[1, 5, 10]: [0.17734, 0.61451, 0.80687], NDCG@[1, 5, 10]: [0.17734, 0.39996, 0.46268]
INFO: 
INFO: [Epoch 17] user loss: 0.08823
INFO: [Epoch 17] group loss: 0.07729
INFO: [Epoch 17] [user evaluate] [metrics] pred_score max: 1.000000, num of top-score tie (avg per sample): 1.6086
INFO: [Epoch 17] [user evaluate] [metrics] top-score tie ratio (avg per sample): 1.5927%, samples with tied top (>1 item): 26.1794%
INFO: [Epoch 17] User [metrics], Hit@[1, 5, 10]: [0.28837, 0.67841, 0.85847], NDCG@[1, 5, 10]: [0.28837, 0.48388, 0.54287]
INFO: [Epoch 17] [group evaluate] [metrics] pred_score max: 1.000000, num of top-score tie (avg per sample): 3.0414
INFO: [Epoch 17] [group evaluate] [metrics] top-score tie ratio (avg per sample): 3.0113%, samples with tied top (>1 item): 60.0000%
INFO: [Epoch 17] Group [metrics], Hit@[1, 5, 10]: [0.39517, 0.63379, 0.82276], NDCG@[1, 5, 10]: [0.39517, 0.51238, 0.57343]
INFO: [Epoch 17] [user evaluate] [metrics_first] pred_score max: 1.000000, num of top-score tie (avg per sample): 1.6086
INFO: [Epoch 17] [user evaluate] [metrics_first] top-score tie ratio (avg per sample): 1.5927%, samples with tied top (>1 item): 26.1794%
INFO: [Epoch 17] User [metrics_first], Hit@[1, 5, 10]: [0.28837, 0.67907, 0.85847], NDCG@[1, 5, 10]: [0.28837, 0.48422, 0.54299]
INFO: [Epoch 17] [group evaluate] [metrics_first] pred_score max: 1.000000, num of top-score tie (avg per sample): 3.0414
INFO: [Epoch 17] [group evaluate] [metrics_first] top-score tie ratio (avg per sample): 3.0113%, samples with tied top (>1 item): 60.0000%
INFO: [Epoch 17] Group [metrics_first], Hit@[1, 5, 10]: [0.39517, 0.63379, 0.82345], NDCG@[1, 5, 10]: [0.39517, 0.51241, 0.57372]
INFO: [Epoch 17] [user evaluate] [metrics_last] pred_score max: 1.000000, num of top-score tie (avg per sample): 1.6086
INFO: [Epoch 17] [user evaluate] [metrics_last] top-score tie ratio (avg per sample): 1.5927%, samples with tied top (>1 item): 26.1794%
INFO: [Epoch 17] User [metrics_last], Hit@[1, 5, 10]: [0.16977, 0.66246, 0.85814], NDCG@[1, 5, 10]: [0.16977, 0.41958, 0.48367]
INFO: [Epoch 17] [group evaluate] [metrics_last] pred_score max: 1.000000, num of top-score tie (avg per sample): 3.0414
INFO: [Epoch 17] [group evaluate] [metrics_last] top-score tie ratio (avg per sample): 3.0113%, samples with tied top (>1 item): 60.0000%
INFO: [Epoch 17] Group [metrics_last], Hit@[1, 5, 10]: [0.0931, 0.54897, 0.80966], NDCG@[1, 5, 10]: [0.0931, 0.31775, 0.40301]
INFO: [Epoch 17] [user evaluate] [metrics_tie_aware] pred_score max: 1.000000, num of top-score tie (avg per sample): 1.6086
INFO: [Epoch 17] [user evaluate] [metrics_tie_aware] top-score tie ratio (avg per sample): 1.5927%, samples with tied top (>1 item): 26.1794%
INFO: [Epoch 17] User [metrics_tie_aware], Hit@[1, 5, 10]: [0.21175, 0.67354, 0.85842], NDCG@[1, 5, 10]: [0.21175, 0.44707, 0.50766]
INFO: [Epoch 17] [group evaluate] [metrics_tie_aware] pred_score max: 1.000000, num of top-score tie (avg per sample): 3.0414
INFO: [Epoch 17] [group evaluate] [metrics_tie_aware] top-score tie ratio (avg per sample): 3.0113%, samples with tied top (>1 item): 60.0000%
INFO: [Epoch 17] Group [metrics_tie_aware], Hit@[1, 5, 10]: [0.1779, 0.60702, 0.82013], NDCG@[1, 5, 10]: [0.1779, 0.39648, 0.46566]
INFO: 
INFO: [Epoch 18] user loss: 0.08669
INFO: [Epoch 18] group loss: 0.07534
INFO: [Epoch 18] [user evaluate] [metrics] pred_score max: 1.000000, num of top-score tie (avg per sample): 1.6349
INFO: [Epoch 18] [user evaluate] [metrics] top-score tie ratio (avg per sample): 1.6187%, samples with tied top (>1 item): 27.8405%
INFO: [Epoch 18] User [metrics], Hit@[1, 5, 10]: [0.29203, 0.67841, 0.86047], NDCG@[1, 5, 10]: [0.29203, 0.48545, 0.54492]
INFO: [Epoch 18] [group evaluate] [metrics] pred_score max: 1.000000, num of top-score tie (avg per sample): 3.2228
INFO: [Epoch 18] [group evaluate] [metrics] top-score tie ratio (avg per sample): 3.1909%, samples with tied top (>1 item): 61.1034%
INFO: [Epoch 18] Group [metrics], Hit@[1, 5, 10]: [0.40207, 0.63862, 0.81103], NDCG@[1, 5, 10]: [0.40207, 0.51797, 0.57393]
INFO: [Epoch 18] [user evaluate] [metrics_first] pred_score max: 1.000000, num of top-score tie (avg per sample): 1.6349
INFO: [Epoch 18] [user evaluate] [metrics_first] top-score tie ratio (avg per sample): 1.6187%, samples with tied top (>1 item): 27.8405%
INFO: [Epoch 18] User [metrics_first], Hit@[1, 5, 10]: [0.29203, 0.67907, 0.86047], NDCG@[1, 5, 10]: [0.29203, 0.48582, 0.5451]
INFO: [Epoch 18] [group evaluate] [metrics_first] pred_score max: 1.000000, num of top-score tie (avg per sample): 3.2228
INFO: [Epoch 18] [group evaluate] [metrics_first] top-score tie ratio (avg per sample): 3.1909%, samples with tied top (>1 item): 61.1034%
INFO: [Epoch 18] Group [metrics_first], Hit@[1, 5, 10]: [0.40207, 0.64138, 0.81172], NDCG@[1, 5, 10]: [0.40207, 0.51922, 0.57446]
INFO: [Epoch 18] [user evaluate] [metrics_last] pred_score max: 1.000000, num of top-score tie (avg per sample): 1.6349
INFO: [Epoch 18] [user evaluate] [metrics_last] top-score tie ratio (avg per sample): 1.6187%, samples with tied top (>1 item): 27.8405%
INFO: [Epoch 18] User [metrics_last], Hit@[1, 5, 10]: [0.17076, 0.6608, 0.8598], NDCG@[1, 5, 10]: [0.17076, 0.41895, 0.4841]
INFO: [Epoch 18] [group evaluate] [metrics_last] pred_score max: 1.000000, num of top-score tie (avg per sample): 3.2228
INFO: [Epoch 18] [group evaluate] [metrics_last] top-score tie ratio (avg per sample): 3.1909%, samples with tied top (>1 item): 61.1034%
INFO: [Epoch 18] Group [metrics_last], Hit@[1, 5, 10]: [0.08276, 0.54207, 0.79586], NDCG@[1, 5, 10]: [0.08276, 0.30882, 0.39223]
INFO: [Epoch 18] [user evaluate] [metrics_tie_aware] pred_score max: 1.000000, num of top-score tie (avg per sample): 1.6349
INFO: [Epoch 18] [user evaluate] [metrics_tie_aware] top-score tie ratio (avg per sample): 1.6187%, samples with tied top (>1 item): 27.8405%
INFO: [Epoch 18] User [metrics_tie_aware], Hit@[1, 5, 10]: [0.21305, 0.67345, 0.86024], NDCG@[1, 5, 10]: [0.21305, 0.44746, 0.50856]
INFO: [Epoch 18] [group evaluate] [metrics_tie_aware] pred_score max: 1.000000, num of top-score tie (avg per sample): 3.2228
INFO: [Epoch 18] [group evaluate] [metrics_tie_aware] top-score tie ratio (avg per sample): 3.1909%, samples with tied top (>1 item): 61.1034%
INFO: [Epoch 18] Group [metrics_tie_aware], Hit@[1, 5, 10]: [0.17065, 0.60924, 0.8081], NDCG@[1, 5, 10]: [0.17065, 0.39378, 0.45862]
INFO: 
INFO: [Epoch 19] user loss: 0.08521
INFO: [Epoch 19] group loss: 0.07452
INFO: [Epoch 19] [user evaluate] [metrics] pred_score max: 1.000000, num of top-score tie (avg per sample): 1.8934
INFO: [Epoch 19] [user evaluate] [metrics] top-score tie ratio (avg per sample): 1.8746%, samples with tied top (>1 item): 36.6445%
INFO: [Epoch 19] User [metrics], Hit@[1, 5, 10]: [0.32193, 0.68173, 0.85914], NDCG@[1, 5, 10]: [0.32193, 0.50094, 0.55906]
INFO: [Epoch 19] [group evaluate] [metrics] pred_score max: 1.000000, num of top-score tie (avg per sample): 3.7579
INFO: [Epoch 19] [group evaluate] [metrics] top-score tie ratio (avg per sample): 3.7207%, samples with tied top (>1 item): 71.3103%
INFO: [Epoch 19] Group [metrics], Hit@[1, 5, 10]: [0.44966, 0.65172, 0.81793], NDCG@[1, 5, 10]: [0.44966, 0.54906, 0.60296]
INFO: [Epoch 19] [user evaluate] [metrics_first] pred_score max: 1.000000, num of top-score tie (avg per sample): 1.8934
INFO: [Epoch 19] [user evaluate] [metrics_first] top-score tie ratio (avg per sample): 1.8746%, samples with tied top (>1 item): 36.6445%
INFO: [Epoch 19] User [metrics_first], Hit@[1, 5, 10]: [0.32193, 0.68239, 0.85947], NDCG@[1, 5, 10]: [0.32193, 0.50132, 0.55933]
INFO: [Epoch 19] [group evaluate] [metrics_first] pred_score max: 1.000000, num of top-score tie (avg per sample): 3.7579
INFO: [Epoch 19] [group evaluate] [metrics_first] top-score tie ratio (avg per sample): 3.7207%, samples with tied top (>1 item): 71.3103%
INFO: [Epoch 19] Group [metrics_first], Hit@[1, 5, 10]: [0.44966, 0.65172, 0.81862], NDCG@[1, 5, 10]: [0.44966, 0.5492, 0.60337]
INFO: [Epoch 19] [user evaluate] [metrics_last] pred_score max: 1.000000, num of top-score tie (avg per sample): 1.8934
INFO: [Epoch 19] [user evaluate] [metrics_last] top-score tie ratio (avg per sample): 1.8746%, samples with tied top (>1 item): 36.6445%
INFO: [Epoch 19] User [metrics_last], Hit@[1, 5, 10]: [0.14585, 0.65681, 0.8588], NDCG@[1, 5, 10]: [0.14585, 0.40352, 0.46987]
INFO: [Epoch 19] [group evaluate] [metrics_last] pred_score max: 1.000000, num of top-score tie (avg per sample): 3.7579
INFO: [Epoch 19] [group evaluate] [metrics_last] top-score tie ratio (avg per sample): 3.7207%, samples with tied top (>1 item): 71.3103%
INFO: [Epoch 19] Group [metrics_last], Hit@[1, 5, 10]: [0.06207, 0.50897, 0.79655], NDCG@[1, 5, 10]: [0.06207, 0.28226, 0.37686]
INFO: [Epoch 19] [user evaluate] [metrics_tie_aware] pred_score max: 1.000000, num of top-score tie (avg per sample): 1.8934
INFO: [Epoch 19] [user evaluate] [metrics_tie_aware] top-score tie ratio (avg per sample): 1.8746%, samples with tied top (>1 item): 36.6445%
INFO: [Epoch 19] User [metrics_tie_aware], Hit@[1, 5, 10]: [0.20554, 0.67508, 0.85925], NDCG@[1, 5, 10]: [0.20554, 0.44502, 0.50542]
INFO: [Epoch 19] [group evaluate] [metrics_tie_aware] pred_score max: 1.000000, num of top-score tie (avg per sample): 3.7579
INFO: [Epoch 19] [group evaluate] [metrics_tie_aware] top-score tie ratio (avg per sample): 3.7207%, samples with tied top (>1 item): 71.3103%
INFO: [Epoch 19] Group [metrics_tie_aware], Hit@[1, 5, 10]: [0.16348, 0.6047, 0.81295], NDCG@[1, 5, 10]: [0.16348, 0.38929, 0.45733]
INFO: 
INFO: [Epoch 20] user loss: 0.08366
INFO: [Epoch 20] group loss: 0.07286
INFO: [Epoch 20] [user evaluate] [metrics] pred_score max: 1.000000, num of top-score tie (avg per sample): 2.1269
INFO: [Epoch 20] [user evaluate] [metrics] top-score tie ratio (avg per sample): 2.1059%, samples with tied top (>1 item): 43.3887%
INFO: [Epoch 20] User [metrics], Hit@[1, 5, 10]: [0.34518, 0.67774, 0.85449], NDCG@[1, 5, 10]: [0.34518, 0.50997, 0.5679]
INFO: [Epoch 20] [group evaluate] [metrics] pred_score max: 1.000000, num of top-score tie (avg per sample): 4.2876
INFO: [Epoch 20] [group evaluate] [metrics] top-score tie ratio (avg per sample): 4.2451%, samples with tied top (>1 item): 79.2414%
INFO: [Epoch 20] Group [metrics], Hit@[1, 5, 10]: [0.49172, 0.64, 0.81586], NDCG@[1, 5, 10]: [0.49172, 0.566, 0.62323]
INFO: [Epoch 20] [user evaluate] [metrics_first] pred_score max: 1.000000, num of top-score tie (avg per sample): 2.1269
INFO: [Epoch 20] [user evaluate] [metrics_first] top-score tie ratio (avg per sample): 2.1059%, samples with tied top (>1 item): 43.3887%
INFO: [Epoch 20] User [metrics_first], Hit@[1, 5, 10]: [0.34518, 0.67841, 0.85482], NDCG@[1, 5, 10]: [0.34518, 0.51037, 0.56818]
INFO: [Epoch 20] [group evaluate] [metrics_first] pred_score max: 1.000000, num of top-score tie (avg per sample): 4.2876
INFO: [Epoch 20] [group evaluate] [metrics_first] top-score tie ratio (avg per sample): 4.2451%, samples with tied top (>1 item): 79.2414%
INFO: [Epoch 20] Group [metrics_first], Hit@[1, 5, 10]: [0.49172, 0.64138, 0.81586], NDCG@[1, 5, 10]: [0.49172, 0.56654, 0.62336]
INFO: [Epoch 20] [user evaluate] [metrics_last] pred_score max: 1.000000, num of top-score tie (avg per sample): 2.1269
INFO: [Epoch 20] [user evaluate] [metrics_last] top-score tie ratio (avg per sample): 2.1059%, samples with tied top (>1 item): 43.3887%
INFO: [Epoch 20] User [metrics_last], Hit@[1, 5, 10]: [0.13156, 0.6402, 0.85282], NDCG@[1, 5, 10]: [0.13156, 0.38625, 0.45622]
INFO: [Epoch 20] [group evaluate] [metrics_last] pred_score max: 1.000000, num of top-score tie (avg per sample): 4.2876
INFO: [Epoch 20] [group evaluate] [metrics_last] top-score tie ratio (avg per sample): 4.2451%, samples with tied top (>1 item): 79.2414%
INFO: [Epoch 20] Group [metrics_last], Hit@[1, 5, 10]: [0.04, 0.46759, 0.78345], NDCG@[1, 5, 10]: [0.04, 0.25047, 0.35446]
INFO: [Epoch 20] [user evaluate] [metrics_tie_aware] pred_score max: 1.000000, num of top-score tie (avg per sample): 2.1269
INFO: [Epoch 20] [user evaluate] [metrics_tie_aware] top-score tie ratio (avg per sample): 2.1059%, samples with tied top (>1 item): 43.3887%
INFO: [Epoch 20] User [metrics_tie_aware], Hit@[1, 5, 10]: [0.19974, 0.66714, 0.85442], NDCG@[1, 5, 10]: [0.19974, 0.43807, 0.49955]
INFO: [Epoch 20] [group evaluate] [metrics_tie_aware] pred_score max: 1.000000, num of top-score tie (avg per sample): 4.2876
INFO: [Epoch 20] [group evaluate] [metrics_tie_aware] top-score tie ratio (avg per sample): 4.2451%, samples with tied top (>1 item): 79.2414%
INFO: [Epoch 20] Group [metrics_tie_aware], Hit@[1, 5, 10]: [0.15327, 0.58214, 0.80831], NDCG@[1, 5, 10]: [0.15327, 0.37474, 0.44884]
INFO: 
INFO: [Epoch 21] user loss: 0.08207
INFO: [Epoch 21] group loss: 0.07174
INFO: [Epoch 21] [user evaluate] [metrics] pred_score max: 1.000000, num of top-score tie (avg per sample): 2.1076
INFO: [Epoch 21] [user evaluate] [metrics] top-score tie ratio (avg per sample): 2.0868%, samples with tied top (>1 item): 43.1561%
INFO: [Epoch 21] User [metrics], Hit@[1, 5, 10]: [0.3412, 0.67674, 0.85914], NDCG@[1, 5, 10]: [0.3412, 0.50688, 0.56649]
INFO: [Epoch 21] [group evaluate] [metrics] pred_score max: 1.000000, num of top-score tie (avg per sample): 4.3793
INFO: [Epoch 21] [group evaluate] [metrics] top-score tie ratio (avg per sample): 4.3360%, samples with tied top (>1 item): 79.2414%
INFO: [Epoch 21] Group [metrics], Hit@[1, 5, 10]: [0.50207, 0.65862, 0.81862], NDCG@[1, 5, 10]: [0.50207, 0.57885, 0.63052]
INFO: [Epoch 21] [user evaluate] [metrics_first] pred_score max: 1.000000, num of top-score tie (avg per sample): 2.1076
INFO: [Epoch 21] [user evaluate] [metrics_first] top-score tie ratio (avg per sample): 2.0868%, samples with tied top (>1 item): 43.1561%
INFO: [Epoch 21] User [metrics_first], Hit@[1, 5, 10]: [0.3412, 0.67674, 0.85947], NDCG@[1, 5, 10]: [0.3412, 0.50697, 0.56669]
INFO: [Epoch 21] [group evaluate] [metrics_first] pred_score max: 1.000000, num of top-score tie (avg per sample): 4.3793
INFO: [Epoch 21] [group evaluate] [metrics_first] top-score tie ratio (avg per sample): 4.3360%, samples with tied top (>1 item): 79.2414%
INFO: [Epoch 21] Group [metrics_first], Hit@[1, 5, 10]: [0.50207, 0.65931, 0.81862], NDCG@[1, 5, 10]: [0.50207, 0.57924, 0.63068]
INFO: [Epoch 21] [user evaluate] [metrics_last] pred_score max: 1.000000, num of top-score tie (avg per sample): 2.1076
INFO: [Epoch 21] [user evaluate] [metrics_last] top-score tie ratio (avg per sample): 2.0868%, samples with tied top (>1 item): 43.1561%
INFO: [Epoch 21] User [metrics_last], Hit@[1, 5, 10]: [0.12724, 0.64352, 0.85648], NDCG@[1, 5, 10]: [0.12724, 0.38542, 0.45536]
INFO: [Epoch 21] [group evaluate] [metrics_last] pred_score max: 1.000000, num of top-score tie (avg per sample): 4.3793
INFO: [Epoch 21] [group evaluate] [metrics_last] top-score tie ratio (avg per sample): 4.3360%, samples with tied top (>1 item): 79.2414%
INFO: [Epoch 21] Group [metrics_last], Hit@[1, 5, 10]: [0.03655, 0.46069, 0.78552], NDCG@[1, 5, 10]: [0.03655, 0.24653, 0.35332]
INFO: [Epoch 21] [user evaluate] [metrics_tie_aware] pred_score max: 1.000000, num of top-score tie (avg per sample): 2.1076
INFO: [Epoch 21] [user evaluate] [metrics_tie_aware] top-score tie ratio (avg per sample): 2.0868%, samples with tied top (>1 item): 43.1561%
INFO: [Epoch 21] User [metrics_tie_aware], Hit@[1, 5, 10]: [0.19677, 0.66719, 0.85895], NDCG@[1, 5, 10]: [0.19677, 0.43623, 0.499]
INFO: [Epoch 21] [group evaluate] [metrics_tie_aware] pred_score max: 1.000000, num of top-score tie (avg per sample): 4.3793
INFO: [Epoch 21] [group evaluate] [metrics_tie_aware] top-score tie ratio (avg per sample): 4.3360%, samples with tied top (>1 item): 79.2414%
INFO: [Epoch 21] Group [metrics_tie_aware], Hit@[1, 5, 10]: [0.15323, 0.59285, 0.81044], NDCG@[1, 5, 10]: [0.15323, 0.37872, 0.44974]
INFO: 
INFO: [Epoch 22] user loss: 0.08010
INFO: [Epoch 22] group loss: 0.07029
INFO: [Epoch 22] [user evaluate] [metrics] pred_score max: 1.000000, num of top-score tie (avg per sample): 2.3405
INFO: [Epoch 22] [user evaluate] [metrics] top-score tie ratio (avg per sample): 2.3174%, samples with tied top (>1 item): 50.7641%
INFO: [Epoch 22] User [metrics], Hit@[1, 5, 10]: [0.37176, 0.67907, 0.85847], NDCG@[1, 5, 10]: [0.37176, 0.52331, 0.58199]
INFO: [Epoch 22] [group evaluate] [metrics] pred_score max: 1.000000, num of top-score tie (avg per sample): 4.8759
INFO: [Epoch 22] [group evaluate] [metrics] top-score tie ratio (avg per sample): 4.8276%, samples with tied top (>1 item): 85.3793%
INFO: [Epoch 22] Group [metrics], Hit@[1, 5, 10]: [0.55379, 0.66897, 0.81931], NDCG@[1, 5, 10]: [0.55379, 0.60858, 0.65681]
INFO: [Epoch 22] [user evaluate] [metrics_first] pred_score max: 1.000000, num of top-score tie (avg per sample): 2.3405
INFO: [Epoch 22] [user evaluate] [metrics_first] top-score tie ratio (avg per sample): 2.3174%, samples with tied top (>1 item): 50.7641%
INFO: [Epoch 22] User [metrics_first], Hit@[1, 5, 10]: [0.37176, 0.6794, 0.8588], NDCG@[1, 5, 10]: [0.37176, 0.52359, 0.58229]
INFO: [Epoch 22] [group evaluate] [metrics_first] pred_score max: 1.000000, num of top-score tie (avg per sample): 4.8759
INFO: [Epoch 22] [group evaluate] [metrics_first] top-score tie ratio (avg per sample): 4.8276%, samples with tied top (>1 item): 85.3793%
INFO: [Epoch 22] Group [metrics_first], Hit@[1, 5, 10]: [0.55379, 0.67034, 0.82069], NDCG@[1, 5, 10]: [0.55379, 0.60916, 0.65735]
INFO: [Epoch 22] [user evaluate] [metrics_last] pred_score max: 1.000000, num of top-score tie (avg per sample): 2.3405
INFO: [Epoch 22] [user evaluate] [metrics_last] top-score tie ratio (avg per sample): 2.3174%, samples with tied top (>1 item): 50.7641%
INFO: [Epoch 22] User [metrics_last], Hit@[1, 5, 10]: [0.11429, 0.63455, 0.85316], NDCG@[1, 5, 10]: [0.11429, 0.37431, 0.44637]
INFO: [Epoch 22] [group evaluate] [metrics_last] pred_score max: 1.000000, num of top-score tie (avg per sample): 4.8759
INFO: [Epoch 22] [group evaluate] [metrics_last] top-score tie ratio (avg per sample): 4.8276%, samples with tied top (>1 item): 85.3793%
INFO: [Epoch 22] Group [metrics_last], Hit@[1, 5, 10]: [0.02414, 0.44483, 0.76966], NDCG@[1, 5, 10]: [0.02414, 0.22768, 0.33392]
INFO: [Epoch 22] [user evaluate] [metrics_tie_aware] pred_score max: 1.000000, num of top-score tie (avg per sample): 2.3405
INFO: [Epoch 22] [user evaluate] [metrics_tie_aware] top-score tie ratio (avg per sample): 2.3174%, samples with tied top (>1 item): 50.7641%
INFO: [Epoch 22] User [metrics_tie_aware], Hit@[1, 5, 10]: [0.19586, 0.66685, 0.85748], NDCG@[1, 5, 10]: [0.19586, 0.43666, 0.49918]
INFO: [Epoch 22] [group evaluate] [metrics_tie_aware] pred_score max: 1.000000, num of top-score tie (avg per sample): 4.8759
INFO: [Epoch 22] [group evaluate] [metrics_tie_aware] top-score tie ratio (avg per sample): 4.8276%, samples with tied top (>1 item): 85.3793%
INFO: [Epoch 22] Group [metrics_tie_aware], Hit@[1, 5, 10]: [0.15135, 0.58907, 0.80832], NDCG@[1, 5, 10]: [0.15135, 0.37453, 0.44577]
INFO: 
INFO: [Epoch 23] user loss: 0.07921
INFO: [Epoch 23] group loss: 0.06962
INFO: [Epoch 23] [user evaluate] [metrics] pred_score max: 1.000000, num of top-score tie (avg per sample): 2.6478
INFO: [Epoch 23] [user evaluate] [metrics] top-score tie ratio (avg per sample): 2.6216%, samples with tied top (>1 item): 60.1661%
INFO: [Epoch 23] User [metrics], Hit@[1, 5, 10]: [0.40332, 0.68239, 0.85914], NDCG@[1, 5, 10]: [0.40332, 0.53813, 0.5957]
INFO: [Epoch 23] [group evaluate] [metrics] pred_score max: 1.000000, num of top-score tie (avg per sample): 5.5021
INFO: [Epoch 23] [group evaluate] [metrics] top-score tie ratio (avg per sample): 5.4476%, samples with tied top (>1 item): 88.9655%
INFO: [Epoch 23] Group [metrics], Hit@[1, 5, 10]: [0.59241, 0.67586, 0.81655], NDCG@[1, 5, 10]: [0.59241, 0.63256, 0.67785]
INFO: [Epoch 23] [user evaluate] [metrics_first] pred_score max: 1.000000, num of top-score tie (avg per sample): 2.6478
INFO: [Epoch 23] [user evaluate] [metrics_first] top-score tie ratio (avg per sample): 2.6216%, samples with tied top (>1 item): 60.1661%
INFO: [Epoch 23] User [metrics_first], Hit@[1, 5, 10]: [0.40332, 0.68272, 0.85947], NDCG@[1, 5, 10]: [0.40332, 0.53835, 0.59593]
INFO: [Epoch 23] [group evaluate] [metrics_first] pred_score max: 1.000000, num of top-score tie (avg per sample): 5.5021
INFO: [Epoch 23] [group evaluate] [metrics_first] top-score tie ratio (avg per sample): 5.4476%, samples with tied top (>1 item): 88.9655%
INFO: [Epoch 23] Group [metrics_first], Hit@[1, 5, 10]: [0.59241, 0.67724, 0.81655], NDCG@[1, 5, 10]: [0.59241, 0.63318, 0.67799]
INFO: [Epoch 23] [user evaluate] [metrics_last] pred_score max: 1.000000, num of top-score tie (avg per sample): 2.6478
INFO: [Epoch 23] [user evaluate] [metrics_last] top-score tie ratio (avg per sample): 2.6216%, samples with tied top (>1 item): 60.1661%
INFO: [Epoch 23] User [metrics_last], Hit@[1, 5, 10]: [0.09668, 0.62724, 0.85316], NDCG@[1, 5, 10]: [0.09668, 0.35691, 0.43097]
INFO: [Epoch 23] [group evaluate] [metrics_last] pred_score max: 1.000000, num of top-score tie (avg per sample): 5.5021
INFO: [Epoch 23] [group evaluate] [metrics_last] top-score tie ratio (avg per sample): 5.4476%, samples with tied top (>1 item): 88.9655%
INFO: [Epoch 23] Group [metrics_last], Hit@[1, 5, 10]: [0.02552, 0.4, 0.7531], NDCG@[1, 5, 10]: [0.02552, 0.20482, 0.3203]
INFO: [Epoch 23] [user evaluate] [metrics_tie_aware] pred_score max: 1.000000, num of top-score tie (avg per sample): 2.6478
INFO: [Epoch 23] [user evaluate] [metrics_tie_aware] top-score tie ratio (avg per sample): 2.6216%, samples with tied top (>1 item): 60.1661%
INFO: [Epoch 23] User [metrics_tie_aware], Hit@[1, 5, 10]: [0.18949, 0.66541, 0.85813], NDCG@[1, 5, 10]: [0.18949, 0.43088, 0.49385]
INFO: [Epoch 23] [group evaluate] [metrics_tie_aware] pred_score max: 1.000000, num of top-score tie (avg per sample): 5.5021
INFO: [Epoch 23] [group evaluate] [metrics_tie_aware] top-score tie ratio (avg per sample): 5.4476%, samples with tied top (>1 item): 88.9655%
INFO: [Epoch 23] Group [metrics_tie_aware], Hit@[1, 5, 10]: [0.15093, 0.57342, 0.80116], NDCG@[1, 5, 10]: [0.15093, 0.36633, 0.44062]
INFO: 
INFO: [Epoch 24] user loss: 0.07760
INFO: [Epoch 24] group loss: 0.06826
INFO: [Epoch 24] [user evaluate] [metrics] pred_score max: 1.000000, num of top-score tie (avg per sample): 2.7811
INFO: [Epoch 24] [user evaluate] [metrics] top-score tie ratio (avg per sample): 2.7535%, samples with tied top (>1 item): 61.9601%
INFO: [Epoch 24] User [metrics], Hit@[1, 5, 10]: [0.40997, 0.68771, 0.85748], NDCG@[1, 5, 10]: [0.40997, 0.54525, 0.60057]
INFO: [Epoch 24] [group evaluate] [metrics] pred_score max: 1.000000, num of top-score tie (avg per sample): 5.7786
INFO: [Epoch 24] [group evaluate] [metrics] top-score tie ratio (avg per sample): 5.7214%, samples with tied top (>1 item): 91.3103%
INFO: [Epoch 24] Group [metrics], Hit@[1, 5, 10]: [0.6131, 0.68828, 0.82138], NDCG@[1, 5, 10]: [0.6131, 0.64867, 0.69164]
INFO: [Epoch 24] [user evaluate] [metrics_first] pred_score max: 1.000000, num of top-score tie (avg per sample): 2.7811
INFO: [Epoch 24] [user evaluate] [metrics_first] top-score tie ratio (avg per sample): 2.7535%, samples with tied top (>1 item): 61.9601%
INFO: [Epoch 24] User [metrics_first], Hit@[1, 5, 10]: [0.40997, 0.68804, 0.85814], NDCG@[1, 5, 10]: [0.40997, 0.54552, 0.60097]
INFO: [Epoch 24] [group evaluate] [metrics_first] pred_score max: 1.000000, num of top-score tie (avg per sample): 5.7786
INFO: [Epoch 24] [group evaluate] [metrics_first] top-score tie ratio (avg per sample): 5.7214%, samples with tied top (>1 item): 91.3103%
INFO: [Epoch 24] Group [metrics_first], Hit@[1, 5, 10]: [0.6131, 0.68897, 0.82138], NDCG@[1, 5, 10]: [0.6131, 0.64901, 0.69176]
INFO: [Epoch 24] [user evaluate] [metrics_last] pred_score max: 1.000000, num of top-score tie (avg per sample): 2.7811
INFO: [Epoch 24] [user evaluate] [metrics_last] top-score tie ratio (avg per sample): 2.7535%, samples with tied top (>1 item): 61.9601%
INFO: [Epoch 24] User [metrics_last], Hit@[1, 5, 10]: [0.09037, 0.61927, 0.85216], NDCG@[1, 5, 10]: [0.09037, 0.351, 0.42727]
INFO: [Epoch 24] [group evaluate] [metrics_last] pred_score max: 1.000000, num of top-score tie (avg per sample): 5.7786
INFO: [Epoch 24] [group evaluate] [metrics_last] top-score tie ratio (avg per sample): 5.7214%, samples with tied top (>1 item): 91.3103%
INFO: [Epoch 24] Group [metrics_last], Hit@[1, 5, 10]: [0.01724, 0.38621, 0.75034], NDCG@[1, 5, 10]: [0.01724, 0.18953, 0.30866]
INFO: [Epoch 24] [user evaluate] [metrics_tie_aware] pred_score max: 1.000000, num of top-score tie (avg per sample): 2.7811
INFO: [Epoch 24] [user evaluate] [metrics_tie_aware] top-score tie ratio (avg per sample): 2.7535%, samples with tied top (>1 item): 61.9601%
INFO: [Epoch 24] User [metrics_tie_aware], Hit@[1, 5, 10]: [0.18548, 0.66659, 0.85676], NDCG@[1, 5, 10]: [0.18548, 0.43047, 0.49262]
INFO: [Epoch 24] [group evaluate] [metrics_tie_aware] pred_score max: 1.000000, num of top-score tie (avg per sample): 5.7786
INFO: [Epoch 24] [group evaluate] [metrics_tie_aware] top-score tie ratio (avg per sample): 5.7214%, samples with tied top (>1 item): 91.3103%
INFO: [Epoch 24] Group [metrics_tie_aware], Hit@[1, 5, 10]: [0.1417, 0.57531, 0.80389], NDCG@[1, 5, 10]: [0.1417, 0.36084, 0.4356]
INFO: 
INFO: [Epoch 25] user loss: 0.07614
INFO: [Epoch 25] group loss: 0.06741
INFO: [Epoch 25] [user evaluate] [metrics] pred_score max: 1.000000, num of top-score tie (avg per sample): 3.0003
INFO: [Epoch 25] [user evaluate] [metrics] top-score tie ratio (avg per sample): 2.9706%, samples with tied top (>1 item): 66.7110%
INFO: [Epoch 25] User [metrics], Hit@[1, 5, 10]: [0.44186, 0.69302, 0.86013], NDCG@[1, 5, 10]: [0.44186, 0.56192, 0.61631]
INFO: [Epoch 25] [group evaluate] [metrics] pred_score max: 1.000000, num of top-score tie (avg per sample): 6.1145
INFO: [Epoch 25] [group evaluate] [metrics] top-score tie ratio (avg per sample): 6.0539%, samples with tied top (>1 item): 93.2414%
INFO: [Epoch 25] Group [metrics], Hit@[1, 5, 10]: [0.63379, 0.69586, 0.81862], NDCG@[1, 5, 10]: [0.63379, 0.66279, 0.70253]
INFO: [Epoch 25] [user evaluate] [metrics_first] pred_score max: 1.000000, num of top-score tie (avg per sample): 3.0003
INFO: [Epoch 25] [user evaluate] [metrics_first] top-score tie ratio (avg per sample): 2.9706%, samples with tied top (>1 item): 66.7110%
INFO: [Epoch 25] User [metrics_first], Hit@[1, 5, 10]: [0.44186, 0.69369, 0.8608], NDCG@[1, 5, 10]: [0.44186, 0.56235, 0.61678]
INFO: [Epoch 25] [group evaluate] [metrics_first] pred_score max: 1.000000, num of top-score tie (avg per sample): 6.1145
INFO: [Epoch 25] [group evaluate] [metrics_first] top-score tie ratio (avg per sample): 6.0539%, samples with tied top (>1 item): 93.2414%
INFO: [Epoch 25] Group [metrics_first], Hit@[1, 5, 10]: [0.63379, 0.69586, 0.81931], NDCG@[1, 5, 10]: [0.63379, 0.66279, 0.70274]
INFO: [Epoch 25] [user evaluate] [metrics_last] pred_score max: 1.000000, num of top-score tie (avg per sample): 3.0003
INFO: [Epoch 25] [user evaluate] [metrics_last] top-score tie ratio (avg per sample): 2.9706%, samples with tied top (>1 item): 66.7110%
INFO: [Epoch 25] User [metrics_last], Hit@[1, 5, 10]: [0.08306, 0.6093, 0.8495], NDCG@[1, 5, 10]: [0.08306, 0.34038, 0.41947]
INFO: [Epoch 25] [group evaluate] [metrics_last] pred_score max: 1.000000, num of top-score tie (avg per sample): 6.1145
INFO: [Epoch 25] [group evaluate] [metrics_last] top-score tie ratio (avg per sample): 6.0539%, samples with tied top (>1 item): 93.2414%
INFO: [Epoch 25] Group [metrics_last], Hit@[1, 5, 10]: [0.01241, 0.37103, 0.73862], NDCG@[1, 5, 10]: [0.01241, 0.17826, 0.29896]
INFO: [Epoch 25] [user evaluate] [metrics_tie_aware] pred_score max: 1.000000, num of top-score tie (avg per sample): 3.0003
INFO: [Epoch 25] [user evaluate] [metrics_tie_aware] top-score tie ratio (avg per sample): 2.9706%, samples with tied top (>1 item): 66.7110%
INFO: [Epoch 25] User [metrics_tie_aware], Hit@[1, 5, 10]: [0.18856, 0.66771, 0.85845], NDCG@[1, 5, 10]: [0.18856, 0.43136, 0.49376]
INFO: [Epoch 25] [group evaluate] [metrics_tie_aware] pred_score max: 1.000000, num of top-score tie (avg per sample): 6.1145
INFO: [Epoch 25] [group evaluate] [metrics_tie_aware] top-score tie ratio (avg per sample): 6.0539%, samples with tied top (>1 item): 93.2414%
INFO: [Epoch 25] Group [metrics_tie_aware], Hit@[1, 5, 10]: [0.1391, 0.57357, 0.79906], NDCG@[1, 5, 10]: [0.1391, 0.358, 0.43193]
INFO: 
INFO: [Epoch 26] user loss: 0.07579
INFO: [Epoch 26] group loss: 0.06629
INFO: [Epoch 26] [user evaluate] [metrics] pred_score max: 1.000000, num of top-score tie (avg per sample): 3.2532
INFO: [Epoch 26] [user evaluate] [metrics] top-score tie ratio (avg per sample): 3.2209%, samples with tied top (>1 item): 72.1595%
INFO: [Epoch 26] User [metrics], Hit@[1, 5, 10]: [0.47641, 0.69834, 0.86312], NDCG@[1, 5, 10]: [0.47641, 0.58156, 0.63493]
INFO: [Epoch 26] [group evaluate] [metrics] pred_score max: 1.000000, num of top-score tie (avg per sample): 6.3552
INFO: [Epoch 26] [group evaluate] [metrics] top-score tie ratio (avg per sample): 6.2922%, samples with tied top (>1 item): 93.7241%
INFO: [Epoch 26] Group [metrics], Hit@[1, 5, 10]: [0.66207, 0.70897, 0.82138], NDCG@[1, 5, 10]: [0.66207, 0.6843, 0.72052]
INFO: [Epoch 26] [user evaluate] [metrics_first] pred_score max: 1.000000, num of top-score tie (avg per sample): 3.2532
INFO: [Epoch 26] [user evaluate] [metrics_first] top-score tie ratio (avg per sample): 3.2209%, samples with tied top (>1 item): 72.1595%
INFO: [Epoch 26] User [metrics_first], Hit@[1, 5, 10]: [0.47641, 0.7, 0.86379], NDCG@[1, 5, 10]: [0.47641, 0.58239, 0.63542]
INFO: [Epoch 26] [group evaluate] [metrics_first] pred_score max: 1.000000, num of top-score tie (avg per sample): 6.3552
INFO: [Epoch 26] [group evaluate] [metrics_first] top-score tie ratio (avg per sample): 6.2922%, samples with tied top (>1 item): 93.7241%
INFO: [Epoch 26] Group [metrics_first], Hit@[1, 5, 10]: [0.66207, 0.70966, 0.82138], NDCG@[1, 5, 10]: [0.66207, 0.68463, 0.72063]
INFO: [Epoch 26] [user evaluate] [metrics_last] pred_score max: 1.000000, num of top-score tie (avg per sample): 3.2532
INFO: [Epoch 26] [user evaluate] [metrics_last] top-score tie ratio (avg per sample): 3.2209%, samples with tied top (>1 item): 72.1595%
INFO: [Epoch 26] User [metrics_last], Hit@[1, 5, 10]: [0.07143, 0.59502, 0.8515], NDCG@[1, 5, 10]: [0.07143, 0.32607, 0.41034]
INFO: [Epoch 26] [group evaluate] [metrics_last] pred_score max: 1.000000, num of top-score tie (avg per sample): 6.3552
INFO: [Epoch 26] [group evaluate] [metrics_last] top-score tie ratio (avg per sample): 6.2922%, samples with tied top (>1 item): 93.7241%
INFO: [Epoch 26] Group [metrics_last], Hit@[1, 5, 10]: [0.01379, 0.33724, 0.73931], NDCG@[1, 5, 10]: [0.01379, 0.16496, 0.29696]
INFO: [Epoch 26] [user evaluate] [metrics_tie_aware] pred_score max: 1.000000, num of top-score tie (avg per sample): 3.2532
INFO: [Epoch 26] [user evaluate] [metrics_tie_aware] top-score tie ratio (avg per sample): 3.2209%, samples with tied top (>1 item): 72.1595%
INFO: [Epoch 26] User [metrics_tie_aware], Hit@[1, 5, 10]: [0.18655, 0.66839, 0.86069], NDCG@[1, 5, 10]: [0.18655, 0.43084, 0.49352]
INFO: [Epoch 26] [group evaluate] [metrics_tie_aware] pred_score max: 1.000000, num of top-score tie (avg per sample): 6.3552
INFO: [Epoch 26] [group evaluate] [metrics_tie_aware] top-score tie ratio (avg per sample): 6.2922%, samples with tied top (>1 item): 93.7241%
INFO: [Epoch 26] Group [metrics_tie_aware], Hit@[1, 5, 10]: [0.14274, 0.57253, 0.80046], NDCG@[1, 5, 10]: [0.14274, 0.35988, 0.43456]
INFO: 
INFO: [Epoch 27] user loss: 0.07446
INFO: [Epoch 27] group loss: 0.06558
INFO: [Epoch 27] [user evaluate] [metrics] pred_score max: 1.000000, num of top-score tie (avg per sample): 3.1930
INFO: [Epoch 27] [user evaluate] [metrics] top-score tie ratio (avg per sample): 3.1614%, samples with tied top (>1 item): 70.1993%
INFO: [Epoch 27] User [metrics], Hit@[1, 5, 10]: [0.46113, 0.699, 0.86146], NDCG@[1, 5, 10]: [0.46113, 0.5745, 0.62706]
INFO: [Epoch 27] [group evaluate] [metrics] pred_score max: 1.000000, num of top-score tie (avg per sample): 6.4593
INFO: [Epoch 27] [group evaluate] [metrics] top-score tie ratio (avg per sample): 6.3954%, samples with tied top (>1 item): 94.8276%
INFO: [Epoch 27] Group [metrics], Hit@[1, 5, 10]: [0.6531, 0.71034, 0.8269], NDCG@[1, 5, 10]: [0.6531, 0.67924, 0.71646]
INFO: [Epoch 27] [user evaluate] [metrics_first] pred_score max: 1.000000, num of top-score tie (avg per sample): 3.1930
INFO: [Epoch 27] [user evaluate] [metrics_first] top-score tie ratio (avg per sample): 3.1614%, samples with tied top (>1 item): 70.1993%
INFO: [Epoch 27] User [metrics_first], Hit@[1, 5, 10]: [0.46113, 0.69967, 0.86179], NDCG@[1, 5, 10]: [0.46113, 0.57487, 0.62743]
INFO: [Epoch 27] [group evaluate] [metrics_first] pred_score max: 1.000000, num of top-score tie (avg per sample): 6.4593
INFO: [Epoch 27] [group evaluate] [metrics_first] top-score tie ratio (avg per sample): 6.3954%, samples with tied top (>1 item): 94.8276%
INFO: [Epoch 27] Group [metrics_first], Hit@[1, 5, 10]: [0.6531, 0.71034, 0.8269], NDCG@[1, 5, 10]: [0.6531, 0.67924, 0.71648]
INFO: [Epoch 27] [user evaluate] [metrics_last] pred_score max: 1.000000, num of top-score tie (avg per sample): 3.1930
INFO: [Epoch 27] [user evaluate] [metrics_last] top-score tie ratio (avg per sample): 3.1614%, samples with tied top (>1 item): 70.1993%
INFO: [Epoch 27] User [metrics_last], Hit@[1, 5, 10]: [0.07575, 0.59236, 0.84983], NDCG@[1, 5, 10]: [0.07575, 0.3282, 0.4125]
INFO: [Epoch 27] [group evaluate] [metrics_last] pred_score max: 1.000000, num of top-score tie (avg per sample): 6.4593
INFO: [Epoch 27] [group evaluate] [metrics_last] top-score tie ratio (avg per sample): 6.3954%, samples with tied top (>1 item): 94.8276%
INFO: [Epoch 27] Group [metrics_last], Hit@[1, 5, 10]: [0.01448, 0.33724, 0.73724], NDCG@[1, 5, 10]: [0.01448, 0.1633, 0.29423]
INFO: [Epoch 27] [user evaluate] [metrics_tie_aware] pred_score max: 1.000000, num of top-score tie (avg per sample): 3.1930
INFO: [Epoch 27] [user evaluate] [metrics_tie_aware] top-score tie ratio (avg per sample): 3.1614%, samples with tied top (>1 item): 70.1993%
INFO: [Epoch 27] User [metrics_tie_aware], Hit@[1, 5, 10]: [0.18547, 0.66528, 0.85954], NDCG@[1, 5, 10]: [0.18547, 0.4288, 0.49211]
INFO: [Epoch 27] [group evaluate] [metrics_tie_aware] pred_score max: 1.000000, num of top-score tie (avg per sample): 6.4593
INFO: [Epoch 27] [group evaluate] [metrics_tie_aware] top-score tie ratio (avg per sample): 6.3954%, samples with tied top (>1 item): 94.8276%
INFO: [Epoch 27] Group [metrics_tie_aware], Hit@[1, 5, 10]: [0.13831, 0.56993, 0.80314], NDCG@[1, 5, 10]: [0.13831, 0.35439, 0.43044]
INFO: 
INFO: [Epoch 28] user loss: 0.07329
INFO: [Epoch 28] group loss: 0.06580
INFO: [Epoch 28] [user evaluate] [metrics] pred_score max: 1.000000, num of top-score tie (avg per sample): 3.2741
INFO: [Epoch 28] [user evaluate] [metrics] top-score tie ratio (avg per sample): 3.2417%, samples with tied top (>1 item): 71.3621%
INFO: [Epoch 28] User [metrics], Hit@[1, 5, 10]: [0.47641, 0.69568, 0.86312], NDCG@[1, 5, 10]: [0.47641, 0.58019, 0.63472]
INFO: [Epoch 28] [group evaluate] [metrics] pred_score max: 1.000000, num of top-score tie (avg per sample): 6.6014
INFO: [Epoch 28] [group evaluate] [metrics] top-score tie ratio (avg per sample): 6.5360%, samples with tied top (>1 item): 94.9655%
INFO: [Epoch 28] Group [metrics], Hit@[1, 5, 10]: [0.66, 0.71448, 0.82897], NDCG@[1, 5, 10]: [0.66, 0.68544, 0.72202]
INFO: [Epoch 28] [user evaluate] [metrics_first] pred_score max: 1.000000, num of top-score tie (avg per sample): 3.2741
INFO: [Epoch 28] [user evaluate] [metrics_first] top-score tie ratio (avg per sample): 3.2417%, samples with tied top (>1 item): 71.3621%
INFO: [Epoch 28] User [metrics_first], Hit@[1, 5, 10]: [0.47641, 0.69867, 0.86512], NDCG@[1, 5, 10]: [0.47641, 0.58148, 0.63582]
INFO: [Epoch 28] [group evaluate] [metrics_first] pred_score max: 1.000000, num of top-score tie (avg per sample): 6.6014
INFO: [Epoch 28] [group evaluate] [metrics_first] top-score tie ratio (avg per sample): 6.5360%, samples with tied top (>1 item): 94.9655%
INFO: [Epoch 28] Group [metrics_first], Hit@[1, 5, 10]: [0.66, 0.71517, 0.82966], NDCG@[1, 5, 10]: [0.66, 0.68571, 0.72225]
INFO: [Epoch 28] [user evaluate] [metrics_last] pred_score max: 1.000000, num of top-score tie (avg per sample): 3.2741
INFO: [Epoch 28] [user evaluate] [metrics_last] top-score tie ratio (avg per sample): 3.2417%, samples with tied top (>1 item): 71.3621%
INFO: [Epoch 28] User [metrics_last], Hit@[1, 5, 10]: [0.07841, 0.58605, 0.8485], NDCG@[1, 5, 10]: [0.07841, 0.3249, 0.41119]
INFO: [Epoch 28] [group evaluate] [metrics_last] pred_score max: 1.000000, num of top-score tie (avg per sample): 6.6014
INFO: [Epoch 28] [group evaluate] [metrics_last] top-score tie ratio (avg per sample): 6.5360%, samples with tied top (>1 item): 94.9655%
INFO: [Epoch 28] Group [metrics_last], Hit@[1, 5, 10]: [0.01034, 0.33103, 0.73103], NDCG@[1, 5, 10]: [0.01034, 0.15825, 0.28823]
INFO: [Epoch 28] [user evaluate] [metrics_tie_aware] pred_score max: 1.000000, num of top-score tie (avg per sample): 3.2741
INFO: [Epoch 28] [user evaluate] [metrics_tie_aware] top-score tie ratio (avg per sample): 3.2417%, samples with tied top (>1 item): 71.3621%
INFO: [Epoch 28] User [metrics_tie_aware], Hit@[1, 5, 10]: [0.19075, 0.66192, 0.86113], NDCG@[1, 5, 10]: [0.19075, 0.42905, 0.49429]
INFO: [Epoch 28] [group evaluate] [metrics_tie_aware] pred_score max: 1.000000, num of top-score tie (avg per sample): 6.6014
INFO: [Epoch 28] [group evaluate] [metrics_tie_aware] top-score tie ratio (avg per sample): 6.5360%, samples with tied top (>1 item): 94.9655%
INFO: [Epoch 28] Group [metrics_tie_aware], Hit@[1, 5, 10]: [0.13369, 0.56413, 0.80515], NDCG@[1, 5, 10]: [0.13369, 0.35009, 0.42856]
INFO: 
INFO: [Epoch 29] user loss: 0.07215
INFO: [Epoch 29] group loss: 0.06469
INFO: [Epoch 29] [user evaluate] [metrics] pred_score max: 1.000000, num of top-score tie (avg per sample): 3.5841
INFO: [Epoch 29] [user evaluate] [metrics] top-score tie ratio (avg per sample): 3.5486%, samples with tied top (>1 item): 76.6113%
INFO: [Epoch 29] User [metrics], Hit@[1, 5, 10]: [0.50532, 0.70332, 0.86312], NDCG@[1, 5, 10]: [0.50532, 0.59835, 0.65026]
INFO: [Epoch 29] [group evaluate] [metrics] pred_score max: 1.000000, num of top-score tie (avg per sample): 6.9766
INFO: [Epoch 29] [group evaluate] [metrics] top-score tie ratio (avg per sample): 6.9075%, samples with tied top (>1 item): 96.3448%
INFO: [Epoch 29] Group [metrics], Hit@[1, 5, 10]: [0.67793, 0.71862, 0.82897], NDCG@[1, 5, 10]: [0.67793, 0.69634, 0.73148]
INFO: [Epoch 29] [user evaluate] [metrics_first] pred_score max: 1.000000, num of top-score tie (avg per sample): 3.5841
INFO: [Epoch 29] [user evaluate] [metrics_first] top-score tie ratio (avg per sample): 3.5486%, samples with tied top (>1 item): 76.6113%
INFO: [Epoch 29] User [metrics_first], Hit@[1, 5, 10]: [0.50532, 0.70532, 0.86478], NDCG@[1, 5, 10]: [0.50532, 0.59925, 0.65117]
INFO: [Epoch 29] [group evaluate] [metrics_first] pred_score max: 1.000000, num of top-score tie (avg per sample): 6.9766
INFO: [Epoch 29] [group evaluate] [metrics_first] top-score tie ratio (avg per sample): 6.9075%, samples with tied top (>1 item): 96.3448%
INFO: [Epoch 29] Group [metrics_first], Hit@[1, 5, 10]: [0.67793, 0.71862, 0.82966], NDCG@[1, 5, 10]: [0.67793, 0.69634, 0.73172]
INFO: [Epoch 29] [user evaluate] [metrics_last] pred_score max: 1.000000, num of top-score tie (avg per sample): 3.5841
INFO: [Epoch 29] [user evaluate] [metrics_last] top-score tie ratio (avg per sample): 3.5486%, samples with tied top (>1 item): 76.6113%
INFO: [Epoch 29] User [metrics_last], Hit@[1, 5, 10]: [0.06179, 0.57475, 0.8412], NDCG@[1, 5, 10]: [0.06179, 0.31016, 0.39775]
INFO: [Epoch 29] [group evaluate] [metrics_last] pred_score max: 1.000000, num of top-score tie (avg per sample): 6.9766
INFO: [Epoch 29] [group evaluate] [metrics_last] top-score tie ratio (avg per sample): 6.9075%, samples with tied top (>1 item): 96.3448%
INFO: [Epoch 29] Group [metrics_last], Hit@[1, 5, 10]: [0.01172, 0.29931, 0.72138], NDCG@[1, 5, 10]: [0.01172, 0.14234, 0.28009]
INFO: [Epoch 29] [user evaluate] [metrics_tie_aware] pred_score max: 1.000000, num of top-score tie (avg per sample): 3.5841
INFO: [Epoch 29] [user evaluate] [metrics_tie_aware] top-score tie ratio (avg per sample): 3.5486%, samples with tied top (>1 item): 76.6113%
INFO: [Epoch 29] User [metrics_tie_aware], Hit@[1, 5, 10]: [0.1842, 0.66184, 0.85924], NDCG@[1, 5, 10]: [0.1842, 0.42631, 0.49091]
INFO: [Epoch 29] [group evaluate] [metrics_tie_aware] pred_score max: 1.000000, num of top-score tie (avg per sample): 6.9766
INFO: [Epoch 29] [group evaluate] [metrics_tie_aware] top-score tie ratio (avg per sample): 6.9075%, samples with tied top (>1 item): 96.3448%
INFO: [Epoch 29] Group [metrics_tie_aware], Hit@[1, 5, 10]: [0.13259, 0.55624, 0.80077], NDCG@[1, 5, 10]: [0.13259, 0.34424, 0.42392]
INFO: 
INFO: 
INFO: ## Finishing Time: 2026-05-04 19:04:15
INFO: = = = = = = = = = = = = = = = = = = = = 
INFO: Done!
