INFO: = = = = = = = = = = = = = = = = = = = = 
INFO: ## Starting Time: 2026-05-03 14:09:24
INFO: Namespace(dataset='CAMRa2011', lr=0.005, wd=0.0, lambda_mi=1.0, drop_ratio=0.4, batch_size=512, epoch=5, group_epoch=1, device='cuda:0', emb_dim=64, num_negatives=10, seed=1112)
INFO: Pre-Training on user-item interactions...
INFO: [Epoch 0] time 10.49s, loss 0.3987
INFO: [Epoch 1] time 10.50s, loss 0.1399
INFO: [Epoch 2] time 10.32s, loss 0.0994
INFO: [Epoch 3] time 10.08s, loss 0.0816
INFO: [Epoch 4] time 10.44s, loss 0.0720
INFO: Pre-Training finish!

INFO: Training on user-level self-supervised...
INFO: [Epoch 0] time 0.12s, loss 1.3861
INFO: [Epoch 1] time 0.01s, loss 1.3848
INFO: [Epoch 2] time 0.01s, loss 1.3837
INFO: [Epoch 3] time 0.01s, loss 1.3810
INFO: [Epoch 4] time 0.01s, loss 1.3790
INFO: Training on user-level finish!

INFO: Training on group-level hypergraph learning...
INFO: batch 0, 2026-05-03 14:10:24
INFO: batch 100, 2026-05-03 14:12:09
INFO: batch 200, 2026-05-03 14:13:58
INFO: batch 300, 2026-05-03 14:15:46
INFO: batch 400, 2026-05-03 14:17:34
INFO: batch 500, 2026-05-03 14:19:23
INFO: batch 600, 2026-05-03 14:21:13
INFO: batch 700, 2026-05-03 14:22:59
INFO: batch 800, 2026-05-03 14:24:46
INFO: batch 900, 2026-05-03 14:26:35
INFO: batch 1000, 2026-05-03 14:28:23
INFO: batch 1100, 2026-05-03 14:30:12
INFO: batch 1200, 2026-05-03 14:32:02
INFO: batch 1300, 2026-05-03 14:33:51
INFO: batch 1400, 2026-05-03 14:35:40
INFO: batch 1500, 2026-05-03 14:37:28
INFO: batch 1600, 2026-05-03 14:39:18
INFO: batch 1700, 2026-05-03 14:41:08
INFO: batch 1800, 2026-05-03 14:42:59
INFO: batch 1900, 2026-05-03 14:44:47
INFO: batch 2000, 2026-05-03 14:46:37
INFO: batch 2100, 2026-05-03 14:48:27
INFO: batch 2200, 2026-05-03 14:50:17
INFO: [Epoch 0] time 2397.40s, loss 0.1279
INFO: Training on group-level finish!

INFO: [Evaluate] [user evaluate] [metrics] pred_score max: 1.257902, num of top-score tie (avg per sample): 1.0020
INFO: [Evaluate] [user evaluate] [metrics] top-score tie ratio (avg per sample): 0.9921%, samples with tied top (>1 item): 0.1993%
INFO: [Evaluate] User [metrics] Hit@[1, 5, 10] [0.18472, 0.64053, 0.82791], NDCG@[1, 5, 10] [0.18472, 0.41706, 0.47852]
INFO: [Evaluate] [group evaluate] [metrics] pred_score max: 1.177539, num of top-score tie (avg per sample): 1.0048
INFO: [Evaluate] [group evaluate] [metrics] top-score tie ratio (avg per sample): 0.9949%, samples with tied top (>1 item): 0.4828%
INFO: [Evaluate] Group [metrics] Hit@[1, 5, 10] [0.16207, 0.6069, 0.82276], NDCG@[1, 5, 10] [0.16207, 0.38915, 0.45956]
INFO: [Evaluate] [user evaluate] [metrics_first] pred_score max: 1.257902, num of top-score tie (avg per sample): 1.0020
INFO: [Evaluate] [user evaluate] [metrics_first] top-score tie ratio (avg per sample): 0.9921%, samples with tied top (>1 item): 0.1993%
INFO: [Evaluate] User [metrics_first] Hit@[1, 5, 10] [0.18472, 0.6412, 0.82791], NDCG@[1, 5, 10] [0.18472, 0.41743, 0.47868]
INFO: [Evaluate] [group evaluate] [metrics_first] pred_score max: 1.177539, num of top-score tie (avg per sample): 1.0048
INFO: [Evaluate] [group evaluate] [metrics_first] top-score tie ratio (avg per sample): 0.9949%, samples with tied top (>1 item): 0.4828%
INFO: [Evaluate] Group [metrics_first] Hit@[1, 5, 10] [0.16207, 0.6069, 0.82345], NDCG@[1, 5, 10] [0.16207, 0.38927, 0.45989]
INFO: [Evaluate] [user evaluate] [metrics_last] pred_score max: 1.257902, num of top-score tie (avg per sample): 1.0020
INFO: [Evaluate] [user evaluate] [metrics_last] top-score tie ratio (avg per sample): 0.9921%, samples with tied top (>1 item): 0.1993%
INFO: [Evaluate] User [metrics_last] Hit@[1, 5, 10] [0.18272, 0.64053, 0.82757], NDCG@[1, 5, 10] [0.18272, 0.41591, 0.47725]
INFO: [Evaluate] [group evaluate] [metrics_last] pred_score max: 1.177539, num of top-score tie (avg per sample): 1.0048
INFO: [Evaluate] [group evaluate] [metrics_last] top-score tie ratio (avg per sample): 0.9949%, samples with tied top (>1 item): 0.4828%
INFO: [Evaluate] Group [metrics_last] Hit@[1, 5, 10] [0.15724, 0.60483, 0.82276], NDCG@[1, 5, 10] [0.15724, 0.38628, 0.45739]
INFO: [Evaluate] [user evaluate] [metrics_tie_aware] pred_score max: 1.257902, num of top-score tie (avg per sample): 1.0020
INFO: [Evaluate] [user evaluate] [metrics_tie_aware] top-score tie ratio (avg per sample): 0.9921%, samples with tied top (>1 item): 0.1993%
INFO: [Evaluate] User [metrics_tie_aware] Hit@[1, 5, 10] [0.18372, 0.64086, 0.82774], NDCG@[1, 5, 10] [0.18372, 0.41667, 0.47796]
INFO: [Evaluate] [group evaluate] [metrics_tie_aware] pred_score max: 1.177539, num of top-score tie (avg per sample): 1.0048
INFO: [Evaluate] [group evaluate] [metrics_tie_aware] top-score tie ratio (avg per sample): 0.9949%, samples with tied top (>1 item): 0.4828%
INFO: [Evaluate] Group [metrics_tie_aware] Hit@[1, 5, 10] [0.15966, 0.60586, 0.8231], NDCG@[1, 5, 10] [0.15966, 0.38777, 0.45864]
INFO: ## Finishing Time: 2026-05-03 14:56:38
INFO: = = = = = = = = = = = = = = = = = = = = 
INFO: Done!
