INFO: = = = = = = = = = = = = = = = = = = = = 
INFO: ## Starting Time: 2026-05-03 04:05:43
INFO: Namespace(dataset='Mafengwo', lr=0.005, wd=0.0, lambda_mi=1.0, drop_ratio=0.4, batch_size=512, epoch=5, group_epoch=1, device='cuda:0', emb_dim=64, num_negatives=10, seed=1112)
INFO: Pre-Training on user-item interactions...
INFO: [Epoch 0] time 3.77s, loss 0.5572
INFO: [Epoch 1] time 3.30s, loss 0.1798
INFO: [Epoch 2] time 3.36s, loss 0.1238
INFO: [Epoch 3] time 3.37s, loss 0.0883
INFO: [Epoch 4] time 3.33s, loss 0.0685
INFO: Pre-Training finish!

INFO: Training on user-level self-supervised...
INFO: [Epoch 0] time 0.19s, loss 1.3831
INFO: [Epoch 1] time 0.05s, loss 1.3683
INFO: [Epoch 2] time 0.05s, loss 1.3320
INFO: [Epoch 3] time 0.05s, loss 1.2604
INFO: [Epoch 4] time 0.05s, loss 1.1557
INFO: Training on user-level finish!

INFO: Training on group-level hypergraph learning...
INFO: batch 0, 2026-05-03 04:06:06
INFO: [Epoch 0] time 57.28s, loss 5632216.0392
INFO: Training on group-level finish!

INFO: [Evaluate] [user evaluate] [metrics] pred_score max: 1.054796, num of top-score tie (avg per sample): 1.0405
INFO: [Evaluate] [user evaluate] [metrics] top-score tie ratio (avg per sample): 1.0302%, samples with tied top (>1 item): 3.9339%
INFO: [Evaluate] User [metrics] Hit@[1, 5, 10] [0.25257, 0.68358, 0.8016], NDCG@[1, 5, 10] [0.25257, 0.48146, 0.51979]
INFO: [Evaluate] [group evaluate] [metrics] pred_score max: 26130.751953, num of top-score tie (avg per sample): 1.0121
INFO: [Evaluate] [group evaluate] [metrics] top-score tie ratio (avg per sample): 1.0020%, samples with tied top (>1 item): 1.2060%
INFO: [Evaluate] Group [metrics] Hit@[1, 5, 10] [0.01307, 0.0593, 0.09849], NDCG@[1, 5, 10] [0.01307, 0.03679, 0.04924]
INFO: [Evaluate] [user evaluate] [metrics_first] pred_score max: 1.054796, num of top-score tie (avg per sample): 1.0405
INFO: [Evaluate] [user evaluate] [metrics_first] top-score tie ratio (avg per sample): 1.0302%, samples with tied top (>1 item): 3.9339%
INFO: [Evaluate] User [metrics_first] Hit@[1, 5, 10] [0.25257, 0.68586, 0.80616], NDCG@[1, 5, 10] [0.25257, 0.48296, 0.52202]
INFO: [Evaluate] [group evaluate] [metrics_first] pred_score max: 26130.751953, num of top-score tie (avg per sample): 1.0121
INFO: [Evaluate] [group evaluate] [metrics_first] top-score tie ratio (avg per sample): 1.0020%, samples with tied top (>1 item): 1.2060%
INFO: [Evaluate] Group [metrics_first] Hit@[1, 5, 10] [0.01307, 0.0593, 0.09849], NDCG@[1, 5, 10] [0.01307, 0.03679, 0.04924]
INFO: [Evaluate] [user evaluate] [metrics_last] pred_score max: 1.054796, num of top-score tie (avg per sample): 1.0405
INFO: [Evaluate] [user evaluate] [metrics_last] top-score tie ratio (avg per sample): 1.0302%, samples with tied top (>1 item): 3.9339%
INFO: [Evaluate] User [metrics_last] Hit@[1, 5, 10] [0.22919, 0.67674, 0.79989], NDCG@[1, 5, 10] [0.22919, 0.46573, 0.50568]
INFO: [Evaluate] [group evaluate] [metrics_last] pred_score max: 26130.751953, num of top-score tie (avg per sample): 1.0121
INFO: [Evaluate] [group evaluate] [metrics_last] top-score tie ratio (avg per sample): 1.0020%, samples with tied top (>1 item): 1.2060%
INFO: [Evaluate] Group [metrics_last] Hit@[1, 5, 10] [0.01307, 0.0593, 0.09849], NDCG@[1, 5, 10] [0.01307, 0.03674, 0.04917]
INFO: [Evaluate] [user evaluate] [metrics_tie_aware] pred_score max: 1.054796, num of top-score tie (avg per sample): 1.0405
INFO: [Evaluate] [user evaluate] [metrics_tie_aware] top-score tie ratio (avg per sample): 1.0302%, samples with tied top (>1 item): 3.9339%
INFO: [Evaluate] User [metrics_tie_aware] Hit@[1, 5, 10] [0.24088, 0.68111, 0.80302], NDCG@[1, 5, 10] [0.24088, 0.47427, 0.51385]
INFO: [Evaluate] [group evaluate] [metrics_tie_aware] pred_score max: 26130.751953, num of top-score tie (avg per sample): 1.0121
INFO: [Evaluate] [group evaluate] [metrics_tie_aware] top-score tie ratio (avg per sample): 1.0020%, samples with tied top (>1 item): 1.2060%
INFO: [Evaluate] Group [metrics_tie_aware] Hit@[1, 5, 10] [0.01307, 0.0593, 0.09849], NDCG@[1, 5, 10] [0.01307, 0.03676, 0.04921]
INFO: ## Finishing Time: 2026-05-03 04:11:37
INFO: = = = = = = = = = = = = = = = = = = = = 
INFO: Done!
