INFO: = = = = = = = = = = = = = = = = = = = = 
INFO: ## Starting Time: 2026-02-26 03:38:27
INFO: Namespace(seed=0, dataset='CAMRa2011', device='cuda:0', layers=2, emb_dim=32, num_negatives=2, topK=[1, 5, 10], epoch=30, learning_rate=0.001, batch_size=512, patience=4, predictor='DOT', loss_type='BPR')
INFO:  #Users 602, #Items 7710, #Groups 290

INFO: Epoch 0, group loss: 0.18643, Cost time: 9.65s
INFO: Epoch 0, user loss: 0.37803, Cost time: 1.59s
INFO: [Epoch 0] [group evaluate] [metrics] pred_score max: 17.761391, num of top-score tie (avg per sample): 1.0021
INFO: [Epoch 0] [group evaluate] [metrics] top-score tie ratio (avg per sample): 0.9921%, samples with tied top (>1 item): 0.2069%
INFO: [Epoch 0] Group [metrics], Hit@[1, 5, 10]: [0.19448, 0.58207, 0.77379], NDCG@[1, 5, 10]: [0.19448, 0.39124, 0.45345]
INFO: [Epoch 0] [user evaluate] [metrics] pred_score max: 3.897231, num of top-score tie (avg per sample): 1.0043
INFO: [Epoch 0] [user evaluate] [metrics] top-score tie ratio (avg per sample): 0.9944%, samples with tied top (>1 item): 0.4319%
INFO: [Epoch 0] User [metrics], Hit@[1, 5, 10]: [0.20465, 0.6289, 0.79734], NDCG@[1, 5, 10]: [0.20465, 0.42269, 0.47776]
INFO: [Epoch 0] [group evaluate] [metrics_first] pred_score max: 17.761393, num of top-score tie (avg per sample): 1.0021
INFO: [Epoch 0] [group evaluate] [metrics_first] top-score tie ratio (avg per sample): 0.9921%, samples with tied top (>1 item): 0.2069%
INFO: [Epoch 0] Group [metrics_first], Hit@[1, 5, 10]: [0.19448, 0.58207, 0.77379], NDCG@[1, 5, 10]: [0.19448, 0.39129, 0.45352]
INFO: [Epoch 0] [user evaluate] [metrics_first] pred_score max: 3.897231, num of top-score tie (avg per sample): 1.0043
INFO: [Epoch 0] [user evaluate] [metrics_first] top-score tie ratio (avg per sample): 0.9944%, samples with tied top (>1 item): 0.4319%
INFO: [Epoch 0] User [metrics_first], Hit@[1, 5, 10]: [0.20465, 0.6289, 0.79734], NDCG@[1, 5, 10]: [0.20465, 0.42269, 0.47777]
INFO: [Epoch 0] [group evaluate] [metrics_last] pred_score max: 17.761393, num of top-score tie (avg per sample): 1.0021
INFO: [Epoch 0] [group evaluate] [metrics_last] top-score tie ratio (avg per sample): 0.9921%, samples with tied top (>1 item): 0.2069%
INFO: [Epoch 0] Group [metrics_last], Hit@[1, 5, 10]: [0.19241, 0.58138, 0.7731], NDCG@[1, 5, 10]: [0.19241, 0.38955, 0.4518]
INFO: [Epoch 0] [user evaluate] [metrics_last] pred_score max: 3.897231, num of top-score tie (avg per sample): 1.0043
INFO: [Epoch 0] [user evaluate] [metrics_last] top-score tie ratio (avg per sample): 0.9944%, samples with tied top (>1 item): 0.4319%
INFO: [Epoch 0] User [metrics_last], Hit@[1, 5, 10]: [0.20033, 0.62824, 0.79668], NDCG@[1, 5, 10]: [0.20033, 0.42046, 0.47554]
INFO: [Epoch 0] [group evaluate] [metrics_tie_aware] pred_score max: 17.761393, num of top-score tie (avg per sample): 1.0021
INFO: [Epoch 0] [group evaluate] [metrics_tie_aware] top-score tie ratio (avg per sample): 0.9921%, samples with tied top (>1 item): 0.2069%
INFO: [Epoch 0] Group [metrics_tie_aware], Hit@[1, 5, 10]: [0.19345, 0.58172, 0.77345], NDCG@[1, 5, 10]: [0.19345, 0.39042, 0.45266]
INFO: [Epoch 0] [user evaluate] [metrics_tie_aware] pred_score max: 3.897231, num of top-score tie (avg per sample): 1.0043
INFO: [Epoch 0] [user evaluate] [metrics_tie_aware] top-score tie ratio (avg per sample): 0.9944%, samples with tied top (>1 item): 0.4319%
INFO: [Epoch 0] User [metrics_tie_aware], Hit@[1, 5, 10]: [0.20249, 0.62857, 0.79701], NDCG@[1, 5, 10]: [0.20249, 0.42158, 0.47666]
INFO: Epoch 1, group loss: 0.11271, Cost time: 6.16s
INFO: Epoch 1, user loss: 0.18314, Cost time: 1.51s
INFO: [Epoch 1] [group evaluate] [metrics] pred_score max: 17.832090, num of top-score tie (avg per sample): 1.0048
INFO: [Epoch 1] [group evaluate] [metrics] top-score tie ratio (avg per sample): 0.9949%, samples with tied top (>1 item): 0.4828%
INFO: [Epoch 1] Group [metrics], Hit@[1, 5, 10]: [0.19862, 0.58966, 0.78828], NDCG@[1, 5, 10]: [0.19862, 0.39518, 0.4598]
INFO: [Epoch 1] [user evaluate] [metrics] pred_score max: 6.719996, num of top-score tie (avg per sample): 1.0040
INFO: [Epoch 1] [user evaluate] [metrics] top-score tie ratio (avg per sample): 0.9940%, samples with tied top (>1 item): 0.3987%
INFO: [Epoch 1] User [metrics], Hit@[1, 5, 10]: [0.2093, 0.63488, 0.80332], NDCG@[1, 5, 10]: [0.2093, 0.4283, 0.48326]
INFO: [Epoch 1] [group evaluate] [metrics_first] pred_score max: 17.832092, num of top-score tie (avg per sample): 1.0048
INFO: [Epoch 1] [group evaluate] [metrics_first] top-score tie ratio (avg per sample): 0.9949%, samples with tied top (>1 item): 0.4828%
INFO: [Epoch 1] Group [metrics_first], Hit@[1, 5, 10]: [0.19862, 0.59034, 0.78828], NDCG@[1, 5, 10]: [0.19862, 0.39554, 0.45994]
INFO: [Epoch 1] [user evaluate] [metrics_first] pred_score max: 6.719996, num of top-score tie (avg per sample): 1.0040
INFO: [Epoch 1] [user evaluate] [metrics_first] top-score tie ratio (avg per sample): 0.9940%, samples with tied top (>1 item): 0.3987%
INFO: [Epoch 1] User [metrics_first], Hit@[1, 5, 10]: [0.2093, 0.63522, 0.80332], NDCG@[1, 5, 10]: [0.2093, 0.42846, 0.4833]
INFO: [Epoch 1] [group evaluate] [metrics_last] pred_score max: 17.832092, num of top-score tie (avg per sample): 1.0048
INFO: [Epoch 1] [group evaluate] [metrics_last] top-score tie ratio (avg per sample): 0.9949%, samples with tied top (>1 item): 0.4828%
INFO: [Epoch 1] Group [metrics_last], Hit@[1, 5, 10]: [0.19379, 0.58966, 0.7869], NDCG@[1, 5, 10]: [0.19379, 0.39309, 0.45728]
INFO: [Epoch 1] [user evaluate] [metrics_last] pred_score max: 6.719996, num of top-score tie (avg per sample): 1.0040
INFO: [Epoch 1] [user evaluate] [metrics_last] top-score tie ratio (avg per sample): 0.9940%, samples with tied top (>1 item): 0.3987%
INFO: [Epoch 1] User [metrics_last], Hit@[1, 5, 10]: [0.20532, 0.63355, 0.80299], NDCG@[1, 5, 10]: [0.20532, 0.42595, 0.48125]
INFO: [Epoch 1] [group evaluate] [metrics_tie_aware] pred_score max: 17.832092, num of top-score tie (avg per sample): 1.0048
INFO: [Epoch 1] [group evaluate] [metrics_tie_aware] top-score tie ratio (avg per sample): 0.9949%, samples with tied top (>1 item): 0.4828%
INFO: [Epoch 1] Group [metrics_tie_aware], Hit@[1, 5, 10]: [0.19621, 0.59, 0.78759], NDCG@[1, 5, 10]: [0.19621, 0.39431, 0.45861]
INFO: [Epoch 1] [user evaluate] [metrics_tie_aware] pred_score max: 6.719996, num of top-score tie (avg per sample): 1.0040
INFO: [Epoch 1] [user evaluate] [metrics_tie_aware] top-score tie ratio (avg per sample): 0.9940%, samples with tied top (>1 item): 0.3987%
INFO: [Epoch 1] User [metrics_tie_aware], Hit@[1, 5, 10]: [0.20731, 0.63439, 0.80316], NDCG@[1, 5, 10]: [0.20731, 0.4272, 0.48227]
INFO: Epoch 2, group loss: 0.08895, Cost time: 6.65s
INFO: Epoch 2, user loss: 0.14793, Cost time: 1.51s
INFO: [Epoch 2] [group evaluate] [metrics] pred_score max: 24.327141, num of top-score tie (avg per sample): 1.0041
INFO: [Epoch 2] [group evaluate] [metrics] top-score tie ratio (avg per sample): 0.9942%, samples with tied top (>1 item): 0.4138%
INFO: [Epoch 2] Group [metrics], Hit@[1, 5, 10]: [0.20897, 0.60414, 0.80414], NDCG@[1, 5, 10]: [0.20897, 0.40852, 0.47372]
INFO: [Epoch 2] [user evaluate] [metrics] pred_score max: 7.524283, num of top-score tie (avg per sample): 1.0030
INFO: [Epoch 2] [user evaluate] [metrics] top-score tie ratio (avg per sample): 0.9931%, samples with tied top (>1 item): 0.2990%
INFO: [Epoch 2] User [metrics], Hit@[1, 5, 10]: [0.20498, 0.64319, 0.81296], NDCG@[1, 5, 10]: [0.20498, 0.43135, 0.48666]
INFO: [Epoch 2] [group evaluate] [metrics_first] pred_score max: 24.327139, num of top-score tie (avg per sample): 1.0041
INFO: [Epoch 2] [group evaluate] [metrics_first] top-score tie ratio (avg per sample): 0.9942%, samples with tied top (>1 item): 0.4138%
INFO: [Epoch 2] Group [metrics_first], Hit@[1, 5, 10]: [0.20897, 0.60414, 0.80483], NDCG@[1, 5, 10]: [0.20897, 0.40852, 0.47393]
INFO: [Epoch 2] [user evaluate] [metrics_first] pred_score max: 7.524283, num of top-score tie (avg per sample): 1.0030
INFO: [Epoch 2] [user evaluate] [metrics_first] top-score tie ratio (avg per sample): 0.9931%, samples with tied top (>1 item): 0.2990%
INFO: [Epoch 2] User [metrics_first], Hit@[1, 5, 10]: [0.20498, 0.64352, 0.81329], NDCG@[1, 5, 10]: [0.20498, 0.4315, 0.48681]
INFO: [Epoch 2] [group evaluate] [metrics_last] pred_score max: 24.327141, num of top-score tie (avg per sample): 1.0041
INFO: [Epoch 2] [group evaluate] [metrics_last] top-score tie ratio (avg per sample): 0.9942%, samples with tied top (>1 item): 0.4138%
INFO: [Epoch 2] Group [metrics_last], Hit@[1, 5, 10]: [0.20483, 0.60276, 0.80276], NDCG@[1, 5, 10]: [0.20483, 0.40583, 0.4711]
INFO: [Epoch 2] [user evaluate] [metrics_last] pred_score max: 7.524283, num of top-score tie (avg per sample): 1.0030
INFO: [Epoch 2] [user evaluate] [metrics_last] top-score tie ratio (avg per sample): 0.9931%, samples with tied top (>1 item): 0.2990%
INFO: [Epoch 2] User [metrics_last], Hit@[1, 5, 10]: [0.20199, 0.64153, 0.81262], NDCG@[1, 5, 10]: [0.20199, 0.42916, 0.48495]
INFO: [Epoch 2] [group evaluate] [metrics_tie_aware] pred_score max: 24.327141, num of top-score tie (avg per sample): 1.0041
INFO: [Epoch 2] [group evaluate] [metrics_tie_aware] top-score tie ratio (avg per sample): 0.9942%, samples with tied top (>1 item): 0.4138%
INFO: [Epoch 2] Group [metrics_tie_aware], Hit@[1, 5, 10]: [0.2069, 0.60345, 0.80379], NDCG@[1, 5, 10]: [0.2069, 0.40718, 0.47251]
INFO: [Epoch 2] [user evaluate] [metrics_tie_aware] pred_score max: 7.524283, num of top-score tie (avg per sample): 1.0030
INFO: [Epoch 2] [user evaluate] [metrics_tie_aware] top-score tie ratio (avg per sample): 0.9931%, samples with tied top (>1 item): 0.2990%
INFO: [Epoch 2] User [metrics_tie_aware], Hit@[1, 5, 10]: [0.20349, 0.64252, 0.81296], NDCG@[1, 5, 10]: [0.20349, 0.43033, 0.48588]
INFO: Epoch 3, group loss: 0.07734, Cost time: 6.86s
INFO: Epoch 3, user loss: 0.13233, Cost time: 1.57s
INFO: [Epoch 3] [group evaluate] [metrics] pred_score max: 26.445238, num of top-score tie (avg per sample): 1.0034
INFO: [Epoch 3] [group evaluate] [metrics] top-score tie ratio (avg per sample): 0.9935%, samples with tied top (>1 item): 0.3448%
INFO: [Epoch 3] Group [metrics], Hit@[1, 5, 10]: [0.21172, 0.61655, 0.81241], NDCG@[1, 5, 10]: [0.21172, 0.41577, 0.47964]
INFO: [Epoch 3] [user evaluate] [metrics] pred_score max: 8.867431, num of top-score tie (avg per sample): 1.0040
INFO: [Epoch 3] [user evaluate] [metrics] top-score tie ratio (avg per sample): 0.9940%, samples with tied top (>1 item): 0.3987%
INFO: [Epoch 3] User [metrics], Hit@[1, 5, 10]: [0.2113, 0.65083, 0.8196], NDCG@[1, 5, 10]: [0.2113, 0.43744, 0.49256]
INFO: [Epoch 3] [group evaluate] [metrics_first] pred_score max: 26.445240, num of top-score tie (avg per sample): 1.0034
INFO: [Epoch 3] [group evaluate] [metrics_first] top-score tie ratio (avg per sample): 0.9935%, samples with tied top (>1 item): 0.3448%
INFO: [Epoch 3] Group [metrics_first], Hit@[1, 5, 10]: [0.21172, 0.61655, 0.81241], NDCG@[1, 5, 10]: [0.21172, 0.4158, 0.47968]
INFO: [Epoch 3] [user evaluate] [metrics_first] pred_score max: 8.867431, num of top-score tie (avg per sample): 1.0040
INFO: [Epoch 3] [user evaluate] [metrics_first] top-score tie ratio (avg per sample): 0.9940%, samples with tied top (>1 item): 0.3987%
INFO: [Epoch 3] User [metrics_first], Hit@[1, 5, 10]: [0.2113, 0.65116, 0.8196], NDCG@[1, 5, 10]: [0.2113, 0.43764, 0.49265]
INFO: [Epoch 3] [group evaluate] [metrics_last] pred_score max: 26.445238, num of top-score tie (avg per sample): 1.0034
INFO: [Epoch 3] [group evaluate] [metrics_last] top-score tie ratio (avg per sample): 0.9935%, samples with tied top (>1 item): 0.3448%
INFO: [Epoch 3] Group [metrics_last], Hit@[1, 5, 10]: [0.20828, 0.61655, 0.81241], NDCG@[1, 5, 10]: [0.20828, 0.41378, 0.47761]
INFO: [Epoch 3] [user evaluate] [metrics_last] pred_score max: 8.867431, num of top-score tie (avg per sample): 1.0040
INFO: [Epoch 3] [user evaluate] [metrics_last] top-score tie ratio (avg per sample): 0.9940%, samples with tied top (>1 item): 0.3987%
INFO: [Epoch 3] User [metrics_last], Hit@[1, 5, 10]: [0.20731, 0.64983, 0.8196], NDCG@[1, 5, 10]: [0.20731, 0.4353, 0.49074]
INFO: [Epoch 3] [group evaluate] [metrics_tie_aware] pred_score max: 26.445238, num of top-score tie (avg per sample): 1.0034
INFO: [Epoch 3] [group evaluate] [metrics_tie_aware] top-score tie ratio (avg per sample): 0.9935%, samples with tied top (>1 item): 0.3448%
INFO: [Epoch 3] Group [metrics_tie_aware], Hit@[1, 5, 10]: [0.21, 0.61655, 0.81241], NDCG@[1, 5, 10]: [0.21, 0.41479, 0.47865]
INFO: [Epoch 3] [user evaluate] [metrics_tie_aware] pred_score max: 8.867431, num of top-score tie (avg per sample): 1.0040
INFO: [Epoch 3] [user evaluate] [metrics_tie_aware] top-score tie ratio (avg per sample): 0.9940%, samples with tied top (>1 item): 0.3987%
INFO: [Epoch 3] User [metrics_tie_aware], Hit@[1, 5, 10]: [0.2093, 0.6505, 0.8196], NDCG@[1, 5, 10]: [0.2093, 0.43647, 0.4917]
INFO: Epoch 4, group loss: 0.06984, Cost time: 6.26s
INFO: Epoch 4, user loss: 0.12089, Cost time: 1.35s
INFO: [Epoch 4] [group evaluate] [metrics] pred_score max: 27.969250, num of top-score tie (avg per sample): 1.0028
INFO: [Epoch 4] [group evaluate] [metrics] top-score tie ratio (avg per sample): 0.9928%, samples with tied top (>1 item): 0.2759%
INFO: [Epoch 4] Group [metrics], Hit@[1, 5, 10]: [0.20138, 0.62138, 0.80966], NDCG@[1, 5, 10]: [0.20138, 0.41574, 0.47757]
INFO: [Epoch 4] [user evaluate] [metrics] pred_score max: 9.912319, num of top-score tie (avg per sample): 1.0037
INFO: [Epoch 4] [user evaluate] [metrics] top-score tie ratio (avg per sample): 0.9937%, samples with tied top (>1 item): 0.3654%
INFO: [Epoch 4] User [metrics], Hit@[1, 5, 10]: [0.21395, 0.65349, 0.82425], NDCG@[1, 5, 10]: [0.21395, 0.44015, 0.49568]
INFO: [Epoch 4] [group evaluate] [metrics_first] pred_score max: 27.969250, num of top-score tie (avg per sample): 1.0028
INFO: [Epoch 4] [group evaluate] [metrics_first] top-score tie ratio (avg per sample): 0.9928%, samples with tied top (>1 item): 0.2759%
INFO: [Epoch 4] Group [metrics_first], Hit@[1, 5, 10]: [0.20138, 0.62138, 0.80966], NDCG@[1, 5, 10]: [0.20138, 0.41583, 0.47768]
INFO: [Epoch 4] [user evaluate] [metrics_first] pred_score max: 9.912319, num of top-score tie (avg per sample): 1.0037
INFO: [Epoch 4] [user evaluate] [metrics_first] top-score tie ratio (avg per sample): 0.9937%, samples with tied top (>1 item): 0.3654%
INFO: [Epoch 4] User [metrics_first], Hit@[1, 5, 10]: [0.21395, 0.65349, 0.82425], NDCG@[1, 5, 10]: [0.21395, 0.44026, 0.4958]
INFO: [Epoch 4] [group evaluate] [metrics_last] pred_score max: 27.969250, num of top-score tie (avg per sample): 1.0028
INFO: [Epoch 4] [group evaluate] [metrics_last] top-score tie ratio (avg per sample): 0.9928%, samples with tied top (>1 item): 0.2759%
INFO: [Epoch 4] Group [metrics_last], Hit@[1, 5, 10]: [0.19862, 0.62138, 0.80966], NDCG@[1, 5, 10]: [0.19862, 0.41412, 0.47589]
INFO: [Epoch 4] [user evaluate] [metrics_last] pred_score max: 9.912319, num of top-score tie (avg per sample): 1.0037
INFO: [Epoch 4] [user evaluate] [metrics_last] top-score tie ratio (avg per sample): 0.9937%, samples with tied top (>1 item): 0.3654%
INFO: [Epoch 4] User [metrics_last], Hit@[1, 5, 10]: [0.2103, 0.65249, 0.82392], NDCG@[1, 5, 10]: [0.2103, 0.43806, 0.49382]
INFO: [Epoch 4] [group evaluate] [metrics_tie_aware] pred_score max: 27.969248, num of top-score tie (avg per sample): 1.0028
INFO: [Epoch 4] [group evaluate] [metrics_tie_aware] top-score tie ratio (avg per sample): 0.9928%, samples with tied top (>1 item): 0.2759%
INFO: [Epoch 4] Group [metrics_tie_aware], Hit@[1, 5, 10]: [0.2, 0.62138, 0.80966], NDCG@[1, 5, 10]: [0.2, 0.41497, 0.47679]
INFO: [Epoch 4] [user evaluate] [metrics_tie_aware] pred_score max: 9.912319, num of top-score tie (avg per sample): 1.0037
INFO: [Epoch 4] [user evaluate] [metrics_tie_aware] top-score tie ratio (avg per sample): 0.9937%, samples with tied top (>1 item): 0.3654%
INFO: [Epoch 4] User [metrics_tie_aware], Hit@[1, 5, 10]: [0.21213, 0.65299, 0.82409], NDCG@[1, 5, 10]: [0.21213, 0.43916, 0.49481]
INFO: Epoch 5, group loss: 0.06332, Cost time: 5.92s
INFO: Epoch 5, user loss: 0.11160, Cost time: 1.27s
INFO: [Epoch 5] [group evaluate] [metrics] pred_score max: 29.034039, num of top-score tie (avg per sample): 1.0014
INFO: [Epoch 5] [group evaluate] [metrics] top-score tie ratio (avg per sample): 0.9915%, samples with tied top (>1 item): 0.1379%
INFO: [Epoch 5] Group [metrics], Hit@[1, 5, 10]: [0.19517, 0.63172, 0.81586], NDCG@[1, 5, 10]: [0.19517, 0.41571, 0.47591]
INFO: [Epoch 5] [user evaluate] [metrics] pred_score max: 10.991206, num of top-score tie (avg per sample): 1.0040
INFO: [Epoch 5] [user evaluate] [metrics] top-score tie ratio (avg per sample): 0.9940%, samples with tied top (>1 item): 0.3987%
INFO: [Epoch 5] User [metrics], Hit@[1, 5, 10]: [0.21262, 0.65482, 0.82791], NDCG@[1, 5, 10]: [0.21262, 0.44079, 0.49745]
INFO: [Epoch 5] [group evaluate] [metrics_first] pred_score max: 29.034042, num of top-score tie (avg per sample): 1.0014
INFO: [Epoch 5] [group evaluate] [metrics_first] top-score tie ratio (avg per sample): 0.9915%, samples with tied top (>1 item): 0.1379%
INFO: [Epoch 5] Group [metrics_first], Hit@[1, 5, 10]: [0.19517, 0.63172, 0.81655], NDCG@[1, 5, 10]: [0.19517, 0.41587, 0.47627]
INFO: [Epoch 5] [user evaluate] [metrics_first] pred_score max: 10.991206, num of top-score tie (avg per sample): 1.0040
INFO: [Epoch 5] [user evaluate] [metrics_first] top-score tie ratio (avg per sample): 0.9940%, samples with tied top (>1 item): 0.3987%
INFO: [Epoch 5] User [metrics_first], Hit@[1, 5, 10]: [0.21262, 0.65482, 0.82791], NDCG@[1, 5, 10]: [0.21262, 0.44083, 0.49749]
INFO: [Epoch 5] [group evaluate] [metrics_last] pred_score max: 29.034042, num of top-score tie (avg per sample): 1.0014
INFO: [Epoch 5] [group evaluate] [metrics_last] top-score tie ratio (avg per sample): 0.9915%, samples with tied top (>1 item): 0.1379%
INFO: [Epoch 5] Group [metrics_last], Hit@[1, 5, 10]: [0.19379, 0.63172, 0.81517], NDCG@[1, 5, 10]: [0.19379, 0.41442, 0.47438]
INFO: [Epoch 5] [user evaluate] [metrics_last] pred_score max: 10.991206, num of top-score tie (avg per sample): 1.0040
INFO: [Epoch 5] [user evaluate] [metrics_last] top-score tie ratio (avg per sample): 0.9940%, samples with tied top (>1 item): 0.3987%
INFO: [Epoch 5] User [metrics_last], Hit@[1, 5, 10]: [0.20864, 0.65449, 0.82791], NDCG@[1, 5, 10]: [0.20864, 0.43874, 0.49548]
INFO: [Epoch 5] [group evaluate] [metrics_tie_aware] pred_score max: 29.034042, num of top-score tie (avg per sample): 1.0014
INFO: [Epoch 5] [group evaluate] [metrics_tie_aware] top-score tie ratio (avg per sample): 0.9915%, samples with tied top (>1 item): 0.1379%
INFO: [Epoch 5] Group [metrics_tie_aware], Hit@[1, 5, 10]: [0.19448, 0.63172, 0.81586], NDCG@[1, 5, 10]: [0.19448, 0.41514, 0.47532]
INFO: [Epoch 5] [user evaluate] [metrics_tie_aware] pred_score max: 10.991206, num of top-score tie (avg per sample): 1.0040
INFO: [Epoch 5] [user evaluate] [metrics_tie_aware] top-score tie ratio (avg per sample): 0.9940%, samples with tied top (>1 item): 0.3987%
INFO: [Epoch 5] User [metrics_tie_aware], Hit@[1, 5, 10]: [0.21063, 0.65465, 0.82791], NDCG@[1, 5, 10]: [0.21063, 0.43979, 0.49649]
INFO: Epoch 6, group loss: 0.05954, Cost time: 6.36s
INFO: Epoch 6, user loss: 0.10398, Cost time: 1.28s
INFO: [Epoch 6] [group evaluate] [metrics] pred_score max: 31.849270, num of top-score tie (avg per sample): 1.0021
INFO: [Epoch 6] [group evaluate] [metrics] top-score tie ratio (avg per sample): 0.9921%, samples with tied top (>1 item): 0.2069%
INFO: [Epoch 6] Group [metrics], Hit@[1, 5, 10]: [0.20414, 0.63103, 0.81724], NDCG@[1, 5, 10]: [0.20414, 0.41694, 0.47773]
INFO: [Epoch 6] [user evaluate] [metrics] pred_score max: 11.500759, num of top-score tie (avg per sample): 1.0023
INFO: [Epoch 6] [user evaluate] [metrics] top-score tie ratio (avg per sample): 0.9924%, samples with tied top (>1 item): 0.2326%
INFO: [Epoch 6] User [metrics], Hit@[1, 5, 10]: [0.20997, 0.65316, 0.83322], NDCG@[1, 5, 10]: [0.20997, 0.43996, 0.49896]
INFO: [Epoch 6] [group evaluate] [metrics_first] pred_score max: 31.849270, num of top-score tie (avg per sample): 1.0021
INFO: [Epoch 6] [group evaluate] [metrics_first] top-score tie ratio (avg per sample): 0.9921%, samples with tied top (>1 item): 0.2069%
INFO: [Epoch 6] Group [metrics_first], Hit@[1, 5, 10]: [0.20414, 0.63103, 0.81793], NDCG@[1, 5, 10]: [0.20414, 0.41712, 0.47811]
INFO: [Epoch 6] [user evaluate] [metrics_first] pred_score max: 11.500759, num of top-score tie (avg per sample): 1.0023
INFO: [Epoch 6] [user evaluate] [metrics_first] top-score tie ratio (avg per sample): 0.9924%, samples with tied top (>1 item): 0.2326%
INFO: [Epoch 6] User [metrics_first], Hit@[1, 5, 10]: [0.20997, 0.65316, 0.83322], NDCG@[1, 5, 10]: [0.20997, 0.44013, 0.49914]
INFO: [Epoch 6] [group evaluate] [metrics_last] pred_score max: 31.849270, num of top-score tie (avg per sample): 1.0021
INFO: [Epoch 6] [group evaluate] [metrics_last] top-score tie ratio (avg per sample): 0.9921%, samples with tied top (>1 item): 0.2069%
INFO: [Epoch 6] Group [metrics_last], Hit@[1, 5, 10]: [0.20207, 0.63034, 0.81724], NDCG@[1, 5, 10]: [0.20207, 0.41532, 0.47633]
INFO: [Epoch 6] [user evaluate] [metrics_last] pred_score max: 11.500759, num of top-score tie (avg per sample): 1.0023
INFO: [Epoch 6] [user evaluate] [metrics_last] top-score tie ratio (avg per sample): 0.9924%, samples with tied top (>1 item): 0.2326%
INFO: [Epoch 6] User [metrics_last], Hit@[1, 5, 10]: [0.20764, 0.65249, 0.83289], NDCG@[1, 5, 10]: [0.20764, 0.43842, 0.49753]
INFO: [Epoch 6] [group evaluate] [metrics_tie_aware] pred_score max: 31.849272, num of top-score tie (avg per sample): 1.0021
INFO: [Epoch 6] [group evaluate] [metrics_tie_aware] top-score tie ratio (avg per sample): 0.9921%, samples with tied top (>1 item): 0.2069%
INFO: [Epoch 6] Group [metrics_tie_aware], Hit@[1, 5, 10]: [0.2031, 0.63069, 0.81759], NDCG@[1, 5, 10]: [0.2031, 0.41622, 0.47722]
INFO: [Epoch 6] [user evaluate] [metrics_tie_aware] pred_score max: 11.500759, num of top-score tie (avg per sample): 1.0023
INFO: [Epoch 6] [user evaluate] [metrics_tie_aware] top-score tie ratio (avg per sample): 0.9924%, samples with tied top (>1 item): 0.2326%
INFO: [Epoch 6] User [metrics_tie_aware], Hit@[1, 5, 10]: [0.2088, 0.65282, 0.83306], NDCG@[1, 5, 10]: [0.2088, 0.43927, 0.49833]
INFO: Epoch 7, group loss: 0.05500, Cost time: 6.77s
INFO: Epoch 7, user loss: 0.09729, Cost time: 1.51s
INFO: [Epoch 7] [group evaluate] [metrics] pred_score max: 32.680485, num of top-score tie (avg per sample): 1.0021
INFO: [Epoch 7] [group evaluate] [metrics] top-score tie ratio (avg per sample): 0.9921%, samples with tied top (>1 item): 0.2069%
INFO: [Epoch 7] Group [metrics], Hit@[1, 5, 10]: [0.20483, 0.62276, 0.82], NDCG@[1, 5, 10]: [0.20483, 0.4184, 0.48276]
INFO: [Epoch 7] [user evaluate] [metrics] pred_score max: 12.496580, num of top-score tie (avg per sample): 1.0033
INFO: [Epoch 7] [user evaluate] [metrics] top-score tie ratio (avg per sample): 0.9934%, samples with tied top (>1 item): 0.3322%
INFO: [Epoch 7] User [metrics], Hit@[1, 5, 10]: [0.21728, 0.65947, 0.83787], NDCG@[1, 5, 10]: [0.21728, 0.44508, 0.50334]
INFO: [Epoch 7] [group evaluate] [metrics_first] pred_score max: 32.680481, num of top-score tie (avg per sample): 1.0021
INFO: [Epoch 7] [group evaluate] [metrics_first] top-score tie ratio (avg per sample): 0.9921%, samples with tied top (>1 item): 0.2069%
INFO: [Epoch 7] Group [metrics_first], Hit@[1, 5, 10]: [0.20483, 0.62276, 0.82], NDCG@[1, 5, 10]: [0.20483, 0.41845, 0.4828]
INFO: [Epoch 7] [user evaluate] [metrics_first] pred_score max: 12.496580, num of top-score tie (avg per sample): 1.0033
INFO: [Epoch 7] [user evaluate] [metrics_first] top-score tie ratio (avg per sample): 0.9934%, samples with tied top (>1 item): 0.3322%
INFO: [Epoch 7] User [metrics_first], Hit@[1, 5, 10]: [0.21728, 0.65947, 0.83787], NDCG@[1, 5, 10]: [0.21728, 0.44514, 0.50341]
INFO: [Epoch 7] [group evaluate] [metrics_last] pred_score max: 32.680481, num of top-score tie (avg per sample): 1.0021
INFO: [Epoch 7] [group evaluate] [metrics_last] top-score tie ratio (avg per sample): 0.9921%, samples with tied top (>1 item): 0.2069%
INFO: [Epoch 7] Group [metrics_last], Hit@[1, 5, 10]: [0.20276, 0.62207, 0.82], NDCG@[1, 5, 10]: [0.20276, 0.41665, 0.4812]
INFO: [Epoch 7] [user evaluate] [metrics_last] pred_score max: 12.496580, num of top-score tie (avg per sample): 1.0033
INFO: [Epoch 7] [user evaluate] [metrics_last] top-score tie ratio (avg per sample): 0.9934%, samples with tied top (>1 item): 0.3322%
INFO: [Epoch 7] User [metrics_last], Hit@[1, 5, 10]: [0.21395, 0.6588, 0.83787], NDCG@[1, 5, 10]: [0.21395, 0.44315, 0.50161]
INFO: [Epoch 7] [group evaluate] [metrics_tie_aware] pred_score max: 32.680481, num of top-score tie (avg per sample): 1.0021
INFO: [Epoch 7] [group evaluate] [metrics_tie_aware] top-score tie ratio (avg per sample): 0.9921%, samples with tied top (>1 item): 0.2069%
INFO: [Epoch 7] Group [metrics_tie_aware], Hit@[1, 5, 10]: [0.20379, 0.62241, 0.82], NDCG@[1, 5, 10]: [0.20379, 0.41755, 0.482]
INFO: [Epoch 7] [user evaluate] [metrics_tie_aware] pred_score max: 12.496580, num of top-score tie (avg per sample): 1.0033
INFO: [Epoch 7] [user evaluate] [metrics_tie_aware] top-score tie ratio (avg per sample): 0.9934%, samples with tied top (>1 item): 0.3322%
INFO: [Epoch 7] User [metrics_tie_aware], Hit@[1, 5, 10]: [0.21561, 0.65914, 0.83787], NDCG@[1, 5, 10]: [0.21561, 0.44415, 0.50251]
INFO: Epoch 8, group loss: 0.05277, Cost time: 6.68s
INFO: Epoch 8, user loss: 0.09212, Cost time: 1.31s
INFO: [Epoch 8] [group evaluate] [metrics] pred_score max: 34.189350, num of top-score tie (avg per sample): 1.0021
INFO: [Epoch 8] [group evaluate] [metrics] top-score tie ratio (avg per sample): 0.9921%, samples with tied top (>1 item): 0.2069%
INFO: [Epoch 8] Group [metrics], Hit@[1, 5, 10]: [0.21034, 0.62276, 0.82621], NDCG@[1, 5, 10]: [0.21034, 0.41953, 0.48577]
INFO: [Epoch 8] [user evaluate] [metrics] pred_score max: 12.814835, num of top-score tie (avg per sample): 1.0030
INFO: [Epoch 8] [user evaluate] [metrics] top-score tie ratio (avg per sample): 0.9931%, samples with tied top (>1 item): 0.2990%
INFO: [Epoch 8] User [metrics], Hit@[1, 5, 10]: [0.2186, 0.66312, 0.83754], NDCG@[1, 5, 10]: [0.2186, 0.44883, 0.50594]
INFO: [Epoch 8] [group evaluate] [metrics_first] pred_score max: 34.189350, num of top-score tie (avg per sample): 1.0021
INFO: [Epoch 8] [group evaluate] [metrics_first] top-score tie ratio (avg per sample): 0.9921%, samples with tied top (>1 item): 0.2069%
INFO: [Epoch 8] Group [metrics_first], Hit@[1, 5, 10]: [0.21034, 0.62276, 0.82621], NDCG@[1, 5, 10]: [0.21034, 0.41961, 0.48585]
INFO: [Epoch 8] [user evaluate] [metrics_first] pred_score max: 12.814835, num of top-score tie (avg per sample): 1.0030
INFO: [Epoch 8] [user evaluate] [metrics_first] top-score tie ratio (avg per sample): 0.9931%, samples with tied top (>1 item): 0.2990%
INFO: [Epoch 8] User [metrics_first], Hit@[1, 5, 10]: [0.2186, 0.66312, 0.83754], NDCG@[1, 5, 10]: [0.2186, 0.44889, 0.506]
INFO: [Epoch 8] [group evaluate] [metrics_last] pred_score max: 34.189350, num of top-score tie (avg per sample): 1.0021
INFO: [Epoch 8] [group evaluate] [metrics_last] top-score tie ratio (avg per sample): 0.9921%, samples with tied top (>1 item): 0.2069%
INFO: [Epoch 8] Group [metrics_last], Hit@[1, 5, 10]: [0.20828, 0.62276, 0.82621], NDCG@[1, 5, 10]: [0.20828, 0.41796, 0.48414]
INFO: [Epoch 8] [user evaluate] [metrics_last] pred_score max: 12.814835, num of top-score tie (avg per sample): 1.0030
INFO: [Epoch 8] [user evaluate] [metrics_last] top-score tie ratio (avg per sample): 0.9931%, samples with tied top (>1 item): 0.2990%
INFO: [Epoch 8] User [metrics_last], Hit@[1, 5, 10]: [0.21561, 0.66213, 0.83754], NDCG@[1, 5, 10]: [0.21561, 0.44688, 0.50432]
INFO: [Epoch 8] [group evaluate] [metrics_tie_aware] pred_score max: 34.189350, num of top-score tie (avg per sample): 1.0021
INFO: [Epoch 8] [group evaluate] [metrics_tie_aware] top-score tie ratio (avg per sample): 0.9921%, samples with tied top (>1 item): 0.2069%
INFO: [Epoch 8] Group [metrics_tie_aware], Hit@[1, 5, 10]: [0.20931, 0.62276, 0.82621], NDCG@[1, 5, 10]: [0.20931, 0.41878, 0.48499]
INFO: [Epoch 8] [user evaluate] [metrics_tie_aware] pred_score max: 12.814835, num of top-score tie (avg per sample): 1.0030
INFO: [Epoch 8] [user evaluate] [metrics_tie_aware] top-score tie ratio (avg per sample): 0.9931%, samples with tied top (>1 item): 0.2990%
INFO: [Epoch 8] User [metrics_tie_aware], Hit@[1, 5, 10]: [0.21711, 0.66262, 0.83754], NDCG@[1, 5, 10]: [0.21711, 0.44789, 0.50516]
INFO: Epoch 9, group loss: 0.05033, Cost time: 6.12s
INFO: Epoch 9, user loss: 0.08606, Cost time: 1.29s
INFO: [Epoch 9] [group evaluate] [metrics] pred_score max: 35.062759, num of top-score tie (avg per sample): 1.0014
INFO: [Epoch 9] [group evaluate] [metrics] top-score tie ratio (avg per sample): 0.9915%, samples with tied top (>1 item): 0.1379%
INFO: [Epoch 9] Group [metrics], Hit@[1, 5, 10]: [0.21034, 0.62759, 0.81931], NDCG@[1, 5, 10]: [0.21034, 0.42192, 0.48483]
INFO: [Epoch 9] [user evaluate] [metrics] pred_score max: 12.881822, num of top-score tie (avg per sample): 1.0027
INFO: [Epoch 9] [user evaluate] [metrics] top-score tie ratio (avg per sample): 0.9927%, samples with tied top (>1 item): 0.2658%
INFO: [Epoch 9] User [metrics], Hit@[1, 5, 10]: [0.22791, 0.6701, 0.84086], NDCG@[1, 5, 10]: [0.22791, 0.45307, 0.50861]
INFO: [Epoch 9] [group evaluate] [metrics_first] pred_score max: 35.062756, num of top-score tie (avg per sample): 1.0014
INFO: [Epoch 9] [group evaluate] [metrics_first] top-score tie ratio (avg per sample): 0.9915%, samples with tied top (>1 item): 0.1379%
INFO: [Epoch 9] Group [metrics_first], Hit@[1, 5, 10]: [0.21034, 0.62759, 0.81931], NDCG@[1, 5, 10]: [0.21034, 0.42197, 0.48487]
INFO: [Epoch 9] [user evaluate] [metrics_first] pred_score max: 12.881822, num of top-score tie (avg per sample): 1.0027
INFO: [Epoch 9] [user evaluate] [metrics_first] top-score tie ratio (avg per sample): 0.9927%, samples with tied top (>1 item): 0.2658%
INFO: [Epoch 9] User [metrics_first], Hit@[1, 5, 10]: [0.22791, 0.6701, 0.84086], NDCG@[1, 5, 10]: [0.22791, 0.45312, 0.50868]
INFO: [Epoch 9] [group evaluate] [metrics_last] pred_score max: 35.062759, num of top-score tie (avg per sample): 1.0014
INFO: [Epoch 9] [group evaluate] [metrics_last] top-score tie ratio (avg per sample): 0.9915%, samples with tied top (>1 item): 0.1379%
INFO: [Epoch 9] Group [metrics_last], Hit@[1, 5, 10]: [0.20897, 0.62759, 0.81862], NDCG@[1, 5, 10]: [0.20897, 0.42049, 0.48314]
INFO: [Epoch 9] [user evaluate] [metrics_last] pred_score max: 12.881822, num of top-score tie (avg per sample): 1.0027
INFO: [Epoch 9] [user evaluate] [metrics_last] top-score tie ratio (avg per sample): 0.9927%, samples with tied top (>1 item): 0.2658%
INFO: [Epoch 9] User [metrics_last], Hit@[1, 5, 10]: [0.22525, 0.6691, 0.8402], NDCG@[1, 5, 10]: [0.22525, 0.45127, 0.50695]
INFO: [Epoch 9] [group evaluate] [metrics_tie_aware] pred_score max: 35.062759, num of top-score tie (avg per sample): 1.0014
INFO: [Epoch 9] [group evaluate] [metrics_tie_aware] top-score tie ratio (avg per sample): 0.9915%, samples with tied top (>1 item): 0.1379%
INFO: [Epoch 9] Group [metrics_tie_aware], Hit@[1, 5, 10]: [0.20966, 0.62759, 0.81897], NDCG@[1, 5, 10]: [0.20966, 0.42123, 0.48401]
INFO: [Epoch 9] [user evaluate] [metrics_tie_aware] pred_score max: 12.881822, num of top-score tie (avg per sample): 1.0027
INFO: [Epoch 9] [user evaluate] [metrics_tie_aware] top-score tie ratio (avg per sample): 0.9927%, samples with tied top (>1 item): 0.2658%
INFO: [Epoch 9] User [metrics_tie_aware], Hit@[1, 5, 10]: [0.22658, 0.6696, 0.84053], NDCG@[1, 5, 10]: [0.22658, 0.45219, 0.50781]
INFO: Epoch 10, group loss: 0.04788, Cost time: 6.41s
INFO: Epoch 10, user loss: 0.08241, Cost time: 1.37s
INFO: [Epoch 10] [group evaluate] [metrics] pred_score max: 34.281166, num of top-score tie (avg per sample): 1.0028
INFO: [Epoch 10] [group evaluate] [metrics] top-score tie ratio (avg per sample): 0.9928%, samples with tied top (>1 item): 0.2759%
INFO: [Epoch 10] Group [metrics], Hit@[1, 5, 10]: [0.22345, 0.62966, 0.82483], NDCG@[1, 5, 10]: [0.22345, 0.42802, 0.49178]
INFO: [Epoch 10] [user evaluate] [metrics] pred_score max: 13.927036, num of top-score tie (avg per sample): 1.0033
INFO: [Epoch 10] [user evaluate] [metrics] top-score tie ratio (avg per sample): 0.9934%, samples with tied top (>1 item): 0.3322%
INFO: [Epoch 10] User [metrics], Hit@[1, 5, 10]: [0.22791, 0.67076, 0.84385], NDCG@[1, 5, 10]: [0.22791, 0.45346, 0.50993]
INFO: [Epoch 10] [group evaluate] [metrics_first] pred_score max: 34.281166, num of top-score tie (avg per sample): 1.0028
INFO: [Epoch 10] [group evaluate] [metrics_first] top-score tie ratio (avg per sample): 0.9928%, samples with tied top (>1 item): 0.2759%
INFO: [Epoch 10] Group [metrics_first], Hit@[1, 5, 10]: [0.22345, 0.62966, 0.82483], NDCG@[1, 5, 10]: [0.22345, 0.42821, 0.49196]
INFO: [Epoch 10] [user evaluate] [metrics_first] pred_score max: 13.927036, num of top-score tie (avg per sample): 1.0033
INFO: [Epoch 10] [user evaluate] [metrics_first] top-score tie ratio (avg per sample): 0.9934%, samples with tied top (>1 item): 0.3322%
INFO: [Epoch 10] User [metrics_first], Hit@[1, 5, 10]: [0.22791, 0.67076, 0.84385], NDCG@[1, 5, 10]: [0.22791, 0.45348, 0.50997]
INFO: [Epoch 10] [group evaluate] [metrics_last] pred_score max: 34.281162, num of top-score tie (avg per sample): 1.0028
INFO: [Epoch 10] [group evaluate] [metrics_last] top-score tie ratio (avg per sample): 0.9928%, samples with tied top (>1 item): 0.2759%
INFO: [Epoch 10] Group [metrics_last], Hit@[1, 5, 10]: [0.22069, 0.62897, 0.82483], NDCG@[1, 5, 10]: [0.22069, 0.42613, 0.49008]
INFO: [Epoch 10] [user evaluate] [metrics_last] pred_score max: 13.927036, num of top-score tie (avg per sample): 1.0033
INFO: [Epoch 10] [user evaluate] [metrics_last] top-score tie ratio (avg per sample): 0.9934%, samples with tied top (>1 item): 0.3322%
INFO: [Epoch 10] User [metrics_last], Hit@[1, 5, 10]: [0.22458, 0.6701, 0.84319], NDCG@[1, 5, 10]: [0.22458, 0.45154, 0.50804]
INFO: [Epoch 10] [group evaluate] [metrics_tie_aware] pred_score max: 34.281166, num of top-score tie (avg per sample): 1.0028
INFO: [Epoch 10] [group evaluate] [metrics_tie_aware] top-score tie ratio (avg per sample): 0.9928%, samples with tied top (>1 item): 0.2759%
INFO: [Epoch 10] Group [metrics_tie_aware], Hit@[1, 5, 10]: [0.22207, 0.62931, 0.82483], NDCG@[1, 5, 10]: [0.22207, 0.42717, 0.49102]
INFO: [Epoch 10] [user evaluate] [metrics_tie_aware] pred_score max: 13.927036, num of top-score tie (avg per sample): 1.0033
INFO: [Epoch 10] [user evaluate] [metrics_tie_aware] top-score tie ratio (avg per sample): 0.9934%, samples with tied top (>1 item): 0.3322%
INFO: [Epoch 10] User [metrics_tie_aware], Hit@[1, 5, 10]: [0.22625, 0.67043, 0.84352], NDCG@[1, 5, 10]: [0.22625, 0.45251, 0.50901]
INFO: Epoch 11, group loss: 0.04588, Cost time: 5.90s
INFO: Epoch 11, user loss: 0.07905, Cost time: 1.32s
INFO: [Epoch 11] [group evaluate] [metrics] pred_score max: 36.672024, num of top-score tie (avg per sample): 1.0028
INFO: [Epoch 11] [group evaluate] [metrics] top-score tie ratio (avg per sample): 0.9928%, samples with tied top (>1 item): 0.2759%
INFO: [Epoch 11] Group [metrics], Hit@[1, 5, 10]: [0.2131, 0.62414, 0.82276], NDCG@[1, 5, 10]: [0.2131, 0.42224, 0.48728]
INFO: [Epoch 11] [user evaluate] [metrics] pred_score max: 14.241762, num of top-score tie (avg per sample): 1.0043
INFO: [Epoch 11] [user evaluate] [metrics] top-score tie ratio (avg per sample): 0.9944%, samples with tied top (>1 item): 0.4319%
INFO: [Epoch 11] User [metrics], Hit@[1, 5, 10]: [0.22492, 0.66777, 0.84452], NDCG@[1, 5, 10]: [0.22492, 0.45165, 0.50918]
INFO: [Epoch 11] [group evaluate] [metrics_first] pred_score max: 36.672020, num of top-score tie (avg per sample): 1.0028
INFO: [Epoch 11] [group evaluate] [metrics_first] top-score tie ratio (avg per sample): 0.9928%, samples with tied top (>1 item): 0.2759%
INFO: [Epoch 11] Group [metrics_first], Hit@[1, 5, 10]: [0.2131, 0.62483, 0.82276], NDCG@[1, 5, 10]: [0.2131, 0.42268, 0.48751]
INFO: [Epoch 11] [user evaluate] [metrics_first] pred_score max: 14.241762, num of top-score tie (avg per sample): 1.0043
INFO: [Epoch 11] [user evaluate] [metrics_first] top-score tie ratio (avg per sample): 0.9944%, samples with tied top (>1 item): 0.4319%
INFO: [Epoch 11] User [metrics_first], Hit@[1, 5, 10]: [0.22492, 0.66777, 0.84452], NDCG@[1, 5, 10]: [0.22492, 0.45167, 0.50922]
INFO: [Epoch 11] [group evaluate] [metrics_last] pred_score max: 36.672020, num of top-score tie (avg per sample): 1.0028
INFO: [Epoch 11] [group evaluate] [metrics_last] top-score tie ratio (avg per sample): 0.9928%, samples with tied top (>1 item): 0.2759%
INFO: [Epoch 11] Group [metrics_last], Hit@[1, 5, 10]: [0.21034, 0.62345, 0.82207], NDCG@[1, 5, 10]: [0.21034, 0.42049, 0.48556]
INFO: [Epoch 11] [user evaluate] [metrics_last] pred_score max: 14.241762, num of top-score tie (avg per sample): 1.0043
INFO: [Epoch 11] [user evaluate] [metrics_last] top-score tie ratio (avg per sample): 0.9944%, samples with tied top (>1 item): 0.4319%
INFO: [Epoch 11] User [metrics_last], Hit@[1, 5, 10]: [0.2206, 0.66744, 0.84452], NDCG@[1, 5, 10]: [0.2206, 0.44963, 0.50726]
INFO: [Epoch 11] [group evaluate] [metrics_tie_aware] pred_score max: 36.672020, num of top-score tie (avg per sample): 1.0028
INFO: [Epoch 11] [group evaluate] [metrics_tie_aware] top-score tie ratio (avg per sample): 0.9928%, samples with tied top (>1 item): 0.2759%
INFO: [Epoch 11] Group [metrics_tie_aware], Hit@[1, 5, 10]: [0.21172, 0.62414, 0.82241], NDCG@[1, 5, 10]: [0.21172, 0.42159, 0.48653]
INFO: [Epoch 11] [user evaluate] [metrics_tie_aware] pred_score max: 14.241762, num of top-score tie (avg per sample): 1.0043
INFO: [Epoch 11] [user evaluate] [metrics_tie_aware] top-score tie ratio (avg per sample): 0.9944%, samples with tied top (>1 item): 0.4319%
INFO: [Epoch 11] User [metrics_tie_aware], Hit@[1, 5, 10]: [0.22276, 0.66761, 0.84452], NDCG@[1, 5, 10]: [0.22276, 0.45065, 0.50824]
INFO: Epoch 12, group loss: 0.04517, Cost time: 6.70s
INFO: Epoch 12, user loss: 0.07780, Cost time: 1.30s
INFO: [Epoch 12] [group evaluate] [metrics] pred_score max: 37.518497, num of top-score tie (avg per sample): 1.0034
INFO: [Epoch 12] [group evaluate] [metrics] top-score tie ratio (avg per sample): 0.9935%, samples with tied top (>1 item): 0.3448%
INFO: [Epoch 12] Group [metrics], Hit@[1, 5, 10]: [0.21586, 0.62621, 0.82069], NDCG@[1, 5, 10]: [0.21586, 0.42607, 0.4899]
INFO: [Epoch 12] [user evaluate] [metrics] pred_score max: 13.822280, num of top-score tie (avg per sample): 1.0033
INFO: [Epoch 12] [user evaluate] [metrics] top-score tie ratio (avg per sample): 0.9934%, samples with tied top (>1 item): 0.3322%
INFO: [Epoch 12] User [metrics], Hit@[1, 5, 10]: [0.22326, 0.67276, 0.84485], NDCG@[1, 5, 10]: [0.22326, 0.45325, 0.50945]
INFO: [Epoch 12] [group evaluate] [metrics_first] pred_score max: 37.518501, num of top-score tie (avg per sample): 1.0034
INFO: [Epoch 12] [group evaluate] [metrics_first] top-score tie ratio (avg per sample): 0.9935%, samples with tied top (>1 item): 0.3448%
INFO: [Epoch 12] Group [metrics_first], Hit@[1, 5, 10]: [0.21586, 0.62621, 0.82069], NDCG@[1, 5, 10]: [0.21586, 0.42612, 0.48996]
INFO: [Epoch 12] [user evaluate] [metrics_first] pred_score max: 13.822280, num of top-score tie (avg per sample): 1.0033
INFO: [Epoch 12] [user evaluate] [metrics_first] top-score tie ratio (avg per sample): 0.9934%, samples with tied top (>1 item): 0.3322%
INFO: [Epoch 12] User [metrics_first], Hit@[1, 5, 10]: [0.22326, 0.67309, 0.84485], NDCG@[1, 5, 10]: [0.22326, 0.45345, 0.50954]
INFO: [Epoch 12] [group evaluate] [metrics_last] pred_score max: 37.518501, num of top-score tie (avg per sample): 1.0034
INFO: [Epoch 12] [group evaluate] [metrics_last] top-score tie ratio (avg per sample): 0.9935%, samples with tied top (>1 item): 0.3448%
INFO: [Epoch 12] Group [metrics_last], Hit@[1, 5, 10]: [0.21241, 0.62552, 0.81931], NDCG@[1, 5, 10]: [0.21241, 0.42392, 0.48756]
INFO: [Epoch 12] [user evaluate] [metrics_last] pred_score max: 13.822280, num of top-score tie (avg per sample): 1.0033
INFO: [Epoch 12] [user evaluate] [metrics_last] top-score tie ratio (avg per sample): 0.9934%, samples with tied top (>1 item): 0.3322%
INFO: [Epoch 12] User [metrics_last], Hit@[1, 5, 10]: [0.21993, 0.67243, 0.84485], NDCG@[1, 5, 10]: [0.21993, 0.45147, 0.50776]
INFO: [Epoch 12] [group evaluate] [metrics_tie_aware] pred_score max: 37.518497, num of top-score tie (avg per sample): 1.0034
INFO: [Epoch 12] [group evaluate] [metrics_tie_aware] top-score tie ratio (avg per sample): 0.9935%, samples with tied top (>1 item): 0.3448%
INFO: [Epoch 12] Group [metrics_tie_aware], Hit@[1, 5, 10]: [0.21414, 0.62586, 0.82], NDCG@[1, 5, 10]: [0.21414, 0.42502, 0.48876]
INFO: [Epoch 12] [user evaluate] [metrics_tie_aware] pred_score max: 13.822280, num of top-score tie (avg per sample): 1.0033
INFO: [Epoch 12] [user evaluate] [metrics_tie_aware] top-score tie ratio (avg per sample): 0.9934%, samples with tied top (>1 item): 0.3322%
INFO: [Epoch 12] User [metrics_tie_aware], Hit@[1, 5, 10]: [0.22159, 0.67276, 0.84485], NDCG@[1, 5, 10]: [0.22159, 0.45246, 0.50865]
INFO: Epoch 13, group loss: 0.04198, Cost time: 5.88s
INFO: Epoch 13, user loss: 0.07391, Cost time: 1.30s
INFO: [Epoch 13] [group evaluate] [metrics] pred_score max: 36.961475, num of top-score tie (avg per sample): 1.0034
INFO: [Epoch 13] [group evaluate] [metrics] top-score tie ratio (avg per sample): 0.9935%, samples with tied top (>1 item): 0.3448%
INFO: [Epoch 13] Group [metrics], Hit@[1, 5, 10]: [0.20966, 0.63793, 0.82276], NDCG@[1, 5, 10]: [0.20966, 0.42954, 0.48996]
INFO: [Epoch 13] [user evaluate] [metrics] pred_score max: 13.975662, num of top-score tie (avg per sample): 1.0033
INFO: [Epoch 13] [user evaluate] [metrics] top-score tie ratio (avg per sample): 0.9934%, samples with tied top (>1 item): 0.3322%
INFO: [Epoch 13] User [metrics], Hit@[1, 5, 10]: [0.22326, 0.66711, 0.84352], NDCG@[1, 5, 10]: [0.22326, 0.45099, 0.50879]
INFO: [Epoch 13] [group evaluate] [metrics_first] pred_score max: 36.961475, num of top-score tie (avg per sample): 1.0034
INFO: [Epoch 13] [group evaluate] [metrics_first] top-score tie ratio (avg per sample): 0.9935%, samples with tied top (>1 item): 0.3448%
INFO: [Epoch 13] Group [metrics_first], Hit@[1, 5, 10]: [0.20966, 0.63793, 0.82276], NDCG@[1, 5, 10]: [0.20966, 0.42959, 0.49005]
INFO: [Epoch 13] [user evaluate] [metrics_first] pred_score max: 13.975662, num of top-score tie (avg per sample): 1.0033
INFO: [Epoch 13] [user evaluate] [metrics_first] top-score tie ratio (avg per sample): 0.9934%, samples with tied top (>1 item): 0.3322%
INFO: [Epoch 13] User [metrics_first], Hit@[1, 5, 10]: [0.22326, 0.66711, 0.84352], NDCG@[1, 5, 10]: [0.22326, 0.45103, 0.50886]
INFO: [Epoch 13] [group evaluate] [metrics_last] pred_score max: 36.961475, num of top-score tie (avg per sample): 1.0034
INFO: [Epoch 13] [group evaluate] [metrics_last] top-score tie ratio (avg per sample): 0.9935%, samples with tied top (>1 item): 0.3448%
INFO: [Epoch 13] Group [metrics_last], Hit@[1, 5, 10]: [0.20621, 0.63724, 0.82138], NDCG@[1, 5, 10]: [0.20621, 0.42739, 0.48766]
INFO: [Epoch 13] [user evaluate] [metrics_last] pred_score max: 13.975662, num of top-score tie (avg per sample): 1.0033
INFO: [Epoch 13] [user evaluate] [metrics_last] top-score tie ratio (avg per sample): 0.9934%, samples with tied top (>1 item): 0.3322%
INFO: [Epoch 13] User [metrics_last], Hit@[1, 5, 10]: [0.21993, 0.66678, 0.84352], NDCG@[1, 5, 10]: [0.21993, 0.44919, 0.50708]
INFO: [Epoch 13] [group evaluate] [metrics_tie_aware] pred_score max: 36.961475, num of top-score tie (avg per sample): 1.0034
INFO: [Epoch 13] [group evaluate] [metrics_tie_aware] top-score tie ratio (avg per sample): 0.9935%, samples with tied top (>1 item): 0.3448%
INFO: [Epoch 13] Group [metrics_tie_aware], Hit@[1, 5, 10]: [0.20793, 0.63759, 0.82207], NDCG@[1, 5, 10]: [0.20793, 0.42849, 0.48885]
INFO: [Epoch 13] [user evaluate] [metrics_tie_aware] pred_score max: 13.975662, num of top-score tie (avg per sample): 1.0033
INFO: [Epoch 13] [user evaluate] [metrics_tie_aware] top-score tie ratio (avg per sample): 0.9934%, samples with tied top (>1 item): 0.3322%
INFO: [Epoch 13] User [metrics_tie_aware], Hit@[1, 5, 10]: [0.22159, 0.66694, 0.84352], NDCG@[1, 5, 10]: [0.22159, 0.45011, 0.50797]
INFO: Epoch 14, group loss: 0.04112, Cost time: 5.87s
INFO: Epoch 14, user loss: 0.07205, Cost time: 1.37s
INFO: [Epoch 14] [group evaluate] [metrics] pred_score max: 37.816383, num of top-score tie (avg per sample): 1.0028
INFO: [Epoch 14] [group evaluate] [metrics] top-score tie ratio (avg per sample): 0.9928%, samples with tied top (>1 item): 0.2759%
INFO: [Epoch 14] Group [metrics], Hit@[1, 5, 10]: [0.22069, 0.63655, 0.81655], NDCG@[1, 5, 10]: [0.22069, 0.4324, 0.49154]
INFO: [Epoch 14] [user evaluate] [metrics] pred_score max: 14.640020, num of top-score tie (avg per sample): 1.0030
INFO: [Epoch 14] [user evaluate] [metrics] top-score tie ratio (avg per sample): 0.9931%, samples with tied top (>1 item): 0.2990%
INFO: [Epoch 14] User [metrics], Hit@[1, 5, 10]: [0.22924, 0.67442, 0.84419], NDCG@[1, 5, 10]: [0.22924, 0.45582, 0.51143]
INFO: [Epoch 14] [group evaluate] [metrics_first] pred_score max: 37.816383, num of top-score tie (avg per sample): 1.0028
INFO: [Epoch 14] [group evaluate] [metrics_first] top-score tie ratio (avg per sample): 0.9928%, samples with tied top (>1 item): 0.2759%
INFO: [Epoch 14] Group [metrics_first], Hit@[1, 5, 10]: [0.22069, 0.63655, 0.81655], NDCG@[1, 5, 10]: [0.22069, 0.43245, 0.49161]
INFO: [Epoch 14] [user evaluate] [metrics_first] pred_score max: 14.640020, num of top-score tie (avg per sample): 1.0030
INFO: [Epoch 14] [user evaluate] [metrics_first] top-score tie ratio (avg per sample): 0.9931%, samples with tied top (>1 item): 0.2990%
INFO: [Epoch 14] User [metrics_first], Hit@[1, 5, 10]: [0.22924, 0.67475, 0.84419], NDCG@[1, 5, 10]: [0.22924, 0.45599, 0.5115]
INFO: [Epoch 14] [group evaluate] [metrics_last] pred_score max: 37.816383, num of top-score tie (avg per sample): 1.0028
INFO: [Epoch 14] [group evaluate] [metrics_last] top-score tie ratio (avg per sample): 0.9928%, samples with tied top (>1 item): 0.2759%
INFO: [Epoch 14] Group [metrics_last], Hit@[1, 5, 10]: [0.21793, 0.63586, 0.81586], NDCG@[1, 5, 10]: [0.21793, 0.4304, 0.48955]
INFO: [Epoch 14] [user evaluate] [metrics_last] pred_score max: 14.640020, num of top-score tie (avg per sample): 1.0030
INFO: [Epoch 14] [user evaluate] [metrics_last] top-score tie ratio (avg per sample): 0.9931%, samples with tied top (>1 item): 0.2990%
INFO: [Epoch 14] User [metrics_last], Hit@[1, 5, 10]: [0.22625, 0.67409, 0.84419], NDCG@[1, 5, 10]: [0.22625, 0.45406, 0.50976]
INFO: [Epoch 14] [group evaluate] [metrics_tie_aware] pred_score max: 37.816383, num of top-score tie (avg per sample): 1.0028
INFO: [Epoch 14] [group evaluate] [metrics_tie_aware] top-score tie ratio (avg per sample): 0.9928%, samples with tied top (>1 item): 0.2759%
INFO: [Epoch 14] Group [metrics_tie_aware], Hit@[1, 5, 10]: [0.21931, 0.63621, 0.81621], NDCG@[1, 5, 10]: [0.21931, 0.43142, 0.49058]
INFO: [Epoch 14] [user evaluate] [metrics_tie_aware] pred_score max: 14.640020, num of top-score tie (avg per sample): 1.0030
INFO: [Epoch 14] [user evaluate] [metrics_tie_aware] top-score tie ratio (avg per sample): 0.9931%, samples with tied top (>1 item): 0.2990%
INFO: [Epoch 14] User [metrics_tie_aware], Hit@[1, 5, 10]: [0.22774, 0.67442, 0.84419], NDCG@[1, 5, 10]: [0.22774, 0.45502, 0.51063]
INFO: Epoch 15, group loss: 0.03984, Cost time: 5.83s
INFO: Epoch 15, user loss: 0.06880, Cost time: 1.29s
INFO: [Epoch 15] [group evaluate] [metrics] pred_score max: 38.532719, num of top-score tie (avg per sample): 1.0034
INFO: [Epoch 15] [group evaluate] [metrics] top-score tie ratio (avg per sample): 0.9935%, samples with tied top (>1 item): 0.3448%
INFO: [Epoch 15] Group [metrics], Hit@[1, 5, 10]: [0.22, 0.64069, 0.82483], NDCG@[1, 5, 10]: [0.22, 0.43443, 0.49452]
INFO: [Epoch 15] [user evaluate] [metrics] pred_score max: 15.022171, num of top-score tie (avg per sample): 1.0033
INFO: [Epoch 15] [user evaluate] [metrics] top-score tie ratio (avg per sample): 0.9934%, samples with tied top (>1 item): 0.3322%
INFO: [Epoch 15] User [metrics], Hit@[1, 5, 10]: [0.22392, 0.67741, 0.8412], NDCG@[1, 5, 10]: [0.22392, 0.45667, 0.51035]
INFO: [Epoch 15] [group evaluate] [metrics_first] pred_score max: 38.532715, num of top-score tie (avg per sample): 1.0034
INFO: [Epoch 15] [group evaluate] [metrics_first] top-score tie ratio (avg per sample): 0.9935%, samples with tied top (>1 item): 0.3448%
INFO: [Epoch 15] Group [metrics_first], Hit@[1, 5, 10]: [0.22, 0.64069, 0.82483], NDCG@[1, 5, 10]: [0.22, 0.43451, 0.4946]
INFO: [Epoch 15] [user evaluate] [metrics_first] pred_score max: 15.022171, num of top-score tie (avg per sample): 1.0033
INFO: [Epoch 15] [user evaluate] [metrics_first] top-score tie ratio (avg per sample): 0.9934%, samples with tied top (>1 item): 0.3322%
INFO: [Epoch 15] User [metrics_first], Hit@[1, 5, 10]: [0.22392, 0.67741, 0.84153], NDCG@[1, 5, 10]: [0.22392, 0.45669, 0.51047]
INFO: [Epoch 15] [group evaluate] [metrics_last] pred_score max: 38.532715, num of top-score tie (avg per sample): 1.0034
INFO: [Epoch 15] [group evaluate] [metrics_last] top-score tie ratio (avg per sample): 0.9935%, samples with tied top (>1 item): 0.3448%
INFO: [Epoch 15] Group [metrics_last], Hit@[1, 5, 10]: [0.21655, 0.63931, 0.82414], NDCG@[1, 5, 10]: [0.21655, 0.43204, 0.4924]
INFO: [Epoch 15] [user evaluate] [metrics_last] pred_score max: 15.022171, num of top-score tie (avg per sample): 1.0033
INFO: [Epoch 15] [user evaluate] [metrics_last] top-score tie ratio (avg per sample): 0.9934%, samples with tied top (>1 item): 0.3322%
INFO: [Epoch 15] User [metrics_last], Hit@[1, 5, 10]: [0.2206, 0.67708, 0.8412], NDCG@[1, 5, 10]: [0.2206, 0.45485, 0.50862]
INFO: [Epoch 15] [group evaluate] [metrics_tie_aware] pred_score max: 38.532715, num of top-score tie (avg per sample): 1.0034
INFO: [Epoch 15] [group evaluate] [metrics_tie_aware] top-score tie ratio (avg per sample): 0.9935%, samples with tied top (>1 item): 0.3448%
INFO: [Epoch 15] Group [metrics_tie_aware], Hit@[1, 5, 10]: [0.21828, 0.64, 0.82448], NDCG@[1, 5, 10]: [0.21828, 0.43327, 0.4935]
INFO: [Epoch 15] [user evaluate] [metrics_tie_aware] pred_score max: 15.022171, num of top-score tie (avg per sample): 1.0033
INFO: [Epoch 15] [user evaluate] [metrics_tie_aware] top-score tie ratio (avg per sample): 0.9934%, samples with tied top (>1 item): 0.3322%
INFO: [Epoch 15] User [metrics_tie_aware], Hit@[1, 5, 10]: [0.22226, 0.67724, 0.84136], NDCG@[1, 5, 10]: [0.22226, 0.45577, 0.50954]
INFO: Epoch 16, group loss: 0.03928, Cost time: 5.83s
INFO: Epoch 16, user loss: 0.06762, Cost time: 1.54s
INFO: [Epoch 16] [group evaluate] [metrics] pred_score max: 39.475555, num of top-score tie (avg per sample): 1.0021
INFO: [Epoch 16] [group evaluate] [metrics] top-score tie ratio (avg per sample): 0.9921%, samples with tied top (>1 item): 0.2069%
INFO: [Epoch 16] Group [metrics], Hit@[1, 5, 10]: [0.22276, 0.63172, 0.82138], NDCG@[1, 5, 10]: [0.22276, 0.43065, 0.49258]
INFO: [Epoch 16] [user evaluate] [metrics] pred_score max: 15.843448, num of top-score tie (avg per sample): 1.0030
INFO: [Epoch 16] [user evaluate] [metrics] top-score tie ratio (avg per sample): 0.9931%, samples with tied top (>1 item): 0.2990%
INFO: [Epoch 16] User [metrics], Hit@[1, 5, 10]: [0.22159, 0.67342, 0.84286], NDCG@[1, 5, 10]: [0.22159, 0.45331, 0.50893]
INFO: [Epoch 16] [group evaluate] [metrics_first] pred_score max: 39.475563, num of top-score tie (avg per sample): 1.0021
INFO: [Epoch 16] [group evaluate] [metrics_first] top-score tie ratio (avg per sample): 0.9921%, samples with tied top (>1 item): 0.2069%
INFO: [Epoch 16] Group [metrics_first], Hit@[1, 5, 10]: [0.22276, 0.63172, 0.82138], NDCG@[1, 5, 10]: [0.22276, 0.43073, 0.49267]
INFO: [Epoch 16] [user evaluate] [metrics_first] pred_score max: 15.843448, num of top-score tie (avg per sample): 1.0030
INFO: [Epoch 16] [user evaluate] [metrics_first] top-score tie ratio (avg per sample): 0.9931%, samples with tied top (>1 item): 0.2990%
INFO: [Epoch 16] User [metrics_first], Hit@[1, 5, 10]: [0.22159, 0.67342, 0.84319], NDCG@[1, 5, 10]: [0.22159, 0.45339, 0.50912]
INFO: [Epoch 16] [group evaluate] [metrics_last] pred_score max: 39.475555, num of top-score tie (avg per sample): 1.0021
INFO: [Epoch 16] [group evaluate] [metrics_last] top-score tie ratio (avg per sample): 0.9921%, samples with tied top (>1 item): 0.2069%
INFO: [Epoch 16] Group [metrics_last], Hit@[1, 5, 10]: [0.22069, 0.63103, 0.82069], NDCG@[1, 5, 10]: [0.22069, 0.42892, 0.49086]
INFO: [Epoch 16] [user evaluate] [metrics_last] pred_score max: 15.843448, num of top-score tie (avg per sample): 1.0030
INFO: [Epoch 16] [user evaluate] [metrics_last] top-score tie ratio (avg per sample): 0.9931%, samples with tied top (>1 item): 0.2990%
INFO: [Epoch 16] User [metrics_last], Hit@[1, 5, 10]: [0.2186, 0.67276, 0.84286], NDCG@[1, 5, 10]: [0.2186, 0.45158, 0.50741]
INFO: [Epoch 16] [group evaluate] [metrics_tie_aware] pred_score max: 39.475563, num of top-score tie (avg per sample): 1.0021
INFO: [Epoch 16] [group evaluate] [metrics_tie_aware] top-score tie ratio (avg per sample): 0.9921%, samples with tied top (>1 item): 0.2069%
INFO: [Epoch 16] Group [metrics_tie_aware], Hit@[1, 5, 10]: [0.22172, 0.63138, 0.82103], NDCG@[1, 5, 10]: [0.22172, 0.42983, 0.49176]
INFO: [Epoch 16] [user evaluate] [metrics_tie_aware] pred_score max: 15.843448, num of top-score tie (avg per sample): 1.0030
INFO: [Epoch 16] [user evaluate] [metrics_tie_aware] top-score tie ratio (avg per sample): 0.9931%, samples with tied top (>1 item): 0.2990%
INFO: [Epoch 16] User [metrics_tie_aware], Hit@[1, 5, 10]: [0.2201, 0.67309, 0.84302], NDCG@[1, 5, 10]: [0.2201, 0.45248, 0.50827]
INFO: Epoch 17, group loss: 0.03856, Cost time: 6.74s
INFO: Epoch 17, user loss: 0.06605, Cost time: 1.57s
INFO: [Epoch 17] [group evaluate] [metrics] pred_score max: 40.528694, num of top-score tie (avg per sample): 1.0028
INFO: [Epoch 17] [group evaluate] [metrics] top-score tie ratio (avg per sample): 0.9928%, samples with tied top (>1 item): 0.2759%
INFO: [Epoch 17] Group [metrics], Hit@[1, 5, 10]: [0.21793, 0.63448, 0.81793], NDCG@[1, 5, 10]: [0.21793, 0.42959, 0.48941]
INFO: [Epoch 17] [user evaluate] [metrics] pred_score max: 16.253609, num of top-score tie (avg per sample): 1.0030
INFO: [Epoch 17] [user evaluate] [metrics] top-score tie ratio (avg per sample): 0.9931%, samples with tied top (>1 item): 0.2990%
INFO: [Epoch 17] User [metrics], Hit@[1, 5, 10]: [0.21595, 0.67608, 0.84518], NDCG@[1, 5, 10]: [0.21595, 0.4528, 0.50813]
INFO: [Epoch 17] [group evaluate] [metrics_first] pred_score max: 40.528694, num of top-score tie (avg per sample): 1.0028
INFO: [Epoch 17] [group evaluate] [metrics_first] top-score tie ratio (avg per sample): 0.9928%, samples with tied top (>1 item): 0.2759%
INFO: [Epoch 17] Group [metrics_first], Hit@[1, 5, 10]: [0.21793, 0.63448, 0.81793], NDCG@[1, 5, 10]: [0.21793, 0.42967, 0.48951]
INFO: [Epoch 17] [user evaluate] [metrics_first] pred_score max: 16.253609, num of top-score tie (avg per sample): 1.0030
INFO: [Epoch 17] [user evaluate] [metrics_first] top-score tie ratio (avg per sample): 0.9931%, samples with tied top (>1 item): 0.2990%
INFO: [Epoch 17] User [metrics_first], Hit@[1, 5, 10]: [0.21595, 0.67608, 0.84518], NDCG@[1, 5, 10]: [0.21595, 0.45281, 0.50816]
INFO: [Epoch 17] [group evaluate] [metrics_last] pred_score max: 40.528698, num of top-score tie (avg per sample): 1.0028
INFO: [Epoch 17] [group evaluate] [metrics_last] top-score tie ratio (avg per sample): 0.9928%, samples with tied top (>1 item): 0.2759%
INFO: [Epoch 17] Group [metrics_last], Hit@[1, 5, 10]: [0.21517, 0.6331, 0.81724], NDCG@[1, 5, 10]: [0.21517, 0.42752, 0.48761]
INFO: [Epoch 17] [user evaluate] [metrics_last] pred_score max: 16.253609, num of top-score tie (avg per sample): 1.0030
INFO: [Epoch 17] [user evaluate] [metrics_last] top-score tie ratio (avg per sample): 0.9931%, samples with tied top (>1 item): 0.2990%
INFO: [Epoch 17] User [metrics_last], Hit@[1, 5, 10]: [0.21296, 0.67575, 0.84485], NDCG@[1, 5, 10]: [0.21296, 0.45109, 0.50643]
INFO: [Epoch 17] [group evaluate] [metrics_tie_aware] pred_score max: 40.528694, num of top-score tie (avg per sample): 1.0028
INFO: [Epoch 17] [group evaluate] [metrics_tie_aware] top-score tie ratio (avg per sample): 0.9928%, samples with tied top (>1 item): 0.2759%
INFO: [Epoch 17] Group [metrics_tie_aware], Hit@[1, 5, 10]: [0.21655, 0.63379, 0.81759], NDCG@[1, 5, 10]: [0.21655, 0.4286, 0.48856]
INFO: [Epoch 17] [user evaluate] [metrics_tie_aware] pred_score max: 16.253609, num of top-score tie (avg per sample): 1.0030
INFO: [Epoch 17] [user evaluate] [metrics_tie_aware] top-score tie ratio (avg per sample): 0.9931%, samples with tied top (>1 item): 0.2990%
INFO: [Epoch 17] User [metrics_tie_aware], Hit@[1, 5, 10]: [0.21445, 0.67591, 0.84502], NDCG@[1, 5, 10]: [0.21445, 0.45195, 0.5073]
INFO: Epoch 18, group loss: 0.03658, Cost time: 6.90s
INFO: Epoch 18, user loss: 0.06493, Cost time: 1.38s
INFO: [Epoch 18] [group evaluate] [metrics] pred_score max: 41.357628, num of top-score tie (avg per sample): 1.0021
INFO: [Epoch 18] [group evaluate] [metrics] top-score tie ratio (avg per sample): 0.9921%, samples with tied top (>1 item): 0.2069%
INFO: [Epoch 18] Group [metrics], Hit@[1, 5, 10]: [0.21586, 0.63724, 0.81931], NDCG@[1, 5, 10]: [0.21586, 0.43067, 0.48994]
INFO: [Epoch 18] [user evaluate] [metrics] pred_score max: 16.067299, num of top-score tie (avg per sample): 1.0027
INFO: [Epoch 18] [user evaluate] [metrics] top-score tie ratio (avg per sample): 0.9927%, samples with tied top (>1 item): 0.2658%
INFO: [Epoch 18] User [metrics], Hit@[1, 5, 10]: [0.21096, 0.67276, 0.84485], NDCG@[1, 5, 10]: [0.21096, 0.44843, 0.50485]
INFO: [Epoch 18] [group evaluate] [metrics_first] pred_score max: 41.357628, num of top-score tie (avg per sample): 1.0021
INFO: [Epoch 18] [group evaluate] [metrics_first] top-score tie ratio (avg per sample): 0.9921%, samples with tied top (>1 item): 0.2069%
INFO: [Epoch 18] Group [metrics_first], Hit@[1, 5, 10]: [0.21586, 0.63724, 0.81931], NDCG@[1, 5, 10]: [0.21586, 0.43077, 0.49003]
INFO: [Epoch 18] [user evaluate] [metrics_first] pred_score max: 16.067299, num of top-score tie (avg per sample): 1.0027
INFO: [Epoch 18] [user evaluate] [metrics_first] top-score tie ratio (avg per sample): 0.9927%, samples with tied top (>1 item): 0.2658%
INFO: [Epoch 18] User [metrics_first], Hit@[1, 5, 10]: [0.21096, 0.67276, 0.84485], NDCG@[1, 5, 10]: [0.21096, 0.44848, 0.50491]
INFO: [Epoch 18] [group evaluate] [metrics_last] pred_score max: 41.357628, num of top-score tie (avg per sample): 1.0021
INFO: [Epoch 18] [group evaluate] [metrics_last] top-score tie ratio (avg per sample): 0.9921%, samples with tied top (>1 item): 0.2069%
INFO: [Epoch 18] Group [metrics_last], Hit@[1, 5, 10]: [0.21379, 0.63517, 0.81862], NDCG@[1, 5, 10]: [0.21379, 0.42848, 0.48825]
INFO: [Epoch 18] [user evaluate] [metrics_last] pred_score max: 16.067299, num of top-score tie (avg per sample): 1.0027
INFO: [Epoch 18] [user evaluate] [metrics_last] top-score tie ratio (avg per sample): 0.9927%, samples with tied top (>1 item): 0.2658%
INFO: [Epoch 18] User [metrics_last], Hit@[1, 5, 10]: [0.20831, 0.67209, 0.84419], NDCG@[1, 5, 10]: [0.20831, 0.44675, 0.5032]
INFO: [Epoch 18] [group evaluate] [metrics_tie_aware] pred_score max: 41.357628, num of top-score tie (avg per sample): 1.0021
INFO: [Epoch 18] [group evaluate] [metrics_tie_aware] top-score tie ratio (avg per sample): 0.9921%, samples with tied top (>1 item): 0.2069%
INFO: [Epoch 18] Group [metrics_tie_aware], Hit@[1, 5, 10]: [0.21483, 0.63621, 0.81897], NDCG@[1, 5, 10]: [0.21483, 0.42962, 0.48914]
INFO: [Epoch 18] [user evaluate] [metrics_tie_aware] pred_score max: 16.067299, num of top-score tie (avg per sample): 1.0027
INFO: [Epoch 18] [user evaluate] [metrics_tie_aware] top-score tie ratio (avg per sample): 0.9927%, samples with tied top (>1 item): 0.2658%
INFO: [Epoch 18] User [metrics_tie_aware], Hit@[1, 5, 10]: [0.20963, 0.67243, 0.84452], NDCG@[1, 5, 10]: [0.20963, 0.44761, 0.50406]
INFO: Epoch 19, group loss: 0.03629, Cost time: 6.52s
INFO: Epoch 19, user loss: 0.06342, Cost time: 1.29s
INFO: [Epoch 19] [group evaluate] [metrics] pred_score max: 41.589317, num of top-score tie (avg per sample): 1.0021
INFO: [Epoch 19] [group evaluate] [metrics] top-score tie ratio (avg per sample): 0.9921%, samples with tied top (>1 item): 0.2069%
INFO: [Epoch 19] Group [metrics], Hit@[1, 5, 10]: [0.2069, 0.62414, 0.82276], NDCG@[1, 5, 10]: [0.2069, 0.42066, 0.48551]
INFO: [Epoch 19] [user evaluate] [metrics] pred_score max: 16.353912, num of top-score tie (avg per sample): 1.0030
INFO: [Epoch 19] [user evaluate] [metrics] top-score tie ratio (avg per sample): 0.9931%, samples with tied top (>1 item): 0.2990%
INFO: [Epoch 19] User [metrics], Hit@[1, 5, 10]: [0.21329, 0.67043, 0.84618], NDCG@[1, 5, 10]: [0.21329, 0.44816, 0.50565]
INFO: [Epoch 19] [group evaluate] [metrics_first] pred_score max: 41.589314, num of top-score tie (avg per sample): 1.0021
INFO: [Epoch 19] [group evaluate] [metrics_first] top-score tie ratio (avg per sample): 0.9921%, samples with tied top (>1 item): 0.2069%
INFO: [Epoch 19] Group [metrics_first], Hit@[1, 5, 10]: [0.2069, 0.62414, 0.82276], NDCG@[1, 5, 10]: [0.2069, 0.42075, 0.4856]
INFO: [Epoch 19] [user evaluate] [metrics_first] pred_score max: 16.353912, num of top-score tie (avg per sample): 1.0030
INFO: [Epoch 19] [user evaluate] [metrics_first] top-score tie ratio (avg per sample): 0.9931%, samples with tied top (>1 item): 0.2990%
INFO: [Epoch 19] User [metrics_first], Hit@[1, 5, 10]: [0.21329, 0.67043, 0.84618], NDCG@[1, 5, 10]: [0.21329, 0.44819, 0.5057]
INFO: [Epoch 19] [group evaluate] [metrics_last] pred_score max: 41.589314, num of top-score tie (avg per sample): 1.0021
INFO: [Epoch 19] [group evaluate] [metrics_last] top-score tie ratio (avg per sample): 0.9921%, samples with tied top (>1 item): 0.2069%
INFO: [Epoch 19] Group [metrics_last], Hit@[1, 5, 10]: [0.20483, 0.62276, 0.82207], NDCG@[1, 5, 10]: [0.20483, 0.41869, 0.4838]
INFO: [Epoch 19] [user evaluate] [metrics_last] pred_score max: 16.353912, num of top-score tie (avg per sample): 1.0030
INFO: [Epoch 19] [user evaluate] [metrics_last] top-score tie ratio (avg per sample): 0.9931%, samples with tied top (>1 item): 0.2990%
INFO: [Epoch 19] User [metrics_last], Hit@[1, 5, 10]: [0.2103, 0.66977, 0.84618], NDCG@[1, 5, 10]: [0.2103, 0.44635, 0.50406]
INFO: [Epoch 19] [group evaluate] [metrics_tie_aware] pred_score max: 41.589317, num of top-score tie (avg per sample): 1.0021
INFO: [Epoch 19] [group evaluate] [metrics_tie_aware] top-score tie ratio (avg per sample): 0.9921%, samples with tied top (>1 item): 0.2069%
INFO: [Epoch 19] Group [metrics_tie_aware], Hit@[1, 5, 10]: [0.20586, 0.62345, 0.82241], NDCG@[1, 5, 10]: [0.20586, 0.41972, 0.4847]
INFO: [Epoch 19] [user evaluate] [metrics_tie_aware] pred_score max: 16.353912, num of top-score tie (avg per sample): 1.0030
INFO: [Epoch 19] [user evaluate] [metrics_tie_aware] top-score tie ratio (avg per sample): 0.9931%, samples with tied top (>1 item): 0.2990%
INFO: [Epoch 19] User [metrics_tie_aware], Hit@[1, 5, 10]: [0.21179, 0.6701, 0.84618], NDCG@[1, 5, 10]: [0.21179, 0.44727, 0.50488]
INFO: Epoch 20, group loss: 0.03496, Cost time: 6.18s
INFO: Epoch 20, user loss: 0.06271, Cost time: 1.30s
INFO: [Epoch 20] [group evaluate] [metrics] pred_score max: 42.024700, num of top-score tie (avg per sample): 1.0028
INFO: [Epoch 20] [group evaluate] [metrics] top-score tie ratio (avg per sample): 0.9928%, samples with tied top (>1 item): 0.2759%
INFO: [Epoch 20] Group [metrics], Hit@[1, 5, 10]: [0.21103, 0.62345, 0.81655], NDCG@[1, 5, 10]: [0.21103, 0.42143, 0.4848]
INFO: [Epoch 20] [user evaluate] [metrics] pred_score max: 17.009808, num of top-score tie (avg per sample): 1.0033
INFO: [Epoch 20] [user evaluate] [metrics] top-score tie ratio (avg per sample): 0.9934%, samples with tied top (>1 item): 0.3322%
INFO: [Epoch 20] User [metrics], Hit@[1, 5, 10]: [0.21528, 0.67209, 0.84585], NDCG@[1, 5, 10]: [0.21528, 0.44932, 0.50619]
INFO: [Epoch 20] [group evaluate] [metrics_first] pred_score max: 42.024700, num of top-score tie (avg per sample): 1.0028
INFO: [Epoch 20] [group evaluate] [metrics_first] top-score tie ratio (avg per sample): 0.9928%, samples with tied top (>1 item): 0.2759%
INFO: [Epoch 20] Group [metrics_first], Hit@[1, 5, 10]: [0.21103, 0.62345, 0.81655], NDCG@[1, 5, 10]: [0.21103, 0.42152, 0.4849]
INFO: [Epoch 20] [user evaluate] [metrics_first] pred_score max: 17.009808, num of top-score tie (avg per sample): 1.0033
INFO: [Epoch 20] [user evaluate] [metrics_first] top-score tie ratio (avg per sample): 0.9934%, samples with tied top (>1 item): 0.3322%
INFO: [Epoch 20] User [metrics_first], Hit@[1, 5, 10]: [0.21528, 0.67243, 0.84585], NDCG@[1, 5, 10]: [0.21528, 0.44947, 0.50624]
INFO: [Epoch 20] [group evaluate] [metrics_last] pred_score max: 42.024700, num of top-score tie (avg per sample): 1.0028
INFO: [Epoch 20] [group evaluate] [metrics_last] top-score tie ratio (avg per sample): 0.9928%, samples with tied top (>1 item): 0.2759%
INFO: [Epoch 20] Group [metrics_last], Hit@[1, 5, 10]: [0.20828, 0.62207, 0.81586], NDCG@[1, 5, 10]: [0.20828, 0.4194, 0.48301]
INFO: [Epoch 20] [user evaluate] [metrics_last] pred_score max: 17.009808, num of top-score tie (avg per sample): 1.0033
INFO: [Epoch 20] [user evaluate] [metrics_last] top-score tie ratio (avg per sample): 0.9934%, samples with tied top (>1 item): 0.3322%
INFO: [Epoch 20] User [metrics_last], Hit@[1, 5, 10]: [0.21196, 0.67176, 0.84551], NDCG@[1, 5, 10]: [0.21196, 0.44757, 0.50445]
INFO: [Epoch 20] [group evaluate] [metrics_tie_aware] pred_score max: 42.024704, num of top-score tie (avg per sample): 1.0028
INFO: [Epoch 20] [group evaluate] [metrics_tie_aware] top-score tie ratio (avg per sample): 0.9928%, samples with tied top (>1 item): 0.2759%
INFO: [Epoch 20] Group [metrics_tie_aware], Hit@[1, 5, 10]: [0.20966, 0.62276, 0.81621], NDCG@[1, 5, 10]: [0.20966, 0.42046, 0.48395]
INFO: [Epoch 20] [user evaluate] [metrics_tie_aware] pred_score max: 17.009808, num of top-score tie (avg per sample): 1.0033
INFO: [Epoch 20] [user evaluate] [metrics_tie_aware] top-score tie ratio (avg per sample): 0.9934%, samples with tied top (>1 item): 0.3322%
INFO: [Epoch 20] User [metrics_tie_aware], Hit@[1, 5, 10]: [0.21362, 0.67209, 0.84568], NDCG@[1, 5, 10]: [0.21362, 0.44852, 0.50534]
INFO: Epoch 21, group loss: 0.03435, Cost time: 6.17s
INFO: Epoch 21, user loss: 0.06047, Cost time: 1.28s
INFO: [Epoch 21] [group evaluate] [metrics] pred_score max: 42.271469, num of top-score tie (avg per sample): 1.0021
INFO: [Epoch 21] [group evaluate] [metrics] top-score tie ratio (avg per sample): 0.9921%, samples with tied top (>1 item): 0.2069%
INFO: [Epoch 21] Group [metrics], Hit@[1, 5, 10]: [0.21931, 0.63448, 0.81793], NDCG@[1, 5, 10]: [0.21931, 0.42928, 0.48921]
INFO: [Epoch 21] [user evaluate] [metrics] pred_score max: 17.458097, num of top-score tie (avg per sample): 1.0030
INFO: [Epoch 21] [user evaluate] [metrics] top-score tie ratio (avg per sample): 0.9931%, samples with tied top (>1 item): 0.2990%
INFO: [Epoch 21] User [metrics], Hit@[1, 5, 10]: [0.20731, 0.67442, 0.84585], NDCG@[1, 5, 10]: [0.20731, 0.44758, 0.50373]
INFO: [Epoch 21] [group evaluate] [metrics_first] pred_score max: 42.271469, num of top-score tie (avg per sample): 1.0021
INFO: [Epoch 21] [group evaluate] [metrics_first] top-score tie ratio (avg per sample): 0.9921%, samples with tied top (>1 item): 0.2069%
INFO: [Epoch 21] Group [metrics_first], Hit@[1, 5, 10]: [0.21931, 0.63448, 0.81793], NDCG@[1, 5, 10]: [0.21931, 0.42946, 0.48941]
INFO: [Epoch 21] [user evaluate] [metrics_first] pred_score max: 17.458097, num of top-score tie (avg per sample): 1.0030
INFO: [Epoch 21] [user evaluate] [metrics_first] top-score tie ratio (avg per sample): 0.9931%, samples with tied top (>1 item): 0.2990%
INFO: [Epoch 21] User [metrics_first], Hit@[1, 5, 10]: [0.20731, 0.67475, 0.84585], NDCG@[1, 5, 10]: [0.20731, 0.44777, 0.50381]
INFO: [Epoch 21] [group evaluate] [metrics_last] pred_score max: 42.271469, num of top-score tie (avg per sample): 1.0021
INFO: [Epoch 21] [group evaluate] [metrics_last] top-score tie ratio (avg per sample): 0.9921%, samples with tied top (>1 item): 0.2069%
INFO: [Epoch 21] Group [metrics_last], Hit@[1, 5, 10]: [0.21724, 0.63379, 0.81724], NDCG@[1, 5, 10]: [0.21724, 0.42775, 0.48767]
INFO: [Epoch 21] [user evaluate] [metrics_last] pred_score max: 17.458097, num of top-score tie (avg per sample): 1.0030
INFO: [Epoch 21] [user evaluate] [metrics_last] top-score tie ratio (avg per sample): 0.9931%, samples with tied top (>1 item): 0.2990%
INFO: [Epoch 21] User [metrics_last], Hit@[1, 5, 10]: [0.20432, 0.67375, 0.84585], NDCG@[1, 5, 10]: [0.20432, 0.44579, 0.50216]
INFO: [Epoch 21] [group evaluate] [metrics_tie_aware] pred_score max: 42.271469, num of top-score tie (avg per sample): 1.0021
INFO: [Epoch 21] [group evaluate] [metrics_tie_aware] top-score tie ratio (avg per sample): 0.9921%, samples with tied top (>1 item): 0.2069%
INFO: [Epoch 21] Group [metrics_tie_aware], Hit@[1, 5, 10]: [0.21828, 0.63414, 0.81759], NDCG@[1, 5, 10]: [0.21828, 0.42861, 0.48854]
INFO: [Epoch 21] [user evaluate] [metrics_tie_aware] pred_score max: 17.458097, num of top-score tie (avg per sample): 1.0030
INFO: [Epoch 21] [user evaluate] [metrics_tie_aware] top-score tie ratio (avg per sample): 0.9931%, samples with tied top (>1 item): 0.2990%
INFO: [Epoch 21] User [metrics_tie_aware], Hit@[1, 5, 10]: [0.20581, 0.67425, 0.84585], NDCG@[1, 5, 10]: [0.20581, 0.44678, 0.50299]
INFO: Epoch 22, group loss: 0.03426, Cost time: 6.50s
INFO: Epoch 22, user loss: 0.05997, Cost time: 1.62s
INFO: [Epoch 22] [group evaluate] [metrics] pred_score max: 42.997318, num of top-score tie (avg per sample): 1.0014
INFO: [Epoch 22] [group evaluate] [metrics] top-score tie ratio (avg per sample): 0.9915%, samples with tied top (>1 item): 0.1379%
INFO: [Epoch 22] Group [metrics], Hit@[1, 5, 10]: [0.21793, 0.62483, 0.81931], NDCG@[1, 5, 10]: [0.21793, 0.42524, 0.48871]
INFO: [Epoch 22] [user evaluate] [metrics] pred_score max: 18.049463, num of top-score tie (avg per sample): 1.0030
INFO: [Epoch 22] [user evaluate] [metrics] top-score tie ratio (avg per sample): 0.9931%, samples with tied top (>1 item): 0.2990%
INFO: [Epoch 22] User [metrics], Hit@[1, 5, 10]: [0.2093, 0.68372, 0.85116], NDCG@[1, 5, 10]: [0.2093, 0.45233, 0.50691]
INFO: [Epoch 22] [group evaluate] [metrics_first] pred_score max: 42.997318, num of top-score tie (avg per sample): 1.0014
INFO: [Epoch 22] [group evaluate] [metrics_first] top-score tie ratio (avg per sample): 0.9915%, samples with tied top (>1 item): 0.1379%
INFO: [Epoch 22] Group [metrics_first], Hit@[1, 5, 10]: [0.21793, 0.62483, 0.81931], NDCG@[1, 5, 10]: [0.21793, 0.42537, 0.48885]
INFO: [Epoch 22] [user evaluate] [metrics_first] pred_score max: 18.049463, num of top-score tie (avg per sample): 1.0030
INFO: [Epoch 22] [user evaluate] [metrics_first] top-score tie ratio (avg per sample): 0.9931%, samples with tied top (>1 item): 0.2990%
INFO: [Epoch 22] User [metrics_first], Hit@[1, 5, 10]: [0.2093, 0.68405, 0.85116], NDCG@[1, 5, 10]: [0.2093, 0.45252, 0.50699]
INFO: [Epoch 22] [group evaluate] [metrics_last] pred_score max: 42.997314, num of top-score tie (avg per sample): 1.0014
INFO: [Epoch 22] [group evaluate] [metrics_last] top-score tie ratio (avg per sample): 0.9915%, samples with tied top (>1 item): 0.1379%
INFO: [Epoch 22] Group [metrics_last], Hit@[1, 5, 10]: [0.21655, 0.62345, 0.81862], NDCG@[1, 5, 10]: [0.21655, 0.42352, 0.48723]
INFO: [Epoch 22] [user evaluate] [metrics_last] pred_score max: 18.049463, num of top-score tie (avg per sample): 1.0030
INFO: [Epoch 22] [user evaluate] [metrics_last] top-score tie ratio (avg per sample): 0.9931%, samples with tied top (>1 item): 0.2990%
INFO: [Epoch 22] User [metrics_last], Hit@[1, 5, 10]: [0.20631, 0.68272, 0.85116], NDCG@[1, 5, 10]: [0.20631, 0.45046, 0.50538]
INFO: [Epoch 22] [group evaluate] [metrics_tie_aware] pred_score max: 42.997318, num of top-score tie (avg per sample): 1.0014
INFO: [Epoch 22] [group evaluate] [metrics_tie_aware] top-score tie ratio (avg per sample): 0.9915%, samples with tied top (>1 item): 0.1379%
INFO: [Epoch 22] Group [metrics_tie_aware], Hit@[1, 5, 10]: [0.21724, 0.62414, 0.81897], NDCG@[1, 5, 10]: [0.21724, 0.42445, 0.48804]
INFO: [Epoch 22] [user evaluate] [metrics_tie_aware] pred_score max: 18.049463, num of top-score tie (avg per sample): 1.0030
INFO: [Epoch 22] [user evaluate] [metrics_tie_aware] top-score tie ratio (avg per sample): 0.9931%, samples with tied top (>1 item): 0.2990%
INFO: [Epoch 22] User [metrics_tie_aware], Hit@[1, 5, 10]: [0.20781, 0.68339, 0.85116], NDCG@[1, 5, 10]: [0.20781, 0.45149, 0.50618]
INFO: Epoch 23, group loss: 0.03324, Cost time: 6.24s
INFO: Epoch 23, user loss: 0.05796, Cost time: 1.59s
INFO: [Epoch 23] [group evaluate] [metrics] pred_score max: 44.232071, num of top-score tie (avg per sample): 1.0021
INFO: [Epoch 23] [group evaluate] [metrics] top-score tie ratio (avg per sample): 0.9921%, samples with tied top (>1 item): 0.2069%
INFO: [Epoch 23] Group [metrics], Hit@[1, 5, 10]: [0.21655, 0.62828, 0.81931], NDCG@[1, 5, 10]: [0.21655, 0.42615, 0.48865]
INFO: [Epoch 23] [user evaluate] [metrics] pred_score max: 18.802847, num of top-score tie (avg per sample): 1.0037
INFO: [Epoch 23] [user evaluate] [metrics] top-score tie ratio (avg per sample): 0.9937%, samples with tied top (>1 item): 0.3654%
INFO: [Epoch 23] User [metrics], Hit@[1, 5, 10]: [0.21495, 0.68106, 0.85183], NDCG@[1, 5, 10]: [0.21495, 0.45271, 0.50841]
INFO: [Epoch 23] [group evaluate] [metrics_first] pred_score max: 44.232071, num of top-score tie (avg per sample): 1.0021
INFO: [Epoch 23] [group evaluate] [metrics_first] top-score tie ratio (avg per sample): 0.9921%, samples with tied top (>1 item): 0.2069%
INFO: [Epoch 23] Group [metrics_first], Hit@[1, 5, 10]: [0.21655, 0.62828, 0.81931], NDCG@[1, 5, 10]: [0.21655, 0.42623, 0.48873]
INFO: [Epoch 23] [user evaluate] [metrics_first] pred_score max: 18.802847, num of top-score tie (avg per sample): 1.0037
INFO: [Epoch 23] [user evaluate] [metrics_first] top-score tie ratio (avg per sample): 0.9937%, samples with tied top (>1 item): 0.3654%
INFO: [Epoch 23] User [metrics_first], Hit@[1, 5, 10]: [0.21495, 0.68106, 0.85216], NDCG@[1, 5, 10]: [0.21495, 0.45274, 0.50854]
INFO: [Epoch 23] [group evaluate] [metrics_last] pred_score max: 44.232067, num of top-score tie (avg per sample): 1.0021
INFO: [Epoch 23] [group evaluate] [metrics_last] top-score tie ratio (avg per sample): 0.9921%, samples with tied top (>1 item): 0.2069%
INFO: [Epoch 23] Group [metrics_last], Hit@[1, 5, 10]: [0.21448, 0.62552, 0.81862], NDCG@[1, 5, 10]: [0.21448, 0.4237, 0.48695]
INFO: [Epoch 23] [user evaluate] [metrics_last] pred_score max: 18.802847, num of top-score tie (avg per sample): 1.0037
INFO: [Epoch 23] [user evaluate] [metrics_last] top-score tie ratio (avg per sample): 0.9937%, samples with tied top (>1 item): 0.3654%
INFO: [Epoch 23] User [metrics_last], Hit@[1, 5, 10]: [0.2113, 0.67973, 0.85183], NDCG@[1, 5, 10]: [0.2113, 0.45048, 0.50663]
INFO: [Epoch 23] [group evaluate] [metrics_tie_aware] pred_score max: 44.232067, num of top-score tie (avg per sample): 1.0021
INFO: [Epoch 23] [group evaluate] [metrics_tie_aware] top-score tie ratio (avg per sample): 0.9921%, samples with tied top (>1 item): 0.2069%
INFO: [Epoch 23] Group [metrics_tie_aware], Hit@[1, 5, 10]: [0.21552, 0.6269, 0.81897], NDCG@[1, 5, 10]: [0.21552, 0.42496, 0.48784]
INFO: [Epoch 23] [user evaluate] [metrics_tie_aware] pred_score max: 18.802847, num of top-score tie (avg per sample): 1.0037
INFO: [Epoch 23] [user evaluate] [metrics_tie_aware] top-score tie ratio (avg per sample): 0.9937%, samples with tied top (>1 item): 0.3654%
INFO: [Epoch 23] User [metrics_tie_aware], Hit@[1, 5, 10]: [0.21312, 0.6804, 0.85199], NDCG@[1, 5, 10]: [0.21312, 0.45161, 0.50758]
INFO: Epoch 24, group loss: 0.03227, Cost time: 6.69s
INFO: Epoch 24, user loss: 0.05897, Cost time: 1.54s
INFO: [Epoch 24] [group evaluate] [metrics] pred_score max: 46.093781, num of top-score tie (avg per sample): 1.0014
INFO: [Epoch 24] [group evaluate] [metrics] top-score tie ratio (avg per sample): 0.9915%, samples with tied top (>1 item): 0.1379%
INFO: [Epoch 24] Group [metrics], Hit@[1, 5, 10]: [0.2069, 0.62069, 0.82759], NDCG@[1, 5, 10]: [0.2069, 0.41863, 0.48622]
INFO: [Epoch 24] [user evaluate] [metrics] pred_score max: 19.409473, num of top-score tie (avg per sample): 1.0030
INFO: [Epoch 24] [user evaluate] [metrics] top-score tie ratio (avg per sample): 0.9931%, samples with tied top (>1 item): 0.2990%
INFO: [Epoch 24] User [metrics], Hit@[1, 5, 10]: [0.21063, 0.68206, 0.85116], NDCG@[1, 5, 10]: [0.21063, 0.45242, 0.50778]
INFO: [Epoch 24] [group evaluate] [metrics_first] pred_score max: 46.093781, num of top-score tie (avg per sample): 1.0014
INFO: [Epoch 24] [group evaluate] [metrics_first] top-score tie ratio (avg per sample): 0.9915%, samples with tied top (>1 item): 0.1379%
INFO: [Epoch 24] Group [metrics_first], Hit@[1, 5, 10]: [0.2069, 0.62138, 0.82828], NDCG@[1, 5, 10]: [0.2069, 0.41899, 0.48655]
INFO: [Epoch 24] [user evaluate] [metrics_first] pred_score max: 19.409473, num of top-score tie (avg per sample): 1.0030
INFO: [Epoch 24] [user evaluate] [metrics_first] top-score tie ratio (avg per sample): 0.9931%, samples with tied top (>1 item): 0.2990%
INFO: [Epoch 24] User [metrics_first], Hit@[1, 5, 10]: [0.21063, 0.68206, 0.8515], NDCG@[1, 5, 10]: [0.21063, 0.4525, 0.50797]
INFO: [Epoch 24] [group evaluate] [metrics_last] pred_score max: 46.093781, num of top-score tie (avg per sample): 1.0014
INFO: [Epoch 24] [group evaluate] [metrics_last] top-score tie ratio (avg per sample): 0.9915%, samples with tied top (>1 item): 0.1379%
INFO: [Epoch 24] Group [metrics_last], Hit@[1, 5, 10]: [0.20552, 0.61931, 0.8269], NDCG@[1, 5, 10]: [0.20552, 0.4169, 0.48474]
INFO: [Epoch 24] [user evaluate] [metrics_last] pred_score max: 19.409473, num of top-score tie (avg per sample): 1.0030
INFO: [Epoch 24] [user evaluate] [metrics_last] top-score tie ratio (avg per sample): 0.9931%, samples with tied top (>1 item): 0.2990%
INFO: [Epoch 24] User [metrics_last], Hit@[1, 5, 10]: [0.20764, 0.68073, 0.85116], NDCG@[1, 5, 10]: [0.20764, 0.4504, 0.50623]
INFO: [Epoch 24] [group evaluate] [metrics_tie_aware] pred_score max: 46.093781, num of top-score tie (avg per sample): 1.0014
INFO: [Epoch 24] [group evaluate] [metrics_tie_aware] top-score tie ratio (avg per sample): 0.9915%, samples with tied top (>1 item): 0.1379%
INFO: [Epoch 24] Group [metrics_tie_aware], Hit@[1, 5, 10]: [0.20621, 0.62034, 0.82759], NDCG@[1, 5, 10]: [0.20621, 0.41795, 0.48565]
INFO: [Epoch 24] [user evaluate] [metrics_tie_aware] pred_score max: 19.409473, num of top-score tie (avg per sample): 1.0030
INFO: [Epoch 24] [user evaluate] [metrics_tie_aware] top-score tie ratio (avg per sample): 0.9931%, samples with tied top (>1 item): 0.2990%
INFO: [Epoch 24] User [metrics_tie_aware], Hit@[1, 5, 10]: [0.20914, 0.6814, 0.85133], NDCG@[1, 5, 10]: [0.20914, 0.45145, 0.5071]
INFO: Epoch 25, group loss: 0.03229, Cost time: 7.00s
INFO: Epoch 25, user loss: 0.05842, Cost time: 1.32s
INFO: [Epoch 25] [group evaluate] [metrics] pred_score max: 46.600555, num of top-score tie (avg per sample): 1.0021
INFO: [Epoch 25] [group evaluate] [metrics] top-score tie ratio (avg per sample): 0.9921%, samples with tied top (>1 item): 0.2069%
INFO: [Epoch 25] Group [metrics], Hit@[1, 5, 10]: [0.20621, 0.61862, 0.81517], NDCG@[1, 5, 10]: [0.20621, 0.41636, 0.48082]
INFO: [Epoch 25] [user evaluate] [metrics] pred_score max: 19.378777, num of top-score tie (avg per sample): 1.0023
INFO: [Epoch 25] [user evaluate] [metrics] top-score tie ratio (avg per sample): 0.9924%, samples with tied top (>1 item): 0.2326%
INFO: [Epoch 25] User [metrics], Hit@[1, 5, 10]: [0.2196, 0.68239, 0.84983], NDCG@[1, 5, 10]: [0.2196, 0.45563, 0.51035]
INFO: [Epoch 25] [group evaluate] [metrics_first] pred_score max: 46.600555, num of top-score tie (avg per sample): 1.0021
INFO: [Epoch 25] [group evaluate] [metrics_first] top-score tie ratio (avg per sample): 0.9921%, samples with tied top (>1 item): 0.2069%
INFO: [Epoch 25] Group [metrics_first], Hit@[1, 5, 10]: [0.20621, 0.61931, 0.81586], NDCG@[1, 5, 10]: [0.20621, 0.41676, 0.48119]
INFO: [Epoch 25] [user evaluate] [metrics_first] pred_score max: 19.378777, num of top-score tie (avg per sample): 1.0023
INFO: [Epoch 25] [user evaluate] [metrics_first] top-score tie ratio (avg per sample): 0.9924%, samples with tied top (>1 item): 0.2326%
INFO: [Epoch 25] User [metrics_first], Hit@[1, 5, 10]: [0.2196, 0.68306, 0.84983], NDCG@[1, 5, 10]: [0.2196, 0.45593, 0.51043]
INFO: [Epoch 25] [group evaluate] [metrics_last] pred_score max: 46.600555, num of top-score tie (avg per sample): 1.0021
INFO: [Epoch 25] [group evaluate] [metrics_last] top-score tie ratio (avg per sample): 0.9921%, samples with tied top (>1 item): 0.2069%
INFO: [Epoch 25] Group [metrics_last], Hit@[1, 5, 10]: [0.20414, 0.61793, 0.81448], NDCG@[1, 5, 10]: [0.20414, 0.41465, 0.47914]
INFO: [Epoch 25] [user evaluate] [metrics_last] pred_score max: 19.378777, num of top-score tie (avg per sample): 1.0023
INFO: [Epoch 25] [user evaluate] [metrics_last] top-score tie ratio (avg per sample): 0.9924%, samples with tied top (>1 item): 0.2326%
INFO: [Epoch 25] User [metrics_last], Hit@[1, 5, 10]: [0.21728, 0.68173, 0.84983], NDCG@[1, 5, 10]: [0.21728, 0.45405, 0.50899]
INFO: [Epoch 25] [group evaluate] [metrics_tie_aware] pred_score max: 46.600559, num of top-score tie (avg per sample): 1.0021
INFO: [Epoch 25] [group evaluate] [metrics_tie_aware] top-score tie ratio (avg per sample): 0.9921%, samples with tied top (>1 item): 0.2069%
INFO: [Epoch 25] Group [metrics_tie_aware], Hit@[1, 5, 10]: [0.20517, 0.61862, 0.81517], NDCG@[1, 5, 10]: [0.20517, 0.41571, 0.48016]
INFO: [Epoch 25] [user evaluate] [metrics_tie_aware] pred_score max: 19.378777, num of top-score tie (avg per sample): 1.0023
INFO: [Epoch 25] [user evaluate] [metrics_tie_aware] top-score tie ratio (avg per sample): 0.9924%, samples with tied top (>1 item): 0.2326%
INFO: [Epoch 25] User [metrics_tie_aware], Hit@[1, 5, 10]: [0.21844, 0.68239, 0.84983], NDCG@[1, 5, 10]: [0.21844, 0.45499, 0.50971]
INFO: Epoch 26, group loss: 0.03167, Cost time: 6.34s
INFO: Epoch 26, user loss: 0.05675, Cost time: 1.37s
INFO: [Epoch 26] [group evaluate] [metrics] pred_score max: 46.058411, num of top-score tie (avg per sample): 1.0028
INFO: [Epoch 26] [group evaluate] [metrics] top-score tie ratio (avg per sample): 0.9928%, samples with tied top (>1 item): 0.2759%
INFO: [Epoch 26] Group [metrics], Hit@[1, 5, 10]: [0.2, 0.62966, 0.81517], NDCG@[1, 5, 10]: [0.2, 0.41987, 0.4806]
INFO: [Epoch 26] [user evaluate] [metrics] pred_score max: 19.780262, num of top-score tie (avg per sample): 1.0027
INFO: [Epoch 26] [user evaluate] [metrics] top-score tie ratio (avg per sample): 0.9927%, samples with tied top (>1 item): 0.2658%
INFO: [Epoch 26] User [metrics], Hit@[1, 5, 10]: [0.22359, 0.68073, 0.85449], NDCG@[1, 5, 10]: [0.22359, 0.45593, 0.51271]
INFO: [Epoch 26] [group evaluate] [metrics_first] pred_score max: 46.058418, num of top-score tie (avg per sample): 1.0028
INFO: [Epoch 26] [group evaluate] [metrics_first] top-score tie ratio (avg per sample): 0.9928%, samples with tied top (>1 item): 0.2759%
INFO: [Epoch 26] Group [metrics_first], Hit@[1, 5, 10]: [0.2, 0.63034, 0.81517], NDCG@[1, 5, 10]: [0.2, 0.42023, 0.48072]
INFO: [Epoch 26] [user evaluate] [metrics_first] pred_score max: 19.780262, num of top-score tie (avg per sample): 1.0027
INFO: [Epoch 26] [user evaluate] [metrics_first] top-score tie ratio (avg per sample): 0.9927%, samples with tied top (>1 item): 0.2658%
INFO: [Epoch 26] User [metrics_first], Hit@[1, 5, 10]: [0.22359, 0.6814, 0.85482], NDCG@[1, 5, 10]: [0.22359, 0.45623, 0.51287]
INFO: [Epoch 26] [group evaluate] [metrics_last] pred_score max: 46.058414, num of top-score tie (avg per sample): 1.0028
INFO: [Epoch 26] [group evaluate] [metrics_last] top-score tie ratio (avg per sample): 0.9928%, samples with tied top (>1 item): 0.2759%
INFO: [Epoch 26] Group [metrics_last], Hit@[1, 5, 10]: [0.19724, 0.62897, 0.81448], NDCG@[1, 5, 10]: [0.19724, 0.41804, 0.47878]
INFO: [Epoch 26] [user evaluate] [metrics_last] pred_score max: 19.780262, num of top-score tie (avg per sample): 1.0027
INFO: [Epoch 26] [user evaluate] [metrics_last] top-score tie ratio (avg per sample): 0.9927%, samples with tied top (>1 item): 0.2658%
INFO: [Epoch 26] User [metrics_last], Hit@[1, 5, 10]: [0.22093, 0.67973, 0.85449], NDCG@[1, 5, 10]: [0.22093, 0.45414, 0.51125]
INFO: [Epoch 26] [group evaluate] [metrics_tie_aware] pred_score max: 46.058418, num of top-score tie (avg per sample): 1.0028
INFO: [Epoch 26] [group evaluate] [metrics_tie_aware] top-score tie ratio (avg per sample): 0.9928%, samples with tied top (>1 item): 0.2759%
INFO: [Epoch 26] Group [metrics_tie_aware], Hit@[1, 5, 10]: [0.19862, 0.62966, 0.81483], NDCG@[1, 5, 10]: [0.19862, 0.41914, 0.47975]
INFO: [Epoch 26] [user evaluate] [metrics_tie_aware] pred_score max: 19.780262, num of top-score tie (avg per sample): 1.0027
INFO: [Epoch 26] [user evaluate] [metrics_tie_aware] top-score tie ratio (avg per sample): 0.9927%, samples with tied top (>1 item): 0.2658%
INFO: [Epoch 26] User [metrics_tie_aware], Hit@[1, 5, 10]: [0.22226, 0.68056, 0.85465], NDCG@[1, 5, 10]: [0.22226, 0.45518, 0.51206]
INFO: Epoch 27, group loss: 0.03115, Cost time: 6.36s
INFO: Epoch 27, user loss: 0.05615, Cost time: 1.28s
INFO: [Epoch 27] [group evaluate] [metrics] pred_score max: 46.950386, num of top-score tie (avg per sample): 1.0021
INFO: [Epoch 27] [group evaluate] [metrics] top-score tie ratio (avg per sample): 0.9921%, samples with tied top (>1 item): 0.2069%
INFO: [Epoch 27] Group [metrics], Hit@[1, 5, 10]: [0.20207, 0.63586, 0.81724], NDCG@[1, 5, 10]: [0.20207, 0.42359, 0.48246]
INFO: [Epoch 27] [user evaluate] [metrics] pred_score max: 20.734680, num of top-score tie (avg per sample): 1.0027
INFO: [Epoch 27] [user evaluate] [metrics] top-score tie ratio (avg per sample): 0.9927%, samples with tied top (>1 item): 0.2658%
INFO: [Epoch 27] User [metrics], Hit@[1, 5, 10]: [0.22824, 0.6794, 0.85216], NDCG@[1, 5, 10]: [0.22824, 0.45841, 0.51498]
INFO: [Epoch 27] [group evaluate] [metrics_first] pred_score max: 46.950386, num of top-score tie (avg per sample): 1.0021
INFO: [Epoch 27] [group evaluate] [metrics_first] top-score tie ratio (avg per sample): 0.9921%, samples with tied top (>1 item): 0.2069%
INFO: [Epoch 27] Group [metrics_first], Hit@[1, 5, 10]: [0.20207, 0.63586, 0.81724], NDCG@[1, 5, 10]: [0.20207, 0.42375, 0.48265]
INFO: [Epoch 27] [user evaluate] [metrics_first] pred_score max: 20.734680, num of top-score tie (avg per sample): 1.0027
INFO: [Epoch 27] [user evaluate] [metrics_first] top-score tie ratio (avg per sample): 0.9927%, samples with tied top (>1 item): 0.2658%
INFO: [Epoch 27] User [metrics_first], Hit@[1, 5, 10]: [0.22824, 0.68007, 0.85249], NDCG@[1, 5, 10]: [0.22824, 0.45872, 0.51515]
INFO: [Epoch 27] [group evaluate] [metrics_last] pred_score max: 46.950386, num of top-score tie (avg per sample): 1.0021
INFO: [Epoch 27] [group evaluate] [metrics_last] top-score tie ratio (avg per sample): 0.9921%, samples with tied top (>1 item): 0.2069%
INFO: [Epoch 27] Group [metrics_last], Hit@[1, 5, 10]: [0.2, 0.63517, 0.81655], NDCG@[1, 5, 10]: [0.2, 0.42193, 0.48082]
INFO: [Epoch 27] [user evaluate] [metrics_last] pred_score max: 20.734680, num of top-score tie (avg per sample): 1.0027
INFO: [Epoch 27] [user evaluate] [metrics_last] top-score tie ratio (avg per sample): 0.9927%, samples with tied top (>1 item): 0.2658%
INFO: [Epoch 27] User [metrics_last], Hit@[1, 5, 10]: [0.22558, 0.67807, 0.85183], NDCG@[1, 5, 10]: [0.22558, 0.45652, 0.51345]
INFO: [Epoch 27] [group evaluate] [metrics_tie_aware] pred_score max: 46.950386, num of top-score tie (avg per sample): 1.0021
INFO: [Epoch 27] [group evaluate] [metrics_tie_aware] top-score tie ratio (avg per sample): 0.9921%, samples with tied top (>1 item): 0.2069%
INFO: [Epoch 27] Group [metrics_tie_aware], Hit@[1, 5, 10]: [0.20103, 0.63552, 0.8169], NDCG@[1, 5, 10]: [0.20103, 0.42284, 0.48173]
INFO: [Epoch 27] [user evaluate] [metrics_tie_aware] pred_score max: 20.734680, num of top-score tie (avg per sample): 1.0027
INFO: [Epoch 27] [user evaluate] [metrics_tie_aware] top-score tie ratio (avg per sample): 0.9927%, samples with tied top (>1 item): 0.2658%
INFO: [Epoch 27] User [metrics_tie_aware], Hit@[1, 5, 10]: [0.22691, 0.67907, 0.85216], NDCG@[1, 5, 10]: [0.22691, 0.45762, 0.5143]
INFO: Epoch 28, group loss: 0.03054, Cost time: 5.99s
INFO: Epoch 28, user loss: 0.05579, Cost time: 1.37s
INFO: [Epoch 28] [group evaluate] [metrics] pred_score max: 48.966827, num of top-score tie (avg per sample): 1.0028
INFO: [Epoch 28] [group evaluate] [metrics] top-score tie ratio (avg per sample): 0.9928%, samples with tied top (>1 item): 0.2759%
INFO: [Epoch 28] Group [metrics], Hit@[1, 5, 10]: [0.19931, 0.63241, 0.81655], NDCG@[1, 5, 10]: [0.19931, 0.42171, 0.48128]
INFO: [Epoch 28] [user evaluate] [metrics] pred_score max: 20.952932, num of top-score tie (avg per sample): 1.0030
INFO: [Epoch 28] [user evaluate] [metrics] top-score tie ratio (avg per sample): 0.9931%, samples with tied top (>1 item): 0.2990%
INFO: [Epoch 28] User [metrics], Hit@[1, 5, 10]: [0.22027, 0.67674, 0.85282], NDCG@[1, 5, 10]: [0.22027, 0.45397, 0.51151]
INFO: [Epoch 28] [group evaluate] [metrics_first] pred_score max: 48.966820, num of top-score tie (avg per sample): 1.0028
INFO: [Epoch 28] [group evaluate] [metrics_first] top-score tie ratio (avg per sample): 0.9928%, samples with tied top (>1 item): 0.2759%
INFO: [Epoch 28] Group [metrics_first], Hit@[1, 5, 10]: [0.19931, 0.6331, 0.81655], NDCG@[1, 5, 10]: [0.19931, 0.42207, 0.48141]
INFO: [Epoch 28] [user evaluate] [metrics_first] pred_score max: 20.952932, num of top-score tie (avg per sample): 1.0030
INFO: [Epoch 28] [user evaluate] [metrics_first] top-score tie ratio (avg per sample): 0.9931%, samples with tied top (>1 item): 0.2990%
INFO: [Epoch 28] User [metrics_first], Hit@[1, 5, 10]: [0.22027, 0.67741, 0.85316], NDCG@[1, 5, 10]: [0.22027, 0.45425, 0.51166]
INFO: [Epoch 28] [group evaluate] [metrics_last] pred_score max: 48.966827, num of top-score tie (avg per sample): 1.0028
INFO: [Epoch 28] [group evaluate] [metrics_last] top-score tie ratio (avg per sample): 0.9928%, samples with tied top (>1 item): 0.2759%
INFO: [Epoch 28] Group [metrics_last], Hit@[1, 5, 10]: [0.19655, 0.63241, 0.81586], NDCG@[1, 5, 10]: [0.19655, 0.42017, 0.47949]
INFO: [Epoch 28] [user evaluate] [metrics_last] pred_score max: 20.952932, num of top-score tie (avg per sample): 1.0030
INFO: [Epoch 28] [user evaluate] [metrics_last] top-score tie ratio (avg per sample): 0.9931%, samples with tied top (>1 item): 0.2990%
INFO: [Epoch 28] User [metrics_last], Hit@[1, 5, 10]: [0.21728, 0.67608, 0.85282], NDCG@[1, 5, 10]: [0.21728, 0.45221, 0.50996]
INFO: [Epoch 28] [group evaluate] [metrics_tie_aware] pred_score max: 48.966820, num of top-score tie (avg per sample): 1.0028
INFO: [Epoch 28] [group evaluate] [metrics_tie_aware] top-score tie ratio (avg per sample): 0.9928%, samples with tied top (>1 item): 0.2759%
INFO: [Epoch 28] Group [metrics_tie_aware], Hit@[1, 5, 10]: [0.19793, 0.63276, 0.81621], NDCG@[1, 5, 10]: [0.19793, 0.42112, 0.48045]
INFO: [Epoch 28] [user evaluate] [metrics_tie_aware] pred_score max: 20.952932, num of top-score tie (avg per sample): 1.0030
INFO: [Epoch 28] [user evaluate] [metrics_tie_aware] top-score tie ratio (avg per sample): 0.9931%, samples with tied top (>1 item): 0.2990%
INFO: [Epoch 28] User [metrics_tie_aware], Hit@[1, 5, 10]: [0.21877, 0.67674, 0.85299], NDCG@[1, 5, 10]: [0.21877, 0.45323, 0.51081]
INFO: Epoch 29, group loss: 0.03146, Cost time: 5.95s
INFO: Epoch 29, user loss: 0.05488, Cost time: 1.32s
INFO: [Epoch 29] [group evaluate] [metrics] pred_score max: 50.947723, num of top-score tie (avg per sample): 1.0028
INFO: [Epoch 29] [group evaluate] [metrics] top-score tie ratio (avg per sample): 0.9928%, samples with tied top (>1 item): 0.2759%
INFO: [Epoch 29] Group [metrics], Hit@[1, 5, 10]: [0.19655, 0.63655, 0.81448], NDCG@[1, 5, 10]: [0.19655, 0.42176, 0.47926]
INFO: [Epoch 29] [user evaluate] [metrics] pred_score max: 21.099247, num of top-score tie (avg per sample): 1.0033
INFO: [Epoch 29] [user evaluate] [metrics] top-score tie ratio (avg per sample): 0.9934%, samples with tied top (>1 item): 0.3322%
INFO: [Epoch 29] User [metrics], Hit@[1, 5, 10]: [0.21993, 0.67741, 0.8515], NDCG@[1, 5, 10]: [0.21993, 0.45319, 0.51]
INFO: [Epoch 29] [group evaluate] [metrics_first] pred_score max: 50.947720, num of top-score tie (avg per sample): 1.0028
INFO: [Epoch 29] [group evaluate] [metrics_first] top-score tie ratio (avg per sample): 0.9928%, samples with tied top (>1 item): 0.2759%
INFO: [Epoch 29] Group [metrics_first], Hit@[1, 5, 10]: [0.19655, 0.63724, 0.81448], NDCG@[1, 5, 10]: [0.19655, 0.42208, 0.47933]
INFO: [Epoch 29] [user evaluate] [metrics_first] pred_score max: 21.099247, num of top-score tie (avg per sample): 1.0033
INFO: [Epoch 29] [user evaluate] [metrics_first] top-score tie ratio (avg per sample): 0.9934%, samples with tied top (>1 item): 0.3322%
INFO: [Epoch 29] User [metrics_first], Hit@[1, 5, 10]: [0.21993, 0.67741, 0.85216], NDCG@[1, 5, 10]: [0.21993, 0.45323, 0.51025]
INFO: [Epoch 29] [group evaluate] [metrics_last] pred_score max: 50.947731, num of top-score tie (avg per sample): 1.0028
INFO: [Epoch 29] [group evaluate] [metrics_last] top-score tie ratio (avg per sample): 0.9928%, samples with tied top (>1 item): 0.2759%
INFO: [Epoch 29] Group [metrics_last], Hit@[1, 5, 10]: [0.19379, 0.63586, 0.81448], NDCG@[1, 5, 10]: [0.19379, 0.41984, 0.47754]
INFO: [Epoch 29] [user evaluate] [metrics_last] pred_score max: 21.099247, num of top-score tie (avg per sample): 1.0033
INFO: [Epoch 29] [user evaluate] [metrics_last] top-score tie ratio (avg per sample): 0.9934%, samples with tied top (>1 item): 0.3322%
INFO: [Epoch 29] User [metrics_last], Hit@[1, 5, 10]: [0.21661, 0.67708, 0.85116], NDCG@[1, 5, 10]: [0.21661, 0.45149, 0.50829]
INFO: [Epoch 29] [group evaluate] [metrics_tie_aware] pred_score max: 50.947731, num of top-score tie (avg per sample): 1.0028
INFO: [Epoch 29] [group evaluate] [metrics_tie_aware] top-score tie ratio (avg per sample): 0.9928%, samples with tied top (>1 item): 0.2759%
INFO: [Epoch 29] Group [metrics_tie_aware], Hit@[1, 5, 10]: [0.19517, 0.63655, 0.81448], NDCG@[1, 5, 10]: [0.19517, 0.42096, 0.47844]
INFO: [Epoch 29] [user evaluate] [metrics_tie_aware] pred_score max: 21.099247, num of top-score tie (avg per sample): 1.0033
INFO: [Epoch 29] [user evaluate] [metrics_tie_aware] top-score tie ratio (avg per sample): 0.9934%, samples with tied top (>1 item): 0.3322%
INFO: [Epoch 29] User [metrics_tie_aware], Hit@[1, 5, 10]: [0.21827, 0.67724, 0.85166], NDCG@[1, 5, 10]: [0.21827, 0.45236, 0.50927]
INFO: ## Finishing Time: 2026-02-26 03:43:32
INFO: = = = = = = = = = = = = = = = = = = = = 
INFO: Done!
