INFO: = = = = = = = = = = = = = = = = = = = = 
INFO: ## Starting Time: 2026-05-02 01:38:00
INFO: Namespace(seed=2, dataset='CAMRa2011', device='cuda:0', layers=2, emb_dim=32, num_negatives=2, topK=[1, 5, 10], epoch=30, learning_rate=0.001, batch_size=512, patience=4, predictor='DOT', loss_type='BPR', tau=1.0)
INFO:  #Users 602, #Items 7710, #Groups 290

INFO: Epoch 0, group loss: 0.18468, Cost time: 11.57s
INFO: Epoch 0, user loss: 0.36200, Cost time: 1.48s
INFO: [Epoch 0] [group evaluate] [metrics] pred_score max: 19.958408, num of top-score tie (avg per sample): 1.0034
INFO: [Epoch 0] [group evaluate] [metrics] top-score tie ratio (avg per sample): 0.9935%, samples with tied top (>1 item): 0.3448%
INFO: [Epoch 0] Group [metrics], Hit@[1, 5, 10]: [0.18552, 0.58276, 0.77103], NDCG@[1, 5, 10]: [0.18552, 0.38937, 0.45031]
INFO: [Epoch 0] [user evaluate] [metrics] pred_score max: 4.533444, num of top-score tie (avg per sample): 1.0043
INFO: [Epoch 0] [user evaluate] [metrics] top-score tie ratio (avg per sample): 0.9944%, samples with tied top (>1 item): 0.4319%
INFO: [Epoch 0] User [metrics], Hit@[1, 5, 10]: [0.20631, 0.62625, 0.79003], NDCG@[1, 5, 10]: [0.20631, 0.4216, 0.47496]
INFO: [Epoch 0] [group evaluate] [metrics_first] pred_score max: 19.958408, num of top-score tie (avg per sample): 1.0034
INFO: [Epoch 0] [group evaluate] [metrics_first] top-score tie ratio (avg per sample): 0.9935%, samples with tied top (>1 item): 0.3448%
INFO: [Epoch 0] Group [metrics_first], Hit@[1, 5, 10]: [0.18552, 0.58276, 0.77103], NDCG@[1, 5, 10]: [0.18552, 0.38946, 0.45043]
INFO: [Epoch 0] [user evaluate] [metrics_first] pred_score max: 4.533444, num of top-score tie (avg per sample): 1.0043
INFO: [Epoch 0] [user evaluate] [metrics_first] top-score tie ratio (avg per sample): 0.9944%, samples with tied top (>1 item): 0.4319%
INFO: [Epoch 0] User [metrics_first], Hit@[1, 5, 10]: [0.20631, 0.62625, 0.79037], NDCG@[1, 5, 10]: [0.20631, 0.42164, 0.47512]
INFO: [Epoch 0] [group evaluate] [metrics_last] pred_score max: 19.958408, num of top-score tie (avg per sample): 1.0034
INFO: [Epoch 0] [group evaluate] [metrics_last] top-score tie ratio (avg per sample): 0.9935%, samples with tied top (>1 item): 0.3448%
INFO: [Epoch 0] Group [metrics_last], Hit@[1, 5, 10]: [0.18207, 0.58207, 0.77034], NDCG@[1, 5, 10]: [0.18207, 0.38732, 0.44827]
INFO: [Epoch 0] [user evaluate] [metrics_last] pred_score max: 4.533444, num of top-score tie (avg per sample): 1.0043
INFO: [Epoch 0] [user evaluate] [metrics_last] top-score tie ratio (avg per sample): 0.9944%, samples with tied top (>1 item): 0.4319%
INFO: [Epoch 0] User [metrics_last], Hit@[1, 5, 10]: [0.20199, 0.62525, 0.79003], NDCG@[1, 5, 10]: [0.20199, 0.41928, 0.47299]
INFO: [Epoch 0] [group evaluate] [metrics_tie_aware] pred_score max: 19.958412, num of top-score tie (avg per sample): 1.0034
INFO: [Epoch 0] [group evaluate] [metrics_tie_aware] top-score tie ratio (avg per sample): 0.9935%, samples with tied top (>1 item): 0.3448%
INFO: [Epoch 0] Group [metrics_tie_aware], Hit@[1, 5, 10]: [0.18379, 0.58241, 0.77069], NDCG@[1, 5, 10]: [0.18379, 0.38839, 0.44935]
INFO: [Epoch 0] [user evaluate] [metrics_tie_aware] pred_score max: 4.533444, num of top-score tie (avg per sample): 1.0043
INFO: [Epoch 0] [user evaluate] [metrics_tie_aware] top-score tie ratio (avg per sample): 0.9944%, samples with tied top (>1 item): 0.4319%
INFO: [Epoch 0] User [metrics_tie_aware], Hit@[1, 5, 10]: [0.20415, 0.62575, 0.7902], NDCG@[1, 5, 10]: [0.20415, 0.42046, 0.47405]
INFO: Epoch 1, group loss: 0.11514, Cost time: 9.75s
INFO: Epoch 1, user loss: 0.17932, Cost time: 1.58s
INFO: [Epoch 1] [group evaluate] [metrics] pred_score max: 20.295475, num of top-score tie (avg per sample): 1.0028
INFO: [Epoch 1] [group evaluate] [metrics] top-score tie ratio (avg per sample): 0.9928%, samples with tied top (>1 item): 0.2759%
INFO: [Epoch 1] Group [metrics], Hit@[1, 5, 10]: [0.20414, 0.59379, 0.78207], NDCG@[1, 5, 10]: [0.20414, 0.40146, 0.4626]
INFO: [Epoch 1] [user evaluate] [metrics] pred_score max: 6.314847, num of top-score tie (avg per sample): 1.0040
INFO: [Epoch 1] [user evaluate] [metrics] top-score tie ratio (avg per sample): 0.9940%, samples with tied top (>1 item): 0.3987%
INFO: [Epoch 1] User [metrics], Hit@[1, 5, 10]: [0.2113, 0.63355, 0.80498], NDCG@[1, 5, 10]: [0.2113, 0.42792, 0.48382]
INFO: [Epoch 1] [group evaluate] [metrics_first] pred_score max: 20.295475, num of top-score tie (avg per sample): 1.0028
INFO: [Epoch 1] [group evaluate] [metrics_first] top-score tie ratio (avg per sample): 0.9928%, samples with tied top (>1 item): 0.2759%
INFO: [Epoch 1] Group [metrics_first], Hit@[1, 5, 10]: [0.20414, 0.59379, 0.78207], NDCG@[1, 5, 10]: [0.20414, 0.40149, 0.46265]
INFO: [Epoch 1] [user evaluate] [metrics_first] pred_score max: 6.314847, num of top-score tie (avg per sample): 1.0040
INFO: [Epoch 1] [user evaluate] [metrics_first] top-score tie ratio (avg per sample): 0.9940%, samples with tied top (>1 item): 0.3987%
INFO: [Epoch 1] User [metrics_first], Hit@[1, 5, 10]: [0.2113, 0.63389, 0.80498], NDCG@[1, 5, 10]: [0.2113, 0.42807, 0.48385]
INFO: [Epoch 1] [group evaluate] [metrics_last] pred_score max: 20.295475, num of top-score tie (avg per sample): 1.0028
INFO: [Epoch 1] [group evaluate] [metrics_last] top-score tie ratio (avg per sample): 0.9928%, samples with tied top (>1 item): 0.2759%
INFO: [Epoch 1] Group [metrics_last], Hit@[1, 5, 10]: [0.20138, 0.59379, 0.78069], NDCG@[1, 5, 10]: [0.20138, 0.39977, 0.46048]
INFO: [Epoch 1] [user evaluate] [metrics_last] pred_score max: 6.314847, num of top-score tie (avg per sample): 1.0040
INFO: [Epoch 1] [user evaluate] [metrics_last] top-score tie ratio (avg per sample): 0.9940%, samples with tied top (>1 item): 0.3987%
INFO: [Epoch 1] User [metrics_last], Hit@[1, 5, 10]: [0.20731, 0.63256, 0.80498], NDCG@[1, 5, 10]: [0.20731, 0.42569, 0.48192]
INFO: [Epoch 1] [group evaluate] [metrics_tie_aware] pred_score max: 20.295475, num of top-score tie (avg per sample): 1.0028
INFO: [Epoch 1] [group evaluate] [metrics_tie_aware] top-score tie ratio (avg per sample): 0.9928%, samples with tied top (>1 item): 0.2759%
INFO: [Epoch 1] Group [metrics_tie_aware], Hit@[1, 5, 10]: [0.20276, 0.59379, 0.78138], NDCG@[1, 5, 10]: [0.20276, 0.40063, 0.46157]
INFO: [Epoch 1] [user evaluate] [metrics_tie_aware] pred_score max: 6.314847, num of top-score tie (avg per sample): 1.0040
INFO: [Epoch 1] [user evaluate] [metrics_tie_aware] top-score tie ratio (avg per sample): 0.9940%, samples with tied top (>1 item): 0.3987%
INFO: [Epoch 1] User [metrics_tie_aware], Hit@[1, 5, 10]: [0.2093, 0.63322, 0.80498], NDCG@[1, 5, 10]: [0.2093, 0.42688, 0.48289]
INFO: Epoch 2, group loss: 0.09099, Cost time: 9.64s
INFO: Epoch 2, user loss: 0.14877, Cost time: 1.48s
INFO: [Epoch 2] [group evaluate] [metrics] pred_score max: 23.608356, num of top-score tie (avg per sample): 1.0062
INFO: [Epoch 2] [group evaluate] [metrics] top-score tie ratio (avg per sample): 0.9962%, samples with tied top (>1 item): 0.6207%
INFO: [Epoch 2] Group [metrics], Hit@[1, 5, 10]: [0.20897, 0.60207, 0.80207], NDCG@[1, 5, 10]: [0.20897, 0.40738, 0.47305]
INFO: [Epoch 2] [user evaluate] [metrics] pred_score max: 7.508286, num of top-score tie (avg per sample): 1.0043
INFO: [Epoch 2] [user evaluate] [metrics] top-score tie ratio (avg per sample): 0.9944%, samples with tied top (>1 item): 0.4319%
INFO: [Epoch 2] User [metrics], Hit@[1, 5, 10]: [0.2093, 0.6402, 0.8113], NDCG@[1, 5, 10]: [0.2093, 0.43017, 0.48598]
INFO: [Epoch 2] [group evaluate] [metrics_first] pred_score max: 23.608356, num of top-score tie (avg per sample): 1.0062
INFO: [Epoch 2] [group evaluate] [metrics_first] top-score tie ratio (avg per sample): 0.9962%, samples with tied top (>1 item): 0.6207%
INFO: [Epoch 2] Group [metrics_first], Hit@[1, 5, 10]: [0.20897, 0.60207, 0.80207], NDCG@[1, 5, 10]: [0.20897, 0.40738, 0.47305]
INFO: [Epoch 2] [user evaluate] [metrics_first] pred_score max: 7.508286, num of top-score tie (avg per sample): 1.0043
INFO: [Epoch 2] [user evaluate] [metrics_first] top-score tie ratio (avg per sample): 0.9944%, samples with tied top (>1 item): 0.4319%
INFO: [Epoch 2] User [metrics_first], Hit@[1, 5, 10]: [0.2093, 0.6402, 0.8113], NDCG@[1, 5, 10]: [0.2093, 0.43021, 0.48602]
INFO: [Epoch 2] [group evaluate] [metrics_last] pred_score max: 23.608355, num of top-score tie (avg per sample): 1.0062
INFO: [Epoch 2] [group evaluate] [metrics_last] top-score tie ratio (avg per sample): 0.9962%, samples with tied top (>1 item): 0.6207%
INFO: [Epoch 2] Group [metrics_last], Hit@[1, 5, 10]: [0.20276, 0.60138, 0.80207], NDCG@[1, 5, 10]: [0.20276, 0.40442, 0.4703]
INFO: [Epoch 2] [user evaluate] [metrics_last] pred_score max: 7.508286, num of top-score tie (avg per sample): 1.0043
INFO: [Epoch 2] [user evaluate] [metrics_last] top-score tie ratio (avg per sample): 0.9944%, samples with tied top (>1 item): 0.4319%
INFO: [Epoch 2] User [metrics_last], Hit@[1, 5, 10]: [0.20498, 0.63953, 0.81063], NDCG@[1, 5, 10]: [0.20498, 0.42798, 0.4838]
INFO: [Epoch 2] [group evaluate] [metrics_tie_aware] pred_score max: 23.608353, num of top-score tie (avg per sample): 1.0062
INFO: [Epoch 2] [group evaluate] [metrics_tie_aware] top-score tie ratio (avg per sample): 0.9962%, samples with tied top (>1 item): 0.6207%
INFO: [Epoch 2] Group [metrics_tie_aware], Hit@[1, 5, 10]: [0.20586, 0.60172, 0.80207], NDCG@[1, 5, 10]: [0.20586, 0.4059, 0.47168]
INFO: [Epoch 2] [user evaluate] [metrics_tie_aware] pred_score max: 7.508286, num of top-score tie (avg per sample): 1.0043
INFO: [Epoch 2] [user evaluate] [metrics_tie_aware] top-score tie ratio (avg per sample): 0.9944%, samples with tied top (>1 item): 0.4319%
INFO: [Epoch 2] User [metrics_tie_aware], Hit@[1, 5, 10]: [0.20714, 0.63987, 0.81096], NDCG@[1, 5, 10]: [0.20714, 0.4291, 0.48491]
INFO: Epoch 3, group loss: 0.07960, Cost time: 9.65s
INFO: Epoch 3, user loss: 0.13269, Cost time: 1.47s
INFO: [Epoch 3] [group evaluate] [metrics] pred_score max: 25.778744, num of top-score tie (avg per sample): 1.0028
INFO: [Epoch 3] [group evaluate] [metrics] top-score tie ratio (avg per sample): 0.9928%, samples with tied top (>1 item): 0.2759%
INFO: [Epoch 3] Group [metrics], Hit@[1, 5, 10]: [0.21724, 0.62069, 0.80828], NDCG@[1, 5, 10]: [0.21724, 0.4224, 0.48343]
INFO: [Epoch 3] [user evaluate] [metrics] pred_score max: 8.736021, num of top-score tie (avg per sample): 1.0043
INFO: [Epoch 3] [user evaluate] [metrics] top-score tie ratio (avg per sample): 0.9944%, samples with tied top (>1 item): 0.4319%
INFO: [Epoch 3] User [metrics], Hit@[1, 5, 10]: [0.21329, 0.64352, 0.81694], NDCG@[1, 5, 10]: [0.21329, 0.4329, 0.48969]
INFO: [Epoch 3] [group evaluate] [metrics_first] pred_score max: 25.778744, num of top-score tie (avg per sample): 1.0028
INFO: [Epoch 3] [group evaluate] [metrics_first] top-score tie ratio (avg per sample): 0.9928%, samples with tied top (>1 item): 0.2759%
INFO: [Epoch 3] Group [metrics_first], Hit@[1, 5, 10]: [0.21724, 0.62069, 0.80966], NDCG@[1, 5, 10]: [0.21724, 0.42243, 0.48386]
INFO: [Epoch 3] [user evaluate] [metrics_first] pred_score max: 8.736021, num of top-score tie (avg per sample): 1.0043
INFO: [Epoch 3] [user evaluate] [metrics_first] top-score tie ratio (avg per sample): 0.9944%, samples with tied top (>1 item): 0.4319%
INFO: [Epoch 3] User [metrics_first], Hit@[1, 5, 10]: [0.21329, 0.64385, 0.81694], NDCG@[1, 5, 10]: [0.21329, 0.43308, 0.48974]
INFO: [Epoch 3] [group evaluate] [metrics_last] pred_score max: 25.778744, num of top-score tie (avg per sample): 1.0028
INFO: [Epoch 3] [group evaluate] [metrics_last] top-score tie ratio (avg per sample): 0.9928%, samples with tied top (>1 item): 0.2759%
INFO: [Epoch 3] Group [metrics_last], Hit@[1, 5, 10]: [0.21448, 0.62069, 0.80759], NDCG@[1, 5, 10]: [0.21448, 0.42068, 0.48149]
INFO: [Epoch 3] [user evaluate] [metrics_last] pred_score max: 8.736021, num of top-score tie (avg per sample): 1.0043
INFO: [Epoch 3] [user evaluate] [metrics_last] top-score tie ratio (avg per sample): 0.9944%, samples with tied top (>1 item): 0.4319%
INFO: [Epoch 3] User [metrics_last], Hit@[1, 5, 10]: [0.20897, 0.64252, 0.81694], NDCG@[1, 5, 10]: [0.20897, 0.43064, 0.48774]
INFO: [Epoch 3] [group evaluate] [metrics_tie_aware] pred_score max: 25.778744, num of top-score tie (avg per sample): 1.0028
INFO: [Epoch 3] [group evaluate] [metrics_tie_aware] top-score tie ratio (avg per sample): 0.9928%, samples with tied top (>1 item): 0.2759%
INFO: [Epoch 3] Group [metrics_tie_aware], Hit@[1, 5, 10]: [0.21586, 0.62069, 0.80862], NDCG@[1, 5, 10]: [0.21586, 0.42156, 0.48267]
INFO: [Epoch 3] [user evaluate] [metrics_tie_aware] pred_score max: 8.736021, num of top-score tie (avg per sample): 1.0043
INFO: [Epoch 3] [user evaluate] [metrics_tie_aware] top-score tie ratio (avg per sample): 0.9944%, samples with tied top (>1 item): 0.4319%
INFO: [Epoch 3] User [metrics_tie_aware], Hit@[1, 5, 10]: [0.21113, 0.64319, 0.81694], NDCG@[1, 5, 10]: [0.21113, 0.43186, 0.48874]
INFO: Epoch 4, group loss: 0.06901, Cost time: 9.57s
INFO: Epoch 4, user loss: 0.11976, Cost time: 1.56s
INFO: [Epoch 4] [group evaluate] [metrics] pred_score max: 29.332253, num of top-score tie (avg per sample): 1.0028
INFO: [Epoch 4] [group evaluate] [metrics] top-score tie ratio (avg per sample): 0.9928%, samples with tied top (>1 item): 0.2759%
INFO: [Epoch 4] Group [metrics], Hit@[1, 5, 10]: [0.21103, 0.63034, 0.81931], NDCG@[1, 5, 10]: [0.21103, 0.42318, 0.48472]
INFO: [Epoch 4] [user evaluate] [metrics] pred_score max: 9.774304, num of top-score tie (avg per sample): 1.0040
INFO: [Epoch 4] [user evaluate] [metrics] top-score tie ratio (avg per sample): 0.9940%, samples with tied top (>1 item): 0.3987%
INFO: [Epoch 4] User [metrics], Hit@[1, 5, 10]: [0.21395, 0.6515, 0.82226], NDCG@[1, 5, 10]: [0.21395, 0.43849, 0.4942]
INFO: [Epoch 4] [group evaluate] [metrics_first] pred_score max: 29.332253, num of top-score tie (avg per sample): 1.0028
INFO: [Epoch 4] [group evaluate] [metrics_first] top-score tie ratio (avg per sample): 0.9928%, samples with tied top (>1 item): 0.2759%
INFO: [Epoch 4] Group [metrics_first], Hit@[1, 5, 10]: [0.21103, 0.63034, 0.81931], NDCG@[1, 5, 10]: [0.21103, 0.42322, 0.48479]
INFO: [Epoch 4] [user evaluate] [metrics_first] pred_score max: 9.774304, num of top-score tie (avg per sample): 1.0040
INFO: [Epoch 4] [user evaluate] [metrics_first] top-score tie ratio (avg per sample): 0.9940%, samples with tied top (>1 item): 0.3987%
INFO: [Epoch 4] User [metrics_first], Hit@[1, 5, 10]: [0.21395, 0.65183, 0.82259], NDCG@[1, 5, 10]: [0.21395, 0.4387, 0.4944]
INFO: [Epoch 4] [group evaluate] [metrics_last] pred_score max: 29.332256, num of top-score tie (avg per sample): 1.0028
INFO: [Epoch 4] [group evaluate] [metrics_last] top-score tie ratio (avg per sample): 0.9928%, samples with tied top (>1 item): 0.2759%
INFO: [Epoch 4] Group [metrics_last], Hit@[1, 5, 10]: [0.20828, 0.63034, 0.81862], NDCG@[1, 5, 10]: [0.20828, 0.42151, 0.48283]
INFO: [Epoch 4] [user evaluate] [metrics_last] pred_score max: 9.774304, num of top-score tie (avg per sample): 1.0040
INFO: [Epoch 4] [user evaluate] [metrics_last] top-score tie ratio (avg per sample): 0.9940%, samples with tied top (>1 item): 0.3987%
INFO: [Epoch 4] User [metrics_last], Hit@[1, 5, 10]: [0.20997, 0.6505, 0.82226], NDCG@[1, 5, 10]: [0.20997, 0.43631, 0.49237]
INFO: [Epoch 4] [group evaluate] [metrics_tie_aware] pred_score max: 29.332251, num of top-score tie (avg per sample): 1.0028
INFO: [Epoch 4] [group evaluate] [metrics_tie_aware] top-score tie ratio (avg per sample): 0.9928%, samples with tied top (>1 item): 0.2759%
INFO: [Epoch 4] Group [metrics_tie_aware], Hit@[1, 5, 10]: [0.20966, 0.63034, 0.81897], NDCG@[1, 5, 10]: [0.20966, 0.42237, 0.48381]
INFO: [Epoch 4] [user evaluate] [metrics_tie_aware] pred_score max: 9.774304, num of top-score tie (avg per sample): 1.0040
INFO: [Epoch 4] [user evaluate] [metrics_tie_aware] top-score tie ratio (avg per sample): 0.9940%, samples with tied top (>1 item): 0.3987%
INFO: [Epoch 4] User [metrics_tie_aware], Hit@[1, 5, 10]: [0.21196, 0.65116, 0.82243], NDCG@[1, 5, 10]: [0.21196, 0.43751, 0.49338]
INFO: Epoch 5, group loss: 0.06407, Cost time: 9.76s
INFO: Epoch 5, user loss: 0.11285, Cost time: 1.48s
INFO: [Epoch 5] [group evaluate] [metrics] pred_score max: 33.293289, num of top-score tie (avg per sample): 1.0034
INFO: [Epoch 5] [group evaluate] [metrics] top-score tie ratio (avg per sample): 0.9935%, samples with tied top (>1 item): 0.3448%
INFO: [Epoch 5] Group [metrics], Hit@[1, 5, 10]: [0.20759, 0.63172, 0.81586], NDCG@[1, 5, 10]: [0.20759, 0.42286, 0.48332]
INFO: [Epoch 5] [user evaluate] [metrics] pred_score max: 10.391626, num of top-score tie (avg per sample): 1.0043
INFO: [Epoch 5] [user evaluate] [metrics] top-score tie ratio (avg per sample): 0.9944%, samples with tied top (>1 item): 0.4319%
INFO: [Epoch 5] User [metrics], Hit@[1, 5, 10]: [0.21462, 0.65482, 0.82757], NDCG@[1, 5, 10]: [0.21462, 0.44069, 0.49693]
INFO: [Epoch 5] [group evaluate] [metrics_first] pred_score max: 33.293293, num of top-score tie (avg per sample): 1.0034
INFO: [Epoch 5] [group evaluate] [metrics_first] top-score tie ratio (avg per sample): 0.9935%, samples with tied top (>1 item): 0.3448%
INFO: [Epoch 5] Group [metrics_first], Hit@[1, 5, 10]: [0.20759, 0.63172, 0.81724], NDCG@[1, 5, 10]: [0.20759, 0.42295, 0.48382]
INFO: [Epoch 5] [user evaluate] [metrics_first] pred_score max: 10.391626, num of top-score tie (avg per sample): 1.0043
INFO: [Epoch 5] [user evaluate] [metrics_first] top-score tie ratio (avg per sample): 0.9944%, samples with tied top (>1 item): 0.4319%
INFO: [Epoch 5] User [metrics_first], Hit@[1, 5, 10]: [0.21462, 0.65482, 0.82757], NDCG@[1, 5, 10]: [0.21462, 0.44076, 0.497]
INFO: [Epoch 5] [group evaluate] [metrics_last] pred_score max: 33.293293, num of top-score tie (avg per sample): 1.0034
INFO: [Epoch 5] [group evaluate] [metrics_last] top-score tie ratio (avg per sample): 0.9935%, samples with tied top (>1 item): 0.3448%
INFO: [Epoch 5] Group [metrics_last], Hit@[1, 5, 10]: [0.20414, 0.63103, 0.81586], NDCG@[1, 5, 10]: [0.20414, 0.42064, 0.48134]
INFO: [Epoch 5] [user evaluate] [metrics_last] pred_score max: 10.391626, num of top-score tie (avg per sample): 1.0043
INFO: [Epoch 5] [user evaluate] [metrics_last] top-score tie ratio (avg per sample): 0.9944%, samples with tied top (>1 item): 0.4319%
INFO: [Epoch 5] User [metrics_last], Hit@[1, 5, 10]: [0.2103, 0.65382, 0.82724], NDCG@[1, 5, 10]: [0.2103, 0.43837, 0.49484]
INFO: [Epoch 5] [group evaluate] [metrics_tie_aware] pred_score max: 33.293289, num of top-score tie (avg per sample): 1.0034
INFO: [Epoch 5] [group evaluate] [metrics_tie_aware] top-score tie ratio (avg per sample): 0.9935%, samples with tied top (>1 item): 0.3448%
INFO: [Epoch 5] Group [metrics_tie_aware], Hit@[1, 5, 10]: [0.20586, 0.63138, 0.81655], NDCG@[1, 5, 10]: [0.20586, 0.4218, 0.48258]
INFO: [Epoch 5] [user evaluate] [metrics_tie_aware] pred_score max: 10.391626, num of top-score tie (avg per sample): 1.0043
INFO: [Epoch 5] [user evaluate] [metrics_tie_aware] top-score tie ratio (avg per sample): 0.9944%, samples with tied top (>1 item): 0.4319%
INFO: [Epoch 5] User [metrics_tie_aware], Hit@[1, 5, 10]: [0.21246, 0.65432, 0.82741], NDCG@[1, 5, 10]: [0.21246, 0.43956, 0.49592]
INFO: Epoch 6, group loss: 0.05987, Cost time: 8.77s
INFO: Epoch 6, user loss: 0.10418, Cost time: 1.49s
INFO: [Epoch 6] [group evaluate] [metrics] pred_score max: 36.633514, num of top-score tie (avg per sample): 1.0034
INFO: [Epoch 6] [group evaluate] [metrics] top-score tie ratio (avg per sample): 0.9935%, samples with tied top (>1 item): 0.3448%
INFO: [Epoch 6] Group [metrics], Hit@[1, 5, 10]: [0.20759, 0.63241, 0.82414], NDCG@[1, 5, 10]: [0.20759, 0.42224, 0.48495]
INFO: [Epoch 6] [user evaluate] [metrics] pred_score max: 11.960369, num of top-score tie (avg per sample): 1.0037
INFO: [Epoch 6] [user evaluate] [metrics] top-score tie ratio (avg per sample): 0.9937%, samples with tied top (>1 item): 0.3654%
INFO: [Epoch 6] User [metrics], Hit@[1, 5, 10]: [0.21362, 0.65781, 0.83023], NDCG@[1, 5, 10]: [0.21362, 0.44157, 0.49771]
INFO: [Epoch 6] [group evaluate] [metrics_first] pred_score max: 36.633514, num of top-score tie (avg per sample): 1.0034
INFO: [Epoch 6] [group evaluate] [metrics_first] top-score tie ratio (avg per sample): 0.9935%, samples with tied top (>1 item): 0.3448%
INFO: [Epoch 6] Group [metrics_first], Hit@[1, 5, 10]: [0.20759, 0.6331, 0.82414], NDCG@[1, 5, 10]: [0.20759, 0.42253, 0.48501]
INFO: [Epoch 6] [user evaluate] [metrics_first] pred_score max: 11.960369, num of top-score tie (avg per sample): 1.0037
INFO: [Epoch 6] [user evaluate] [metrics_first] top-score tie ratio (avg per sample): 0.9937%, samples with tied top (>1 item): 0.3654%
INFO: [Epoch 6] User [metrics_first], Hit@[1, 5, 10]: [0.21362, 0.65781, 0.83023], NDCG@[1, 5, 10]: [0.21362, 0.44172, 0.49787]
INFO: [Epoch 6] [group evaluate] [metrics_last] pred_score max: 36.633514, num of top-score tie (avg per sample): 1.0034
INFO: [Epoch 6] [group evaluate] [metrics_last] top-score tie ratio (avg per sample): 0.9935%, samples with tied top (>1 item): 0.3448%
INFO: [Epoch 6] Group [metrics_last], Hit@[1, 5, 10]: [0.20414, 0.63172, 0.82345], NDCG@[1, 5, 10]: [0.20414, 0.42001, 0.48277]
INFO: [Epoch 6] [user evaluate] [metrics_last] pred_score max: 11.960369, num of top-score tie (avg per sample): 1.0037
INFO: [Epoch 6] [user evaluate] [metrics_last] top-score tie ratio (avg per sample): 0.9937%, samples with tied top (>1 item): 0.3654%
INFO: [Epoch 6] User [metrics_last], Hit@[1, 5, 10]: [0.20997, 0.65714, 0.82957], NDCG@[1, 5, 10]: [0.20997, 0.43965, 0.49581]
INFO: [Epoch 6] [group evaluate] [metrics_tie_aware] pred_score max: 36.633518, num of top-score tie (avg per sample): 1.0034
INFO: [Epoch 6] [group evaluate] [metrics_tie_aware] top-score tie ratio (avg per sample): 0.9935%, samples with tied top (>1 item): 0.3448%
INFO: [Epoch 6] Group [metrics_tie_aware], Hit@[1, 5, 10]: [0.20586, 0.63241, 0.82379], NDCG@[1, 5, 10]: [0.20586, 0.42127, 0.48389]
INFO: [Epoch 6] [user evaluate] [metrics_tie_aware] pred_score max: 11.960369, num of top-score tie (avg per sample): 1.0037
INFO: [Epoch 6] [user evaluate] [metrics_tie_aware] top-score tie ratio (avg per sample): 0.9937%, samples with tied top (>1 item): 0.3654%
INFO: [Epoch 6] User [metrics_tie_aware], Hit@[1, 5, 10]: [0.21179, 0.65748, 0.8299], NDCG@[1, 5, 10]: [0.21179, 0.44069, 0.49684]
INFO: Epoch 7, group loss: 0.05697, Cost time: 8.95s
INFO: Epoch 7, user loss: 0.09606, Cost time: 1.49s
INFO: [Epoch 7] [group evaluate] [metrics] pred_score max: 38.281677, num of top-score tie (avg per sample): 1.0034
INFO: [Epoch 7] [group evaluate] [metrics] top-score tie ratio (avg per sample): 0.9935%, samples with tied top (>1 item): 0.3448%
INFO: [Epoch 7] Group [metrics], Hit@[1, 5, 10]: [0.2069, 0.63103, 0.82483], NDCG@[1, 5, 10]: [0.2069, 0.42136, 0.48458]
INFO: [Epoch 7] [user evaluate] [metrics] pred_score max: 12.204207, num of top-score tie (avg per sample): 1.0040
INFO: [Epoch 7] [user evaluate] [metrics] top-score tie ratio (avg per sample): 0.9940%, samples with tied top (>1 item): 0.3987%
INFO: [Epoch 7] User [metrics], Hit@[1, 5, 10]: [0.21927, 0.6608, 0.83289], NDCG@[1, 5, 10]: [0.21927, 0.44648, 0.50258]
INFO: [Epoch 7] [group evaluate] [metrics_first] pred_score max: 38.281677, num of top-score tie (avg per sample): 1.0034
INFO: [Epoch 7] [group evaluate] [metrics_first] top-score tie ratio (avg per sample): 0.9935%, samples with tied top (>1 item): 0.3448%
INFO: [Epoch 7] Group [metrics_first], Hit@[1, 5, 10]: [0.2069, 0.63103, 0.82552], NDCG@[1, 5, 10]: [0.2069, 0.42148, 0.48491]
INFO: [Epoch 7] [user evaluate] [metrics_first] pred_score max: 12.204207, num of top-score tie (avg per sample): 1.0040
INFO: [Epoch 7] [user evaluate] [metrics_first] top-score tie ratio (avg per sample): 0.9940%, samples with tied top (>1 item): 0.3987%
INFO: [Epoch 7] User [metrics_first], Hit@[1, 5, 10]: [0.21927, 0.6608, 0.83322], NDCG@[1, 5, 10]: [0.21927, 0.44657, 0.50277]
INFO: [Epoch 7] [group evaluate] [metrics_last] pred_score max: 38.281677, num of top-score tie (avg per sample): 1.0034
INFO: [Epoch 7] [group evaluate] [metrics_last] top-score tie ratio (avg per sample): 0.9935%, samples with tied top (>1 item): 0.3448%
INFO: [Epoch 7] Group [metrics_last], Hit@[1, 5, 10]: [0.20345, 0.63103, 0.82345], NDCG@[1, 5, 10]: [0.20345, 0.4195, 0.48229]
INFO: [Epoch 7] [user evaluate] [metrics_last] pred_score max: 12.204207, num of top-score tie (avg per sample): 1.0040
INFO: [Epoch 7] [user evaluate] [metrics_last] top-score tie ratio (avg per sample): 0.9940%, samples with tied top (>1 item): 0.3987%
INFO: [Epoch 7] User [metrics_last], Hit@[1, 5, 10]: [0.21528, 0.66047, 0.83289], NDCG@[1, 5, 10]: [0.21528, 0.44448, 0.50067]
INFO: [Epoch 7] [group evaluate] [metrics_tie_aware] pred_score max: 38.281677, num of top-score tie (avg per sample): 1.0034
INFO: [Epoch 7] [group evaluate] [metrics_tie_aware] top-score tie ratio (avg per sample): 0.9935%, samples with tied top (>1 item): 0.3448%
INFO: [Epoch 7] Group [metrics_tie_aware], Hit@[1, 5, 10]: [0.20517, 0.63103, 0.82448], NDCG@[1, 5, 10]: [0.20517, 0.42049, 0.4836]
INFO: [Epoch 7] [user evaluate] [metrics_tie_aware] pred_score max: 12.204207, num of top-score tie (avg per sample): 1.0040
INFO: [Epoch 7] [user evaluate] [metrics_tie_aware] top-score tie ratio (avg per sample): 0.9940%, samples with tied top (>1 item): 0.3987%
INFO: [Epoch 7] User [metrics_tie_aware], Hit@[1, 5, 10]: [0.21728, 0.66063, 0.83306], NDCG@[1, 5, 10]: [0.21728, 0.44552, 0.50172]
INFO: Epoch 8, group loss: 0.05358, Cost time: 9.30s
INFO: Epoch 8, user loss: 0.09134, Cost time: 1.57s
INFO: [Epoch 8] [group evaluate] [metrics] pred_score max: 39.073353, num of top-score tie (avg per sample): 1.0021
INFO: [Epoch 8] [group evaluate] [metrics] top-score tie ratio (avg per sample): 0.9921%, samples with tied top (>1 item): 0.2069%
INFO: [Epoch 8] Group [metrics], Hit@[1, 5, 10]: [0.20828, 0.63103, 0.82138], NDCG@[1, 5, 10]: [0.20828, 0.4212, 0.48348]
INFO: [Epoch 8] [user evaluate] [metrics] pred_score max: 12.503882, num of top-score tie (avg per sample): 1.0047
INFO: [Epoch 8] [user evaluate] [metrics] top-score tie ratio (avg per sample): 0.9947%, samples with tied top (>1 item): 0.4651%
INFO: [Epoch 8] User [metrics], Hit@[1, 5, 10]: [0.21595, 0.6608, 0.83754], NDCG@[1, 5, 10]: [0.21595, 0.44466, 0.50233]
INFO: [Epoch 8] [group evaluate] [metrics_first] pred_score max: 39.073353, num of top-score tie (avg per sample): 1.0021
INFO: [Epoch 8] [group evaluate] [metrics_first] top-score tie ratio (avg per sample): 0.9921%, samples with tied top (>1 item): 0.2069%
INFO: [Epoch 8] Group [metrics_first], Hit@[1, 5, 10]: [0.20828, 0.63172, 0.82207], NDCG@[1, 5, 10]: [0.20828, 0.42156, 0.48381]
INFO: [Epoch 8] [user evaluate] [metrics_first] pred_score max: 12.503882, num of top-score tie (avg per sample): 1.0047
INFO: [Epoch 8] [user evaluate] [metrics_first] top-score tie ratio (avg per sample): 0.9947%, samples with tied top (>1 item): 0.4651%
INFO: [Epoch 8] User [metrics_first], Hit@[1, 5, 10]: [0.21595, 0.6608, 0.83754], NDCG@[1, 5, 10]: [0.21595, 0.44475, 0.50242]
INFO: [Epoch 8] [group evaluate] [metrics_last] pred_score max: 39.073353, num of top-score tie (avg per sample): 1.0021
INFO: [Epoch 8] [group evaluate] [metrics_last] top-score tie ratio (avg per sample): 0.9921%, samples with tied top (>1 item): 0.2069%
INFO: [Epoch 8] Group [metrics_last], Hit@[1, 5, 10]: [0.20621, 0.62966, 0.82069], NDCG@[1, 5, 10]: [0.20621, 0.41931, 0.48186]
INFO: [Epoch 8] [user evaluate] [metrics_last] pred_score max: 12.503882, num of top-score tie (avg per sample): 1.0047
INFO: [Epoch 8] [user evaluate] [metrics_last] top-score tie ratio (avg per sample): 0.9947%, samples with tied top (>1 item): 0.4651%
INFO: [Epoch 8] User [metrics_last], Hit@[1, 5, 10]: [0.2113, 0.66047, 0.83754], NDCG@[1, 5, 10]: [0.2113, 0.4425, 0.50026]
INFO: [Epoch 8] [group evaluate] [metrics_tie_aware] pred_score max: 39.073353, num of top-score tie (avg per sample): 1.0021
INFO: [Epoch 8] [group evaluate] [metrics_tie_aware] top-score tie ratio (avg per sample): 0.9921%, samples with tied top (>1 item): 0.2069%
INFO: [Epoch 8] Group [metrics_tie_aware], Hit@[1, 5, 10]: [0.20724, 0.63069, 0.82138], NDCG@[1, 5, 10]: [0.20724, 0.42043, 0.48283]
INFO: [Epoch 8] [user evaluate] [metrics_tie_aware] pred_score max: 12.503882, num of top-score tie (avg per sample): 1.0047
INFO: [Epoch 8] [user evaluate] [metrics_tie_aware] top-score tie ratio (avg per sample): 0.9947%, samples with tied top (>1 item): 0.4651%
INFO: [Epoch 8] User [metrics_tie_aware], Hit@[1, 5, 10]: [0.21362, 0.66063, 0.83754], NDCG@[1, 5, 10]: [0.21362, 0.44362, 0.50134]
INFO: Epoch 9, group loss: 0.05148, Cost time: 8.93s
INFO: Epoch 9, user loss: 0.08705, Cost time: 1.46s
INFO: [Epoch 9] [group evaluate] [metrics] pred_score max: 40.386120, num of top-score tie (avg per sample): 1.0021
INFO: [Epoch 9] [group evaluate] [metrics] top-score tie ratio (avg per sample): 0.9921%, samples with tied top (>1 item): 0.2069%
INFO: [Epoch 9] Group [metrics], Hit@[1, 5, 10]: [0.21103, 0.63379, 0.82], NDCG@[1, 5, 10]: [0.21103, 0.42609, 0.48706]
INFO: [Epoch 9] [user evaluate] [metrics] pred_score max: 12.445210, num of top-score tie (avg per sample): 1.0043
INFO: [Epoch 9] [user evaluate] [metrics] top-score tie ratio (avg per sample): 0.9944%, samples with tied top (>1 item): 0.4319%
INFO: [Epoch 9] User [metrics], Hit@[1, 5, 10]: [0.20598, 0.66611, 0.83787], NDCG@[1, 5, 10]: [0.20598, 0.44212, 0.49804]
INFO: [Epoch 9] [group evaluate] [metrics_first] pred_score max: 40.386120, num of top-score tie (avg per sample): 1.0021
INFO: [Epoch 9] [group evaluate] [metrics_first] top-score tie ratio (avg per sample): 0.9921%, samples with tied top (>1 item): 0.2069%
INFO: [Epoch 9] Group [metrics_first], Hit@[1, 5, 10]: [0.21103, 0.63379, 0.82], NDCG@[1, 5, 10]: [0.21103, 0.42617, 0.48716]
INFO: [Epoch 9] [user evaluate] [metrics_first] pred_score max: 12.445210, num of top-score tie (avg per sample): 1.0043
INFO: [Epoch 9] [user evaluate] [metrics_first] top-score tie ratio (avg per sample): 0.9944%, samples with tied top (>1 item): 0.4319%
INFO: [Epoch 9] User [metrics_first], Hit@[1, 5, 10]: [0.20598, 0.66611, 0.83787], NDCG@[1, 5, 10]: [0.20598, 0.44227, 0.49821]
INFO: [Epoch 9] [group evaluate] [metrics_last] pred_score max: 40.386120, num of top-score tie (avg per sample): 1.0021
INFO: [Epoch 9] [group evaluate] [metrics_last] top-score tie ratio (avg per sample): 0.9921%, samples with tied top (>1 item): 0.2069%
INFO: [Epoch 9] Group [metrics_last], Hit@[1, 5, 10]: [0.20897, 0.63379, 0.81862], NDCG@[1, 5, 10]: [0.20897, 0.42455, 0.4851]
INFO: [Epoch 9] [user evaluate] [metrics_last] pred_score max: 12.445210, num of top-score tie (avg per sample): 1.0043
INFO: [Epoch 9] [user evaluate] [metrics_last] top-score tie ratio (avg per sample): 0.9944%, samples with tied top (>1 item): 0.4319%
INFO: [Epoch 9] User [metrics_last], Hit@[1, 5, 10]: [0.20166, 0.66545, 0.83787], NDCG@[1, 5, 10]: [0.20166, 0.43997, 0.49611]
INFO: [Epoch 9] [group evaluate] [metrics_tie_aware] pred_score max: 40.386120, num of top-score tie (avg per sample): 1.0021
INFO: [Epoch 9] [group evaluate] [metrics_tie_aware] top-score tie ratio (avg per sample): 0.9921%, samples with tied top (>1 item): 0.2069%
INFO: [Epoch 9] Group [metrics_tie_aware], Hit@[1, 5, 10]: [0.21, 0.63379, 0.81931], NDCG@[1, 5, 10]: [0.21, 0.42536, 0.48613]
INFO: [Epoch 9] [user evaluate] [metrics_tie_aware] pred_score max: 12.445210, num of top-score tie (avg per sample): 1.0043
INFO: [Epoch 9] [user evaluate] [metrics_tie_aware] top-score tie ratio (avg per sample): 0.9944%, samples with tied top (>1 item): 0.4319%
INFO: [Epoch 9] User [metrics_tie_aware], Hit@[1, 5, 10]: [0.20382, 0.66578, 0.83787], NDCG@[1, 5, 10]: [0.20382, 0.44112, 0.49716]
INFO: Epoch 10, group loss: 0.04912, Cost time: 10.02s
INFO: Epoch 10, user loss: 0.08395, Cost time: 1.51s
INFO: [Epoch 10] [group evaluate] [metrics] pred_score max: 41.457058, num of top-score tie (avg per sample): 1.0028
INFO: [Epoch 10] [group evaluate] [metrics] top-score tie ratio (avg per sample): 0.9928%, samples with tied top (>1 item): 0.2759%
INFO: [Epoch 10] Group [metrics], Hit@[1, 5, 10]: [0.20828, 0.63724, 0.81862], NDCG@[1, 5, 10]: [0.20828, 0.42553, 0.485]
INFO: [Epoch 10] [user evaluate] [metrics] pred_score max: 12.750839, num of top-score tie (avg per sample): 1.0043
INFO: [Epoch 10] [user evaluate] [metrics] top-score tie ratio (avg per sample): 0.9944%, samples with tied top (>1 item): 0.4319%
INFO: [Epoch 10] User [metrics], Hit@[1, 5, 10]: [0.2206, 0.66545, 0.8412], NDCG@[1, 5, 10]: [0.2206, 0.44899, 0.50617]
INFO: [Epoch 10] [group evaluate] [metrics_first] pred_score max: 41.457062, num of top-score tie (avg per sample): 1.0028
INFO: [Epoch 10] [group evaluate] [metrics_first] top-score tie ratio (avg per sample): 0.9928%, samples with tied top (>1 item): 0.2759%
INFO: [Epoch 10] Group [metrics_first], Hit@[1, 5, 10]: [0.20828, 0.63724, 0.81862], NDCG@[1, 5, 10]: [0.20828, 0.42557, 0.48506]
INFO: [Epoch 10] [user evaluate] [metrics_first] pred_score max: 12.750839, num of top-score tie (avg per sample): 1.0043
INFO: [Epoch 10] [user evaluate] [metrics_first] top-score tie ratio (avg per sample): 0.9944%, samples with tied top (>1 item): 0.4319%
INFO: [Epoch 10] User [metrics_first], Hit@[1, 5, 10]: [0.2206, 0.66545, 0.8412], NDCG@[1, 5, 10]: [0.2206, 0.449, 0.50619]
INFO: [Epoch 10] [group evaluate] [metrics_last] pred_score max: 41.457054, num of top-score tie (avg per sample): 1.0028
INFO: [Epoch 10] [group evaluate] [metrics_last] top-score tie ratio (avg per sample): 0.9928%, samples with tied top (>1 item): 0.2759%
INFO: [Epoch 10] Group [metrics_last], Hit@[1, 5, 10]: [0.20552, 0.63655, 0.81793], NDCG@[1, 5, 10]: [0.20552, 0.42343, 0.48293]
INFO: [Epoch 10] [user evaluate] [metrics_last] pred_score max: 12.750839, num of top-score tie (avg per sample): 1.0043
INFO: [Epoch 10] [user evaluate] [metrics_last] top-score tie ratio (avg per sample): 0.9944%, samples with tied top (>1 item): 0.4319%
INFO: [Epoch 10] User [metrics_last], Hit@[1, 5, 10]: [0.21628, 0.66478, 0.84086], NDCG@[1, 5, 10]: [0.21628, 0.44678, 0.50407]
INFO: [Epoch 10] [group evaluate] [metrics_tie_aware] pred_score max: 41.457054, num of top-score tie (avg per sample): 1.0028
INFO: [Epoch 10] [group evaluate] [metrics_tie_aware] top-score tie ratio (avg per sample): 0.9928%, samples with tied top (>1 item): 0.2759%
INFO: [Epoch 10] Group [metrics_tie_aware], Hit@[1, 5, 10]: [0.2069, 0.6369, 0.81828], NDCG@[1, 5, 10]: [0.2069, 0.4245, 0.48399]
INFO: [Epoch 10] [user evaluate] [metrics_tie_aware] pred_score max: 12.750839, num of top-score tie (avg per sample): 1.0043
INFO: [Epoch 10] [user evaluate] [metrics_tie_aware] top-score tie ratio (avg per sample): 0.9944%, samples with tied top (>1 item): 0.4319%
INFO: [Epoch 10] User [metrics_tie_aware], Hit@[1, 5, 10]: [0.21844, 0.66512, 0.84103], NDCG@[1, 5, 10]: [0.21844, 0.44789, 0.50513]
INFO: Epoch 11, group loss: 0.04505, Cost time: 9.73s
INFO: Epoch 11, user loss: 0.08019, Cost time: 1.43s
INFO: [Epoch 11] [group evaluate] [metrics] pred_score max: 42.933640, num of top-score tie (avg per sample): 1.0021
INFO: [Epoch 11] [group evaluate] [metrics] top-score tie ratio (avg per sample): 0.9921%, samples with tied top (>1 item): 0.2069%
INFO: [Epoch 11] Group [metrics], Hit@[1, 5, 10]: [0.21103, 0.62828, 0.81586], NDCG@[1, 5, 10]: [0.21103, 0.42241, 0.48381]
INFO: [Epoch 11] [user evaluate] [metrics] pred_score max: 13.510260, num of top-score tie (avg per sample): 1.0033
INFO: [Epoch 11] [user evaluate] [metrics] top-score tie ratio (avg per sample): 0.9934%, samples with tied top (>1 item): 0.3322%
INFO: [Epoch 11] User [metrics], Hit@[1, 5, 10]: [0.21561, 0.66346, 0.84319], NDCG@[1, 5, 10]: [0.21561, 0.44556, 0.5041]
INFO: [Epoch 11] [group evaluate] [metrics_first] pred_score max: 42.933640, num of top-score tie (avg per sample): 1.0021
INFO: [Epoch 11] [group evaluate] [metrics_first] top-score tie ratio (avg per sample): 0.9921%, samples with tied top (>1 item): 0.2069%
INFO: [Epoch 11] Group [metrics_first], Hit@[1, 5, 10]: [0.21103, 0.62828, 0.81655], NDCG@[1, 5, 10]: [0.21103, 0.4225, 0.4841]
INFO: [Epoch 11] [user evaluate] [metrics_first] pred_score max: 13.510260, num of top-score tie (avg per sample): 1.0033
INFO: [Epoch 11] [user evaluate] [metrics_first] top-score tie ratio (avg per sample): 0.9934%, samples with tied top (>1 item): 0.3322%
INFO: [Epoch 11] User [metrics_first], Hit@[1, 5, 10]: [0.21561, 0.66379, 0.84319], NDCG@[1, 5, 10]: [0.21561, 0.44576, 0.5042]
INFO: [Epoch 11] [group evaluate] [metrics_last] pred_score max: 42.933640, num of top-score tie (avg per sample): 1.0021
INFO: [Epoch 11] [group evaluate] [metrics_last] top-score tie ratio (avg per sample): 0.9921%, samples with tied top (>1 item): 0.2069%
INFO: [Epoch 11] Group [metrics_last], Hit@[1, 5, 10]: [0.20897, 0.62828, 0.81586], NDCG@[1, 5, 10]: [0.20897, 0.42071, 0.48208]
INFO: [Epoch 11] [user evaluate] [metrics_last] pred_score max: 13.510260, num of top-score tie (avg per sample): 1.0033
INFO: [Epoch 11] [user evaluate] [metrics_last] top-score tie ratio (avg per sample): 0.9934%, samples with tied top (>1 item): 0.3322%
INFO: [Epoch 11] User [metrics_last], Hit@[1, 5, 10]: [0.21229, 0.66279, 0.84319], NDCG@[1, 5, 10]: [0.21229, 0.4436, 0.50237]
INFO: [Epoch 11] [group evaluate] [metrics_tie_aware] pred_score max: 42.933640, num of top-score tie (avg per sample): 1.0021
INFO: [Epoch 11] [group evaluate] [metrics_tie_aware] top-score tie ratio (avg per sample): 0.9921%, samples with tied top (>1 item): 0.2069%
INFO: [Epoch 11] Group [metrics_tie_aware], Hit@[1, 5, 10]: [0.21, 0.62828, 0.81621], NDCG@[1, 5, 10]: [0.21, 0.4216, 0.48309]
INFO: [Epoch 11] [user evaluate] [metrics_tie_aware] pred_score max: 13.510260, num of top-score tie (avg per sample): 1.0033
INFO: [Epoch 11] [user evaluate] [metrics_tie_aware] top-score tie ratio (avg per sample): 0.9934%, samples with tied top (>1 item): 0.3322%
INFO: [Epoch 11] User [metrics_tie_aware], Hit@[1, 5, 10]: [0.21395, 0.66329, 0.84319], NDCG@[1, 5, 10]: [0.21395, 0.44468, 0.50329]
INFO: Epoch 12, group loss: 0.04429, Cost time: 10.15s
INFO: Epoch 12, user loss: 0.07620, Cost time: 1.53s
INFO: [Epoch 12] [group evaluate] [metrics] pred_score max: 44.906185, num of top-score tie (avg per sample): 1.0034
INFO: [Epoch 12] [group evaluate] [metrics] top-score tie ratio (avg per sample): 0.9935%, samples with tied top (>1 item): 0.3448%
INFO: [Epoch 12] Group [metrics], Hit@[1, 5, 10]: [0.21862, 0.63172, 0.82414], NDCG@[1, 5, 10]: [0.21862, 0.42719, 0.49]
INFO: [Epoch 12] [user evaluate] [metrics] pred_score max: 13.628086, num of top-score tie (avg per sample): 1.0033
INFO: [Epoch 12] [user evaluate] [metrics] top-score tie ratio (avg per sample): 0.9934%, samples with tied top (>1 item): 0.3322%
INFO: [Epoch 12] User [metrics], Hit@[1, 5, 10]: [0.22359, 0.66844, 0.84219], NDCG@[1, 5, 10]: [0.22359, 0.45128, 0.50808]
INFO: [Epoch 12] [group evaluate] [metrics_first] pred_score max: 44.906181, num of top-score tie (avg per sample): 1.0034
INFO: [Epoch 12] [group evaluate] [metrics_first] top-score tie ratio (avg per sample): 0.9935%, samples with tied top (>1 item): 0.3448%
INFO: [Epoch 12] Group [metrics_first], Hit@[1, 5, 10]: [0.21862, 0.63172, 0.82414], NDCG@[1, 5, 10]: [0.21862, 0.42727, 0.49008]
INFO: [Epoch 12] [user evaluate] [metrics_first] pred_score max: 13.628086, num of top-score tie (avg per sample): 1.0033
INFO: [Epoch 12] [user evaluate] [metrics_first] top-score tie ratio (avg per sample): 0.9934%, samples with tied top (>1 item): 0.3322%
INFO: [Epoch 12] User [metrics_first], Hit@[1, 5, 10]: [0.22359, 0.66877, 0.84252], NDCG@[1, 5, 10]: [0.22359, 0.45146, 0.50823]
INFO: [Epoch 12] [group evaluate] [metrics_last] pred_score max: 44.906181, num of top-score tie (avg per sample): 1.0034
INFO: [Epoch 12] [group evaluate] [metrics_last] top-score tie ratio (avg per sample): 0.9935%, samples with tied top (>1 item): 0.3448%
INFO: [Epoch 12] Group [metrics_last], Hit@[1, 5, 10]: [0.21517, 0.63172, 0.82345], NDCG@[1, 5, 10]: [0.21517, 0.42523, 0.48781]
INFO: [Epoch 12] [user evaluate] [metrics_last] pred_score max: 13.628086, num of top-score tie (avg per sample): 1.0033
INFO: [Epoch 12] [user evaluate] [metrics_last] top-score tie ratio (avg per sample): 0.9934%, samples with tied top (>1 item): 0.3322%
INFO: [Epoch 12] User [metrics_last], Hit@[1, 5, 10]: [0.22027, 0.66777, 0.84219], NDCG@[1, 5, 10]: [0.22027, 0.44931, 0.50631]
INFO: [Epoch 12] [group evaluate] [metrics_tie_aware] pred_score max: 44.906181, num of top-score tie (avg per sample): 1.0034
INFO: [Epoch 12] [group evaluate] [metrics_tie_aware] top-score tie ratio (avg per sample): 0.9935%, samples with tied top (>1 item): 0.3448%
INFO: [Epoch 12] Group [metrics_tie_aware], Hit@[1, 5, 10]: [0.2169, 0.63172, 0.82379], NDCG@[1, 5, 10]: [0.2169, 0.42625, 0.48895]
INFO: [Epoch 12] [user evaluate] [metrics_tie_aware] pred_score max: 13.628086, num of top-score tie (avg per sample): 1.0033
INFO: [Epoch 12] [user evaluate] [metrics_tie_aware] top-score tie ratio (avg per sample): 0.9934%, samples with tied top (>1 item): 0.3322%
INFO: [Epoch 12] User [metrics_tie_aware], Hit@[1, 5, 10]: [0.22193, 0.66827, 0.84236], NDCG@[1, 5, 10]: [0.22193, 0.45038, 0.50727]
INFO: Epoch 13, group loss: 0.04296, Cost time: 9.48s
INFO: Epoch 13, user loss: 0.07398, Cost time: 1.49s
INFO: [Epoch 13] [group evaluate] [metrics] pred_score max: 47.593521, num of top-score tie (avg per sample): 1.0034
INFO: [Epoch 13] [group evaluate] [metrics] top-score tie ratio (avg per sample): 0.9935%, samples with tied top (>1 item): 0.3448%
INFO: [Epoch 13] Group [metrics], Hit@[1, 5, 10]: [0.22207, 0.62414, 0.82621], NDCG@[1, 5, 10]: [0.22207, 0.42411, 0.48974]
INFO: [Epoch 13] [user evaluate] [metrics] pred_score max: 14.049351, num of top-score tie (avg per sample): 1.0037
INFO: [Epoch 13] [user evaluate] [metrics] top-score tie ratio (avg per sample): 0.9937%, samples with tied top (>1 item): 0.3654%
INFO: [Epoch 13] User [metrics], Hit@[1, 5, 10]: [0.22791, 0.67608, 0.84718], NDCG@[1, 5, 10]: [0.22791, 0.45495, 0.51098]
INFO: [Epoch 13] [group evaluate] [metrics_first] pred_score max: 47.593521, num of top-score tie (avg per sample): 1.0034
INFO: [Epoch 13] [group evaluate] [metrics_first] top-score tie ratio (avg per sample): 0.9935%, samples with tied top (>1 item): 0.3448%
INFO: [Epoch 13] Group [metrics_first], Hit@[1, 5, 10]: [0.22207, 0.62414, 0.8269], NDCG@[1, 5, 10]: [0.22207, 0.42423, 0.49006]
INFO: [Epoch 13] [user evaluate] [metrics_first] pred_score max: 14.049351, num of top-score tie (avg per sample): 1.0037
INFO: [Epoch 13] [user evaluate] [metrics_first] top-score tie ratio (avg per sample): 0.9937%, samples with tied top (>1 item): 0.3654%
INFO: [Epoch 13] User [metrics_first], Hit@[1, 5, 10]: [0.22791, 0.67608, 0.84751], NDCG@[1, 5, 10]: [0.22791, 0.45506, 0.51119]
INFO: [Epoch 13] [group evaluate] [metrics_last] pred_score max: 47.593529, num of top-score tie (avg per sample): 1.0034
INFO: [Epoch 13] [group evaluate] [metrics_last] top-score tie ratio (avg per sample): 0.9935%, samples with tied top (>1 item): 0.3448%
INFO: [Epoch 13] Group [metrics_last], Hit@[1, 5, 10]: [0.21862, 0.62345, 0.82552], NDCG@[1, 5, 10]: [0.21862, 0.42191, 0.48756]
INFO: [Epoch 13] [user evaluate] [metrics_last] pred_score max: 14.049351, num of top-score tie (avg per sample): 1.0037
INFO: [Epoch 13] [user evaluate] [metrics_last] top-score tie ratio (avg per sample): 0.9937%, samples with tied top (>1 item): 0.3654%
INFO: [Epoch 13] User [metrics_last], Hit@[1, 5, 10]: [0.22425, 0.67508, 0.84684], NDCG@[1, 5, 10]: [0.22425, 0.45281, 0.50907]
INFO: [Epoch 13] [group evaluate] [metrics_tie_aware] pred_score max: 47.593525, num of top-score tie (avg per sample): 1.0034
INFO: [Epoch 13] [group evaluate] [metrics_tie_aware] top-score tie ratio (avg per sample): 0.9935%, samples with tied top (>1 item): 0.3448%
INFO: [Epoch 13] Group [metrics_tie_aware], Hit@[1, 5, 10]: [0.22034, 0.62379, 0.82621], NDCG@[1, 5, 10]: [0.22034, 0.42307, 0.48881]
INFO: [Epoch 13] [user evaluate] [metrics_tie_aware] pred_score max: 14.049351, num of top-score tie (avg per sample): 1.0037
INFO: [Epoch 13] [user evaluate] [metrics_tie_aware] top-score tie ratio (avg per sample): 0.9937%, samples with tied top (>1 item): 0.3654%
INFO: [Epoch 13] User [metrics_tie_aware], Hit@[1, 5, 10]: [0.22608, 0.67558, 0.84718], NDCG@[1, 5, 10]: [0.22608, 0.45393, 0.51013]
INFO: Epoch 14, group loss: 0.04242, Cost time: 9.50s
INFO: Epoch 14, user loss: 0.07083, Cost time: 1.55s
INFO: [Epoch 14] [group evaluate] [metrics] pred_score max: 49.891602, num of top-score tie (avg per sample): 1.0028
INFO: [Epoch 14] [group evaluate] [metrics] top-score tie ratio (avg per sample): 0.9928%, samples with tied top (>1 item): 0.2759%
INFO: [Epoch 14] Group [metrics], Hit@[1, 5, 10]: [0.21586, 0.63379, 0.82], NDCG@[1, 5, 10]: [0.21586, 0.42716, 0.48791]
INFO: [Epoch 14] [user evaluate] [metrics] pred_score max: 14.865454, num of top-score tie (avg per sample): 1.0037
INFO: [Epoch 14] [user evaluate] [metrics] top-score tie ratio (avg per sample): 0.9937%, samples with tied top (>1 item): 0.3654%
INFO: [Epoch 14] User [metrics], Hit@[1, 5, 10]: [0.22359, 0.67542, 0.8495], NDCG@[1, 5, 10]: [0.22359, 0.45377, 0.51076]
INFO: [Epoch 14] [group evaluate] [metrics_first] pred_score max: 49.891594, num of top-score tie (avg per sample): 1.0028
INFO: [Epoch 14] [group evaluate] [metrics_first] top-score tie ratio (avg per sample): 0.9928%, samples with tied top (>1 item): 0.2759%
INFO: [Epoch 14] Group [metrics_first], Hit@[1, 5, 10]: [0.21586, 0.63379, 0.82069], NDCG@[1, 5, 10]: [0.21586, 0.4273, 0.48825]
INFO: [Epoch 14] [user evaluate] [metrics_first] pred_score max: 14.865454, num of top-score tie (avg per sample): 1.0037
INFO: [Epoch 14] [user evaluate] [metrics_first] top-score tie ratio (avg per sample): 0.9937%, samples with tied top (>1 item): 0.3654%
INFO: [Epoch 14] User [metrics_first], Hit@[1, 5, 10]: [0.22359, 0.67542, 0.8495], NDCG@[1, 5, 10]: [0.22359, 0.4539, 0.51091]
INFO: [Epoch 14] [group evaluate] [metrics_last] pred_score max: 49.891598, num of top-score tie (avg per sample): 1.0028
INFO: [Epoch 14] [group evaluate] [metrics_last] top-score tie ratio (avg per sample): 0.9928%, samples with tied top (>1 item): 0.2759%
INFO: [Epoch 14] Group [metrics_last], Hit@[1, 5, 10]: [0.2131, 0.6331, 0.81931], NDCG@[1, 5, 10]: [0.2131, 0.42522, 0.48598]
INFO: [Epoch 14] [user evaluate] [metrics_last] pred_score max: 14.865454, num of top-score tie (avg per sample): 1.0037
INFO: [Epoch 14] [user evaluate] [metrics_last] top-score tie ratio (avg per sample): 0.9937%, samples with tied top (>1 item): 0.3654%
INFO: [Epoch 14] User [metrics_last], Hit@[1, 5, 10]: [0.21993, 0.67442, 0.84917], NDCG@[1, 5, 10]: [0.21993, 0.4517, 0.50894]
INFO: [Epoch 14] [group evaluate] [metrics_tie_aware] pred_score max: 49.891594, num of top-score tie (avg per sample): 1.0028
INFO: [Epoch 14] [group evaluate] [metrics_tie_aware] top-score tie ratio (avg per sample): 0.9928%, samples with tied top (>1 item): 0.2759%
INFO: [Epoch 14] Group [metrics_tie_aware], Hit@[1, 5, 10]: [0.21448, 0.63345, 0.82], NDCG@[1, 5, 10]: [0.21448, 0.42626, 0.48712]
INFO: [Epoch 14] [user evaluate] [metrics_tie_aware] pred_score max: 14.865454, num of top-score tie (avg per sample): 1.0037
INFO: [Epoch 14] [user evaluate] [metrics_tie_aware] top-score tie ratio (avg per sample): 0.9937%, samples with tied top (>1 item): 0.3654%
INFO: [Epoch 14] User [metrics_tie_aware], Hit@[1, 5, 10]: [0.22176, 0.67492, 0.84934], NDCG@[1, 5, 10]: [0.22176, 0.4528, 0.50992]
INFO: Epoch 15, group loss: 0.04001, Cost time: 9.67s
INFO: Epoch 15, user loss: 0.07094, Cost time: 1.44s
INFO: [Epoch 15] [group evaluate] [metrics] pred_score max: 50.294243, num of top-score tie (avg per sample): 1.0028
INFO: [Epoch 15] [group evaluate] [metrics] top-score tie ratio (avg per sample): 0.9928%, samples with tied top (>1 item): 0.2759%
INFO: [Epoch 15] Group [metrics], Hit@[1, 5, 10]: [0.20759, 0.62828, 0.82], NDCG@[1, 5, 10]: [0.20759, 0.42079, 0.48309]
INFO: [Epoch 15] [user evaluate] [metrics] pred_score max: 16.020142, num of top-score tie (avg per sample): 1.0040
INFO: [Epoch 15] [user evaluate] [metrics] top-score tie ratio (avg per sample): 0.9940%, samples with tied top (>1 item): 0.3987%
INFO: [Epoch 15] User [metrics], Hit@[1, 5, 10]: [0.21728, 0.6711, 0.84917], NDCG@[1, 5, 10]: [0.21728, 0.45138, 0.50969]
INFO: [Epoch 15] [group evaluate] [metrics_first] pred_score max: 50.294250, num of top-score tie (avg per sample): 1.0028
INFO: [Epoch 15] [group evaluate] [metrics_first] top-score tie ratio (avg per sample): 0.9928%, samples with tied top (>1 item): 0.2759%
INFO: [Epoch 15] Group [metrics_first], Hit@[1, 5, 10]: [0.20759, 0.62828, 0.82], NDCG@[1, 5, 10]: [0.20759, 0.42089, 0.48319]
INFO: [Epoch 15] [user evaluate] [metrics_first] pred_score max: 16.020142, num of top-score tie (avg per sample): 1.0040
INFO: [Epoch 15] [user evaluate] [metrics_first] top-score tie ratio (avg per sample): 0.9940%, samples with tied top (>1 item): 0.3987%
INFO: [Epoch 15] User [metrics_first], Hit@[1, 5, 10]: [0.21728, 0.6711, 0.84917], NDCG@[1, 5, 10]: [0.21728, 0.45147, 0.50978]
INFO: [Epoch 15] [group evaluate] [metrics_last] pred_score max: 50.294243, num of top-score tie (avg per sample): 1.0028
INFO: [Epoch 15] [group evaluate] [metrics_last] top-score tie ratio (avg per sample): 0.9928%, samples with tied top (>1 item): 0.2759%
INFO: [Epoch 15] Group [metrics_last], Hit@[1, 5, 10]: [0.20483, 0.6269, 0.81931], NDCG@[1, 5, 10]: [0.20483, 0.41846, 0.48103]
INFO: [Epoch 15] [user evaluate] [metrics_last] pred_score max: 16.020142, num of top-score tie (avg per sample): 1.0040
INFO: [Epoch 15] [user evaluate] [metrics_last] top-score tie ratio (avg per sample): 0.9940%, samples with tied top (>1 item): 0.3987%
INFO: [Epoch 15] User [metrics_last], Hit@[1, 5, 10]: [0.21329, 0.6701, 0.84884], NDCG@[1, 5, 10]: [0.21329, 0.44918, 0.50772]
INFO: [Epoch 15] [group evaluate] [metrics_tie_aware] pred_score max: 50.294243, num of top-score tie (avg per sample): 1.0028
INFO: [Epoch 15] [group evaluate] [metrics_tie_aware] top-score tie ratio (avg per sample): 0.9928%, samples with tied top (>1 item): 0.2759%
INFO: [Epoch 15] Group [metrics_tie_aware], Hit@[1, 5, 10]: [0.20621, 0.62759, 0.81966], NDCG@[1, 5, 10]: [0.20621, 0.41967, 0.48211]
INFO: [Epoch 15] [user evaluate] [metrics_tie_aware] pred_score max: 16.020142, num of top-score tie (avg per sample): 1.0040
INFO: [Epoch 15] [user evaluate] [metrics_tie_aware] top-score tie ratio (avg per sample): 0.9940%, samples with tied top (>1 item): 0.3987%
INFO: [Epoch 15] User [metrics_tie_aware], Hit@[1, 5, 10]: [0.21528, 0.6706, 0.849], NDCG@[1, 5, 10]: [0.21528, 0.45033, 0.50875]
INFO: Epoch 16, group loss: 0.03908, Cost time: 8.75s
INFO: Epoch 16, user loss: 0.06825, Cost time: 1.62s
INFO: [Epoch 16] [group evaluate] [metrics] pred_score max: 51.668934, num of top-score tie (avg per sample): 1.0028
INFO: [Epoch 16] [group evaluate] [metrics] top-score tie ratio (avg per sample): 0.9928%, samples with tied top (>1 item): 0.2759%
INFO: [Epoch 16] Group [metrics], Hit@[1, 5, 10]: [0.21517, 0.62828, 0.81724], NDCG@[1, 5, 10]: [0.21517, 0.42464, 0.4863]
INFO: [Epoch 16] [user evaluate] [metrics] pred_score max: 16.017637, num of top-score tie (avg per sample): 1.0040
INFO: [Epoch 16] [user evaluate] [metrics] top-score tie ratio (avg per sample): 0.9940%, samples with tied top (>1 item): 0.3987%
INFO: [Epoch 16] User [metrics], Hit@[1, 5, 10]: [0.21993, 0.6701, 0.84983], NDCG@[1, 5, 10]: [0.21993, 0.45282, 0.51172]
INFO: [Epoch 16] [group evaluate] [metrics_first] pred_score max: 51.668930, num of top-score tie (avg per sample): 1.0028
INFO: [Epoch 16] [group evaluate] [metrics_first] top-score tie ratio (avg per sample): 0.9928%, samples with tied top (>1 item): 0.2759%
INFO: [Epoch 16] Group [metrics_first], Hit@[1, 5, 10]: [0.21517, 0.62828, 0.81793], NDCG@[1, 5, 10]: [0.21517, 0.42469, 0.48655]
INFO: [Epoch 16] [user evaluate] [metrics_first] pred_score max: 16.017637, num of top-score tie (avg per sample): 1.0040
INFO: [Epoch 16] [user evaluate] [metrics_first] top-score tie ratio (avg per sample): 0.9940%, samples with tied top (>1 item): 0.3987%
INFO: [Epoch 16] User [metrics_first], Hit@[1, 5, 10]: [0.21993, 0.6701, 0.84983], NDCG@[1, 5, 10]: [0.21993, 0.45293, 0.51184]
INFO: [Epoch 16] [group evaluate] [metrics_last] pred_score max: 51.668934, num of top-score tie (avg per sample): 1.0028
INFO: [Epoch 16] [group evaluate] [metrics_last] top-score tie ratio (avg per sample): 0.9928%, samples with tied top (>1 item): 0.2759%
INFO: [Epoch 16] Group [metrics_last], Hit@[1, 5, 10]: [0.21241, 0.62759, 0.81724], NDCG@[1, 5, 10]: [0.21241, 0.42255, 0.48442]
INFO: [Epoch 16] [user evaluate] [metrics_last] pred_score max: 16.017637, num of top-score tie (avg per sample): 1.0040
INFO: [Epoch 16] [user evaluate] [metrics_last] top-score tie ratio (avg per sample): 0.9940%, samples with tied top (>1 item): 0.3987%
INFO: [Epoch 16] User [metrics_last], Hit@[1, 5, 10]: [0.21595, 0.66944, 0.8495], NDCG@[1, 5, 10]: [0.21595, 0.45078, 0.5098]
INFO: [Epoch 16] [group evaluate] [metrics_tie_aware] pred_score max: 51.668934, num of top-score tie (avg per sample): 1.0028
INFO: [Epoch 16] [group evaluate] [metrics_tie_aware] top-score tie ratio (avg per sample): 0.9928%, samples with tied top (>1 item): 0.2759%
INFO: [Epoch 16] Group [metrics_tie_aware], Hit@[1, 5, 10]: [0.21379, 0.62793, 0.81759], NDCG@[1, 5, 10]: [0.21379, 0.42362, 0.48548]
INFO: [Epoch 16] [user evaluate] [metrics_tie_aware] pred_score max: 16.017637, num of top-score tie (avg per sample): 1.0040
INFO: [Epoch 16] [user evaluate] [metrics_tie_aware] top-score tie ratio (avg per sample): 0.9940%, samples with tied top (>1 item): 0.3987%
INFO: [Epoch 16] User [metrics_tie_aware], Hit@[1, 5, 10]: [0.21794, 0.66977, 0.84967], NDCG@[1, 5, 10]: [0.21794, 0.45185, 0.51082]
INFO: Epoch 17, group loss: 0.03808, Cost time: 9.50s
INFO: Epoch 17, user loss: 0.06814, Cost time: 1.52s
INFO: [Epoch 17] [group evaluate] [metrics] pred_score max: 53.668869, num of top-score tie (avg per sample): 1.0021
INFO: [Epoch 17] [group evaluate] [metrics] top-score tie ratio (avg per sample): 0.9921%, samples with tied top (>1 item): 0.2069%
INFO: [Epoch 17] Group [metrics], Hit@[1, 5, 10]: [0.22276, 0.62897, 0.82207], NDCG@[1, 5, 10]: [0.22276, 0.427, 0.48999]
INFO: [Epoch 17] [user evaluate] [metrics] pred_score max: 16.412670, num of top-score tie (avg per sample): 1.0040
INFO: [Epoch 17] [user evaluate] [metrics] top-score tie ratio (avg per sample): 0.9940%, samples with tied top (>1 item): 0.3987%
INFO: [Epoch 17] User [metrics], Hit@[1, 5, 10]: [0.22591, 0.66944, 0.84884], NDCG@[1, 5, 10]: [0.22591, 0.45474, 0.51357]
INFO: [Epoch 17] [group evaluate] [metrics_first] pred_score max: 53.668873, num of top-score tie (avg per sample): 1.0021
INFO: [Epoch 17] [group evaluate] [metrics_first] top-score tie ratio (avg per sample): 0.9921%, samples with tied top (>1 item): 0.2069%
INFO: [Epoch 17] Group [metrics_first], Hit@[1, 5, 10]: [0.22276, 0.62897, 0.82276], NDCG@[1, 5, 10]: [0.22276, 0.42717, 0.49036]
INFO: [Epoch 17] [user evaluate] [metrics_first] pred_score max: 16.412670, num of top-score tie (avg per sample): 1.0040
INFO: [Epoch 17] [user evaluate] [metrics_first] top-score tie ratio (avg per sample): 0.9940%, samples with tied top (>1 item): 0.3987%
INFO: [Epoch 17] User [metrics_first], Hit@[1, 5, 10]: [0.22591, 0.66944, 0.84917], NDCG@[1, 5, 10]: [0.22591, 0.45485, 0.51378]
INFO: [Epoch 17] [group evaluate] [metrics_last] pred_score max: 53.668869, num of top-score tie (avg per sample): 1.0021
INFO: [Epoch 17] [group evaluate] [metrics_last] top-score tie ratio (avg per sample): 0.9921%, samples with tied top (>1 item): 0.2069%
INFO: [Epoch 17] Group [metrics_last], Hit@[1, 5, 10]: [0.22069, 0.62759, 0.82138], NDCG@[1, 5, 10]: [0.22069, 0.42497, 0.48823]
INFO: [Epoch 17] [user evaluate] [metrics_last] pred_score max: 16.412670, num of top-score tie (avg per sample): 1.0040
INFO: [Epoch 17] [user evaluate] [metrics_last] top-score tie ratio (avg per sample): 0.9940%, samples with tied top (>1 item): 0.3987%
INFO: [Epoch 17] User [metrics_last], Hit@[1, 5, 10]: [0.22193, 0.66877, 0.84884], NDCG@[1, 5, 10]: [0.22193, 0.45268, 0.51172]
INFO: [Epoch 17] [group evaluate] [metrics_tie_aware] pred_score max: 53.668865, num of top-score tie (avg per sample): 1.0021
INFO: [Epoch 17] [group evaluate] [metrics_tie_aware] top-score tie ratio (avg per sample): 0.9921%, samples with tied top (>1 item): 0.2069%
INFO: [Epoch 17] Group [metrics_tie_aware], Hit@[1, 5, 10]: [0.22172, 0.62828, 0.82207], NDCG@[1, 5, 10]: [0.22172, 0.42607, 0.48929]
INFO: [Epoch 17] [user evaluate] [metrics_tie_aware] pred_score max: 16.412670, num of top-score tie (avg per sample): 1.0040
INFO: [Epoch 17] [user evaluate] [metrics_tie_aware] top-score tie ratio (avg per sample): 0.9940%, samples with tied top (>1 item): 0.3987%
INFO: [Epoch 17] User [metrics_tie_aware], Hit@[1, 5, 10]: [0.22392, 0.6691, 0.849], NDCG@[1, 5, 10]: [0.22392, 0.45377, 0.51275]
INFO: Epoch 18, group loss: 0.03600, Cost time: 9.37s
INFO: Epoch 18, user loss: 0.06714, Cost time: 1.46s
INFO: [Epoch 18] [group evaluate] [metrics] pred_score max: 53.641891, num of top-score tie (avg per sample): 1.0034
INFO: [Epoch 18] [group evaluate] [metrics] top-score tie ratio (avg per sample): 0.9935%, samples with tied top (>1 item): 0.3448%
INFO: [Epoch 18] Group [metrics], Hit@[1, 5, 10]: [0.22138, 0.62483, 0.82207], NDCG@[1, 5, 10]: [0.22138, 0.42588, 0.49023]
INFO: [Epoch 18] [user evaluate] [metrics] pred_score max: 16.222107, num of top-score tie (avg per sample): 1.0033
INFO: [Epoch 18] [user evaluate] [metrics] top-score tie ratio (avg per sample): 0.9934%, samples with tied top (>1 item): 0.3322%
INFO: [Epoch 18] User [metrics], Hit@[1, 5, 10]: [0.22425, 0.67708, 0.84585], NDCG@[1, 5, 10]: [0.22425, 0.45544, 0.51072]
INFO: [Epoch 18] [group evaluate] [metrics_first] pred_score max: 53.641888, num of top-score tie (avg per sample): 1.0034
INFO: [Epoch 18] [group evaluate] [metrics_first] top-score tie ratio (avg per sample): 0.9935%, samples with tied top (>1 item): 0.3448%
INFO: [Epoch 18] Group [metrics_first], Hit@[1, 5, 10]: [0.22138, 0.62483, 0.82276], NDCG@[1, 5, 10]: [0.22138, 0.42614, 0.49069]
INFO: [Epoch 18] [user evaluate] [metrics_first] pred_score max: 16.222107, num of top-score tie (avg per sample): 1.0033
INFO: [Epoch 18] [user evaluate] [metrics_first] top-score tie ratio (avg per sample): 0.9934%, samples with tied top (>1 item): 0.3322%
INFO: [Epoch 18] User [metrics_first], Hit@[1, 5, 10]: [0.22425, 0.67708, 0.84585], NDCG@[1, 5, 10]: [0.22425, 0.45554, 0.51084]
INFO: [Epoch 18] [group evaluate] [metrics_last] pred_score max: 53.641895, num of top-score tie (avg per sample): 1.0034
INFO: [Epoch 18] [group evaluate] [metrics_last] top-score tie ratio (avg per sample): 0.9935%, samples with tied top (>1 item): 0.3448%
INFO: [Epoch 18] Group [metrics_last], Hit@[1, 5, 10]: [0.21793, 0.62414, 0.82207], NDCG@[1, 5, 10]: [0.21793, 0.42384, 0.4884]
INFO: [Epoch 18] [user evaluate] [metrics_last] pred_score max: 16.222107, num of top-score tie (avg per sample): 1.0033
INFO: [Epoch 18] [user evaluate] [metrics_last] top-score tie ratio (avg per sample): 0.9934%, samples with tied top (>1 item): 0.3322%
INFO: [Epoch 18] User [metrics_last], Hit@[1, 5, 10]: [0.22093, 0.67641, 0.84551], NDCG@[1, 5, 10]: [0.22093, 0.45353, 0.50895]
INFO: [Epoch 18] [group evaluate] [metrics_tie_aware] pred_score max: 53.641891, num of top-score tie (avg per sample): 1.0034
INFO: [Epoch 18] [group evaluate] [metrics_tie_aware] top-score tie ratio (avg per sample): 0.9935%, samples with tied top (>1 item): 0.3448%
INFO: [Epoch 18] Group [metrics_tie_aware], Hit@[1, 5, 10]: [0.21966, 0.62448, 0.82241], NDCG@[1, 5, 10]: [0.21966, 0.42499, 0.48954]
INFO: [Epoch 18] [user evaluate] [metrics_tie_aware] pred_score max: 16.222107, num of top-score tie (avg per sample): 1.0033
INFO: [Epoch 18] [user evaluate] [metrics_tie_aware] top-score tie ratio (avg per sample): 0.9934%, samples with tied top (>1 item): 0.3322%
INFO: [Epoch 18] User [metrics_tie_aware], Hit@[1, 5, 10]: [0.22259, 0.67674, 0.84568], NDCG@[1, 5, 10]: [0.22259, 0.45454, 0.50989]
INFO: Epoch 19, group loss: 0.03603, Cost time: 9.81s
INFO: Epoch 19, user loss: 0.06450, Cost time: 1.50s
INFO: [Epoch 19] [group evaluate] [metrics] pred_score max: 54.723045, num of top-score tie (avg per sample): 1.0028
INFO: [Epoch 19] [group evaluate] [metrics] top-score tie ratio (avg per sample): 0.9928%, samples with tied top (>1 item): 0.2759%
INFO: [Epoch 19] Group [metrics], Hit@[1, 5, 10]: [0.20828, 0.62552, 0.81862], NDCG@[1, 5, 10]: [0.20828, 0.41969, 0.48307]
INFO: [Epoch 19] [user evaluate] [metrics] pred_score max: 17.174675, num of top-score tie (avg per sample): 1.0037
INFO: [Epoch 19] [user evaluate] [metrics] top-score tie ratio (avg per sample): 0.9937%, samples with tied top (>1 item): 0.3654%
INFO: [Epoch 19] User [metrics], Hit@[1, 5, 10]: [0.22691, 0.66944, 0.84817], NDCG@[1, 5, 10]: [0.22691, 0.45365, 0.51225]
INFO: [Epoch 19] [group evaluate] [metrics_first] pred_score max: 54.723045, num of top-score tie (avg per sample): 1.0028
INFO: [Epoch 19] [group evaluate] [metrics_first] top-score tie ratio (avg per sample): 0.9928%, samples with tied top (>1 item): 0.2759%
INFO: [Epoch 19] Group [metrics_first], Hit@[1, 5, 10]: [0.20828, 0.62552, 0.81931], NDCG@[1, 5, 10]: [0.20828, 0.41992, 0.4835]
INFO: [Epoch 19] [user evaluate] [metrics_first] pred_score max: 17.174675, num of top-score tie (avg per sample): 1.0037
INFO: [Epoch 19] [user evaluate] [metrics_first] top-score tie ratio (avg per sample): 0.9937%, samples with tied top (>1 item): 0.3654%
INFO: [Epoch 19] User [metrics_first], Hit@[1, 5, 10]: [0.22691, 0.66944, 0.84817], NDCG@[1, 5, 10]: [0.22691, 0.45375, 0.51236]
INFO: [Epoch 19] [group evaluate] [metrics_last] pred_score max: 54.723045, num of top-score tie (avg per sample): 1.0028
INFO: [Epoch 19] [group evaluate] [metrics_last] top-score tie ratio (avg per sample): 0.9928%, samples with tied top (>1 item): 0.2759%
INFO: [Epoch 19] Group [metrics_last], Hit@[1, 5, 10]: [0.20552, 0.62483, 0.81793], NDCG@[1, 5, 10]: [0.20552, 0.41778, 0.48117]
INFO: [Epoch 19] [user evaluate] [metrics_last] pred_score max: 17.174675, num of top-score tie (avg per sample): 1.0037
INFO: [Epoch 19] [user evaluate] [metrics_last] top-score tie ratio (avg per sample): 0.9937%, samples with tied top (>1 item): 0.3654%
INFO: [Epoch 19] User [metrics_last], Hit@[1, 5, 10]: [0.22326, 0.66844, 0.84751], NDCG@[1, 5, 10]: [0.22326, 0.45155, 0.5103]
INFO: [Epoch 19] [group evaluate] [metrics_tie_aware] pred_score max: 54.723045, num of top-score tie (avg per sample): 1.0028
INFO: [Epoch 19] [group evaluate] [metrics_tie_aware] top-score tie ratio (avg per sample): 0.9928%, samples with tied top (>1 item): 0.2759%
INFO: [Epoch 19] Group [metrics_tie_aware], Hit@[1, 5, 10]: [0.2069, 0.62517, 0.81862], NDCG@[1, 5, 10]: [0.2069, 0.41885, 0.48234]
INFO: [Epoch 19] [user evaluate] [metrics_tie_aware] pred_score max: 17.174675, num of top-score tie (avg per sample): 1.0037
INFO: [Epoch 19] [user evaluate] [metrics_tie_aware] top-score tie ratio (avg per sample): 0.9937%, samples with tied top (>1 item): 0.3654%
INFO: [Epoch 19] User [metrics_tie_aware], Hit@[1, 5, 10]: [0.22508, 0.66894, 0.84784], NDCG@[1, 5, 10]: [0.22508, 0.45265, 0.51133]
INFO: Epoch 20, group loss: 0.03527, Cost time: 9.32s
INFO: Epoch 20, user loss: 0.06244, Cost time: 1.46s
INFO: [Epoch 20] [group evaluate] [metrics] pred_score max: 56.262383, num of top-score tie (avg per sample): 1.0041
INFO: [Epoch 20] [group evaluate] [metrics] top-score tie ratio (avg per sample): 0.9942%, samples with tied top (>1 item): 0.4138%
INFO: [Epoch 20] Group [metrics], Hit@[1, 5, 10]: [0.20966, 0.62828, 0.81517], NDCG@[1, 5, 10]: [0.20966, 0.42035, 0.48148]
INFO: [Epoch 20] [user evaluate] [metrics] pred_score max: 18.595932, num of top-score tie (avg per sample): 1.0037
INFO: [Epoch 20] [user evaluate] [metrics] top-score tie ratio (avg per sample): 0.9937%, samples with tied top (>1 item): 0.3654%
INFO: [Epoch 20] User [metrics], Hit@[1, 5, 10]: [0.22226, 0.67409, 0.84718], NDCG@[1, 5, 10]: [0.22226, 0.45296, 0.50982]
INFO: [Epoch 20] [group evaluate] [metrics_first] pred_score max: 56.262375, num of top-score tie (avg per sample): 1.0041
INFO: [Epoch 20] [group evaluate] [metrics_first] top-score tie ratio (avg per sample): 0.9942%, samples with tied top (>1 item): 0.4138%
INFO: [Epoch 20] Group [metrics_first], Hit@[1, 5, 10]: [0.20966, 0.62828, 0.81517], NDCG@[1, 5, 10]: [0.20966, 0.42054, 0.48166]
INFO: [Epoch 20] [user evaluate] [metrics_first] pred_score max: 18.595932, num of top-score tie (avg per sample): 1.0037
INFO: [Epoch 20] [user evaluate] [metrics_first] top-score tie ratio (avg per sample): 0.9937%, samples with tied top (>1 item): 0.3654%
INFO: [Epoch 20] User [metrics_first], Hit@[1, 5, 10]: [0.22226, 0.67409, 0.84718], NDCG@[1, 5, 10]: [0.22226, 0.45306, 0.50993]
INFO: [Epoch 20] [group evaluate] [metrics_last] pred_score max: 56.262379, num of top-score tie (avg per sample): 1.0041
INFO: [Epoch 20] [group evaluate] [metrics_last] top-score tie ratio (avg per sample): 0.9942%, samples with tied top (>1 item): 0.4138%
INFO: [Epoch 20] Group [metrics_last], Hit@[1, 5, 10]: [0.20552, 0.62759, 0.81517], NDCG@[1, 5, 10]: [0.20552, 0.41797, 0.47929]
INFO: [Epoch 20] [user evaluate] [metrics_last] pred_score max: 18.595932, num of top-score tie (avg per sample): 1.0037
INFO: [Epoch 20] [user evaluate] [metrics_last] top-score tie ratio (avg per sample): 0.9937%, samples with tied top (>1 item): 0.3654%
INFO: [Epoch 20] User [metrics_last], Hit@[1, 5, 10]: [0.2186, 0.67375, 0.84651], NDCG@[1, 5, 10]: [0.2186, 0.4511, 0.50787]
INFO: [Epoch 20] [group evaluate] [metrics_tie_aware] pred_score max: 56.262375, num of top-score tie (avg per sample): 1.0041
INFO: [Epoch 20] [group evaluate] [metrics_tie_aware] top-score tie ratio (avg per sample): 0.9942%, samples with tied top (>1 item): 0.4138%
INFO: [Epoch 20] Group [metrics_tie_aware], Hit@[1, 5, 10]: [0.20759, 0.62793, 0.81517], NDCG@[1, 5, 10]: [0.20759, 0.41925, 0.48048]
INFO: [Epoch 20] [user evaluate] [metrics_tie_aware] pred_score max: 18.595932, num of top-score tie (avg per sample): 1.0037
INFO: [Epoch 20] [user evaluate] [metrics_tie_aware] top-score tie ratio (avg per sample): 0.9937%, samples with tied top (>1 item): 0.3654%
INFO: [Epoch 20] User [metrics_tie_aware], Hit@[1, 5, 10]: [0.22043, 0.67392, 0.84684], NDCG@[1, 5, 10]: [0.22043, 0.45208, 0.5089]
INFO: Epoch 21, group loss: 0.03492, Cost time: 9.16s
INFO: Epoch 21, user loss: 0.06189, Cost time: 1.51s
INFO: [Epoch 21] [group evaluate] [metrics] pred_score max: 57.143028, num of top-score tie (avg per sample): 1.0048
INFO: [Epoch 21] [group evaluate] [metrics] top-score tie ratio (avg per sample): 0.9949%, samples with tied top (>1 item): 0.4828%
INFO: [Epoch 21] Group [metrics], Hit@[1, 5, 10]: [0.20897, 0.62276, 0.81586], NDCG@[1, 5, 10]: [0.20897, 0.41852, 0.482]
INFO: [Epoch 21] [user evaluate] [metrics] pred_score max: 18.314285, num of top-score tie (avg per sample): 1.0023
INFO: [Epoch 21] [user evaluate] [metrics] top-score tie ratio (avg per sample): 0.9924%, samples with tied top (>1 item): 0.2326%
INFO: [Epoch 21] User [metrics], Hit@[1, 5, 10]: [0.21794, 0.67608, 0.8485], NDCG@[1, 5, 10]: [0.21794, 0.45067, 0.50716]
INFO: [Epoch 21] [group evaluate] [metrics_first] pred_score max: 57.143024, num of top-score tie (avg per sample): 1.0048
INFO: [Epoch 21] [group evaluate] [metrics_first] top-score tie ratio (avg per sample): 0.9949%, samples with tied top (>1 item): 0.4828%
INFO: [Epoch 21] Group [metrics_first], Hit@[1, 5, 10]: [0.20897, 0.62276, 0.81586], NDCG@[1, 5, 10]: [0.20897, 0.4187, 0.48218]
INFO: [Epoch 21] [user evaluate] [metrics_first] pred_score max: 18.314285, num of top-score tie (avg per sample): 1.0023
INFO: [Epoch 21] [user evaluate] [metrics_first] top-score tie ratio (avg per sample): 0.9924%, samples with tied top (>1 item): 0.2326%
INFO: [Epoch 21] User [metrics_first], Hit@[1, 5, 10]: [0.21794, 0.67608, 0.8485], NDCG@[1, 5, 10]: [0.21794, 0.45076, 0.50725]
INFO: [Epoch 21] [group evaluate] [metrics_last] pred_score max: 57.143028, num of top-score tie (avg per sample): 1.0048
INFO: [Epoch 21] [group evaluate] [metrics_last] top-score tie ratio (avg per sample): 0.9949%, samples with tied top (>1 item): 0.4828%
INFO: [Epoch 21] Group [metrics_last], Hit@[1, 5, 10]: [0.20414, 0.62276, 0.81586], NDCG@[1, 5, 10]: [0.20414, 0.41624, 0.47968]
INFO: [Epoch 21] [user evaluate] [metrics_last] pred_score max: 18.314285, num of top-score tie (avg per sample): 1.0023
INFO: [Epoch 21] [user evaluate] [metrics_last] top-score tie ratio (avg per sample): 0.9924%, samples with tied top (>1 item): 0.2326%
INFO: [Epoch 21] User [metrics_last], Hit@[1, 5, 10]: [0.21561, 0.67508, 0.8485], NDCG@[1, 5, 10]: [0.21561, 0.44892, 0.50573]
INFO: [Epoch 21] [group evaluate] [metrics_tie_aware] pred_score max: 57.143028, num of top-score tie (avg per sample): 1.0048
INFO: [Epoch 21] [group evaluate] [metrics_tie_aware] top-score tie ratio (avg per sample): 0.9949%, samples with tied top (>1 item): 0.4828%
INFO: [Epoch 21] Group [metrics_tie_aware], Hit@[1, 5, 10]: [0.20655, 0.62276, 0.81586], NDCG@[1, 5, 10]: [0.20655, 0.41747, 0.48093]
INFO: [Epoch 21] [user evaluate] [metrics_tie_aware] pred_score max: 18.314285, num of top-score tie (avg per sample): 1.0023
INFO: [Epoch 21] [user evaluate] [metrics_tie_aware] top-score tie ratio (avg per sample): 0.9924%, samples with tied top (>1 item): 0.2326%
INFO: [Epoch 21] User [metrics_tie_aware], Hit@[1, 5, 10]: [0.21678, 0.67558, 0.8485], NDCG@[1, 5, 10]: [0.21678, 0.44984, 0.50649]
INFO: Epoch 22, group loss: 0.03339, Cost time: 9.95s
INFO: Epoch 22, user loss: 0.06136, Cost time: 1.55s
INFO: [Epoch 22] [group evaluate] [metrics] pred_score max: 57.258888, num of top-score tie (avg per sample): 1.0028
INFO: [Epoch 22] [group evaluate] [metrics] top-score tie ratio (avg per sample): 0.9928%, samples with tied top (>1 item): 0.2759%
INFO: [Epoch 22] Group [metrics], Hit@[1, 5, 10]: [0.21103, 0.62759, 0.81379], NDCG@[1, 5, 10]: [0.21103, 0.42239, 0.48335]
INFO: [Epoch 22] [user evaluate] [metrics] pred_score max: 18.569252, num of top-score tie (avg per sample): 1.0030
INFO: [Epoch 22] [user evaluate] [metrics] top-score tie ratio (avg per sample): 0.9931%, samples with tied top (>1 item): 0.2990%
INFO: [Epoch 22] User [metrics], Hit@[1, 5, 10]: [0.22093, 0.67807, 0.85316], NDCG@[1, 5, 10]: [0.22093, 0.45393, 0.51105]
INFO: [Epoch 22] [group evaluate] [metrics_first] pred_score max: 57.258888, num of top-score tie (avg per sample): 1.0028
INFO: [Epoch 22] [group evaluate] [metrics_first] top-score tie ratio (avg per sample): 0.9928%, samples with tied top (>1 item): 0.2759%
INFO: [Epoch 22] Group [metrics_first], Hit@[1, 5, 10]: [0.21103, 0.62759, 0.81379], NDCG@[1, 5, 10]: [0.21103, 0.42257, 0.48354]
INFO: [Epoch 22] [user evaluate] [metrics_first] pred_score max: 18.569252, num of top-score tie (avg per sample): 1.0030
INFO: [Epoch 22] [user evaluate] [metrics_first] top-score tie ratio (avg per sample): 0.9931%, samples with tied top (>1 item): 0.2990%
INFO: [Epoch 22] User [metrics_first], Hit@[1, 5, 10]: [0.22093, 0.67807, 0.85316], NDCG@[1, 5, 10]: [0.22093, 0.45406, 0.51119]
INFO: [Epoch 22] [group evaluate] [metrics_last] pred_score max: 57.258884, num of top-score tie (avg per sample): 1.0028
INFO: [Epoch 22] [group evaluate] [metrics_last] top-score tie ratio (avg per sample): 0.9928%, samples with tied top (>1 item): 0.2759%
INFO: [Epoch 22] Group [metrics_last], Hit@[1, 5, 10]: [0.20828, 0.62759, 0.81379], NDCG@[1, 5, 10]: [0.20828, 0.42074, 0.48168]
INFO: [Epoch 22] [user evaluate] [metrics_last] pred_score max: 18.569252, num of top-score tie (avg per sample): 1.0030
INFO: [Epoch 22] [user evaluate] [metrics_last] top-score tie ratio (avg per sample): 0.9931%, samples with tied top (>1 item): 0.2990%
INFO: [Epoch 22] User [metrics_last], Hit@[1, 5, 10]: [0.21794, 0.67741, 0.85316], NDCG@[1, 5, 10]: [0.21794, 0.45222, 0.50955]
INFO: [Epoch 22] [group evaluate] [metrics_tie_aware] pred_score max: 57.258884, num of top-score tie (avg per sample): 1.0028
INFO: [Epoch 22] [group evaluate] [metrics_tie_aware] top-score tie ratio (avg per sample): 0.9928%, samples with tied top (>1 item): 0.2759%
INFO: [Epoch 22] Group [metrics_tie_aware], Hit@[1, 5, 10]: [0.20966, 0.62759, 0.81379], NDCG@[1, 5, 10]: [0.20966, 0.42166, 0.48261]
INFO: [Epoch 22] [user evaluate] [metrics_tie_aware] pred_score max: 18.569252, num of top-score tie (avg per sample): 1.0030
INFO: [Epoch 22] [user evaluate] [metrics_tie_aware] top-score tie ratio (avg per sample): 0.9931%, samples with tied top (>1 item): 0.2990%
INFO: [Epoch 22] User [metrics_tie_aware], Hit@[1, 5, 10]: [0.21944, 0.67774, 0.85316], NDCG@[1, 5, 10]: [0.21944, 0.45314, 0.51037]
INFO: Epoch 23, group loss: 0.03295, Cost time: 9.64s
INFO: Epoch 23, user loss: 0.06189, Cost time: 1.46s
INFO: [Epoch 23] [group evaluate] [metrics] pred_score max: 58.892418, num of top-score tie (avg per sample): 1.0028
INFO: [Epoch 23] [group evaluate] [metrics] top-score tie ratio (avg per sample): 0.9928%, samples with tied top (>1 item): 0.2759%
INFO: [Epoch 23] Group [metrics], Hit@[1, 5, 10]: [0.2131, 0.62138, 0.81931], NDCG@[1, 5, 10]: [0.2131, 0.42231, 0.48723]
INFO: [Epoch 23] [user evaluate] [metrics] pred_score max: 18.376282, num of top-score tie (avg per sample): 1.0033
INFO: [Epoch 23] [user evaluate] [metrics] top-score tie ratio (avg per sample): 0.9934%, samples with tied top (>1 item): 0.3322%
INFO: [Epoch 23] User [metrics], Hit@[1, 5, 10]: [0.22392, 0.67708, 0.85249], NDCG@[1, 5, 10]: [0.22392, 0.45364, 0.51102]
INFO: [Epoch 23] [group evaluate] [metrics_first] pred_score max: 58.892418, num of top-score tie (avg per sample): 1.0028
INFO: [Epoch 23] [group evaluate] [metrics_first] top-score tie ratio (avg per sample): 0.9928%, samples with tied top (>1 item): 0.2759%
INFO: [Epoch 23] Group [metrics_first], Hit@[1, 5, 10]: [0.2131, 0.62138, 0.82], NDCG@[1, 5, 10]: [0.2131, 0.42244, 0.48756]
INFO: [Epoch 23] [user evaluate] [metrics_first] pred_score max: 18.376282, num of top-score tie (avg per sample): 1.0033
INFO: [Epoch 23] [user evaluate] [metrics_first] top-score tie ratio (avg per sample): 0.9934%, samples with tied top (>1 item): 0.3322%
INFO: [Epoch 23] User [metrics_first], Hit@[1, 5, 10]: [0.22392, 0.67741, 0.85249], NDCG@[1, 5, 10]: [0.22392, 0.4539, 0.51117]
INFO: [Epoch 23] [group evaluate] [metrics_last] pred_score max: 58.892418, num of top-score tie (avg per sample): 1.0028
INFO: [Epoch 23] [group evaluate] [metrics_last] top-score tie ratio (avg per sample): 0.9928%, samples with tied top (>1 item): 0.2759%
INFO: [Epoch 23] Group [metrics_last], Hit@[1, 5, 10]: [0.21034, 0.62069, 0.81931], NDCG@[1, 5, 10]: [0.21034, 0.42039, 0.48553]
INFO: [Epoch 23] [user evaluate] [metrics_last] pred_score max: 18.376282, num of top-score tie (avg per sample): 1.0033
INFO: [Epoch 23] [user evaluate] [metrics_last] top-score tie ratio (avg per sample): 0.9934%, samples with tied top (>1 item): 0.3322%
INFO: [Epoch 23] User [metrics_last], Hit@[1, 5, 10]: [0.2206, 0.67674, 0.85216], NDCG@[1, 5, 10]: [0.2206, 0.45197, 0.50935]
INFO: [Epoch 23] [group evaluate] [metrics_tie_aware] pred_score max: 58.892418, num of top-score tie (avg per sample): 1.0028
INFO: [Epoch 23] [group evaluate] [metrics_tie_aware] top-score tie ratio (avg per sample): 0.9928%, samples with tied top (>1 item): 0.2759%
INFO: [Epoch 23] Group [metrics_tie_aware], Hit@[1, 5, 10]: [0.21172, 0.62103, 0.81966], NDCG@[1, 5, 10]: [0.21172, 0.42142, 0.48655]
INFO: [Epoch 23] [user evaluate] [metrics_tie_aware] pred_score max: 18.376282, num of top-score tie (avg per sample): 1.0033
INFO: [Epoch 23] [user evaluate] [metrics_tie_aware] top-score tie ratio (avg per sample): 0.9934%, samples with tied top (>1 item): 0.3322%
INFO: [Epoch 23] User [metrics_tie_aware], Hit@[1, 5, 10]: [0.22226, 0.67708, 0.85233], NDCG@[1, 5, 10]: [0.22226, 0.45293, 0.51026]
INFO: Epoch 24, group loss: 0.03300, Cost time: 9.47s
INFO: Epoch 24, user loss: 0.05998, Cost time: 1.49s
INFO: [Epoch 24] [group evaluate] [metrics] pred_score max: 61.178474, num of top-score tie (avg per sample): 1.0028
INFO: [Epoch 24] [group evaluate] [metrics] top-score tie ratio (avg per sample): 0.9928%, samples with tied top (>1 item): 0.2759%
INFO: [Epoch 24] Group [metrics], Hit@[1, 5, 10]: [0.21241, 0.62345, 0.81724], NDCG@[1, 5, 10]: [0.21241, 0.41978, 0.48319]
INFO: [Epoch 24] [user evaluate] [metrics] pred_score max: 18.876221, num of top-score tie (avg per sample): 1.0040
INFO: [Epoch 24] [user evaluate] [metrics] top-score tie ratio (avg per sample): 0.9940%, samples with tied top (>1 item): 0.3987%
INFO: [Epoch 24] User [metrics], Hit@[1, 5, 10]: [0.21993, 0.68007, 0.84684], NDCG@[1, 5, 10]: [0.21993, 0.45581, 0.51045]
INFO: [Epoch 24] [group evaluate] [metrics_first] pred_score max: 61.178471, num of top-score tie (avg per sample): 1.0028
INFO: [Epoch 24] [group evaluate] [metrics_first] top-score tie ratio (avg per sample): 0.9928%, samples with tied top (>1 item): 0.2759%
INFO: [Epoch 24] Group [metrics_first], Hit@[1, 5, 10]: [0.21241, 0.62345, 0.81793], NDCG@[1, 5, 10]: [0.21241, 0.41994, 0.48356]
INFO: [Epoch 24] [user evaluate] [metrics_first] pred_score max: 18.876221, num of top-score tie (avg per sample): 1.0040
INFO: [Epoch 24] [user evaluate] [metrics_first] top-score tie ratio (avg per sample): 0.9940%, samples with tied top (>1 item): 0.3987%
INFO: [Epoch 24] User [metrics_first], Hit@[1, 5, 10]: [0.21993, 0.6804, 0.84684], NDCG@[1, 5, 10]: [0.21993, 0.45598, 0.51052]
INFO: [Epoch 24] [group evaluate] [metrics_last] pred_score max: 61.178467, num of top-score tie (avg per sample): 1.0028
INFO: [Epoch 24] [group evaluate] [metrics_last] top-score tie ratio (avg per sample): 0.9928%, samples with tied top (>1 item): 0.2759%
INFO: [Epoch 24] Group [metrics_last], Hit@[1, 5, 10]: [0.20966, 0.62207, 0.81655], NDCG@[1, 5, 10]: [0.20966, 0.41769, 0.48137]
INFO: [Epoch 24] [user evaluate] [metrics_last] pred_score max: 18.876221, num of top-score tie (avg per sample): 1.0040
INFO: [Epoch 24] [user evaluate] [metrics_last] top-score tie ratio (avg per sample): 0.9940%, samples with tied top (>1 item): 0.3987%
INFO: [Epoch 24] User [metrics_last], Hit@[1, 5, 10]: [0.21595, 0.6794, 0.84684], NDCG@[1, 5, 10]: [0.21595, 0.45378, 0.50864]
INFO: [Epoch 24] [group evaluate] [metrics_tie_aware] pred_score max: 61.178478, num of top-score tie (avg per sample): 1.0028
INFO: [Epoch 24] [group evaluate] [metrics_tie_aware] top-score tie ratio (avg per sample): 0.9928%, samples with tied top (>1 item): 0.2759%
INFO: [Epoch 24] Group [metrics_tie_aware], Hit@[1, 5, 10]: [0.21103, 0.62276, 0.81724], NDCG@[1, 5, 10]: [0.21103, 0.41882, 0.48246]
INFO: [Epoch 24] [user evaluate] [metrics_tie_aware] pred_score max: 18.876221, num of top-score tie (avg per sample): 1.0040
INFO: [Epoch 24] [user evaluate] [metrics_tie_aware] top-score tie ratio (avg per sample): 0.9940%, samples with tied top (>1 item): 0.3987%
INFO: [Epoch 24] User [metrics_tie_aware], Hit@[1, 5, 10]: [0.21794, 0.6799, 0.84684], NDCG@[1, 5, 10]: [0.21794, 0.45488, 0.50958]
INFO: Epoch 25, group loss: 0.03224, Cost time: 8.94s
INFO: Epoch 25, user loss: 0.05951, Cost time: 1.49s
INFO: [Epoch 25] [group evaluate] [metrics] pred_score max: 61.766727, num of top-score tie (avg per sample): 1.0021
INFO: [Epoch 25] [group evaluate] [metrics] top-score tie ratio (avg per sample): 0.9921%, samples with tied top (>1 item): 0.2069%
INFO: [Epoch 25] Group [metrics], Hit@[1, 5, 10]: [0.20966, 0.62966, 0.81655], NDCG@[1, 5, 10]: [0.20966, 0.42335, 0.48459]
INFO: [Epoch 25] [user evaluate] [metrics] pred_score max: 19.381573, num of top-score tie (avg per sample): 1.0033
INFO: [Epoch 25] [user evaluate] [metrics] top-score tie ratio (avg per sample): 0.9934%, samples with tied top (>1 item): 0.3322%
INFO: [Epoch 25] User [metrics], Hit@[1, 5, 10]: [0.22591, 0.67774, 0.85017], NDCG@[1, 5, 10]: [0.22591, 0.45835, 0.51476]
INFO: [Epoch 25] [group evaluate] [metrics_first] pred_score max: 61.766727, num of top-score tie (avg per sample): 1.0021
INFO: [Epoch 25] [group evaluate] [metrics_first] top-score tie ratio (avg per sample): 0.9921%, samples with tied top (>1 item): 0.2069%
INFO: [Epoch 25] Group [metrics_first], Hit@[1, 5, 10]: [0.20966, 0.62966, 0.81655], NDCG@[1, 5, 10]: [0.20966, 0.42339, 0.48464]
INFO: [Epoch 25] [user evaluate] [metrics_first] pred_score max: 19.381573, num of top-score tie (avg per sample): 1.0033
INFO: [Epoch 25] [user evaluate] [metrics_first] top-score tie ratio (avg per sample): 0.9934%, samples with tied top (>1 item): 0.3322%
INFO: [Epoch 25] User [metrics_first], Hit@[1, 5, 10]: [0.22591, 0.67807, 0.85017], NDCG@[1, 5, 10]: [0.22591, 0.4586, 0.5149]
INFO: [Epoch 25] [group evaluate] [metrics_last] pred_score max: 61.766720, num of top-score tie (avg per sample): 1.0021
INFO: [Epoch 25] [group evaluate] [metrics_last] top-score tie ratio (avg per sample): 0.9921%, samples with tied top (>1 item): 0.2069%
INFO: [Epoch 25] Group [metrics_last], Hit@[1, 5, 10]: [0.20759, 0.62828, 0.81655], NDCG@[1, 5, 10]: [0.20759, 0.4213, 0.48302]
INFO: [Epoch 25] [user evaluate] [metrics_last] pred_score max: 19.381573, num of top-score tie (avg per sample): 1.0033
INFO: [Epoch 25] [user evaluate] [metrics_last] top-score tie ratio (avg per sample): 0.9934%, samples with tied top (>1 item): 0.3322%
INFO: [Epoch 25] User [metrics_last], Hit@[1, 5, 10]: [0.22259, 0.67741, 0.85017], NDCG@[1, 5, 10]: [0.22259, 0.45663, 0.51314]
INFO: [Epoch 25] [group evaluate] [metrics_tie_aware] pred_score max: 61.766724, num of top-score tie (avg per sample): 1.0021
INFO: [Epoch 25] [group evaluate] [metrics_tie_aware] top-score tie ratio (avg per sample): 0.9921%, samples with tied top (>1 item): 0.2069%
INFO: [Epoch 25] Group [metrics_tie_aware], Hit@[1, 5, 10]: [0.20862, 0.62897, 0.81655], NDCG@[1, 5, 10]: [0.20862, 0.42235, 0.48383]
INFO: [Epoch 25] [user evaluate] [metrics_tie_aware] pred_score max: 19.381573, num of top-score tie (avg per sample): 1.0033
INFO: [Epoch 25] [user evaluate] [metrics_tie_aware] top-score tie ratio (avg per sample): 0.9934%, samples with tied top (>1 item): 0.3322%
INFO: [Epoch 25] User [metrics_tie_aware], Hit@[1, 5, 10]: [0.22425, 0.67774, 0.85017], NDCG@[1, 5, 10]: [0.22425, 0.45761, 0.51402]
INFO: Epoch 26, group loss: 0.03208, Cost time: 9.38s
INFO: Epoch 26, user loss: 0.05851, Cost time: 1.56s
INFO: [Epoch 26] [group evaluate] [metrics] pred_score max: 63.422871, num of top-score tie (avg per sample): 1.0028
INFO: [Epoch 26] [group evaluate] [metrics] top-score tie ratio (avg per sample): 0.9928%, samples with tied top (>1 item): 0.2759%
INFO: [Epoch 26] Group [metrics], Hit@[1, 5, 10]: [0.21862, 0.62966, 0.8131], NDCG@[1, 5, 10]: [0.21862, 0.42697, 0.48701]
INFO: [Epoch 26] [user evaluate] [metrics] pred_score max: 19.169006, num of top-score tie (avg per sample): 1.0033
INFO: [Epoch 26] [user evaluate] [metrics] top-score tie ratio (avg per sample): 0.9934%, samples with tied top (>1 item): 0.3322%
INFO: [Epoch 26] User [metrics], Hit@[1, 5, 10]: [0.22027, 0.67774, 0.84983], NDCG@[1, 5, 10]: [0.22027, 0.45537, 0.5116]
INFO: [Epoch 26] [group evaluate] [metrics_first] pred_score max: 63.422867, num of top-score tie (avg per sample): 1.0028
INFO: [Epoch 26] [group evaluate] [metrics_first] top-score tie ratio (avg per sample): 0.9928%, samples with tied top (>1 item): 0.2759%
INFO: [Epoch 26] Group [metrics_first], Hit@[1, 5, 10]: [0.21862, 0.62966, 0.8131], NDCG@[1, 5, 10]: [0.21862, 0.42702, 0.48707]
INFO: [Epoch 26] [user evaluate] [metrics_first] pred_score max: 19.169006, num of top-score tie (avg per sample): 1.0033
INFO: [Epoch 26] [user evaluate] [metrics_first] top-score tie ratio (avg per sample): 0.9934%, samples with tied top (>1 item): 0.3322%
INFO: [Epoch 26] User [metrics_first], Hit@[1, 5, 10]: [0.22027, 0.67807, 0.84983], NDCG@[1, 5, 10]: [0.22027, 0.45563, 0.51176]
INFO: [Epoch 26] [group evaluate] [metrics_last] pred_score max: 63.422867, num of top-score tie (avg per sample): 1.0028
INFO: [Epoch 26] [group evaluate] [metrics_last] top-score tie ratio (avg per sample): 0.9928%, samples with tied top (>1 item): 0.2759%
INFO: [Epoch 26] Group [metrics_last], Hit@[1, 5, 10]: [0.21586, 0.62828, 0.81241], NDCG@[1, 5, 10]: [0.21586, 0.42478, 0.4851]
INFO: [Epoch 26] [user evaluate] [metrics_last] pred_score max: 19.169006, num of top-score tie (avg per sample): 1.0033
INFO: [Epoch 26] [user evaluate] [metrics_last] top-score tie ratio (avg per sample): 0.9934%, samples with tied top (>1 item): 0.3322%
INFO: [Epoch 26] User [metrics_last], Hit@[1, 5, 10]: [0.21694, 0.67708, 0.8495], NDCG@[1, 5, 10]: [0.21694, 0.45355, 0.50992]
INFO: [Epoch 26] [group evaluate] [metrics_tie_aware] pred_score max: 63.422863, num of top-score tie (avg per sample): 1.0028
INFO: [Epoch 26] [group evaluate] [metrics_tie_aware] top-score tie ratio (avg per sample): 0.9928%, samples with tied top (>1 item): 0.2759%
INFO: [Epoch 26] Group [metrics_tie_aware], Hit@[1, 5, 10]: [0.21724, 0.62897, 0.81276], NDCG@[1, 5, 10]: [0.21724, 0.4259, 0.48608]
INFO: [Epoch 26] [user evaluate] [metrics_tie_aware] pred_score max: 19.169006, num of top-score tie (avg per sample): 1.0033
INFO: [Epoch 26] [user evaluate] [metrics_tie_aware] top-score tie ratio (avg per sample): 0.9934%, samples with tied top (>1 item): 0.3322%
INFO: [Epoch 26] User [metrics_tie_aware], Hit@[1, 5, 10]: [0.2186, 0.67757, 0.84967], NDCG@[1, 5, 10]: [0.2186, 0.45459, 0.51084]
INFO: Epoch 27, group loss: 0.03133, Cost time: 9.53s
INFO: Epoch 27, user loss: 0.05794, Cost time: 1.50s
INFO: [Epoch 27] [group evaluate] [metrics] pred_score max: 63.565849, num of top-score tie (avg per sample): 1.0021
INFO: [Epoch 27] [group evaluate] [metrics] top-score tie ratio (avg per sample): 0.9921%, samples with tied top (>1 item): 0.2069%
INFO: [Epoch 27] Group [metrics], Hit@[1, 5, 10]: [0.21241, 0.62828, 0.81793], NDCG@[1, 5, 10]: [0.21241, 0.42442, 0.48669]
INFO: [Epoch 27] [user evaluate] [metrics] pred_score max: 20.423634, num of top-score tie (avg per sample): 1.0030
INFO: [Epoch 27] [user evaluate] [metrics] top-score tie ratio (avg per sample): 0.9931%, samples with tied top (>1 item): 0.2990%
INFO: [Epoch 27] User [metrics], Hit@[1, 5, 10]: [0.22625, 0.67841, 0.85482], NDCG@[1, 5, 10]: [0.22625, 0.4566, 0.51408]
INFO: [Epoch 27] [group evaluate] [metrics_first] pred_score max: 63.565849, num of top-score tie (avg per sample): 1.0021
INFO: [Epoch 27] [group evaluate] [metrics_first] top-score tie ratio (avg per sample): 0.9921%, samples with tied top (>1 item): 0.2069%
INFO: [Epoch 27] Group [metrics_first], Hit@[1, 5, 10]: [0.21241, 0.62828, 0.81931], NDCG@[1, 5, 10]: [0.21241, 0.42446, 0.48714]
INFO: [Epoch 27] [user evaluate] [metrics_first] pred_score max: 20.423634, num of top-score tie (avg per sample): 1.0030
INFO: [Epoch 27] [user evaluate] [metrics_first] top-score tie ratio (avg per sample): 0.9931%, samples with tied top (>1 item): 0.2990%
INFO: [Epoch 27] User [metrics_first], Hit@[1, 5, 10]: [0.22625, 0.67907, 0.85515], NDCG@[1, 5, 10]: [0.22625, 0.45691, 0.51425]
INFO: [Epoch 27] [group evaluate] [metrics_last] pred_score max: 63.565857, num of top-score tie (avg per sample): 1.0021
INFO: [Epoch 27] [group evaluate] [metrics_last] top-score tie ratio (avg per sample): 0.9921%, samples with tied top (>1 item): 0.2069%
INFO: [Epoch 27] Group [metrics_last], Hit@[1, 5, 10]: [0.21034, 0.6269, 0.81724], NDCG@[1, 5, 10]: [0.21034, 0.42242, 0.48498]
INFO: [Epoch 27] [user evaluate] [metrics_last] pred_score max: 20.423634, num of top-score tie (avg per sample): 1.0030
INFO: [Epoch 27] [user evaluate] [metrics_last] top-score tie ratio (avg per sample): 0.9931%, samples with tied top (>1 item): 0.2990%
INFO: [Epoch 27] User [metrics_last], Hit@[1, 5, 10]: [0.22326, 0.67807, 0.85449], NDCG@[1, 5, 10]: [0.22326, 0.45494, 0.51242]
INFO: [Epoch 27] [group evaluate] [metrics_tie_aware] pred_score max: 63.565853, num of top-score tie (avg per sample): 1.0021
INFO: [Epoch 27] [group evaluate] [metrics_tie_aware] top-score tie ratio (avg per sample): 0.9921%, samples with tied top (>1 item): 0.2069%
INFO: [Epoch 27] Group [metrics_tie_aware], Hit@[1, 5, 10]: [0.21138, 0.62759, 0.81828], NDCG@[1, 5, 10]: [0.21138, 0.42344, 0.48606]
INFO: [Epoch 27] [user evaluate] [metrics_tie_aware] pred_score max: 20.423634, num of top-score tie (avg per sample): 1.0030
INFO: [Epoch 27] [user evaluate] [metrics_tie_aware] top-score tie ratio (avg per sample): 0.9931%, samples with tied top (>1 item): 0.2990%
INFO: [Epoch 27] User [metrics_tie_aware], Hit@[1, 5, 10]: [0.22475, 0.67857, 0.85482], NDCG@[1, 5, 10]: [0.22475, 0.45592, 0.51334]
INFO: Epoch 28, group loss: 0.03157, Cost time: 9.87s
INFO: Epoch 28, user loss: 0.05703, Cost time: 1.56s
INFO: [Epoch 28] [group evaluate] [metrics] pred_score max: 64.453842, num of top-score tie (avg per sample): 1.0028
INFO: [Epoch 28] [group evaluate] [metrics] top-score tie ratio (avg per sample): 0.9928%, samples with tied top (>1 item): 0.2759%
INFO: [Epoch 28] Group [metrics], Hit@[1, 5, 10]: [0.2131, 0.63724, 0.82345], NDCG@[1, 5, 10]: [0.2131, 0.42783, 0.48863]
INFO: [Epoch 28] [user evaluate] [metrics] pred_score max: 20.002951, num of top-score tie (avg per sample): 1.0030
INFO: [Epoch 28] [user evaluate] [metrics] top-score tie ratio (avg per sample): 0.9931%, samples with tied top (>1 item): 0.2990%
INFO: [Epoch 28] User [metrics], Hit@[1, 5, 10]: [0.22326, 0.67575, 0.85415], NDCG@[1, 5, 10]: [0.22326, 0.4554, 0.5135]
INFO: [Epoch 28] [group evaluate] [metrics_first] pred_score max: 64.453842, num of top-score tie (avg per sample): 1.0028
INFO: [Epoch 28] [group evaluate] [metrics_first] top-score tie ratio (avg per sample): 0.9928%, samples with tied top (>1 item): 0.2759%
INFO: [Epoch 28] Group [metrics_first], Hit@[1, 5, 10]: [0.2131, 0.63724, 0.82414], NDCG@[1, 5, 10]: [0.2131, 0.42791, 0.48892]
INFO: [Epoch 28] [user evaluate] [metrics_first] pred_score max: 20.002951, num of top-score tie (avg per sample): 1.0030
INFO: [Epoch 28] [user evaluate] [metrics_first] top-score tie ratio (avg per sample): 0.9931%, samples with tied top (>1 item): 0.2990%
INFO: [Epoch 28] User [metrics_first], Hit@[1, 5, 10]: [0.22326, 0.67575, 0.85415], NDCG@[1, 5, 10]: [0.22326, 0.45545, 0.51354]
INFO: [Epoch 28] [group evaluate] [metrics_last] pred_score max: 64.453835, num of top-score tie (avg per sample): 1.0028
INFO: [Epoch 28] [group evaluate] [metrics_last] top-score tie ratio (avg per sample): 0.9928%, samples with tied top (>1 item): 0.2759%
INFO: [Epoch 28] Group [metrics_last], Hit@[1, 5, 10]: [0.21034, 0.63655, 0.82207], NDCG@[1, 5, 10]: [0.21034, 0.42598, 0.4866]
INFO: [Epoch 28] [user evaluate] [metrics_last] pred_score max: 20.002951, num of top-score tie (avg per sample): 1.0030
INFO: [Epoch 28] [user evaluate] [metrics_last] top-score tie ratio (avg per sample): 0.9931%, samples with tied top (>1 item): 0.2990%
INFO: [Epoch 28] User [metrics_last], Hit@[1, 5, 10]: [0.22027, 0.67508, 0.85382], NDCG@[1, 5, 10]: [0.22027, 0.45357, 0.51178]
INFO: [Epoch 28] [group evaluate] [metrics_tie_aware] pred_score max: 64.453835, num of top-score tie (avg per sample): 1.0028
INFO: [Epoch 28] [group evaluate] [metrics_tie_aware] top-score tie ratio (avg per sample): 0.9928%, samples with tied top (>1 item): 0.2759%
INFO: [Epoch 28] Group [metrics_tie_aware], Hit@[1, 5, 10]: [0.21172, 0.6369, 0.8231], NDCG@[1, 5, 10]: [0.21172, 0.42694, 0.48776]
INFO: [Epoch 28] [user evaluate] [metrics_tie_aware] pred_score max: 20.002951, num of top-score tie (avg per sample): 1.0030
INFO: [Epoch 28] [user evaluate] [metrics_tie_aware] top-score tie ratio (avg per sample): 0.9931%, samples with tied top (>1 item): 0.2990%
INFO: [Epoch 28] User [metrics_tie_aware], Hit@[1, 5, 10]: [0.22176, 0.67542, 0.85399], NDCG@[1, 5, 10]: [0.22176, 0.45451, 0.51266]
INFO: Epoch 29, group loss: 0.03022, Cost time: 10.22s
INFO: Epoch 29, user loss: 0.05854, Cost time: 1.31s
INFO: [Epoch 29] [group evaluate] [metrics] pred_score max: 66.338684, num of top-score tie (avg per sample): 1.0034
INFO: [Epoch 29] [group evaluate] [metrics] top-score tie ratio (avg per sample): 0.9935%, samples with tied top (>1 item): 0.3448%
INFO: [Epoch 29] Group [metrics], Hit@[1, 5, 10]: [0.20414, 0.63931, 0.81724], NDCG@[1, 5, 10]: [0.20414, 0.42604, 0.48425]
INFO: [Epoch 29] [user evaluate] [metrics] pred_score max: 20.563658, num of top-score tie (avg per sample): 1.0027
INFO: [Epoch 29] [user evaluate] [metrics] top-score tie ratio (avg per sample): 0.9927%, samples with tied top (>1 item): 0.2658%
INFO: [Epoch 29] User [metrics], Hit@[1, 5, 10]: [0.21794, 0.67874, 0.85017], NDCG@[1, 5, 10]: [0.21794, 0.45558, 0.51156]
INFO: [Epoch 29] [group evaluate] [metrics_first] pred_score max: 66.338669, num of top-score tie (avg per sample): 1.0034
INFO: [Epoch 29] [group evaluate] [metrics_first] top-score tie ratio (avg per sample): 0.9935%, samples with tied top (>1 item): 0.3448%
INFO: [Epoch 29] Group [metrics_first], Hit@[1, 5, 10]: [0.20414, 0.63931, 0.81793], NDCG@[1, 5, 10]: [0.20414, 0.42612, 0.48453]
INFO: [Epoch 29] [user evaluate] [metrics_first] pred_score max: 20.563658, num of top-score tie (avg per sample): 1.0027
INFO: [Epoch 29] [user evaluate] [metrics_first] top-score tie ratio (avg per sample): 0.9927%, samples with tied top (>1 item): 0.2658%
INFO: [Epoch 29] User [metrics_first], Hit@[1, 5, 10]: [0.21794, 0.67907, 0.85017], NDCG@[1, 5, 10]: [0.21794, 0.45581, 0.51168]
INFO: [Epoch 29] [group evaluate] [metrics_last] pred_score max: 66.338676, num of top-score tie (avg per sample): 1.0034
INFO: [Epoch 29] [group evaluate] [metrics_last] top-score tie ratio (avg per sample): 0.9935%, samples with tied top (>1 item): 0.3448%
INFO: [Epoch 29] Group [metrics_last], Hit@[1, 5, 10]: [0.20069, 0.63724, 0.81655], NDCG@[1, 5, 10]: [0.20069, 0.42348, 0.48221]
INFO: [Epoch 29] [user evaluate] [metrics_last] pred_score max: 20.563658, num of top-score tie (avg per sample): 1.0027
INFO: [Epoch 29] [user evaluate] [metrics_last] top-score tie ratio (avg per sample): 0.9927%, samples with tied top (>1 item): 0.2658%
INFO: [Epoch 29] User [metrics_last], Hit@[1, 5, 10]: [0.21528, 0.67807, 0.84983], NDCG@[1, 5, 10]: [0.21528, 0.4539, 0.51001]
INFO: [Epoch 29] [group evaluate] [metrics_tie_aware] pred_score max: 66.338676, num of top-score tie (avg per sample): 1.0034
INFO: [Epoch 29] [group evaluate] [metrics_tie_aware] top-score tie ratio (avg per sample): 0.9935%, samples with tied top (>1 item): 0.3448%
INFO: [Epoch 29] Group [metrics_tie_aware], Hit@[1, 5, 10]: [0.20241, 0.63828, 0.81724], NDCG@[1, 5, 10]: [0.20241, 0.4248, 0.48337]
INFO: [Epoch 29] [user evaluate] [metrics_tie_aware] pred_score max: 20.563658, num of top-score tie (avg per sample): 1.0027
INFO: [Epoch 29] [user evaluate] [metrics_tie_aware] top-score tie ratio (avg per sample): 0.9927%, samples with tied top (>1 item): 0.2658%
INFO: [Epoch 29] User [metrics_tie_aware], Hit@[1, 5, 10]: [0.21661, 0.67857, 0.85], NDCG@[1, 5, 10]: [0.21661, 0.45486, 0.51084]
INFO: ## Finishing Time: 2026-05-02 01:44:41
INFO: = = = = = = = = = = = = = = = = = = = = 
INFO: Done!
