INFO: = = = = = = = = = = = = = = = = = = = = 
INFO: ## Starting Time: 2026-05-06 02:19:17
INFO: Namespace(dataset='CAMRa2011', seed=3, device='cuda:0', emb_dim=32, epoch=30, batch_size=256, drop_ratio=0.2, lr=0.001, topK=[1, 5, 10], num_negatives=4)
INFO: [Epoch 0] user loss: 0.37487
INFO: [Epoch 0] group loss: 0.28191
INFO: [Epoch 0] [user evaluate] [metrics] pred_score max: 0.810935, num of top-score tie (avg per sample): 1.0023
INFO: [Epoch 0] [user evaluate] [metrics] top-score tie ratio (avg per sample): 0.9924%, samples with tied top (>1 item): 0.2326%
INFO: [Epoch 0] User [metrics], Hit@[1, 5, 10]: [0.15748, 0.59236, 0.79601], NDCG@[1, 5, 10]: [0.15748, 0.37884, 0.44533]
INFO: [Epoch 0] [group evaluate] [metrics] pred_score max: 0.888019, num of top-score tie (avg per sample): 1.0014
INFO: [Epoch 0] [group evaluate] [metrics] top-score tie ratio (avg per sample): 0.9915%, samples with tied top (>1 item): 0.1379%
INFO: [Epoch 0] Group [metrics], Hit@[1, 5, 10]: [0.16207, 0.56483, 0.77586], NDCG@[1, 5, 10]: [0.16207, 0.36276, 0.4318]
INFO: [Epoch 0] [user evaluate] [metrics_first] pred_score max: 0.810935, num of top-score tie (avg per sample): 1.0023
INFO: [Epoch 0] [user evaluate] [metrics_first] top-score tie ratio (avg per sample): 0.9924%, samples with tied top (>1 item): 0.2326%
INFO: [Epoch 0] User [metrics_first], Hit@[1, 5, 10]: [0.15748, 0.59369, 0.79635], NDCG@[1, 5, 10]: [0.15748, 0.37943, 0.44556]
INFO: [Epoch 0] [group evaluate] [metrics_first] pred_score max: 0.888019, num of top-score tie (avg per sample): 1.0014
INFO: [Epoch 0] [group evaluate] [metrics_first] top-score tie ratio (avg per sample): 0.9915%, samples with tied top (>1 item): 0.1379%
INFO: [Epoch 0] Group [metrics_first], Hit@[1, 5, 10]: [0.16207, 0.56552, 0.77586], NDCG@[1, 5, 10]: [0.16207, 0.36321, 0.43204]
INFO: [Epoch 0] [user evaluate] [metrics_last] pred_score max: 0.810935, num of top-score tie (avg per sample): 1.0023
INFO: [Epoch 0] [user evaluate] [metrics_last] top-score tie ratio (avg per sample): 0.9924%, samples with tied top (>1 item): 0.2326%
INFO: [Epoch 0] User [metrics_last], Hit@[1, 5, 10]: [0.15515, 0.59136, 0.79601], NDCG@[1, 5, 10]: [0.15515, 0.37727, 0.4441]
INFO: [Epoch 0] [group evaluate] [metrics_last] pred_score max: 0.888019, num of top-score tie (avg per sample): 1.0014
INFO: [Epoch 0] [group evaluate] [metrics_last] top-score tie ratio (avg per sample): 0.9915%, samples with tied top (>1 item): 0.1379%
INFO: [Epoch 0] Group [metrics_last], Hit@[1, 5, 10]: [0.16069, 0.56483, 0.77517], NDCG@[1, 5, 10]: [0.16069, 0.36177, 0.43057]
INFO: [Epoch 0] [user evaluate] [metrics_tie_aware] pred_score max: 0.810935, num of top-score tie (avg per sample): 1.0023
INFO: [Epoch 0] [user evaluate] [metrics_tie_aware] top-score tie ratio (avg per sample): 0.9924%, samples with tied top (>1 item): 0.2326%
INFO: [Epoch 0] User [metrics_tie_aware], Hit@[1, 5, 10]: [0.15631, 0.59252, 0.79618], NDCG@[1, 5, 10]: [0.15631, 0.37835, 0.44483]
INFO: [Epoch 0] [group evaluate] [metrics_tie_aware] pred_score max: 0.888019, num of top-score tie (avg per sample): 1.0014
INFO: [Epoch 0] [group evaluate] [metrics_tie_aware] top-score tie ratio (avg per sample): 0.9915%, samples with tied top (>1 item): 0.1379%
INFO: [Epoch 0] Group [metrics_tie_aware], Hit@[1, 5, 10]: [0.16138, 0.56517, 0.77552], NDCG@[1, 5, 10]: [0.16138, 0.36249, 0.4313]
INFO: 
INFO: [Epoch 1] user loss: 0.26765
INFO: [Epoch 1] group loss: 0.22885
INFO: [Epoch 1] [user evaluate] [metrics] pred_score max: 0.804457, num of top-score tie (avg per sample): 1.0033
INFO: [Epoch 1] [user evaluate] [metrics] top-score tie ratio (avg per sample): 0.9934%, samples with tied top (>1 item): 0.3322%
INFO: [Epoch 1] User [metrics], Hit@[1, 5, 10]: [0.17043, 0.61196, 0.81395], NDCG@[1, 5, 10]: [0.17043, 0.39601, 0.46206]
INFO: [Epoch 1] [group evaluate] [metrics] pred_score max: 0.944898, num of top-score tie (avg per sample): 1.0048
INFO: [Epoch 1] [group evaluate] [metrics] top-score tie ratio (avg per sample): 0.9949%, samples with tied top (>1 item): 0.4828%
INFO: [Epoch 1] Group [metrics], Hit@[1, 5, 10]: [0.17724, 0.5931, 0.80138], NDCG@[1, 5, 10]: [0.17724, 0.38721, 0.4547]
INFO: [Epoch 1] [user evaluate] [metrics_first] pred_score max: 0.804457, num of top-score tie (avg per sample): 1.0033
INFO: [Epoch 1] [user evaluate] [metrics_first] top-score tie ratio (avg per sample): 0.9934%, samples with tied top (>1 item): 0.3322%
INFO: [Epoch 1] User [metrics_first], Hit@[1, 5, 10]: [0.17043, 0.61229, 0.81395], NDCG@[1, 5, 10]: [0.17043, 0.3962, 0.46215]
INFO: [Epoch 1] [group evaluate] [metrics_first] pred_score max: 0.944898, num of top-score tie (avg per sample): 1.0048
INFO: [Epoch 1] [group evaluate] [metrics_first] top-score tie ratio (avg per sample): 0.9949%, samples with tied top (>1 item): 0.4828%
INFO: [Epoch 1] Group [metrics_first], Hit@[1, 5, 10]: [0.17724, 0.59448, 0.80207], NDCG@[1, 5, 10]: [0.17724, 0.3878, 0.45501]
INFO: [Epoch 1] [user evaluate] [metrics_last] pred_score max: 0.804457, num of top-score tie (avg per sample): 1.0033
INFO: [Epoch 1] [user evaluate] [metrics_last] top-score tie ratio (avg per sample): 0.9934%, samples with tied top (>1 item): 0.3322%
INFO: [Epoch 1] User [metrics_last], Hit@[1, 5, 10]: [0.16711, 0.61196, 0.81362], NDCG@[1, 5, 10]: [0.16711, 0.39433, 0.46027]
INFO: [Epoch 1] [group evaluate] [metrics_last] pred_score max: 0.944898, num of top-score tie (avg per sample): 1.0048
INFO: [Epoch 1] [group evaluate] [metrics_last] top-score tie ratio (avg per sample): 0.9949%, samples with tied top (>1 item): 0.4828%
INFO: [Epoch 1] Group [metrics_last], Hit@[1, 5, 10]: [0.17241, 0.5931, 0.80138], NDCG@[1, 5, 10]: [0.17241, 0.38495, 0.45242]
INFO: [Epoch 1] [user evaluate] [metrics_tie_aware] pred_score max: 0.804457, num of top-score tie (avg per sample): 1.0033
INFO: [Epoch 1] [user evaluate] [metrics_tie_aware] top-score tie ratio (avg per sample): 0.9934%, samples with tied top (>1 item): 0.3322%
INFO: [Epoch 1] User [metrics_tie_aware], Hit@[1, 5, 10]: [0.16877, 0.61213, 0.81379], NDCG@[1, 5, 10]: [0.16877, 0.39527, 0.46121]
INFO: [Epoch 1] [group evaluate] [metrics_tie_aware] pred_score max: 0.944898, num of top-score tie (avg per sample): 1.0048
INFO: [Epoch 1] [group evaluate] [metrics_tie_aware] top-score tie ratio (avg per sample): 0.9949%, samples with tied top (>1 item): 0.4828%
INFO: [Epoch 1] Group [metrics_tie_aware], Hit@[1, 5, 10]: [0.17483, 0.59379, 0.80172], NDCG@[1, 5, 10]: [0.17483, 0.38637, 0.45371]
INFO: 
INFO: [Epoch 2] user loss: 0.23177
INFO: [Epoch 2] group loss: 0.19369
INFO: [Epoch 2] [user evaluate] [metrics] pred_score max: 0.690135, num of top-score tie (avg per sample): 1.0030
INFO: [Epoch 2] [user evaluate] [metrics] top-score tie ratio (avg per sample): 0.9931%, samples with tied top (>1 item): 0.2990%
INFO: [Epoch 2] User [metrics], Hit@[1, 5, 10]: [0.17973, 0.63322, 0.82658], NDCG@[1, 5, 10]: [0.17973, 0.4111, 0.47432]
INFO: [Epoch 2] [group evaluate] [metrics] pred_score max: 0.786980, num of top-score tie (avg per sample): 1.0034
INFO: [Epoch 2] [group evaluate] [metrics] top-score tie ratio (avg per sample): 0.9935%, samples with tied top (>1 item): 0.3448%
INFO: [Epoch 2] Group [metrics], Hit@[1, 5, 10]: [0.17172, 0.59517, 0.80828], NDCG@[1, 5, 10]: [0.17172, 0.38546, 0.45531]
INFO: [Epoch 2] [user evaluate] [metrics_first] pred_score max: 0.690135, num of top-score tie (avg per sample): 1.0030
INFO: [Epoch 2] [user evaluate] [metrics_first] top-score tie ratio (avg per sample): 0.9931%, samples with tied top (>1 item): 0.2990%
INFO: [Epoch 2] User [metrics_first], Hit@[1, 5, 10]: [0.17973, 0.63422, 0.82658], NDCG@[1, 5, 10]: [0.17973, 0.41162, 0.4745]
INFO: [Epoch 2] [group evaluate] [metrics_first] pred_score max: 0.786980, num of top-score tie (avg per sample): 1.0034
INFO: [Epoch 2] [group evaluate] [metrics_first] top-score tie ratio (avg per sample): 0.9935%, samples with tied top (>1 item): 0.3448%
INFO: [Epoch 2] Group [metrics_first], Hit@[1, 5, 10]: [0.17172, 0.59655, 0.80828], NDCG@[1, 5, 10]: [0.17172, 0.38605, 0.45541]
INFO: [Epoch 2] [user evaluate] [metrics_last] pred_score max: 0.690135, num of top-score tie (avg per sample): 1.0030
INFO: [Epoch 2] [user evaluate] [metrics_last] top-score tie ratio (avg per sample): 0.9931%, samples with tied top (>1 item): 0.2990%
INFO: [Epoch 2] User [metrics_last], Hit@[1, 5, 10]: [0.17674, 0.63289, 0.82658], NDCG@[1, 5, 10]: [0.17674, 0.40959, 0.47291]
INFO: [Epoch 2] [group evaluate] [metrics_last] pred_score max: 0.786980, num of top-score tie (avg per sample): 1.0034
INFO: [Epoch 2] [group evaluate] [metrics_last] top-score tie ratio (avg per sample): 0.9935%, samples with tied top (>1 item): 0.3448%
INFO: [Epoch 2] Group [metrics_last], Hit@[1, 5, 10]: [0.16828, 0.59448, 0.80828], NDCG@[1, 5, 10]: [0.16828, 0.38347, 0.45353]
INFO: [Epoch 2] [user evaluate] [metrics_tie_aware] pred_score max: 0.690135, num of top-score tie (avg per sample): 1.0030
INFO: [Epoch 2] [user evaluate] [metrics_tie_aware] top-score tie ratio (avg per sample): 0.9931%, samples with tied top (>1 item): 0.2990%
INFO: [Epoch 2] User [metrics_tie_aware], Hit@[1, 5, 10]: [0.17824, 0.63355, 0.82658], NDCG@[1, 5, 10]: [0.17824, 0.4106, 0.4737]
INFO: [Epoch 2] [group evaluate] [metrics_tie_aware] pred_score max: 0.786980, num of top-score tie (avg per sample): 1.0034
INFO: [Epoch 2] [group evaluate] [metrics_tie_aware] top-score tie ratio (avg per sample): 0.9935%, samples with tied top (>1 item): 0.3448%
INFO: [Epoch 2] Group [metrics_tie_aware], Hit@[1, 5, 10]: [0.17, 0.59552, 0.80828], NDCG@[1, 5, 10]: [0.17, 0.38476, 0.45447]
INFO: 
INFO: [Epoch 3] user loss: 0.19758
INFO: [Epoch 3] group loss: 0.16505
INFO: [Epoch 3] [user evaluate] [metrics] pred_score max: 0.671950, num of top-score tie (avg per sample): 1.0017
INFO: [Epoch 3] [user evaluate] [metrics] top-score tie ratio (avg per sample): 0.9917%, samples with tied top (>1 item): 0.1661%
INFO: [Epoch 3] User [metrics], Hit@[1, 5, 10]: [0.19402, 0.65249, 0.83389], NDCG@[1, 5, 10]: [0.19402, 0.42819, 0.48762]
INFO: [Epoch 3] [group evaluate] [metrics] pred_score max: 0.775346, num of top-score tie (avg per sample): 1.0021
INFO: [Epoch 3] [group evaluate] [metrics] top-score tie ratio (avg per sample): 0.9921%, samples with tied top (>1 item): 0.2069%
INFO: [Epoch 3] Group [metrics], Hit@[1, 5, 10]: [0.16, 0.61724, 0.81931], NDCG@[1, 5, 10]: [0.16, 0.39205, 0.45822]
INFO: [Epoch 3] [user evaluate] [metrics_first] pred_score max: 0.671950, num of top-score tie (avg per sample): 1.0017
INFO: [Epoch 3] [user evaluate] [metrics_first] top-score tie ratio (avg per sample): 0.9917%, samples with tied top (>1 item): 0.1661%
INFO: [Epoch 3] User [metrics_first], Hit@[1, 5, 10]: [0.19402, 0.65382, 0.83422], NDCG@[1, 5, 10]: [0.19402, 0.42877, 0.48785]
INFO: [Epoch 3] [group evaluate] [metrics_first] pred_score max: 0.775346, num of top-score tie (avg per sample): 1.0021
INFO: [Epoch 3] [group evaluate] [metrics_first] top-score tie ratio (avg per sample): 0.9921%, samples with tied top (>1 item): 0.2069%
INFO: [Epoch 3] Group [metrics_first], Hit@[1, 5, 10]: [0.16069, 0.61862, 0.81931], NDCG@[1, 5, 10]: [0.16069, 0.39298, 0.45869]
INFO: [Epoch 3] [user evaluate] [metrics_last] pred_score max: 0.671950, num of top-score tie (avg per sample): 1.0017
INFO: [Epoch 3] [user evaluate] [metrics_last] top-score tie ratio (avg per sample): 0.9917%, samples with tied top (>1 item): 0.1661%
INFO: [Epoch 3] User [metrics_last], Hit@[1, 5, 10]: [0.19236, 0.65216, 0.83389], NDCG@[1, 5, 10]: [0.19236, 0.42706, 0.48659]
INFO: [Epoch 3] [group evaluate] [metrics_last] pred_score max: 0.775346, num of top-score tie (avg per sample): 1.0021
INFO: [Epoch 3] [group evaluate] [metrics_last] top-score tie ratio (avg per sample): 0.9921%, samples with tied top (>1 item): 0.2069%
INFO: [Epoch 3] Group [metrics_last], Hit@[1, 5, 10]: [0.15862, 0.61724, 0.81931], NDCG@[1, 5, 10]: [0.15862, 0.39096, 0.45712]
INFO: [Epoch 3] [user evaluate] [metrics_tie_aware] pred_score max: 0.671950, num of top-score tie (avg per sample): 1.0017
INFO: [Epoch 3] [user evaluate] [metrics_tie_aware] top-score tie ratio (avg per sample): 0.9917%, samples with tied top (>1 item): 0.1661%
INFO: [Epoch 3] User [metrics_tie_aware], Hit@[1, 5, 10]: [0.19319, 0.65299, 0.83405], NDCG@[1, 5, 10]: [0.19319, 0.42791, 0.48722]
INFO: [Epoch 3] [group evaluate] [metrics_tie_aware] pred_score max: 0.775346, num of top-score tie (avg per sample): 1.0021
INFO: [Epoch 3] [group evaluate] [metrics_tie_aware] top-score tie ratio (avg per sample): 0.9921%, samples with tied top (>1 item): 0.2069%
INFO: [Epoch 3] Group [metrics_tie_aware], Hit@[1, 5, 10]: [0.15966, 0.61793, 0.81931], NDCG@[1, 5, 10]: [0.15966, 0.39197, 0.45791]
INFO: 
INFO: [Epoch 4] user loss: 0.17060
INFO: [Epoch 4] group loss: 0.14280
INFO: [Epoch 4] [user evaluate] [metrics] pred_score max: 0.717264, num of top-score tie (avg per sample): 1.0040
INFO: [Epoch 4] [user evaluate] [metrics] top-score tie ratio (avg per sample): 0.9940%, samples with tied top (>1 item): 0.3987%
INFO: [Epoch 4] User [metrics], Hit@[1, 5, 10]: [0.199, 0.67076, 0.84485], NDCG@[1, 5, 10]: [0.199, 0.43949, 0.49641]
INFO: [Epoch 4] [group evaluate] [metrics] pred_score max: 0.824861, num of top-score tie (avg per sample): 1.0034
INFO: [Epoch 4] [group evaluate] [metrics] top-score tie ratio (avg per sample): 0.9935%, samples with tied top (>1 item): 0.3448%
INFO: [Epoch 4] Group [metrics], Hit@[1, 5, 10]: [0.16414, 0.60621, 0.82069], NDCG@[1, 5, 10]: [0.16414, 0.38811, 0.45858]
INFO: [Epoch 4] [user evaluate] [metrics_first] pred_score max: 0.717264, num of top-score tie (avg per sample): 1.0040
INFO: [Epoch 4] [user evaluate] [metrics_first] top-score tie ratio (avg per sample): 0.9940%, samples with tied top (>1 item): 0.3987%
INFO: [Epoch 4] User [metrics_first], Hit@[1, 5, 10]: [0.199, 0.6711, 0.84485], NDCG@[1, 5, 10]: [0.199, 0.4397, 0.49652]
INFO: [Epoch 4] [group evaluate] [metrics_first] pred_score max: 0.824861, num of top-score tie (avg per sample): 1.0034
INFO: [Epoch 4] [group evaluate] [metrics_first] top-score tie ratio (avg per sample): 0.9935%, samples with tied top (>1 item): 0.3448%
INFO: [Epoch 4] Group [metrics_first], Hit@[1, 5, 10]: [0.16483, 0.60621, 0.82138], NDCG@[1, 5, 10]: [0.16483, 0.3887, 0.4594]
INFO: [Epoch 4] [user evaluate] [metrics_last] pred_score max: 0.717264, num of top-score tie (avg per sample): 1.0040
INFO: [Epoch 4] [user evaluate] [metrics_last] top-score tie ratio (avg per sample): 0.9940%, samples with tied top (>1 item): 0.3987%
INFO: [Epoch 4] User [metrics_last], Hit@[1, 5, 10]: [0.19502, 0.67076, 0.84485], NDCG@[1, 5, 10]: [0.19502, 0.43773, 0.49463]
INFO: [Epoch 4] [group evaluate] [metrics_last] pred_score max: 0.824861, num of top-score tie (avg per sample): 1.0034
INFO: [Epoch 4] [group evaluate] [metrics_last] top-score tie ratio (avg per sample): 0.9935%, samples with tied top (>1 item): 0.3448%
INFO: [Epoch 4] Group [metrics_last], Hit@[1, 5, 10]: [0.16138, 0.60621, 0.81931], NDCG@[1, 5, 10]: [0.16138, 0.38671, 0.45678]
INFO: [Epoch 4] [user evaluate] [metrics_tie_aware] pred_score max: 0.717264, num of top-score tie (avg per sample): 1.0040
INFO: [Epoch 4] [user evaluate] [metrics_tie_aware] top-score tie ratio (avg per sample): 0.9940%, samples with tied top (>1 item): 0.3987%
INFO: [Epoch 4] User [metrics_tie_aware], Hit@[1, 5, 10]: [0.19701, 0.67093, 0.84485], NDCG@[1, 5, 10]: [0.19701, 0.43871, 0.49557]
INFO: [Epoch 4] [group evaluate] [metrics_tie_aware] pred_score max: 0.824861, num of top-score tie (avg per sample): 1.0034
INFO: [Epoch 4] [group evaluate] [metrics_tie_aware] top-score tie ratio (avg per sample): 0.9935%, samples with tied top (>1 item): 0.3448%
INFO: [Epoch 4] Group [metrics_tie_aware], Hit@[1, 5, 10]: [0.1631, 0.60621, 0.82034], NDCG@[1, 5, 10]: [0.1631, 0.3877, 0.45809]
INFO: 
INFO: [Epoch 5] user loss: 0.14907
INFO: [Epoch 5] group loss: 0.12626
INFO: [Epoch 5] [user evaluate] [metrics] pred_score max: 0.632660, num of top-score tie (avg per sample): 1.0037
INFO: [Epoch 5] [user evaluate] [metrics] top-score tie ratio (avg per sample): 0.9937%, samples with tied top (>1 item): 0.3654%
INFO: [Epoch 5] User [metrics], Hit@[1, 5, 10]: [0.19236, 0.67076, 0.84784], NDCG@[1, 5, 10]: [0.19236, 0.43797, 0.49563]
INFO: [Epoch 5] [group evaluate] [metrics] pred_score max: 0.774968, num of top-score tie (avg per sample): 1.0041
INFO: [Epoch 5] [group evaluate] [metrics] top-score tie ratio (avg per sample): 0.9942%, samples with tied top (>1 item): 0.4138%
INFO: [Epoch 5] Group [metrics], Hit@[1, 5, 10]: [0.1531, 0.6, 0.82138], NDCG@[1, 5, 10]: [0.1531, 0.37925, 0.45137]
INFO: [Epoch 5] [user evaluate] [metrics_first] pred_score max: 0.632660, num of top-score tie (avg per sample): 1.0037
INFO: [Epoch 5] [user evaluate] [metrics_first] top-score tie ratio (avg per sample): 0.9937%, samples with tied top (>1 item): 0.3654%
INFO: [Epoch 5] User [metrics_first], Hit@[1, 5, 10]: [0.19236, 0.67176, 0.84784], NDCG@[1, 5, 10]: [0.19236, 0.43846, 0.49577]
INFO: [Epoch 5] [group evaluate] [metrics_first] pred_score max: 0.774968, num of top-score tie (avg per sample): 1.0041
INFO: [Epoch 5] [group evaluate] [metrics_first] top-score tie ratio (avg per sample): 0.9942%, samples with tied top (>1 item): 0.4138%
INFO: [Epoch 5] Group [metrics_first], Hit@[1, 5, 10]: [0.1531, 0.6, 0.82138], NDCG@[1, 5, 10]: [0.1531, 0.37947, 0.4516]
INFO: [Epoch 5] [user evaluate] [metrics_last] pred_score max: 0.632660, num of top-score tie (avg per sample): 1.0037
INFO: [Epoch 5] [user evaluate] [metrics_last] top-score tie ratio (avg per sample): 0.9937%, samples with tied top (>1 item): 0.3654%
INFO: [Epoch 5] User [metrics_last], Hit@[1, 5, 10]: [0.1887, 0.67076, 0.84751], NDCG@[1, 5, 10]: [0.1887, 0.43628, 0.49383]
INFO: [Epoch 5] [group evaluate] [metrics_last] pred_score max: 0.774968, num of top-score tie (avg per sample): 1.0041
INFO: [Epoch 5] [group evaluate] [metrics_last] top-score tie ratio (avg per sample): 0.9942%, samples with tied top (>1 item): 0.4138%
INFO: [Epoch 5] Group [metrics_last], Hit@[1, 5, 10]: [0.14897, 0.6, 0.82], NDCG@[1, 5, 10]: [0.14897, 0.37708, 0.44878]
INFO: [Epoch 5] [user evaluate] [metrics_tie_aware] pred_score max: 0.632660, num of top-score tie (avg per sample): 1.0037
INFO: [Epoch 5] [user evaluate] [metrics_tie_aware] top-score tie ratio (avg per sample): 0.9937%, samples with tied top (>1 item): 0.3654%
INFO: [Epoch 5] User [metrics_tie_aware], Hit@[1, 5, 10]: [0.19053, 0.67126, 0.84767], NDCG@[1, 5, 10]: [0.19053, 0.43737, 0.4948]
INFO: [Epoch 5] [group evaluate] [metrics_tie_aware] pred_score max: 0.774968, num of top-score tie (avg per sample): 1.0041
INFO: [Epoch 5] [group evaluate] [metrics_tie_aware] top-score tie ratio (avg per sample): 0.9942%, samples with tied top (>1 item): 0.4138%
INFO: [Epoch 5] Group [metrics_tie_aware], Hit@[1, 5, 10]: [0.15103, 0.6, 0.82069], NDCG@[1, 5, 10]: [0.15103, 0.37827, 0.45019]
INFO: 
INFO: [Epoch 6] user loss: 0.13427
INFO: [Epoch 6] group loss: 0.11505
INFO: [Epoch 6] [user evaluate] [metrics] pred_score max: 0.659840, num of top-score tie (avg per sample): 1.0020
INFO: [Epoch 6] [user evaluate] [metrics] top-score tie ratio (avg per sample): 0.9921%, samples with tied top (>1 item): 0.1993%
INFO: [Epoch 6] User [metrics], Hit@[1, 5, 10]: [0.20399, 0.67209, 0.85714], NDCG@[1, 5, 10]: [0.20399, 0.44134, 0.50166]
INFO: [Epoch 6] [group evaluate] [metrics] pred_score max: 0.944885, num of top-score tie (avg per sample): 1.0028
INFO: [Epoch 6] [group evaluate] [metrics] top-score tie ratio (avg per sample): 0.9928%, samples with tied top (>1 item): 0.2759%
INFO: [Epoch 6] Group [metrics], Hit@[1, 5, 10]: [0.14966, 0.60276, 0.81517], NDCG@[1, 5, 10]: [0.14966, 0.37917, 0.44907]
INFO: [Epoch 6] [user evaluate] [metrics_first] pred_score max: 0.659840, num of top-score tie (avg per sample): 1.0020
INFO: [Epoch 6] [user evaluate] [metrics_first] top-score tie ratio (avg per sample): 0.9921%, samples with tied top (>1 item): 0.1993%
INFO: [Epoch 6] User [metrics_first], Hit@[1, 5, 10]: [0.20399, 0.67209, 0.85781], NDCG@[1, 5, 10]: [0.20399, 0.4415, 0.50203]
INFO: [Epoch 6] [group evaluate] [metrics_first] pred_score max: 0.944885, num of top-score tie (avg per sample): 1.0028
INFO: [Epoch 6] [group evaluate] [metrics_first] top-score tie ratio (avg per sample): 0.9928%, samples with tied top (>1 item): 0.2759%
INFO: [Epoch 6] Group [metrics_first], Hit@[1, 5, 10]: [0.14966, 0.60483, 0.81517], NDCG@[1, 5, 10]: [0.14966, 0.38015, 0.44932]
INFO: [Epoch 6] [user evaluate] [metrics_last] pred_score max: 0.659840, num of top-score tie (avg per sample): 1.0020
INFO: [Epoch 6] [user evaluate] [metrics_last] top-score tie ratio (avg per sample): 0.9921%, samples with tied top (>1 item): 0.1993%
INFO: [Epoch 6] User [metrics_last], Hit@[1, 5, 10]: [0.20199, 0.67209, 0.85714], NDCG@[1, 5, 10]: [0.20199, 0.44013, 0.50042]
INFO: [Epoch 6] [group evaluate] [metrics_last] pred_score max: 0.944885, num of top-score tie (avg per sample): 1.0028
INFO: [Epoch 6] [group evaluate] [metrics_last] top-score tie ratio (avg per sample): 0.9928%, samples with tied top (>1 item): 0.2759%
INFO: [Epoch 6] Group [metrics_last], Hit@[1, 5, 10]: [0.1469, 0.60207, 0.81517], NDCG@[1, 5, 10]: [0.1469, 0.37745, 0.44757]
INFO: [Epoch 6] [user evaluate] [metrics_tie_aware] pred_score max: 0.659840, num of top-score tie (avg per sample): 1.0020
INFO: [Epoch 6] [user evaluate] [metrics_tie_aware] top-score tie ratio (avg per sample): 0.9921%, samples with tied top (>1 item): 0.1993%
INFO: [Epoch 6] User [metrics_tie_aware], Hit@[1, 5, 10]: [0.20299, 0.67209, 0.85748], NDCG@[1, 5, 10]: [0.20299, 0.44081, 0.50122]
INFO: [Epoch 6] [group evaluate] [metrics_tie_aware] pred_score max: 0.944885, num of top-score tie (avg per sample): 1.0028
INFO: [Epoch 6] [group evaluate] [metrics_tie_aware] top-score tie ratio (avg per sample): 0.9928%, samples with tied top (>1 item): 0.2759%
INFO: [Epoch 6] Group [metrics_tie_aware], Hit@[1, 5, 10]: [0.14828, 0.60345, 0.81517], NDCG@[1, 5, 10]: [0.14828, 0.3788, 0.44844]
INFO: 
INFO: [Epoch 7] user loss: 0.12624
INFO: [Epoch 7] group loss: 0.10728
INFO: [Epoch 7] [user evaluate] [metrics] pred_score max: 0.659414, num of top-score tie (avg per sample): 1.0033
INFO: [Epoch 7] [user evaluate] [metrics] top-score tie ratio (avg per sample): 0.9934%, samples with tied top (>1 item): 0.3322%
INFO: [Epoch 7] User [metrics], Hit@[1, 5, 10]: [0.19269, 0.67674, 0.86246], NDCG@[1, 5, 10]: [0.19269, 0.43762, 0.49843]
INFO: [Epoch 7] [group evaluate] [metrics] pred_score max: 1.019224, num of top-score tie (avg per sample): 1.0028
INFO: [Epoch 7] [group evaluate] [metrics] top-score tie ratio (avg per sample): 0.9928%, samples with tied top (>1 item): 0.2759%
INFO: [Epoch 7] Group [metrics], Hit@[1, 5, 10]: [0.1531, 0.59379, 0.81862], NDCG@[1, 5, 10]: [0.1531, 0.37722, 0.45129]
INFO: [Epoch 7] [user evaluate] [metrics_first] pred_score max: 0.659414, num of top-score tie (avg per sample): 1.0033
INFO: [Epoch 7] [user evaluate] [metrics_first] top-score tie ratio (avg per sample): 0.9934%, samples with tied top (>1 item): 0.3322%
INFO: [Epoch 7] User [metrics_first], Hit@[1, 5, 10]: [0.19269, 0.67741, 0.86279], NDCG@[1, 5, 10]: [0.19269, 0.43799, 0.49867]
INFO: [Epoch 7] [group evaluate] [metrics_first] pred_score max: 1.019224, num of top-score tie (avg per sample): 1.0028
INFO: [Epoch 7] [group evaluate] [metrics_first] top-score tie ratio (avg per sample): 0.9928%, samples with tied top (>1 item): 0.2759%
INFO: [Epoch 7] Group [metrics_first], Hit@[1, 5, 10]: [0.1531, 0.59379, 0.81862], NDCG@[1, 5, 10]: [0.1531, 0.37738, 0.4515]
INFO: [Epoch 7] [user evaluate] [metrics_last] pred_score max: 0.659414, num of top-score tie (avg per sample): 1.0033
INFO: [Epoch 7] [user evaluate] [metrics_last] top-score tie ratio (avg per sample): 0.9934%, samples with tied top (>1 item): 0.3322%
INFO: [Epoch 7] User [metrics_last], Hit@[1, 5, 10]: [0.18937, 0.67674, 0.86213], NDCG@[1, 5, 10]: [0.18937, 0.43605, 0.49674]
INFO: [Epoch 7] [group evaluate] [metrics_last] pred_score max: 1.019224, num of top-score tie (avg per sample): 1.0028
INFO: [Epoch 7] [group evaluate] [metrics_last] top-score tie ratio (avg per sample): 0.9928%, samples with tied top (>1 item): 0.2759%
INFO: [Epoch 7] Group [metrics_last], Hit@[1, 5, 10]: [0.15034, 0.59379, 0.81862], NDCG@[1, 5, 10]: [0.15034, 0.37558, 0.44964]
INFO: [Epoch 7] [user evaluate] [metrics_tie_aware] pred_score max: 0.659414, num of top-score tie (avg per sample): 1.0033
INFO: [Epoch 7] [user evaluate] [metrics_tie_aware] top-score tie ratio (avg per sample): 0.9934%, samples with tied top (>1 item): 0.3322%
INFO: [Epoch 7] User [metrics_tie_aware], Hit@[1, 5, 10]: [0.19103, 0.67708, 0.86246], NDCG@[1, 5, 10]: [0.19103, 0.43702, 0.49771]
INFO: [Epoch 7] [group evaluate] [metrics_tie_aware] pred_score max: 1.019224, num of top-score tie (avg per sample): 1.0028
INFO: [Epoch 7] [group evaluate] [metrics_tie_aware] top-score tie ratio (avg per sample): 0.9928%, samples with tied top (>1 item): 0.2759%
INFO: [Epoch 7] Group [metrics_tie_aware], Hit@[1, 5, 10]: [0.15172, 0.59379, 0.81862], NDCG@[1, 5, 10]: [0.15172, 0.37648, 0.45057]
INFO: 
INFO: [Epoch 8] user loss: 0.11875
INFO: [Epoch 8] group loss: 0.10185
INFO: [Epoch 8] [user evaluate] [metrics] pred_score max: 0.673107, num of top-score tie (avg per sample): 1.0030
INFO: [Epoch 8] [user evaluate] [metrics] top-score tie ratio (avg per sample): 0.9931%, samples with tied top (>1 item): 0.2990%
INFO: [Epoch 8] User [metrics], Hit@[1, 5, 10]: [0.20233, 0.67542, 0.86578], NDCG@[1, 5, 10]: [0.20233, 0.44419, 0.50664]
INFO: [Epoch 8] [group evaluate] [metrics] pred_score max: 1.060964, num of top-score tie (avg per sample): 1.0021
INFO: [Epoch 8] [group evaluate] [metrics] top-score tie ratio (avg per sample): 0.9921%, samples with tied top (>1 item): 0.2069%
INFO: [Epoch 8] Group [metrics], Hit@[1, 5, 10]: [0.14069, 0.59793, 0.81448], NDCG@[1, 5, 10]: [0.14069, 0.37406, 0.44507]
INFO: [Epoch 8] [user evaluate] [metrics_first] pred_score max: 0.673107, num of top-score tie (avg per sample): 1.0030
INFO: [Epoch 8] [user evaluate] [metrics_first] top-score tie ratio (avg per sample): 0.9931%, samples with tied top (>1 item): 0.2990%
INFO: [Epoch 8] User [metrics_first], Hit@[1, 5, 10]: [0.20233, 0.67575, 0.86611], NDCG@[1, 5, 10]: [0.20233, 0.44437, 0.50681]
INFO: [Epoch 8] [group evaluate] [metrics_first] pred_score max: 1.060964, num of top-score tie (avg per sample): 1.0021
INFO: [Epoch 8] [group evaluate] [metrics_first] top-score tie ratio (avg per sample): 0.9921%, samples with tied top (>1 item): 0.2069%
INFO: [Epoch 8] Group [metrics_first], Hit@[1, 5, 10]: [0.14069, 0.59862, 0.81448], NDCG@[1, 5, 10]: [0.14069, 0.37455, 0.44533]
INFO: [Epoch 8] [user evaluate] [metrics_last] pred_score max: 0.673107, num of top-score tie (avg per sample): 1.0030
INFO: [Epoch 8] [user evaluate] [metrics_last] top-score tie ratio (avg per sample): 0.9931%, samples with tied top (>1 item): 0.2990%
INFO: [Epoch 8] User [metrics_last], Hit@[1, 5, 10]: [0.19934, 0.67508, 0.86545], NDCG@[1, 5, 10]: [0.19934, 0.44251, 0.50497]
INFO: [Epoch 8] [group evaluate] [metrics_last] pred_score max: 1.060964, num of top-score tie (avg per sample): 1.0021
INFO: [Epoch 8] [group evaluate] [metrics_last] top-score tie ratio (avg per sample): 0.9921%, samples with tied top (>1 item): 0.2069%
INFO: [Epoch 8] Group [metrics_last], Hit@[1, 5, 10]: [0.13862, 0.59724, 0.81448], NDCG@[1, 5, 10]: [0.13862, 0.37254, 0.44376]
INFO: [Epoch 8] [user evaluate] [metrics_tie_aware] pred_score max: 0.673107, num of top-score tie (avg per sample): 1.0030
INFO: [Epoch 8] [user evaluate] [metrics_tie_aware] top-score tie ratio (avg per sample): 0.9931%, samples with tied top (>1 item): 0.2990%
INFO: [Epoch 8] User [metrics_tie_aware], Hit@[1, 5, 10]: [0.20083, 0.67542, 0.86578], NDCG@[1, 5, 10]: [0.20083, 0.44344, 0.50589]
INFO: [Epoch 8] [group evaluate] [metrics_tie_aware] pred_score max: 1.060964, num of top-score tie (avg per sample): 1.0021
INFO: [Epoch 8] [group evaluate] [metrics_tie_aware] top-score tie ratio (avg per sample): 0.9921%, samples with tied top (>1 item): 0.2069%
INFO: [Epoch 8] Group [metrics_tie_aware], Hit@[1, 5, 10]: [0.13966, 0.59793, 0.81448], NDCG@[1, 5, 10]: [0.13966, 0.37355, 0.44455]
INFO: 
INFO: [Epoch 9] user loss: 0.11408
INFO: [Epoch 9] group loss: 0.09765
INFO: [Epoch 9] [user evaluate] [metrics] pred_score max: 0.819022, num of top-score tie (avg per sample): 1.0037
INFO: [Epoch 9] [user evaluate] [metrics] top-score tie ratio (avg per sample): 0.9937%, samples with tied top (>1 item): 0.3654%
INFO: [Epoch 9] User [metrics], Hit@[1, 5, 10]: [0.19468, 0.68538, 0.86944], NDCG@[1, 5, 10]: [0.19468, 0.44392, 0.50425]
INFO: [Epoch 9] [group evaluate] [metrics] pred_score max: 0.974847, num of top-score tie (avg per sample): 1.0034
INFO: [Epoch 9] [group evaluate] [metrics] top-score tie ratio (avg per sample): 0.9935%, samples with tied top (>1 item): 0.3448%
INFO: [Epoch 9] Group [metrics], Hit@[1, 5, 10]: [0.15586, 0.61103, 0.81655], NDCG@[1, 5, 10]: [0.15586, 0.38727, 0.45462]
INFO: [Epoch 9] [user evaluate] [metrics_first] pred_score max: 0.819022, num of top-score tie (avg per sample): 1.0037
INFO: [Epoch 9] [user evaluate] [metrics_first] top-score tie ratio (avg per sample): 0.9937%, samples with tied top (>1 item): 0.3654%
INFO: [Epoch 9] User [metrics_first], Hit@[1, 5, 10]: [0.19468, 0.68571, 0.86977], NDCG@[1, 5, 10]: [0.19468, 0.4441, 0.50443]
INFO: [Epoch 9] [group evaluate] [metrics_first] pred_score max: 0.974847, num of top-score tie (avg per sample): 1.0034
INFO: [Epoch 9] [group evaluate] [metrics_first] top-score tie ratio (avg per sample): 0.9935%, samples with tied top (>1 item): 0.3448%
INFO: [Epoch 9] Group [metrics_first], Hit@[1, 5, 10]: [0.15586, 0.61379, 0.81655], NDCG@[1, 5, 10]: [0.15586, 0.38837, 0.45476]
INFO: [Epoch 9] [user evaluate] [metrics_last] pred_score max: 0.819022, num of top-score tie (avg per sample): 1.0037
INFO: [Epoch 9] [user evaluate] [metrics_last] top-score tie ratio (avg per sample): 0.9937%, samples with tied top (>1 item): 0.3654%
INFO: [Epoch 9] User [metrics_last], Hit@[1, 5, 10]: [0.19103, 0.68538, 0.86944], NDCG@[1, 5, 10]: [0.19103, 0.44212, 0.50243]
INFO: [Epoch 9] [group evaluate] [metrics_last] pred_score max: 0.974847, num of top-score tie (avg per sample): 1.0034
INFO: [Epoch 9] [group evaluate] [metrics_last] top-score tie ratio (avg per sample): 0.9935%, samples with tied top (>1 item): 0.3448%
INFO: [Epoch 9] Group [metrics_last], Hit@[1, 5, 10]: [0.15241, 0.61034, 0.81655], NDCG@[1, 5, 10]: [0.15241, 0.38519, 0.45277]
INFO: [Epoch 9] [user evaluate] [metrics_tie_aware] pred_score max: 0.819022, num of top-score tie (avg per sample): 1.0037
INFO: [Epoch 9] [user evaluate] [metrics_tie_aware] top-score tie ratio (avg per sample): 0.9937%, samples with tied top (>1 item): 0.3654%
INFO: [Epoch 9] User [metrics_tie_aware], Hit@[1, 5, 10]: [0.19286, 0.68555, 0.8696], NDCG@[1, 5, 10]: [0.19286, 0.44311, 0.50343]
INFO: [Epoch 9] [group evaluate] [metrics_tie_aware] pred_score max: 0.974847, num of top-score tie (avg per sample): 1.0034
INFO: [Epoch 9] [group evaluate] [metrics_tie_aware] top-score tie ratio (avg per sample): 0.9935%, samples with tied top (>1 item): 0.3448%
INFO: [Epoch 9] Group [metrics_tie_aware], Hit@[1, 5, 10]: [0.15414, 0.61207, 0.81655], NDCG@[1, 5, 10]: [0.15414, 0.38678, 0.45376]
INFO: 
INFO: [Epoch 10] user loss: 0.11093
INFO: [Epoch 10] group loss: 0.09428
INFO: [Epoch 10] [user evaluate] [metrics] pred_score max: 0.768450, num of top-score tie (avg per sample): 1.0033
INFO: [Epoch 10] [user evaluate] [metrics] top-score tie ratio (avg per sample): 0.9934%, samples with tied top (>1 item): 0.3322%
INFO: [Epoch 10] User [metrics], Hit@[1, 5, 10]: [0.19535, 0.67442, 0.86777], NDCG@[1, 5, 10]: [0.19535, 0.44161, 0.50485]
INFO: [Epoch 10] [group evaluate] [metrics] pred_score max: 0.985761, num of top-score tie (avg per sample): 1.0041
INFO: [Epoch 10] [group evaluate] [metrics] top-score tie ratio (avg per sample): 0.9942%, samples with tied top (>1 item): 0.4138%
INFO: [Epoch 10] Group [metrics], Hit@[1, 5, 10]: [0.15724, 0.60552, 0.8131], NDCG@[1, 5, 10]: [0.15724, 0.38262, 0.45049]
INFO: [Epoch 10] [user evaluate] [metrics_first] pred_score max: 0.768450, num of top-score tie (avg per sample): 1.0033
INFO: [Epoch 10] [user evaluate] [metrics_first] top-score tie ratio (avg per sample): 0.9934%, samples with tied top (>1 item): 0.3322%
INFO: [Epoch 10] User [metrics_first], Hit@[1, 5, 10]: [0.19535, 0.67542, 0.86777], NDCG@[1, 5, 10]: [0.19535, 0.44204, 0.50495]
INFO: [Epoch 10] [group evaluate] [metrics_first] pred_score max: 0.985761, num of top-score tie (avg per sample): 1.0041
INFO: [Epoch 10] [group evaluate] [metrics_first] top-score tie ratio (avg per sample): 0.9942%, samples with tied top (>1 item): 0.4138%
INFO: [Epoch 10] Group [metrics_first], Hit@[1, 5, 10]: [0.15724, 0.6069, 0.8131], NDCG@[1, 5, 10]: [0.15724, 0.3832, 0.4506]
INFO: [Epoch 10] [user evaluate] [metrics_last] pred_score max: 0.768450, num of top-score tie (avg per sample): 1.0033
INFO: [Epoch 10] [user evaluate] [metrics_last] top-score tie ratio (avg per sample): 0.9934%, samples with tied top (>1 item): 0.3322%
INFO: [Epoch 10] User [metrics_last], Hit@[1, 5, 10]: [0.19203, 0.67442, 0.86744], NDCG@[1, 5, 10]: [0.19203, 0.44008, 0.5032]
INFO: [Epoch 10] [group evaluate] [metrics_last] pred_score max: 0.985761, num of top-score tie (avg per sample): 1.0041
INFO: [Epoch 10] [group evaluate] [metrics_last] top-score tie ratio (avg per sample): 0.9942%, samples with tied top (>1 item): 0.4138%
INFO: [Epoch 10] Group [metrics_last], Hit@[1, 5, 10]: [0.1531, 0.60483, 0.8131], NDCG@[1, 5, 10]: [0.1531, 0.38035, 0.44843]
INFO: [Epoch 10] [user evaluate] [metrics_tie_aware] pred_score max: 0.768450, num of top-score tie (avg per sample): 1.0033
INFO: [Epoch 10] [user evaluate] [metrics_tie_aware] top-score tie ratio (avg per sample): 0.9934%, samples with tied top (>1 item): 0.3322%
INFO: [Epoch 10] User [metrics_tie_aware], Hit@[1, 5, 10]: [0.19369, 0.67492, 0.86761], NDCG@[1, 5, 10]: [0.19369, 0.44106, 0.50408]
INFO: [Epoch 10] [group evaluate] [metrics_tie_aware] pred_score max: 0.985761, num of top-score tie (avg per sample): 1.0041
INFO: [Epoch 10] [group evaluate] [metrics_tie_aware] top-score tie ratio (avg per sample): 0.9942%, samples with tied top (>1 item): 0.4138%
INFO: [Epoch 10] Group [metrics_tie_aware], Hit@[1, 5, 10]: [0.15517, 0.60586, 0.8131], NDCG@[1, 5, 10]: [0.15517, 0.38177, 0.44952]
INFO: 
INFO: [Epoch 11] user loss: 0.10854
INFO: [Epoch 11] group loss: 0.09154
INFO: [Epoch 11] [user evaluate] [metrics] pred_score max: 0.913795, num of top-score tie (avg per sample): 1.0023
INFO: [Epoch 11] [user evaluate] [metrics] top-score tie ratio (avg per sample): 0.9924%, samples with tied top (>1 item): 0.2326%
INFO: [Epoch 11] User [metrics], Hit@[1, 5, 10]: [0.19867, 0.67475, 0.86611], NDCG@[1, 5, 10]: [0.19867, 0.44247, 0.50529]
INFO: [Epoch 11] [group evaluate] [metrics] pred_score max: 0.967987, num of top-score tie (avg per sample): 1.0028
INFO: [Epoch 11] [group evaluate] [metrics] top-score tie ratio (avg per sample): 0.9928%, samples with tied top (>1 item): 0.2759%
INFO: [Epoch 11] Group [metrics], Hit@[1, 5, 10]: [0.1531, 0.60138, 0.8069], NDCG@[1, 5, 10]: [0.1531, 0.37958, 0.4468]
INFO: [Epoch 11] [user evaluate] [metrics_first] pred_score max: 0.913795, num of top-score tie (avg per sample): 1.0023
INFO: [Epoch 11] [user evaluate] [metrics_first] top-score tie ratio (avg per sample): 0.9924%, samples with tied top (>1 item): 0.2326%
INFO: [Epoch 11] User [metrics_first], Hit@[1, 5, 10]: [0.19867, 0.67542, 0.86611], NDCG@[1, 5, 10]: [0.19867, 0.44279, 0.50541]
INFO: [Epoch 11] [group evaluate] [metrics_first] pred_score max: 0.967987, num of top-score tie (avg per sample): 1.0028
INFO: [Epoch 11] [group evaluate] [metrics_first] top-score tie ratio (avg per sample): 0.9928%, samples with tied top (>1 item): 0.2759%
INFO: [Epoch 11] Group [metrics_first], Hit@[1, 5, 10]: [0.1531, 0.60276, 0.8069], NDCG@[1, 5, 10]: [0.1531, 0.38027, 0.44701]
INFO: [Epoch 11] [user evaluate] [metrics_last] pred_score max: 0.913795, num of top-score tie (avg per sample): 1.0023
INFO: [Epoch 11] [user evaluate] [metrics_last] top-score tie ratio (avg per sample): 0.9924%, samples with tied top (>1 item): 0.2326%
INFO: [Epoch 11] User [metrics_last], Hit@[1, 5, 10]: [0.19635, 0.67475, 0.86611], NDCG@[1, 5, 10]: [0.19635, 0.44103, 0.50384]
INFO: [Epoch 11] [group evaluate] [metrics_last] pred_score max: 0.967987, num of top-score tie (avg per sample): 1.0028
INFO: [Epoch 11] [group evaluate] [metrics_last] top-score tie ratio (avg per sample): 0.9928%, samples with tied top (>1 item): 0.2759%
INFO: [Epoch 11] Group [metrics_last], Hit@[1, 5, 10]: [0.15034, 0.60138, 0.80621], NDCG@[1, 5, 10]: [0.15034, 0.37822, 0.4452]
INFO: [Epoch 11] [user evaluate] [metrics_tie_aware] pred_score max: 0.913795, num of top-score tie (avg per sample): 1.0023
INFO: [Epoch 11] [user evaluate] [metrics_tie_aware] top-score tie ratio (avg per sample): 0.9924%, samples with tied top (>1 item): 0.2326%
INFO: [Epoch 11] User [metrics_tie_aware], Hit@[1, 5, 10]: [0.19751, 0.67508, 0.86611], NDCG@[1, 5, 10]: [0.19751, 0.44191, 0.50462]
INFO: [Epoch 11] [group evaluate] [metrics_tie_aware] pred_score max: 0.967987, num of top-score tie (avg per sample): 1.0028
INFO: [Epoch 11] [group evaluate] [metrics_tie_aware] top-score tie ratio (avg per sample): 0.9928%, samples with tied top (>1 item): 0.2759%
INFO: [Epoch 11] Group [metrics_tie_aware], Hit@[1, 5, 10]: [0.15172, 0.60207, 0.80655], NDCG@[1, 5, 10]: [0.15172, 0.37924, 0.4461]
INFO: 
INFO: [Epoch 12] user loss: 0.10698
INFO: [Epoch 12] group loss: 0.08836
INFO: [Epoch 12] [user evaluate] [metrics] pred_score max: 0.806070, num of top-score tie (avg per sample): 1.0027
INFO: [Epoch 12] [user evaluate] [metrics] top-score tie ratio (avg per sample): 0.9927%, samples with tied top (>1 item): 0.2658%
INFO: [Epoch 12] User [metrics], Hit@[1, 5, 10]: [0.20565, 0.67741, 0.87076], NDCG@[1, 5, 10]: [0.20565, 0.44777, 0.51072]
INFO: [Epoch 12] [group evaluate] [metrics] pred_score max: 1.080911, num of top-score tie (avg per sample): 1.0007
INFO: [Epoch 12] [group evaluate] [metrics] top-score tie ratio (avg per sample): 0.9908%, samples with tied top (>1 item): 0.0690%
INFO: [Epoch 12] Group [metrics], Hit@[1, 5, 10]: [0.14897, 0.60069, 0.81241], NDCG@[1, 5, 10]: [0.14897, 0.37999, 0.44927]
INFO: [Epoch 12] [user evaluate] [metrics_first] pred_score max: 0.806070, num of top-score tie (avg per sample): 1.0027
INFO: [Epoch 12] [user evaluate] [metrics_first] top-score tie ratio (avg per sample): 0.9927%, samples with tied top (>1 item): 0.2658%
INFO: [Epoch 12] User [metrics_first], Hit@[1, 5, 10]: [0.20565, 0.67774, 0.87076], NDCG@[1, 5, 10]: [0.20565, 0.44794, 0.51082]
INFO: [Epoch 12] [group evaluate] [metrics_first] pred_score max: 1.080911, num of top-score tie (avg per sample): 1.0007
INFO: [Epoch 12] [group evaluate] [metrics_first] top-score tie ratio (avg per sample): 0.9908%, samples with tied top (>1 item): 0.0690%
INFO: [Epoch 12] Group [metrics_first], Hit@[1, 5, 10]: [0.14897, 0.60138, 0.81241], NDCG@[1, 5, 10]: [0.14897, 0.38043, 0.44953]
INFO: [Epoch 12] [user evaluate] [metrics_last] pred_score max: 0.806070, num of top-score tie (avg per sample): 1.0027
INFO: [Epoch 12] [user evaluate] [metrics_last] top-score tie ratio (avg per sample): 0.9927%, samples with tied top (>1 item): 0.2658%
INFO: [Epoch 12] User [metrics_last], Hit@[1, 5, 10]: [0.20299, 0.67674, 0.87043], NDCG@[1, 5, 10]: [0.20299, 0.44617, 0.50923]
INFO: [Epoch 12] [group evaluate] [metrics_last] pred_score max: 1.080911, num of top-score tie (avg per sample): 1.0007
INFO: [Epoch 12] [group evaluate] [metrics_last] top-score tie ratio (avg per sample): 0.9908%, samples with tied top (>1 item): 0.0690%
INFO: [Epoch 12] Group [metrics_last], Hit@[1, 5, 10]: [0.14828, 0.60069, 0.81241], NDCG@[1, 5, 10]: [0.14828, 0.379, 0.44824]
INFO: [Epoch 12] [user evaluate] [metrics_tie_aware] pred_score max: 0.806070, num of top-score tie (avg per sample): 1.0027
INFO: [Epoch 12] [user evaluate] [metrics_tie_aware] top-score tie ratio (avg per sample): 0.9927%, samples with tied top (>1 item): 0.2658%
INFO: [Epoch 12] User [metrics_tie_aware], Hit@[1, 5, 10]: [0.20432, 0.67724, 0.8706], NDCG@[1, 5, 10]: [0.20432, 0.44705, 0.51003]
INFO: [Epoch 12] [group evaluate] [metrics_tie_aware] pred_score max: 1.080911, num of top-score tie (avg per sample): 1.0007
INFO: [Epoch 12] [group evaluate] [metrics_tie_aware] top-score tie ratio (avg per sample): 0.9908%, samples with tied top (>1 item): 0.0690%
INFO: [Epoch 12] Group [metrics_tie_aware], Hit@[1, 5, 10]: [0.14862, 0.60103, 0.81241], NDCG@[1, 5, 10]: [0.14862, 0.37971, 0.44888]
INFO: 
INFO: [Epoch 13] user loss: 0.10498
INFO: [Epoch 13] group loss: 0.08753
INFO: [Epoch 13] [user evaluate] [metrics] pred_score max: 0.792794, num of top-score tie (avg per sample): 1.0037
INFO: [Epoch 13] [user evaluate] [metrics] top-score tie ratio (avg per sample): 0.9937%, samples with tied top (>1 item): 0.3654%
INFO: [Epoch 13] User [metrics], Hit@[1, 5, 10]: [0.20133, 0.67708, 0.87076], NDCG@[1, 5, 10]: [0.20133, 0.44388, 0.50701]
INFO: [Epoch 13] [group evaluate] [metrics] pred_score max: 1.129668, num of top-score tie (avg per sample): 1.0028
INFO: [Epoch 13] [group evaluate] [metrics] top-score tie ratio (avg per sample): 0.9928%, samples with tied top (>1 item): 0.2759%
INFO: [Epoch 13] Group [metrics], Hit@[1, 5, 10]: [0.14966, 0.58828, 0.80966], NDCG@[1, 5, 10]: [0.14966, 0.37364, 0.44592]
INFO: [Epoch 13] [user evaluate] [metrics_first] pred_score max: 0.792794, num of top-score tie (avg per sample): 1.0037
INFO: [Epoch 13] [user evaluate] [metrics_first] top-score tie ratio (avg per sample): 0.9937%, samples with tied top (>1 item): 0.3654%
INFO: [Epoch 13] User [metrics_first], Hit@[1, 5, 10]: [0.20133, 0.67741, 0.87076], NDCG@[1, 5, 10]: [0.20133, 0.44408, 0.50711]
INFO: [Epoch 13] [group evaluate] [metrics_first] pred_score max: 1.129668, num of top-score tie (avg per sample): 1.0028
INFO: [Epoch 13] [group evaluate] [metrics_first] top-score tie ratio (avg per sample): 0.9928%, samples with tied top (>1 item): 0.2759%
INFO: [Epoch 13] Group [metrics_first], Hit@[1, 5, 10]: [0.14966, 0.58966, 0.80966], NDCG@[1, 5, 10]: [0.14966, 0.37437, 0.4462]
INFO: [Epoch 13] [user evaluate] [metrics_last] pred_score max: 0.792794, num of top-score tie (avg per sample): 1.0037
INFO: [Epoch 13] [user evaluate] [metrics_last] top-score tie ratio (avg per sample): 0.9937%, samples with tied top (>1 item): 0.3654%
INFO: [Epoch 13] User [metrics_last], Hit@[1, 5, 10]: [0.19767, 0.67708, 0.87043], NDCG@[1, 5, 10]: [0.19767, 0.44219, 0.5052]
INFO: [Epoch 13] [group evaluate] [metrics_last] pred_score max: 1.129668, num of top-score tie (avg per sample): 1.0028
INFO: [Epoch 13] [group evaluate] [metrics_last] top-score tie ratio (avg per sample): 0.9928%, samples with tied top (>1 item): 0.2759%
INFO: [Epoch 13] Group [metrics_last], Hit@[1, 5, 10]: [0.1469, 0.58828, 0.80966], NDCG@[1, 5, 10]: [0.1469, 0.37226, 0.44452]
INFO: [Epoch 13] [user evaluate] [metrics_tie_aware] pred_score max: 0.792794, num of top-score tie (avg per sample): 1.0037
INFO: [Epoch 13] [user evaluate] [metrics_tie_aware] top-score tie ratio (avg per sample): 0.9937%, samples with tied top (>1 item): 0.3654%
INFO: [Epoch 13] User [metrics_tie_aware], Hit@[1, 5, 10]: [0.1995, 0.67724, 0.8706], NDCG@[1, 5, 10]: [0.1995, 0.44313, 0.50616]
INFO: [Epoch 13] [group evaluate] [metrics_tie_aware] pred_score max: 1.129668, num of top-score tie (avg per sample): 1.0028
INFO: [Epoch 13] [group evaluate] [metrics_tie_aware] top-score tie ratio (avg per sample): 0.9928%, samples with tied top (>1 item): 0.2759%
INFO: [Epoch 13] Group [metrics_tie_aware], Hit@[1, 5, 10]: [0.14828, 0.58897, 0.80966], NDCG@[1, 5, 10]: [0.14828, 0.37331, 0.44536]
INFO: 
INFO: [Epoch 14] user loss: 0.10276
INFO: [Epoch 14] group loss: 0.08649
INFO: [Epoch 14] [user evaluate] [metrics] pred_score max: 0.867264, num of top-score tie (avg per sample): 1.0017
INFO: [Epoch 14] [user evaluate] [metrics] top-score tie ratio (avg per sample): 0.9917%, samples with tied top (>1 item): 0.1661%
INFO: [Epoch 14] User [metrics], Hit@[1, 5, 10]: [0.19967, 0.67243, 0.86811], NDCG@[1, 5, 10]: [0.19967, 0.44251, 0.50648]
INFO: [Epoch 14] [group evaluate] [metrics] pred_score max: 1.278922, num of top-score tie (avg per sample): 1.0021
INFO: [Epoch 14] [group evaluate] [metrics] top-score tie ratio (avg per sample): 0.9921%, samples with tied top (>1 item): 0.2069%
INFO: [Epoch 14] Group [metrics], Hit@[1, 5, 10]: [0.14966, 0.59241, 0.8069], NDCG@[1, 5, 10]: [0.14966, 0.37718, 0.44745]
INFO: [Epoch 14] [user evaluate] [metrics_first] pred_score max: 0.867264, num of top-score tie (avg per sample): 1.0017
INFO: [Epoch 14] [user evaluate] [metrics_first] top-score tie ratio (avg per sample): 0.9917%, samples with tied top (>1 item): 0.1661%
INFO: [Epoch 14] User [metrics_first], Hit@[1, 5, 10]: [0.19967, 0.67342, 0.86811], NDCG@[1, 5, 10]: [0.19967, 0.44294, 0.50656]
INFO: [Epoch 14] [group evaluate] [metrics_first] pred_score max: 1.278922, num of top-score tie (avg per sample): 1.0021
INFO: [Epoch 14] [group evaluate] [metrics_first] top-score tie ratio (avg per sample): 0.9921%, samples with tied top (>1 item): 0.2069%
INFO: [Epoch 14] Group [metrics_first], Hit@[1, 5, 10]: [0.14966, 0.5931, 0.8069], NDCG@[1, 5, 10]: [0.14966, 0.37764, 0.44773]
INFO: [Epoch 14] [user evaluate] [metrics_last] pred_score max: 0.867264, num of top-score tie (avg per sample): 1.0017
INFO: [Epoch 14] [user evaluate] [metrics_last] top-score tie ratio (avg per sample): 0.9917%, samples with tied top (>1 item): 0.1661%
INFO: [Epoch 14] User [metrics_last], Hit@[1, 5, 10]: [0.19801, 0.67209, 0.86811], NDCG@[1, 5, 10]: [0.19801, 0.4413, 0.50537]
INFO: [Epoch 14] [group evaluate] [metrics_last] pred_score max: 1.278922, num of top-score tie (avg per sample): 1.0021
INFO: [Epoch 14] [group evaluate] [metrics_last] top-score tie ratio (avg per sample): 0.9921%, samples with tied top (>1 item): 0.2069%
INFO: [Epoch 14] Group [metrics_last], Hit@[1, 5, 10]: [0.14759, 0.59241, 0.8069], NDCG@[1, 5, 10]: [0.14759, 0.37603, 0.44624]
INFO: [Epoch 14] [user evaluate] [metrics_tie_aware] pred_score max: 0.867264, num of top-score tie (avg per sample): 1.0017
INFO: [Epoch 14] [user evaluate] [metrics_tie_aware] top-score tie ratio (avg per sample): 0.9917%, samples with tied top (>1 item): 0.1661%
INFO: [Epoch 14] User [metrics_tie_aware], Hit@[1, 5, 10]: [0.19884, 0.67276, 0.86811], NDCG@[1, 5, 10]: [0.19884, 0.44212, 0.50596]
INFO: [Epoch 14] [group evaluate] [metrics_tie_aware] pred_score max: 1.278922, num of top-score tie (avg per sample): 1.0021
INFO: [Epoch 14] [group evaluate] [metrics_tie_aware] top-score tie ratio (avg per sample): 0.9921%, samples with tied top (>1 item): 0.2069%
INFO: [Epoch 14] Group [metrics_tie_aware], Hit@[1, 5, 10]: [0.14862, 0.59276, 0.8069], NDCG@[1, 5, 10]: [0.14862, 0.37684, 0.44699]
INFO: 
INFO: [Epoch 15] user loss: 0.10170
INFO: [Epoch 15] group loss: 0.08521
INFO: [Epoch 15] [user evaluate] [metrics] pred_score max: 0.885946, num of top-score tie (avg per sample): 1.0023
INFO: [Epoch 15] [user evaluate] [metrics] top-score tie ratio (avg per sample): 0.9924%, samples with tied top (>1 item): 0.2326%
INFO: [Epoch 15] User [metrics], Hit@[1, 5, 10]: [0.20166, 0.6814, 0.8711], NDCG@[1, 5, 10]: [0.20166, 0.44556, 0.50768]
INFO: [Epoch 15] [group evaluate] [metrics] pred_score max: 1.282292, num of top-score tie (avg per sample): 1.0021
INFO: [Epoch 15] [group evaluate] [metrics] top-score tie ratio (avg per sample): 0.9921%, samples with tied top (>1 item): 0.2069%
INFO: [Epoch 15] Group [metrics], Hit@[1, 5, 10]: [0.16207, 0.60345, 0.80552], NDCG@[1, 5, 10]: [0.16207, 0.38541, 0.4522]
INFO: [Epoch 15] [user evaluate] [metrics_first] pred_score max: 0.885946, num of top-score tie (avg per sample): 1.0023
INFO: [Epoch 15] [user evaluate] [metrics_first] top-score tie ratio (avg per sample): 0.9924%, samples with tied top (>1 item): 0.2326%
INFO: [Epoch 15] User [metrics_first], Hit@[1, 5, 10]: [0.20166, 0.68173, 0.8711], NDCG@[1, 5, 10]: [0.20166, 0.44577, 0.50779]
INFO: [Epoch 15] [group evaluate] [metrics_first] pred_score max: 1.282292, num of top-score tie (avg per sample): 1.0021
INFO: [Epoch 15] [group evaluate] [metrics_first] top-score tie ratio (avg per sample): 0.9921%, samples with tied top (>1 item): 0.2069%
INFO: [Epoch 15] Group [metrics_first], Hit@[1, 5, 10]: [0.16207, 0.60483, 0.80552], NDCG@[1, 5, 10]: [0.16207, 0.38626, 0.45257]
INFO: [Epoch 15] [user evaluate] [metrics_last] pred_score max: 0.885946, num of top-score tie (avg per sample): 1.0023
INFO: [Epoch 15] [user evaluate] [metrics_last] top-score tie ratio (avg per sample): 0.9924%, samples with tied top (>1 item): 0.2326%
INFO: [Epoch 15] User [metrics_last], Hit@[1, 5, 10]: [0.19934, 0.68073, 0.8711], NDCG@[1, 5, 10]: [0.19934, 0.44395, 0.5063]
INFO: [Epoch 15] [group evaluate] [metrics_last] pred_score max: 1.282292, num of top-score tie (avg per sample): 1.0021
INFO: [Epoch 15] [group evaluate] [metrics_last] top-score tie ratio (avg per sample): 0.9921%, samples with tied top (>1 item): 0.2069%
INFO: [Epoch 15] Group [metrics_last], Hit@[1, 5, 10]: [0.16, 0.60345, 0.80552], NDCG@[1, 5, 10]: [0.16, 0.38425, 0.451]
INFO: [Epoch 15] [user evaluate] [metrics_tie_aware] pred_score max: 0.885946, num of top-score tie (avg per sample): 1.0023
INFO: [Epoch 15] [user evaluate] [metrics_tie_aware] top-score tie ratio (avg per sample): 0.9924%, samples with tied top (>1 item): 0.2326%
INFO: [Epoch 15] User [metrics_tie_aware], Hit@[1, 5, 10]: [0.2005, 0.68123, 0.8711], NDCG@[1, 5, 10]: [0.2005, 0.44486, 0.50705]
INFO: [Epoch 15] [group evaluate] [metrics_tie_aware] pred_score max: 1.282292, num of top-score tie (avg per sample): 1.0021
INFO: [Epoch 15] [group evaluate] [metrics_tie_aware] top-score tie ratio (avg per sample): 0.9921%, samples with tied top (>1 item): 0.2069%
INFO: [Epoch 15] Group [metrics_tie_aware], Hit@[1, 5, 10]: [0.16103, 0.60414, 0.80552], NDCG@[1, 5, 10]: [0.16103, 0.38525, 0.45179]
INFO: 
INFO: [Epoch 16] user loss: 0.10123
INFO: [Epoch 16] group loss: 0.08417
INFO: [Epoch 16] [user evaluate] [metrics] pred_score max: 0.794482, num of top-score tie (avg per sample): 1.0023
INFO: [Epoch 16] [user evaluate] [metrics] top-score tie ratio (avg per sample): 0.9924%, samples with tied top (>1 item): 0.2326%
INFO: [Epoch 16] User [metrics], Hit@[1, 5, 10]: [0.19701, 0.68239, 0.86944], NDCG@[1, 5, 10]: [0.19701, 0.44747, 0.50887]
INFO: [Epoch 16] [group evaluate] [metrics] pred_score max: 1.032602, num of top-score tie (avg per sample): 1.0014
INFO: [Epoch 16] [group evaluate] [metrics] top-score tie ratio (avg per sample): 0.9915%, samples with tied top (>1 item): 0.1379%
INFO: [Epoch 16] Group [metrics], Hit@[1, 5, 10]: [0.16276, 0.60345, 0.80621], NDCG@[1, 5, 10]: [0.16276, 0.38662, 0.45224]
INFO: [Epoch 16] [user evaluate] [metrics_first] pred_score max: 0.794482, num of top-score tie (avg per sample): 1.0023
INFO: [Epoch 16] [user evaluate] [metrics_first] top-score tie ratio (avg per sample): 0.9924%, samples with tied top (>1 item): 0.2326%
INFO: [Epoch 16] User [metrics_first], Hit@[1, 5, 10]: [0.19701, 0.68306, 0.86944], NDCG@[1, 5, 10]: [0.19701, 0.44778, 0.50896]
INFO: [Epoch 16] [group evaluate] [metrics_first] pred_score max: 1.032602, num of top-score tie (avg per sample): 1.0014
INFO: [Epoch 16] [group evaluate] [metrics_first] top-score tie ratio (avg per sample): 0.9915%, samples with tied top (>1 item): 0.1379%
INFO: [Epoch 16] Group [metrics_first], Hit@[1, 5, 10]: [0.16276, 0.60345, 0.80621], NDCG@[1, 5, 10]: [0.16276, 0.38677, 0.45241]
INFO: [Epoch 16] [user evaluate] [metrics_last] pred_score max: 0.794482, num of top-score tie (avg per sample): 1.0023
INFO: [Epoch 16] [user evaluate] [metrics_last] top-score tie ratio (avg per sample): 0.9924%, samples with tied top (>1 item): 0.2326%
INFO: [Epoch 16] User [metrics_last], Hit@[1, 5, 10]: [0.19468, 0.68206, 0.86944], NDCG@[1, 5, 10]: [0.19468, 0.44597, 0.50747]
INFO: [Epoch 16] [group evaluate] [metrics_last] pred_score max: 1.032602, num of top-score tie (avg per sample): 1.0014
INFO: [Epoch 16] [group evaluate] [metrics_last] top-score tie ratio (avg per sample): 0.9915%, samples with tied top (>1 item): 0.1379%
INFO: [Epoch 16] Group [metrics_last], Hit@[1, 5, 10]: [0.16138, 0.60345, 0.80621], NDCG@[1, 5, 10]: [0.16138, 0.38542, 0.45099]
INFO: [Epoch 16] [user evaluate] [metrics_tie_aware] pred_score max: 0.794482, num of top-score tie (avg per sample): 1.0023
INFO: [Epoch 16] [user evaluate] [metrics_tie_aware] top-score tie ratio (avg per sample): 0.9924%, samples with tied top (>1 item): 0.2326%
INFO: [Epoch 16] User [metrics_tie_aware], Hit@[1, 5, 10]: [0.19585, 0.68256, 0.86944], NDCG@[1, 5, 10]: [0.19585, 0.44688, 0.50822]
INFO: [Epoch 16] [group evaluate] [metrics_tie_aware] pred_score max: 1.032602, num of top-score tie (avg per sample): 1.0014
INFO: [Epoch 16] [group evaluate] [metrics_tie_aware] top-score tie ratio (avg per sample): 0.9915%, samples with tied top (>1 item): 0.1379%
INFO: [Epoch 16] Group [metrics_tie_aware], Hit@[1, 5, 10]: [0.16207, 0.60345, 0.80621], NDCG@[1, 5, 10]: [0.16207, 0.3861, 0.4517]
INFO: 
INFO: [Epoch 17] user loss: 0.10031
INFO: [Epoch 17] group loss: 0.08390
INFO: [Epoch 17] [user evaluate] [metrics] pred_score max: 0.825772, num of top-score tie (avg per sample): 1.0027
INFO: [Epoch 17] [user evaluate] [metrics] top-score tie ratio (avg per sample): 0.9927%, samples with tied top (>1 item): 0.2658%
INFO: [Epoch 17] User [metrics], Hit@[1, 5, 10]: [0.19336, 0.67973, 0.86777], NDCG@[1, 5, 10]: [0.19336, 0.4414, 0.50297]
INFO: [Epoch 17] [group evaluate] [metrics] pred_score max: 1.142597, num of top-score tie (avg per sample): 1.0028
INFO: [Epoch 17] [group evaluate] [metrics] top-score tie ratio (avg per sample): 0.9928%, samples with tied top (>1 item): 0.2759%
INFO: [Epoch 17] Group [metrics], Hit@[1, 5, 10]: [0.16552, 0.60966, 0.81034], NDCG@[1, 5, 10]: [0.16552, 0.39068, 0.45621]
INFO: [Epoch 17] [user evaluate] [metrics_first] pred_score max: 0.825772, num of top-score tie (avg per sample): 1.0027
INFO: [Epoch 17] [user evaluate] [metrics_first] top-score tie ratio (avg per sample): 0.9927%, samples with tied top (>1 item): 0.2658%
INFO: [Epoch 17] User [metrics_first], Hit@[1, 5, 10]: [0.19336, 0.68007, 0.86777], NDCG@[1, 5, 10]: [0.19336, 0.44159, 0.50308]
INFO: [Epoch 17] [group evaluate] [metrics_first] pred_score max: 1.142597, num of top-score tie (avg per sample): 1.0028
INFO: [Epoch 17] [group evaluate] [metrics_first] top-score tie ratio (avg per sample): 0.9928%, samples with tied top (>1 item): 0.2759%
INFO: [Epoch 17] Group [metrics_first], Hit@[1, 5, 10]: [0.16552, 0.61103, 0.81034], NDCG@[1, 5, 10]: [0.16552, 0.39135, 0.45642]
INFO: [Epoch 17] [user evaluate] [metrics_last] pred_score max: 0.825772, num of top-score tie (avg per sample): 1.0027
INFO: [Epoch 17] [user evaluate] [metrics_last] top-score tie ratio (avg per sample): 0.9927%, samples with tied top (>1 item): 0.2658%
INFO: [Epoch 17] User [metrics_last], Hit@[1, 5, 10]: [0.1907, 0.67973, 0.86777], NDCG@[1, 5, 10]: [0.1907, 0.43991, 0.50147]
INFO: [Epoch 17] [group evaluate] [metrics_last] pred_score max: 1.142597, num of top-score tie (avg per sample): 1.0028
INFO: [Epoch 17] [group evaluate] [metrics_last] top-score tie ratio (avg per sample): 0.9928%, samples with tied top (>1 item): 0.2759%
INFO: [Epoch 17] Group [metrics_last], Hit@[1, 5, 10]: [0.16276, 0.60966, 0.81034], NDCG@[1, 5, 10]: [0.16276, 0.38922, 0.4547]
INFO: [Epoch 17] [user evaluate] [metrics_tie_aware] pred_score max: 0.825772, num of top-score tie (avg per sample): 1.0027
INFO: [Epoch 17] [user evaluate] [metrics_tie_aware] top-score tie ratio (avg per sample): 0.9927%, samples with tied top (>1 item): 0.2658%
INFO: [Epoch 17] User [metrics_tie_aware], Hit@[1, 5, 10]: [0.19203, 0.6799, 0.86777], NDCG@[1, 5, 10]: [0.19203, 0.44075, 0.50228]
INFO: [Epoch 17] [group evaluate] [metrics_tie_aware] pred_score max: 1.142597, num of top-score tie (avg per sample): 1.0028
INFO: [Epoch 17] [group evaluate] [metrics_tie_aware] top-score tie ratio (avg per sample): 0.9928%, samples with tied top (>1 item): 0.2759%
INFO: [Epoch 17] Group [metrics_tie_aware], Hit@[1, 5, 10]: [0.16414, 0.61034, 0.81034], NDCG@[1, 5, 10]: [0.16414, 0.39028, 0.45556]
INFO: 
INFO: [Epoch 18] user loss: 0.09963
INFO: [Epoch 18] group loss: 0.08244
INFO: [Epoch 18] [user evaluate] [metrics] pred_score max: 0.859688, num of top-score tie (avg per sample): 1.0037
INFO: [Epoch 18] [user evaluate] [metrics] top-score tie ratio (avg per sample): 0.9937%, samples with tied top (>1 item): 0.3654%
INFO: [Epoch 18] User [metrics], Hit@[1, 5, 10]: [0.18738, 0.68704, 0.86777], NDCG@[1, 5, 10]: [0.18738, 0.44297, 0.50212]
INFO: [Epoch 18] [group evaluate] [metrics] pred_score max: 1.340083, num of top-score tie (avg per sample): 1.0028
INFO: [Epoch 18] [group evaluate] [metrics] top-score tie ratio (avg per sample): 0.9928%, samples with tied top (>1 item): 0.2759%
INFO: [Epoch 18] Group [metrics], Hit@[1, 5, 10]: [0.16759, 0.6131, 0.8131], NDCG@[1, 5, 10]: [0.16759, 0.39354, 0.4594]
INFO: [Epoch 18] [user evaluate] [metrics_first] pred_score max: 0.859688, num of top-score tie (avg per sample): 1.0037
INFO: [Epoch 18] [user evaluate] [metrics_first] top-score tie ratio (avg per sample): 0.9937%, samples with tied top (>1 item): 0.3654%
INFO: [Epoch 18] User [metrics_first], Hit@[1, 5, 10]: [0.18738, 0.68837, 0.86777], NDCG@[1, 5, 10]: [0.18738, 0.44351, 0.50219]
INFO: [Epoch 18] [group evaluate] [metrics_first] pred_score max: 1.340083, num of top-score tie (avg per sample): 1.0028
INFO: [Epoch 18] [group evaluate] [metrics_first] top-score tie ratio (avg per sample): 0.9928%, samples with tied top (>1 item): 0.2759%
INFO: [Epoch 18] Group [metrics_first], Hit@[1, 5, 10]: [0.16759, 0.6131, 0.8131], NDCG@[1, 5, 10]: [0.16759, 0.39368, 0.45957]
INFO: [Epoch 18] [user evaluate] [metrics_last] pred_score max: 0.859688, num of top-score tie (avg per sample): 1.0037
INFO: [Epoch 18] [user evaluate] [metrics_last] top-score tie ratio (avg per sample): 0.9937%, samples with tied top (>1 item): 0.3654%
INFO: [Epoch 18] User [metrics_last], Hit@[1, 5, 10]: [0.18372, 0.68704, 0.86777], NDCG@[1, 5, 10]: [0.18372, 0.44126, 0.5004]
INFO: [Epoch 18] [group evaluate] [metrics_last] pred_score max: 1.340083, num of top-score tie (avg per sample): 1.0028
INFO: [Epoch 18] [group evaluate] [metrics_last] top-score tie ratio (avg per sample): 0.9928%, samples with tied top (>1 item): 0.2759%
INFO: [Epoch 18] Group [metrics_last], Hit@[1, 5, 10]: [0.16483, 0.61103, 0.81241], NDCG@[1, 5, 10]: [0.16483, 0.39133, 0.4577]
INFO: [Epoch 18] [user evaluate] [metrics_tie_aware] pred_score max: 0.859688, num of top-score tie (avg per sample): 1.0037
INFO: [Epoch 18] [user evaluate] [metrics_tie_aware] top-score tie ratio (avg per sample): 0.9937%, samples with tied top (>1 item): 0.3654%
INFO: [Epoch 18] User [metrics_tie_aware], Hit@[1, 5, 10]: [0.18555, 0.68771, 0.86777], NDCG@[1, 5, 10]: [0.18555, 0.44239, 0.5013]
INFO: [Epoch 18] [group evaluate] [metrics_tie_aware] pred_score max: 1.340083, num of top-score tie (avg per sample): 1.0028
INFO: [Epoch 18] [group evaluate] [metrics_tie_aware] top-score tie ratio (avg per sample): 0.9928%, samples with tied top (>1 item): 0.2759%
INFO: [Epoch 18] Group [metrics_tie_aware], Hit@[1, 5, 10]: [0.16621, 0.61207, 0.81276], NDCG@[1, 5, 10]: [0.16621, 0.39251, 0.45863]
INFO: 
INFO: [Epoch 19] user loss: 0.09853
INFO: [Epoch 19] group loss: 0.08247
INFO: [Epoch 19] [user evaluate] [metrics] pred_score max: 0.770793, num of top-score tie (avg per sample): 1.0037
INFO: [Epoch 19] [user evaluate] [metrics] top-score tie ratio (avg per sample): 0.9937%, samples with tied top (>1 item): 0.3654%
INFO: [Epoch 19] User [metrics], Hit@[1, 5, 10]: [0.18904, 0.6887, 0.87276], NDCG@[1, 5, 10]: [0.18904, 0.44502, 0.50525]
INFO: [Epoch 19] [group evaluate] [metrics] pred_score max: 1.278130, num of top-score tie (avg per sample): 1.0034
INFO: [Epoch 19] [group evaluate] [metrics] top-score tie ratio (avg per sample): 0.9935%, samples with tied top (>1 item): 0.3448%
INFO: [Epoch 19] Group [metrics], Hit@[1, 5, 10]: [0.15931, 0.61862, 0.8131], NDCG@[1, 5, 10]: [0.15931, 0.39196, 0.45519]
INFO: [Epoch 19] [user evaluate] [metrics_first] pred_score max: 0.770793, num of top-score tie (avg per sample): 1.0037
INFO: [Epoch 19] [user evaluate] [metrics_first] top-score tie ratio (avg per sample): 0.9937%, samples with tied top (>1 item): 0.3654%
INFO: [Epoch 19] User [metrics_first], Hit@[1, 5, 10]: [0.1897, 0.6897, 0.87309], NDCG@[1, 5, 10]: [0.1897, 0.4457, 0.50567]
INFO: [Epoch 19] [group evaluate] [metrics_first] pred_score max: 1.278130, num of top-score tie (avg per sample): 1.0034
INFO: [Epoch 19] [group evaluate] [metrics_first] top-score tie ratio (avg per sample): 0.9935%, samples with tied top (>1 item): 0.3448%
INFO: [Epoch 19] Group [metrics_first], Hit@[1, 5, 10]: [0.15931, 0.61862, 0.8131], NDCG@[1, 5, 10]: [0.15931, 0.39201, 0.45531]
INFO: [Epoch 19] [user evaluate] [metrics_last] pred_score max: 0.770793, num of top-score tie (avg per sample): 1.0037
INFO: [Epoch 19] [user evaluate] [metrics_last] top-score tie ratio (avg per sample): 0.9937%, samples with tied top (>1 item): 0.3654%
INFO: [Epoch 19] User [metrics_last], Hit@[1, 5, 10]: [0.18605, 0.6887, 0.87243], NDCG@[1, 5, 10]: [0.18605, 0.44354, 0.50366]
INFO: [Epoch 19] [group evaluate] [metrics_last] pred_score max: 1.278130, num of top-score tie (avg per sample): 1.0034
INFO: [Epoch 19] [group evaluate] [metrics_last] top-score tie ratio (avg per sample): 0.9935%, samples with tied top (>1 item): 0.3448%
INFO: [Epoch 19] Group [metrics_last], Hit@[1, 5, 10]: [0.15586, 0.61862, 0.8131], NDCG@[1, 5, 10]: [0.15586, 0.39024, 0.45346]
INFO: [Epoch 19] [user evaluate] [metrics_tie_aware] pred_score max: 0.770793, num of top-score tie (avg per sample): 1.0037
INFO: [Epoch 19] [user evaluate] [metrics_tie_aware] top-score tie ratio (avg per sample): 0.9937%, samples with tied top (>1 item): 0.3654%
INFO: [Epoch 19] User [metrics_tie_aware], Hit@[1, 5, 10]: [0.18787, 0.6892, 0.87276], NDCG@[1, 5, 10]: [0.18787, 0.44462, 0.50466]
INFO: [Epoch 19] [group evaluate] [metrics_tie_aware] pred_score max: 1.278130, num of top-score tie (avg per sample): 1.0034
INFO: [Epoch 19] [group evaluate] [metrics_tie_aware] top-score tie ratio (avg per sample): 0.9935%, samples with tied top (>1 item): 0.3448%
INFO: [Epoch 19] Group [metrics_tie_aware], Hit@[1, 5, 10]: [0.15759, 0.61862, 0.8131], NDCG@[1, 5, 10]: [0.15759, 0.39112, 0.45439]
INFO: 
INFO: [Epoch 20] user loss: 0.09781
INFO: [Epoch 20] group loss: 0.08153
INFO: [Epoch 20] [user evaluate] [metrics] pred_score max: 0.830741, num of top-score tie (avg per sample): 1.0027
INFO: [Epoch 20] [user evaluate] [metrics] top-score tie ratio (avg per sample): 0.9927%, samples with tied top (>1 item): 0.2658%
INFO: [Epoch 20] User [metrics], Hit@[1, 5, 10]: [0.19767, 0.68306, 0.8701], NDCG@[1, 5, 10]: [0.19767, 0.44367, 0.50521]
INFO: [Epoch 20] [group evaluate] [metrics] pred_score max: 1.398114, num of top-score tie (avg per sample): 1.0021
INFO: [Epoch 20] [group evaluate] [metrics] top-score tie ratio (avg per sample): 0.9921%, samples with tied top (>1 item): 0.2069%
INFO: [Epoch 20] Group [metrics], Hit@[1, 5, 10]: [0.15517, 0.60759, 0.8131], NDCG@[1, 5, 10]: [0.15517, 0.38641, 0.45329]
INFO: [Epoch 20] [user evaluate] [metrics_first] pred_score max: 0.830741, num of top-score tie (avg per sample): 1.0027
INFO: [Epoch 20] [user evaluate] [metrics_first] top-score tie ratio (avg per sample): 0.9927%, samples with tied top (>1 item): 0.2658%
INFO: [Epoch 20] User [metrics_first], Hit@[1, 5, 10]: [0.19767, 0.68439, 0.8701], NDCG@[1, 5, 10]: [0.19767, 0.44423, 0.50531]
INFO: [Epoch 20] [group evaluate] [metrics_first] pred_score max: 1.398114, num of top-score tie (avg per sample): 1.0021
INFO: [Epoch 20] [group evaluate] [metrics_first] top-score tie ratio (avg per sample): 0.9921%, samples with tied top (>1 item): 0.2069%
INFO: [Epoch 20] Group [metrics_first], Hit@[1, 5, 10]: [0.15517, 0.60828, 0.8131], NDCG@[1, 5, 10]: [0.15517, 0.3868, 0.4535]
INFO: [Epoch 20] [user evaluate] [metrics_last] pred_score max: 0.830741, num of top-score tie (avg per sample): 1.0027
INFO: [Epoch 20] [user evaluate] [metrics_last] top-score tie ratio (avg per sample): 0.9927%, samples with tied top (>1 item): 0.2658%
INFO: [Epoch 20] User [metrics_last], Hit@[1, 5, 10]: [0.19502, 0.68272, 0.8701], NDCG@[1, 5, 10]: [0.19502, 0.44213, 0.50378]
INFO: [Epoch 20] [group evaluate] [metrics_last] pred_score max: 1.398114, num of top-score tie (avg per sample): 1.0021
INFO: [Epoch 20] [group evaluate] [metrics_last] top-score tie ratio (avg per sample): 0.9921%, samples with tied top (>1 item): 0.2069%
INFO: [Epoch 20] Group [metrics_last], Hit@[1, 5, 10]: [0.1531, 0.60759, 0.8131], NDCG@[1, 5, 10]: [0.1531, 0.38523, 0.4521]
INFO: [Epoch 20] [user evaluate] [metrics_tie_aware] pred_score max: 0.830741, num of top-score tie (avg per sample): 1.0027
INFO: [Epoch 20] [user evaluate] [metrics_tie_aware] top-score tie ratio (avg per sample): 0.9927%, samples with tied top (>1 item): 0.2658%
INFO: [Epoch 20] User [metrics_tie_aware], Hit@[1, 5, 10]: [0.19635, 0.68355, 0.8701], NDCG@[1, 5, 10]: [0.19635, 0.44318, 0.50454]
INFO: [Epoch 20] [group evaluate] [metrics_tie_aware] pred_score max: 1.398114, num of top-score tie (avg per sample): 1.0021
INFO: [Epoch 20] [group evaluate] [metrics_tie_aware] top-score tie ratio (avg per sample): 0.9921%, samples with tied top (>1 item): 0.2069%
INFO: [Epoch 20] Group [metrics_tie_aware], Hit@[1, 5, 10]: [0.15414, 0.60793, 0.8131], NDCG@[1, 5, 10]: [0.15414, 0.38601, 0.4528]
INFO: 
INFO: [Epoch 21] user loss: 0.09776
INFO: [Epoch 21] group loss: 0.08095
INFO: [Epoch 21] [user evaluate] [metrics] pred_score max: 0.853220, num of top-score tie (avg per sample): 1.0017
INFO: [Epoch 21] [user evaluate] [metrics] top-score tie ratio (avg per sample): 0.9917%, samples with tied top (>1 item): 0.1661%
INFO: [Epoch 21] User [metrics], Hit@[1, 5, 10]: [0.1897, 0.68306, 0.86512], NDCG@[1, 5, 10]: [0.1897, 0.44097, 0.50077]
INFO: [Epoch 21] [group evaluate] [metrics] pred_score max: 1.437153, num of top-score tie (avg per sample): 1.0034
INFO: [Epoch 21] [group evaluate] [metrics] top-score tie ratio (avg per sample): 0.9935%, samples with tied top (>1 item): 0.3448%
INFO: [Epoch 21] Group [metrics], Hit@[1, 5, 10]: [0.16, 0.60207, 0.80345], NDCG@[1, 5, 10]: [0.16, 0.38335, 0.44913]
INFO: [Epoch 21] [user evaluate] [metrics_first] pred_score max: 0.853220, num of top-score tie (avg per sample): 1.0017
INFO: [Epoch 21] [user evaluate] [metrics_first] top-score tie ratio (avg per sample): 0.9917%, samples with tied top (>1 item): 0.1661%
INFO: [Epoch 21] User [metrics_first], Hit@[1, 5, 10]: [0.1897, 0.68339, 0.86545], NDCG@[1, 5, 10]: [0.1897, 0.44119, 0.50098]
INFO: [Epoch 21] [group evaluate] [metrics_first] pred_score max: 1.437153, num of top-score tie (avg per sample): 1.0034
INFO: [Epoch 21] [group evaluate] [metrics_first] top-score tie ratio (avg per sample): 0.9935%, samples with tied top (>1 item): 0.3448%
INFO: [Epoch 21] Group [metrics_first], Hit@[1, 5, 10]: [0.16, 0.60276, 0.80345], NDCG@[1, 5, 10]: [0.16, 0.38376, 0.44932]
INFO: [Epoch 21] [user evaluate] [metrics_last] pred_score max: 0.853220, num of top-score tie (avg per sample): 1.0017
INFO: [Epoch 21] [user evaluate] [metrics_last] top-score tie ratio (avg per sample): 0.9917%, samples with tied top (>1 item): 0.1661%
INFO: [Epoch 21] User [metrics_last], Hit@[1, 5, 10]: [0.18804, 0.68206, 0.86478], NDCG@[1, 5, 10]: [0.18804, 0.43947, 0.49951]
INFO: [Epoch 21] [group evaluate] [metrics_last] pred_score max: 1.437153, num of top-score tie (avg per sample): 1.0034
INFO: [Epoch 21] [group evaluate] [metrics_last] top-score tie ratio (avg per sample): 0.9935%, samples with tied top (>1 item): 0.3448%
INFO: [Epoch 21] Group [metrics_last], Hit@[1, 5, 10]: [0.15655, 0.60207, 0.80345], NDCG@[1, 5, 10]: [0.15655, 0.38179, 0.4475]
INFO: [Epoch 21] [user evaluate] [metrics_tie_aware] pred_score max: 0.853220, num of top-score tie (avg per sample): 1.0017
INFO: [Epoch 21] [user evaluate] [metrics_tie_aware] top-score tie ratio (avg per sample): 0.9917%, samples with tied top (>1 item): 0.1661%
INFO: [Epoch 21] User [metrics_tie_aware], Hit@[1, 5, 10]: [0.18887, 0.68272, 0.86512], NDCG@[1, 5, 10]: [0.18887, 0.44033, 0.50025]
INFO: [Epoch 21] [group evaluate] [metrics_tie_aware] pred_score max: 1.437153, num of top-score tie (avg per sample): 1.0034
INFO: [Epoch 21] [group evaluate] [metrics_tie_aware] top-score tie ratio (avg per sample): 0.9935%, samples with tied top (>1 item): 0.3448%
INFO: [Epoch 21] Group [metrics_tie_aware], Hit@[1, 5, 10]: [0.15828, 0.60241, 0.80345], NDCG@[1, 5, 10]: [0.15828, 0.38277, 0.44841]
INFO: 
INFO: [Epoch 22] user loss: 0.09789
INFO: [Epoch 22] group loss: 0.08081
INFO: [Epoch 22] [user evaluate] [metrics] pred_score max: 0.743047, num of top-score tie (avg per sample): 1.0037
INFO: [Epoch 22] [user evaluate] [metrics] top-score tie ratio (avg per sample): 0.9937%, samples with tied top (>1 item): 0.3654%
INFO: [Epoch 22] User [metrics], Hit@[1, 5, 10]: [0.19435, 0.68239, 0.86711], NDCG@[1, 5, 10]: [0.19435, 0.44374, 0.50406]
INFO: [Epoch 22] [group evaluate] [metrics] pred_score max: 1.374628, num of top-score tie (avg per sample): 1.0014
INFO: [Epoch 22] [group evaluate] [metrics] top-score tie ratio (avg per sample): 0.9915%, samples with tied top (>1 item): 0.1379%
INFO: [Epoch 22] Group [metrics], Hit@[1, 5, 10]: [0.15862, 0.6069, 0.80207], NDCG@[1, 5, 10]: [0.15862, 0.38691, 0.45065]
INFO: [Epoch 22] [user evaluate] [metrics_first] pred_score max: 0.743047, num of top-score tie (avg per sample): 1.0037
INFO: [Epoch 22] [user evaluate] [metrics_first] top-score tie ratio (avg per sample): 0.9937%, samples with tied top (>1 item): 0.3654%
INFO: [Epoch 22] User [metrics_first], Hit@[1, 5, 10]: [0.19435, 0.68306, 0.86711], NDCG@[1, 5, 10]: [0.19435, 0.44405, 0.50415]
INFO: [Epoch 22] [group evaluate] [metrics_first] pred_score max: 1.374628, num of top-score tie (avg per sample): 1.0014
INFO: [Epoch 22] [group evaluate] [metrics_first] top-score tie ratio (avg per sample): 0.9915%, samples with tied top (>1 item): 0.1379%
INFO: [Epoch 22] Group [metrics_first], Hit@[1, 5, 10]: [0.15862, 0.60759, 0.80207], NDCG@[1, 5, 10]: [0.15862, 0.38732, 0.45086]
INFO: [Epoch 22] [user evaluate] [metrics_last] pred_score max: 0.743047, num of top-score tie (avg per sample): 1.0037
INFO: [Epoch 22] [user evaluate] [metrics_last] top-score tie ratio (avg per sample): 0.9937%, samples with tied top (>1 item): 0.3654%
INFO: [Epoch 22] User [metrics_last], Hit@[1, 5, 10]: [0.1907, 0.68206, 0.86711], NDCG@[1, 5, 10]: [0.1907, 0.44192, 0.50233]
INFO: [Epoch 22] [group evaluate] [metrics_last] pred_score max: 1.374628, num of top-score tie (avg per sample): 1.0014
INFO: [Epoch 22] [group evaluate] [metrics_last] top-score tie ratio (avg per sample): 0.9915%, samples with tied top (>1 item): 0.1379%
INFO: [Epoch 22] Group [metrics_last], Hit@[1, 5, 10]: [0.15724, 0.6069, 0.80207], NDCG@[1, 5, 10]: [0.15724, 0.38579, 0.44953]
INFO: [Epoch 22] [user evaluate] [metrics_tie_aware] pred_score max: 0.743047, num of top-score tie (avg per sample): 1.0037
INFO: [Epoch 22] [user evaluate] [metrics_tie_aware] top-score tie ratio (avg per sample): 0.9937%, samples with tied top (>1 item): 0.3654%
INFO: [Epoch 22] User [metrics_tie_aware], Hit@[1, 5, 10]: [0.19252, 0.68256, 0.86711], NDCG@[1, 5, 10]: [0.19252, 0.44298, 0.50324]
INFO: [Epoch 22] [group evaluate] [metrics_tie_aware] pred_score max: 1.374628, num of top-score tie (avg per sample): 1.0014
INFO: [Epoch 22] [group evaluate] [metrics_tie_aware] top-score tie ratio (avg per sample): 0.9915%, samples with tied top (>1 item): 0.1379%
INFO: [Epoch 22] Group [metrics_tie_aware], Hit@[1, 5, 10]: [0.15793, 0.60724, 0.80207], NDCG@[1, 5, 10]: [0.15793, 0.38656, 0.4502]
INFO: 
INFO: [Epoch 23] user loss: 0.09739
INFO: [Epoch 23] group loss: 0.08082
INFO: [Epoch 23] [user evaluate] [metrics] pred_score max: 0.811056, num of top-score tie (avg per sample): 1.0017
INFO: [Epoch 23] [user evaluate] [metrics] top-score tie ratio (avg per sample): 0.9917%, samples with tied top (>1 item): 0.1661%
INFO: [Epoch 23] User [metrics], Hit@[1, 5, 10]: [0.19369, 0.67841, 0.8711], NDCG@[1, 5, 10]: [0.19369, 0.44147, 0.50458]
INFO: [Epoch 23] [group evaluate] [metrics] pred_score max: 1.507409, num of top-score tie (avg per sample): 1.0021
INFO: [Epoch 23] [group evaluate] [metrics] top-score tie ratio (avg per sample): 0.9921%, samples with tied top (>1 item): 0.2069%
INFO: [Epoch 23] Group [metrics], Hit@[1, 5, 10]: [0.16069, 0.59655, 0.81448], NDCG@[1, 5, 10]: [0.16069, 0.38073, 0.45173]
INFO: [Epoch 23] [user evaluate] [metrics_first] pred_score max: 0.811056, num of top-score tie (avg per sample): 1.0017
INFO: [Epoch 23] [user evaluate] [metrics_first] top-score tie ratio (avg per sample): 0.9917%, samples with tied top (>1 item): 0.1661%
INFO: [Epoch 23] User [metrics_first], Hit@[1, 5, 10]: [0.19369, 0.67841, 0.8711], NDCG@[1, 5, 10]: [0.19369, 0.44152, 0.50464]
INFO: [Epoch 23] [group evaluate] [metrics_first] pred_score max: 1.507409, num of top-score tie (avg per sample): 1.0021
INFO: [Epoch 23] [group evaluate] [metrics_first] top-score tie ratio (avg per sample): 0.9921%, samples with tied top (>1 item): 0.2069%
INFO: [Epoch 23] Group [metrics_first], Hit@[1, 5, 10]: [0.16069, 0.59655, 0.81517], NDCG@[1, 5, 10]: [0.16069, 0.38092, 0.45217]
INFO: [Epoch 23] [user evaluate] [metrics_last] pred_score max: 0.811056, num of top-score tie (avg per sample): 1.0017
INFO: [Epoch 23] [user evaluate] [metrics_last] top-score tie ratio (avg per sample): 0.9917%, samples with tied top (>1 item): 0.1661%
INFO: [Epoch 23] User [metrics_last], Hit@[1, 5, 10]: [0.19203, 0.67774, 0.8711], NDCG@[1, 5, 10]: [0.19203, 0.44005, 0.50336]
INFO: [Epoch 23] [group evaluate] [metrics_last] pred_score max: 1.507409, num of top-score tie (avg per sample): 1.0021
INFO: [Epoch 23] [group evaluate] [metrics_last] top-score tie ratio (avg per sample): 0.9921%, samples with tied top (>1 item): 0.2069%
INFO: [Epoch 23] Group [metrics_last], Hit@[1, 5, 10]: [0.15862, 0.59655, 0.81448], NDCG@[1, 5, 10]: [0.15862, 0.37957, 0.45051]
INFO: [Epoch 23] [user evaluate] [metrics_tie_aware] pred_score max: 0.811056, num of top-score tie (avg per sample): 1.0017
INFO: [Epoch 23] [user evaluate] [metrics_tie_aware] top-score tie ratio (avg per sample): 0.9917%, samples with tied top (>1 item): 0.1661%
INFO: [Epoch 23] User [metrics_tie_aware], Hit@[1, 5, 10]: [0.19286, 0.67807, 0.8711], NDCG@[1, 5, 10]: [0.19286, 0.44079, 0.504]
INFO: [Epoch 23] [group evaluate] [metrics_tie_aware] pred_score max: 1.507409, num of top-score tie (avg per sample): 1.0021
INFO: [Epoch 23] [group evaluate] [metrics_tie_aware] top-score tie ratio (avg per sample): 0.9921%, samples with tied top (>1 item): 0.2069%
INFO: [Epoch 23] Group [metrics_tie_aware], Hit@[1, 5, 10]: [0.15966, 0.59655, 0.81483], NDCG@[1, 5, 10]: [0.15966, 0.38024, 0.45134]
INFO: 
INFO: [Epoch 24] user loss: 0.09640
INFO: [Epoch 24] group loss: 0.07972
INFO: [Epoch 24] [user evaluate] [metrics] pred_score max: 0.755387, num of top-score tie (avg per sample): 1.0020
INFO: [Epoch 24] [user evaluate] [metrics] top-score tie ratio (avg per sample): 0.9921%, samples with tied top (>1 item): 0.1993%
INFO: [Epoch 24] User [metrics], Hit@[1, 5, 10]: [0.18339, 0.6887, 0.87409], NDCG@[1, 5, 10]: [0.18339, 0.44335, 0.50395]
INFO: [Epoch 24] [group evaluate] [metrics] pred_score max: 1.291767, num of top-score tie (avg per sample): 1.0021
INFO: [Epoch 24] [group evaluate] [metrics] top-score tie ratio (avg per sample): 0.9921%, samples with tied top (>1 item): 0.2069%
INFO: [Epoch 24] Group [metrics], Hit@[1, 5, 10]: [0.14483, 0.60966, 0.80966], NDCG@[1, 5, 10]: [0.14483, 0.38036, 0.44583]
INFO: [Epoch 24] [user evaluate] [metrics_first] pred_score max: 0.755387, num of top-score tie (avg per sample): 1.0020
INFO: [Epoch 24] [user evaluate] [metrics_first] top-score tie ratio (avg per sample): 0.9921%, samples with tied top (>1 item): 0.1993%
INFO: [Epoch 24] User [metrics_first], Hit@[1, 5, 10]: [0.18339, 0.68937, 0.87409], NDCG@[1, 5, 10]: [0.18339, 0.44373, 0.5041]
INFO: [Epoch 24] [group evaluate] [metrics_first] pred_score max: 1.291767, num of top-score tie (avg per sample): 1.0021
INFO: [Epoch 24] [group evaluate] [metrics_first] top-score tie ratio (avg per sample): 0.9921%, samples with tied top (>1 item): 0.2069%
INFO: [Epoch 24] Group [metrics_first], Hit@[1, 5, 10]: [0.14552, 0.60966, 0.80966], NDCG@[1, 5, 10]: [0.14552, 0.38077, 0.44629]
INFO: [Epoch 24] [user evaluate] [metrics_last] pred_score max: 0.755387, num of top-score tie (avg per sample): 1.0020
INFO: [Epoch 24] [user evaluate] [metrics_last] top-score tie ratio (avg per sample): 0.9921%, samples with tied top (>1 item): 0.1993%
INFO: [Epoch 24] User [metrics_last], Hit@[1, 5, 10]: [0.1814, 0.68837, 0.87409], NDCG@[1, 5, 10]: [0.1814, 0.442, 0.50268]
INFO: [Epoch 24] [group evaluate] [metrics_last] pred_score max: 1.291767, num of top-score tie (avg per sample): 1.0021
INFO: [Epoch 24] [group evaluate] [metrics_last] top-score tie ratio (avg per sample): 0.9921%, samples with tied top (>1 item): 0.2069%
INFO: [Epoch 24] Group [metrics_last], Hit@[1, 5, 10]: [0.14345, 0.60897, 0.80966], NDCG@[1, 5, 10]: [0.14345, 0.37904, 0.44474]
INFO: [Epoch 24] [user evaluate] [metrics_tie_aware] pred_score max: 0.755387, num of top-score tie (avg per sample): 1.0020
INFO: [Epoch 24] [user evaluate] [metrics_tie_aware] top-score tie ratio (avg per sample): 0.9921%, samples with tied top (>1 item): 0.1993%
INFO: [Epoch 24] User [metrics_tie_aware], Hit@[1, 5, 10]: [0.18239, 0.68887, 0.87409], NDCG@[1, 5, 10]: [0.18239, 0.44286, 0.50339]
INFO: [Epoch 24] [group evaluate] [metrics_tie_aware] pred_score max: 1.291767, num of top-score tie (avg per sample): 1.0021
INFO: [Epoch 24] [group evaluate] [metrics_tie_aware] top-score tie ratio (avg per sample): 0.9921%, samples with tied top (>1 item): 0.2069%
INFO: [Epoch 24] Group [metrics_tie_aware], Hit@[1, 5, 10]: [0.14448, 0.60931, 0.80966], NDCG@[1, 5, 10]: [0.14448, 0.3799, 0.44552]
INFO: 
INFO: [Epoch 25] user loss: 0.09689
INFO: [Epoch 25] group loss: 0.07927
INFO: [Epoch 25] [user evaluate] [metrics] pred_score max: 0.779263, num of top-score tie (avg per sample): 1.0027
INFO: [Epoch 25] [user evaluate] [metrics] top-score tie ratio (avg per sample): 0.9927%, samples with tied top (>1 item): 0.2658%
INFO: [Epoch 25] User [metrics], Hit@[1, 5, 10]: [0.19468, 0.69136, 0.87143], NDCG@[1, 5, 10]: [0.19468, 0.44778, 0.50642]
INFO: [Epoch 25] [group evaluate] [metrics] pred_score max: 1.393961, num of top-score tie (avg per sample): 1.0028
INFO: [Epoch 25] [group evaluate] [metrics] top-score tie ratio (avg per sample): 0.9928%, samples with tied top (>1 item): 0.2759%
INFO: [Epoch 25] Group [metrics], Hit@[1, 5, 10]: [0.16207, 0.60828, 0.81172], NDCG@[1, 5, 10]: [0.16207, 0.38771, 0.45418]
INFO: [Epoch 25] [user evaluate] [metrics_first] pred_score max: 0.779263, num of top-score tie (avg per sample): 1.0027
INFO: [Epoch 25] [user evaluate] [metrics_first] top-score tie ratio (avg per sample): 0.9927%, samples with tied top (>1 item): 0.2658%
INFO: [Epoch 25] User [metrics_first], Hit@[1, 5, 10]: [0.19468, 0.69203, 0.87143], NDCG@[1, 5, 10]: [0.19468, 0.4481, 0.50655]
INFO: [Epoch 25] [group evaluate] [metrics_first] pred_score max: 1.393961, num of top-score tie (avg per sample): 1.0028
INFO: [Epoch 25] [group evaluate] [metrics_first] top-score tie ratio (avg per sample): 0.9928%, samples with tied top (>1 item): 0.2759%
INFO: [Epoch 25] Group [metrics_first], Hit@[1, 5, 10]: [0.16276, 0.61034, 0.81172], NDCG@[1, 5, 10]: [0.16276, 0.38882, 0.45456]
INFO: [Epoch 25] [user evaluate] [metrics_last] pred_score max: 0.779263, num of top-score tie (avg per sample): 1.0027
INFO: [Epoch 25] [user evaluate] [metrics_last] top-score tie ratio (avg per sample): 0.9927%, samples with tied top (>1 item): 0.2658%
INFO: [Epoch 25] User [metrics_last], Hit@[1, 5, 10]: [0.19203, 0.69103, 0.87143], NDCG@[1, 5, 10]: [0.19203, 0.44623, 0.50499]
INFO: [Epoch 25] [group evaluate] [metrics_last] pred_score max: 1.393961, num of top-score tie (avg per sample): 1.0028
INFO: [Epoch 25] [group evaluate] [metrics_last] top-score tie ratio (avg per sample): 0.9928%, samples with tied top (>1 item): 0.2759%
INFO: [Epoch 25] Group [metrics_last], Hit@[1, 5, 10]: [0.16, 0.6069, 0.81172], NDCG@[1, 5, 10]: [0.16, 0.38592, 0.45283]
INFO: [Epoch 25] [user evaluate] [metrics_tie_aware] pred_score max: 0.779263, num of top-score tie (avg per sample): 1.0027
INFO: [Epoch 25] [user evaluate] [metrics_tie_aware] top-score tie ratio (avg per sample): 0.9927%, samples with tied top (>1 item): 0.2658%
INFO: [Epoch 25] User [metrics_tie_aware], Hit@[1, 5, 10]: [0.19336, 0.69153, 0.87143], NDCG@[1, 5, 10]: [0.19336, 0.44716, 0.50577]
INFO: [Epoch 25] [group evaluate] [metrics_tie_aware] pred_score max: 1.393961, num of top-score tie (avg per sample): 1.0028
INFO: [Epoch 25] [group evaluate] [metrics_tie_aware] top-score tie ratio (avg per sample): 0.9928%, samples with tied top (>1 item): 0.2759%
INFO: [Epoch 25] Group [metrics_tie_aware], Hit@[1, 5, 10]: [0.16138, 0.60862, 0.81172], NDCG@[1, 5, 10]: [0.16138, 0.38737, 0.4537]
INFO: 
INFO: [Epoch 26] user loss: 0.09607
INFO: [Epoch 26] group loss: 0.08004
INFO: [Epoch 26] [user evaluate] [metrics] pred_score max: 0.926229, num of top-score tie (avg per sample): 1.0020
INFO: [Epoch 26] [user evaluate] [metrics] top-score tie ratio (avg per sample): 0.9921%, samples with tied top (>1 item): 0.1993%
INFO: [Epoch 26] User [metrics], Hit@[1, 5, 10]: [0.19801, 0.68571, 0.8711], NDCG@[1, 5, 10]: [0.19801, 0.44646, 0.50713]
INFO: [Epoch 26] [group evaluate] [metrics] pred_score max: 1.513240, num of top-score tie (avg per sample): 1.0021
INFO: [Epoch 26] [group evaluate] [metrics] top-score tie ratio (avg per sample): 0.9921%, samples with tied top (>1 item): 0.2069%
INFO: [Epoch 26] Group [metrics], Hit@[1, 5, 10]: [0.16276, 0.6131, 0.80552], NDCG@[1, 5, 10]: [0.16276, 0.39213, 0.45531]
INFO: [Epoch 26] [user evaluate] [metrics_first] pred_score max: 0.926229, num of top-score tie (avg per sample): 1.0020
INFO: [Epoch 26] [user evaluate] [metrics_first] top-score tie ratio (avg per sample): 0.9921%, samples with tied top (>1 item): 0.1993%
INFO: [Epoch 26] User [metrics_first], Hit@[1, 5, 10]: [0.19801, 0.68671, 0.8711], NDCG@[1, 5, 10]: [0.19801, 0.44689, 0.50724]
INFO: [Epoch 26] [group evaluate] [metrics_first] pred_score max: 1.513240, num of top-score tie (avg per sample): 1.0021
INFO: [Epoch 26] [group evaluate] [metrics_first] top-score tie ratio (avg per sample): 0.9921%, samples with tied top (>1 item): 0.2069%
INFO: [Epoch 26] Group [metrics_first], Hit@[1, 5, 10]: [0.16276, 0.61448, 0.80552], NDCG@[1, 5, 10]: [0.16276, 0.39279, 0.45551]
INFO: [Epoch 26] [user evaluate] [metrics_last] pred_score max: 0.926229, num of top-score tie (avg per sample): 1.0020
INFO: [Epoch 26] [user evaluate] [metrics_last] top-score tie ratio (avg per sample): 0.9921%, samples with tied top (>1 item): 0.1993%
INFO: [Epoch 26] User [metrics_last], Hit@[1, 5, 10]: [0.19601, 0.68538, 0.8711], NDCG@[1, 5, 10]: [0.19601, 0.44507, 0.50584]
INFO: [Epoch 26] [group evaluate] [metrics_last] pred_score max: 1.513240, num of top-score tie (avg per sample): 1.0021
INFO: [Epoch 26] [group evaluate] [metrics_last] top-score tie ratio (avg per sample): 0.9921%, samples with tied top (>1 item): 0.2069%
INFO: [Epoch 26] Group [metrics_last], Hit@[1, 5, 10]: [0.16069, 0.61241, 0.80552], NDCG@[1, 5, 10]: [0.16069, 0.39039, 0.45379]
INFO: [Epoch 26] [user evaluate] [metrics_tie_aware] pred_score max: 0.926229, num of top-score tie (avg per sample): 1.0020
INFO: [Epoch 26] [user evaluate] [metrics_tie_aware] top-score tie ratio (avg per sample): 0.9921%, samples with tied top (>1 item): 0.1993%
INFO: [Epoch 26] User [metrics_tie_aware], Hit@[1, 5, 10]: [0.19701, 0.68605, 0.8711], NDCG@[1, 5, 10]: [0.19701, 0.44598, 0.50654]
INFO: [Epoch 26] [group evaluate] [metrics_tie_aware] pred_score max: 1.513240, num of top-score tie (avg per sample): 1.0021
INFO: [Epoch 26] [group evaluate] [metrics_tie_aware] top-score tie ratio (avg per sample): 0.9921%, samples with tied top (>1 item): 0.2069%
INFO: [Epoch 26] Group [metrics_tie_aware], Hit@[1, 5, 10]: [0.16172, 0.61345, 0.80552], NDCG@[1, 5, 10]: [0.16172, 0.39159, 0.45465]
INFO: 
INFO: [Epoch 27] user loss: 0.09600
INFO: [Epoch 27] group loss: 0.07901
INFO: [Epoch 27] [user evaluate] [metrics] pred_score max: 0.831797, num of top-score tie (avg per sample): 1.0037
INFO: [Epoch 27] [user evaluate] [metrics] top-score tie ratio (avg per sample): 0.9937%, samples with tied top (>1 item): 0.3654%
INFO: [Epoch 27] User [metrics], Hit@[1, 5, 10]: [0.19867, 0.68106, 0.86744], NDCG@[1, 5, 10]: [0.19867, 0.44388, 0.50516]
INFO: [Epoch 27] [group evaluate] [metrics] pred_score max: 1.878568, num of top-score tie (avg per sample): 1.0021
INFO: [Epoch 27] [group evaluate] [metrics] top-score tie ratio (avg per sample): 0.9921%, samples with tied top (>1 item): 0.2069%
INFO: [Epoch 27] Group [metrics], Hit@[1, 5, 10]: [0.15241, 0.59862, 0.80621], NDCG@[1, 5, 10]: [0.15241, 0.3793, 0.44744]
INFO: [Epoch 27] [user evaluate] [metrics_first] pred_score max: 0.831797, num of top-score tie (avg per sample): 1.0037
INFO: [Epoch 27] [user evaluate] [metrics_first] top-score tie ratio (avg per sample): 0.9937%, samples with tied top (>1 item): 0.3654%
INFO: [Epoch 27] User [metrics_first], Hit@[1, 5, 10]: [0.199, 0.6814, 0.86744], NDCG@[1, 5, 10]: [0.199, 0.44421, 0.50538]
INFO: [Epoch 27] [group evaluate] [metrics_first] pred_score max: 1.878568, num of top-score tie (avg per sample): 1.0021
INFO: [Epoch 27] [group evaluate] [metrics_first] top-score tie ratio (avg per sample): 0.9921%, samples with tied top (>1 item): 0.2069%
INFO: [Epoch 27] Group [metrics_first], Hit@[1, 5, 10]: [0.1531, 0.60138, 0.80621], NDCG@[1, 5, 10]: [0.1531, 0.38076, 0.44795]
INFO: [Epoch 27] [user evaluate] [metrics_last] pred_score max: 0.831797, num of top-score tie (avg per sample): 1.0037
INFO: [Epoch 27] [user evaluate] [metrics_last] top-score tie ratio (avg per sample): 0.9937%, samples with tied top (>1 item): 0.3654%
INFO: [Epoch 27] User [metrics_last], Hit@[1, 5, 10]: [0.19535, 0.68106, 0.86711], NDCG@[1, 5, 10]: [0.19535, 0.44228, 0.50345]
INFO: [Epoch 27] [group evaluate] [metrics_last] pred_score max: 1.878568, num of top-score tie (avg per sample): 1.0021
INFO: [Epoch 27] [group evaluate] [metrics_last] top-score tie ratio (avg per sample): 0.9921%, samples with tied top (>1 item): 0.2069%
INFO: [Epoch 27] Group [metrics_last], Hit@[1, 5, 10]: [0.15103, 0.59862, 0.80621], NDCG@[1, 5, 10]: [0.15103, 0.37822, 0.44633]
INFO: [Epoch 27] [user evaluate] [metrics_tie_aware] pred_score max: 0.831797, num of top-score tie (avg per sample): 1.0037
INFO: [Epoch 27] [user evaluate] [metrics_tie_aware] top-score tie ratio (avg per sample): 0.9937%, samples with tied top (>1 item): 0.3654%
INFO: [Epoch 27] User [metrics_tie_aware], Hit@[1, 5, 10]: [0.19718, 0.68123, 0.86728], NDCG@[1, 5, 10]: [0.19718, 0.44325, 0.50441]
INFO: [Epoch 27] [group evaluate] [metrics_tie_aware] pred_score max: 1.878568, num of top-score tie (avg per sample): 1.0021
INFO: [Epoch 27] [group evaluate] [metrics_tie_aware] top-score tie ratio (avg per sample): 0.9921%, samples with tied top (>1 item): 0.2069%
INFO: [Epoch 27] Group [metrics_tie_aware], Hit@[1, 5, 10]: [0.15207, 0.6, 0.80621], NDCG@[1, 5, 10]: [0.15207, 0.37949, 0.44714]
INFO: 
INFO: [Epoch 28] user loss: 0.09551
INFO: [Epoch 28] group loss: 0.07856
INFO: [Epoch 28] [user evaluate] [metrics] pred_score max: 0.878139, num of top-score tie (avg per sample): 1.0027
INFO: [Epoch 28] [user evaluate] [metrics] top-score tie ratio (avg per sample): 0.9927%, samples with tied top (>1 item): 0.2658%
INFO: [Epoch 28] User [metrics], Hit@[1, 5, 10]: [0.18472, 0.68106, 0.8711], NDCG@[1, 5, 10]: [0.18472, 0.4399, 0.50211]
INFO: [Epoch 28] [group evaluate] [metrics] pred_score max: 1.490982, num of top-score tie (avg per sample): 1.0034
INFO: [Epoch 28] [group evaluate] [metrics] top-score tie ratio (avg per sample): 0.9935%, samples with tied top (>1 item): 0.3448%
INFO: [Epoch 28] Group [metrics], Hit@[1, 5, 10]: [0.15517, 0.59724, 0.80069], NDCG@[1, 5, 10]: [0.15517, 0.37873, 0.44569]
INFO: [Epoch 28] [user evaluate] [metrics_first] pred_score max: 0.878139, num of top-score tie (avg per sample): 1.0027
INFO: [Epoch 28] [user evaluate] [metrics_first] top-score tie ratio (avg per sample): 0.9927%, samples with tied top (>1 item): 0.2658%
INFO: [Epoch 28] User [metrics_first], Hit@[1, 5, 10]: [0.18472, 0.68173, 0.87143], NDCG@[1, 5, 10]: [0.18472, 0.44022, 0.50232]
INFO: [Epoch 28] [group evaluate] [metrics_first] pred_score max: 1.490982, num of top-score tie (avg per sample): 1.0034
INFO: [Epoch 28] [group evaluate] [metrics_first] top-score tie ratio (avg per sample): 0.9935%, samples with tied top (>1 item): 0.3448%
INFO: [Epoch 28] Group [metrics_first], Hit@[1, 5, 10]: [0.15586, 0.59862, 0.80138], NDCG@[1, 5, 10]: [0.15586, 0.37966, 0.44635]
INFO: [Epoch 28] [user evaluate] [metrics_last] pred_score max: 0.878139, num of top-score tie (avg per sample): 1.0027
INFO: [Epoch 28] [user evaluate] [metrics_last] top-score tie ratio (avg per sample): 0.9927%, samples with tied top (>1 item): 0.2658%
INFO: [Epoch 28] User [metrics_last], Hit@[1, 5, 10]: [0.18206, 0.68106, 0.8711], NDCG@[1, 5, 10]: [0.18206, 0.43845, 0.50065]
INFO: [Epoch 28] [group evaluate] [metrics_last] pred_score max: 1.490982, num of top-score tie (avg per sample): 1.0034
INFO: [Epoch 28] [group evaluate] [metrics_last] top-score tie ratio (avg per sample): 0.9935%, samples with tied top (>1 item): 0.3448%
INFO: [Epoch 28] Group [metrics_last], Hit@[1, 5, 10]: [0.15241, 0.59655, 0.80069], NDCG@[1, 5, 10]: [0.15241, 0.37696, 0.44413]
INFO: [Epoch 28] [user evaluate] [metrics_tie_aware] pred_score max: 0.878139, num of top-score tie (avg per sample): 1.0027
INFO: [Epoch 28] [user evaluate] [metrics_tie_aware] top-score tie ratio (avg per sample): 0.9927%, samples with tied top (>1 item): 0.2658%
INFO: [Epoch 28] User [metrics_tie_aware], Hit@[1, 5, 10]: [0.18339, 0.6814, 0.87126], NDCG@[1, 5, 10]: [0.18339, 0.43934, 0.50149]
INFO: [Epoch 28] [group evaluate] [metrics_tie_aware] pred_score max: 1.490982, num of top-score tie (avg per sample): 1.0034
INFO: [Epoch 28] [group evaluate] [metrics_tie_aware] top-score tie ratio (avg per sample): 0.9935%, samples with tied top (>1 item): 0.3448%
INFO: [Epoch 28] Group [metrics_tie_aware], Hit@[1, 5, 10]: [0.15414, 0.59759, 0.80103], NDCG@[1, 5, 10]: [0.15414, 0.37831, 0.44524]
INFO: 
INFO: [Epoch 29] user loss: 0.09507
INFO: [Epoch 29] group loss: 0.07864
INFO: [Epoch 29] [user evaluate] [metrics] pred_score max: 0.884763, num of top-score tie (avg per sample): 1.0030
INFO: [Epoch 29] [user evaluate] [metrics] top-score tie ratio (avg per sample): 0.9931%, samples with tied top (>1 item): 0.2990%
INFO: [Epoch 29] User [metrics], Hit@[1, 5, 10]: [0.19701, 0.68738, 0.87043], NDCG@[1, 5, 10]: [0.19701, 0.44737, 0.50734]
INFO: [Epoch 29] [group evaluate] [metrics] pred_score max: 1.572693, num of top-score tie (avg per sample): 1.0028
INFO: [Epoch 29] [group evaluate] [metrics] top-score tie ratio (avg per sample): 0.9928%, samples with tied top (>1 item): 0.2759%
INFO: [Epoch 29] Group [metrics], Hit@[1, 5, 10]: [0.15241, 0.59724, 0.80207], NDCG@[1, 5, 10]: [0.15241, 0.37668, 0.44417]
INFO: [Epoch 29] [user evaluate] [metrics_first] pred_score max: 0.884763, num of top-score tie (avg per sample): 1.0030
INFO: [Epoch 29] [user evaluate] [metrics_first] top-score tie ratio (avg per sample): 0.9931%, samples with tied top (>1 item): 0.2990%
INFO: [Epoch 29] User [metrics_first], Hit@[1, 5, 10]: [0.19701, 0.68804, 0.87076], NDCG@[1, 5, 10]: [0.19701, 0.44766, 0.50751]
INFO: [Epoch 29] [group evaluate] [metrics_first] pred_score max: 1.572693, num of top-score tie (avg per sample): 1.0028
INFO: [Epoch 29] [group evaluate] [metrics_first] top-score tie ratio (avg per sample): 0.9928%, samples with tied top (>1 item): 0.2759%
INFO: [Epoch 29] Group [metrics_first], Hit@[1, 5, 10]: [0.1531, 0.59862, 0.80207], NDCG@[1, 5, 10]: [0.1531, 0.3776, 0.44466]
INFO: [Epoch 29] [user evaluate] [metrics_last] pred_score max: 0.884763, num of top-score tie (avg per sample): 1.0030
INFO: [Epoch 29] [user evaluate] [metrics_last] top-score tie ratio (avg per sample): 0.9931%, samples with tied top (>1 item): 0.2990%
INFO: [Epoch 29] User [metrics_last], Hit@[1, 5, 10]: [0.19402, 0.68704, 0.87043], NDCG@[1, 5, 10]: [0.19402, 0.44563, 0.50572]
INFO: [Epoch 29] [group evaluate] [metrics_last] pred_score max: 1.572693, num of top-score tie (avg per sample): 1.0028
INFO: [Epoch 29] [group evaluate] [metrics_last] top-score tie ratio (avg per sample): 0.9928%, samples with tied top (>1 item): 0.2759%
INFO: [Epoch 29] Group [metrics_last], Hit@[1, 5, 10]: [0.15034, 0.59655, 0.80207], NDCG@[1, 5, 10]: [0.15034, 0.37521, 0.44294]
INFO: [Epoch 29] [user evaluate] [metrics_tie_aware] pred_score max: 0.884763, num of top-score tie (avg per sample): 1.0030
INFO: [Epoch 29] [user evaluate] [metrics_tie_aware] top-score tie ratio (avg per sample): 0.9931%, samples with tied top (>1 item): 0.2990%
INFO: [Epoch 29] User [metrics_tie_aware], Hit@[1, 5, 10]: [0.19551, 0.68754, 0.8706], NDCG@[1, 5, 10]: [0.19551, 0.44665, 0.50662]
INFO: [Epoch 29] [group evaluate] [metrics_tie_aware] pred_score max: 1.572693, num of top-score tie (avg per sample): 1.0028
INFO: [Epoch 29] [group evaluate] [metrics_tie_aware] top-score tie ratio (avg per sample): 0.9928%, samples with tied top (>1 item): 0.2759%
INFO: [Epoch 29] Group [metrics_tie_aware], Hit@[1, 5, 10]: [0.15172, 0.59759, 0.80207], NDCG@[1, 5, 10]: [0.15172, 0.3764, 0.4438]
INFO: 
INFO: 
INFO: ## Finishing Time: 2026-05-06 06:58:54
INFO: = = = = = = = = = = = = = = = = = = = = 
INFO: Done!
