INFO: = = = = = = = = = = = = = = = = = = = = 
INFO: ## Starting Time: 2026-03-25 01:09:40
INFO: Namespace(dataset='CAMRa2011', seed=0, device='cuda:0', emb_dim=32, epoch=30, batch_size=256, drop_ratio=0.2, lr=0.001, topK=[1, 5, 10], num_negatives=4)
INFO: [Epoch 0] user loss: 0.36871
INFO: [Epoch 0] group loss: 0.28362
INFO: [Epoch 0] [user evaluate] [metrics] pred_score max: 1.224917, num of top-score tie (avg per sample): 1.0023
INFO: [Epoch 0] [user evaluate] [metrics] top-score tie ratio (avg per sample): 0.9924%, samples with tied top (>1 item): 0.2326%
INFO: [Epoch 0] User [metrics], Hit@[1, 5, 10]: [0.15748, 0.58738, 0.79834], NDCG@[1, 5, 10]: [0.15748, 0.3746, 0.44318]
INFO: [Epoch 0] [group evaluate] [metrics] pred_score max: 1.194231, num of top-score tie (avg per sample): 1.0014
INFO: [Epoch 0] [group evaluate] [metrics] top-score tie ratio (avg per sample): 0.9915%, samples with tied top (>1 item): 0.1379%
INFO: [Epoch 0] Group [metrics], Hit@[1, 5, 10]: [0.14621, 0.56345, 0.78828], NDCG@[1, 5, 10]: [0.14621, 0.35561, 0.42904]
INFO: [Epoch 0] [user evaluate] [metrics_first] pred_score max: 1.224917, num of top-score tie (avg per sample): 1.0023
INFO: [Epoch 0] [user evaluate] [metrics_first] top-score tie ratio (avg per sample): 0.9924%, samples with tied top (>1 item): 0.2326%
INFO: [Epoch 0] User [metrics_first], Hit@[1, 5, 10]: [0.15748, 0.58771, 0.79834], NDCG@[1, 5, 10]: [0.15748, 0.3748, 0.44328]
INFO: [Epoch 0] [group evaluate] [metrics_first] pred_score max: 1.194231, num of top-score tie (avg per sample): 1.0014
INFO: [Epoch 0] [group evaluate] [metrics_first] top-score tie ratio (avg per sample): 0.9915%, samples with tied top (>1 item): 0.1379%
INFO: [Epoch 0] Group [metrics_first], Hit@[1, 5, 10]: [0.14621, 0.56414, 0.78828], NDCG@[1, 5, 10]: [0.14621, 0.3559, 0.42909]
INFO: [Epoch 0] [user evaluate] [metrics_last] pred_score max: 1.224917, num of top-score tie (avg per sample): 1.0023
INFO: [Epoch 0] [user evaluate] [metrics_last] top-score tie ratio (avg per sample): 0.9924%, samples with tied top (>1 item): 0.2326%
INFO: [Epoch 0] User [metrics_last], Hit@[1, 5, 10]: [0.15515, 0.58671, 0.79834], NDCG@[1, 5, 10]: [0.15515, 0.37305, 0.44182]
INFO: [Epoch 0] [group evaluate] [metrics_last] pred_score max: 1.194231, num of top-score tie (avg per sample): 1.0014
INFO: [Epoch 0] [group evaluate] [metrics_last] top-score tie ratio (avg per sample): 0.9915%, samples with tied top (>1 item): 0.1379%
INFO: [Epoch 0] Group [metrics_last], Hit@[1, 5, 10]: [0.14483, 0.56138, 0.78759], NDCG@[1, 5, 10]: [0.14483, 0.35381, 0.42776]
INFO: [Epoch 0] [user evaluate] [metrics_tie_aware] pred_score max: 1.224917, num of top-score tie (avg per sample): 1.0023
INFO: [Epoch 0] [user evaluate] [metrics_tie_aware] top-score tie ratio (avg per sample): 0.9924%, samples with tied top (>1 item): 0.2326%
INFO: [Epoch 0] User [metrics_tie_aware], Hit@[1, 5, 10]: [0.15631, 0.58721, 0.79834], NDCG@[1, 5, 10]: [0.15631, 0.37392, 0.44255]
INFO: [Epoch 0] [group evaluate] [metrics_tie_aware] pred_score max: 1.194231, num of top-score tie (avg per sample): 1.0014
INFO: [Epoch 0] [group evaluate] [metrics_tie_aware] top-score tie ratio (avg per sample): 0.9915%, samples with tied top (>1 item): 0.1379%
INFO: [Epoch 0] Group [metrics_tie_aware], Hit@[1, 5, 10]: [0.14552, 0.56276, 0.78793], NDCG@[1, 5, 10]: [0.14552, 0.35486, 0.42842]
INFO: 
INFO: [Epoch 1] user loss: 0.26411
INFO: [Epoch 1] group loss: 0.22747
INFO: [Epoch 1] [user evaluate] [metrics] pred_score max: 1.249117, num of top-score tie (avg per sample): 1.0020
INFO: [Epoch 1] [user evaluate] [metrics] top-score tie ratio (avg per sample): 0.9921%, samples with tied top (>1 item): 0.1993%
INFO: [Epoch 1] User [metrics], Hit@[1, 5, 10]: [0.17309, 0.61827, 0.80897], NDCG@[1, 5, 10]: [0.17309, 0.40079, 0.46309]
INFO: [Epoch 1] [group evaluate] [metrics] pred_score max: 1.190149, num of top-score tie (avg per sample): 1.0034
INFO: [Epoch 1] [group evaluate] [metrics] top-score tie ratio (avg per sample): 0.9935%, samples with tied top (>1 item): 0.3448%
INFO: [Epoch 1] Group [metrics], Hit@[1, 5, 10]: [0.18069, 0.59379, 0.79379], NDCG@[1, 5, 10]: [0.18069, 0.39096, 0.45632]
INFO: [Epoch 1] [user evaluate] [metrics_first] pred_score max: 1.249117, num of top-score tie (avg per sample): 1.0020
INFO: [Epoch 1] [user evaluate] [metrics_first] top-score tie ratio (avg per sample): 0.9921%, samples with tied top (>1 item): 0.1993%
INFO: [Epoch 1] User [metrics_first], Hit@[1, 5, 10]: [0.17309, 0.6186, 0.8093], NDCG@[1, 5, 10]: [0.17309, 0.40095, 0.46322]
INFO: [Epoch 1] [group evaluate] [metrics_first] pred_score max: 1.190149, num of top-score tie (avg per sample): 1.0034
INFO: [Epoch 1] [group evaluate] [metrics_first] top-score tie ratio (avg per sample): 0.9935%, samples with tied top (>1 item): 0.3448%
INFO: [Epoch 1] Group [metrics_first], Hit@[1, 5, 10]: [0.18069, 0.59379, 0.79379], NDCG@[1, 5, 10]: [0.18069, 0.39101, 0.45638]
INFO: [Epoch 1] [user evaluate] [metrics_last] pred_score max: 1.249117, num of top-score tie (avg per sample): 1.0020
INFO: [Epoch 1] [user evaluate] [metrics_last] top-score tie ratio (avg per sample): 0.9921%, samples with tied top (>1 item): 0.1993%
INFO: [Epoch 1] User [metrics_last], Hit@[1, 5, 10]: [0.1711, 0.61794, 0.80897], NDCG@[1, 5, 10]: [0.1711, 0.39931, 0.46169]
INFO: [Epoch 1] [group evaluate] [metrics_last] pred_score max: 1.190149, num of top-score tie (avg per sample): 1.0034
INFO: [Epoch 1] [group evaluate] [metrics_last] top-score tie ratio (avg per sample): 0.9935%, samples with tied top (>1 item): 0.3448%
INFO: [Epoch 1] Group [metrics_last], Hit@[1, 5, 10]: [0.17724, 0.59172, 0.79379], NDCG@[1, 5, 10]: [0.17724, 0.38852, 0.45459]
INFO: [Epoch 1] [user evaluate] [metrics_tie_aware] pred_score max: 1.249117, num of top-score tie (avg per sample): 1.0020
INFO: [Epoch 1] [user evaluate] [metrics_tie_aware] top-score tie ratio (avg per sample): 0.9921%, samples with tied top (>1 item): 0.1993%
INFO: [Epoch 1] User [metrics_tie_aware], Hit@[1, 5, 10]: [0.17209, 0.61827, 0.80914], NDCG@[1, 5, 10]: [0.17209, 0.40013, 0.46246]
INFO: [Epoch 1] [group evaluate] [metrics_tie_aware] pred_score max: 1.190149, num of top-score tie (avg per sample): 1.0034
INFO: [Epoch 1] [group evaluate] [metrics_tie_aware] top-score tie ratio (avg per sample): 0.9935%, samples with tied top (>1 item): 0.3448%
INFO: [Epoch 1] Group [metrics_tie_aware], Hit@[1, 5, 10]: [0.17897, 0.59276, 0.79379], NDCG@[1, 5, 10]: [0.17897, 0.38976, 0.45548]
INFO: 
INFO: [Epoch 2] user loss: 0.22673
INFO: [Epoch 2] group loss: 0.19196
INFO: [Epoch 2] [user evaluate] [metrics] pred_score max: 1.120785, num of top-score tie (avg per sample): 1.0033
INFO: [Epoch 2] [user evaluate] [metrics] top-score tie ratio (avg per sample): 0.9934%, samples with tied top (>1 item): 0.3322%
INFO: [Epoch 2] User [metrics], Hit@[1, 5, 10]: [0.17076, 0.64153, 0.8289], NDCG@[1, 5, 10]: [0.17076, 0.41118, 0.47234]
INFO: [Epoch 2] [group evaluate] [metrics] pred_score max: 1.135143, num of top-score tie (avg per sample): 1.0034
INFO: [Epoch 2] [group evaluate] [metrics] top-score tie ratio (avg per sample): 0.9935%, samples with tied top (>1 item): 0.3448%
INFO: [Epoch 2] Group [metrics], Hit@[1, 5, 10]: [0.16621, 0.58828, 0.79931], NDCG@[1, 5, 10]: [0.16621, 0.38016, 0.44971]
INFO: [Epoch 2] [user evaluate] [metrics_first] pred_score max: 1.120785, num of top-score tie (avg per sample): 1.0033
INFO: [Epoch 2] [user evaluate] [metrics_first] top-score tie ratio (avg per sample): 0.9934%, samples with tied top (>1 item): 0.3322%
INFO: [Epoch 2] User [metrics_first], Hit@[1, 5, 10]: [0.17076, 0.64153, 0.8289], NDCG@[1, 5, 10]: [0.17076, 0.41118, 0.47235]
INFO: [Epoch 2] [group evaluate] [metrics_first] pred_score max: 1.135143, num of top-score tie (avg per sample): 1.0034
INFO: [Epoch 2] [group evaluate] [metrics_first] top-score tie ratio (avg per sample): 0.9935%, samples with tied top (>1 item): 0.3448%
INFO: [Epoch 2] Group [metrics_first], Hit@[1, 5, 10]: [0.16621, 0.58828, 0.79931], NDCG@[1, 5, 10]: [0.16621, 0.38045, 0.45002]
INFO: [Epoch 2] [user evaluate] [metrics_last] pred_score max: 1.120785, num of top-score tie (avg per sample): 1.0033
INFO: [Epoch 2] [user evaluate] [metrics_last] top-score tie ratio (avg per sample): 0.9934%, samples with tied top (>1 item): 0.3322%
INFO: [Epoch 2] User [metrics_last], Hit@[1, 5, 10]: [0.16744, 0.64086, 0.8289], NDCG@[1, 5, 10]: [0.16744, 0.40925, 0.47062]
INFO: [Epoch 2] [group evaluate] [metrics_last] pred_score max: 1.135143, num of top-score tie (avg per sample): 1.0034
INFO: [Epoch 2] [group evaluate] [metrics_last] top-score tie ratio (avg per sample): 0.9935%, samples with tied top (>1 item): 0.3448%
INFO: [Epoch 2] Group [metrics_last], Hit@[1, 5, 10]: [0.16276, 0.5869, 0.79862], NDCG@[1, 5, 10]: [0.16276, 0.37808, 0.44791]
INFO: [Epoch 2] [user evaluate] [metrics_tie_aware] pred_score max: 1.120785, num of top-score tie (avg per sample): 1.0033
INFO: [Epoch 2] [user evaluate] [metrics_tie_aware] top-score tie ratio (avg per sample): 0.9934%, samples with tied top (>1 item): 0.3322%
INFO: [Epoch 2] User [metrics_tie_aware], Hit@[1, 5, 10]: [0.1691, 0.6412, 0.8289], NDCG@[1, 5, 10]: [0.1691, 0.41021, 0.47149]
INFO: [Epoch 2] [group evaluate] [metrics_tie_aware] pred_score max: 1.135143, num of top-score tie (avg per sample): 1.0034
INFO: [Epoch 2] [group evaluate] [metrics_tie_aware] top-score tie ratio (avg per sample): 0.9935%, samples with tied top (>1 item): 0.3448%
INFO: [Epoch 2] Group [metrics_tie_aware], Hit@[1, 5, 10]: [0.16448, 0.58759, 0.79897], NDCG@[1, 5, 10]: [0.16448, 0.37927, 0.44896]
INFO: 
INFO: [Epoch 3] user loss: 0.19624
INFO: [Epoch 3] group loss: 0.16664
INFO: [Epoch 3] [user evaluate] [metrics] pred_score max: 1.135942, num of top-score tie (avg per sample): 1.0030
INFO: [Epoch 3] [user evaluate] [metrics] top-score tie ratio (avg per sample): 0.9931%, samples with tied top (>1 item): 0.2990%
INFO: [Epoch 3] User [metrics], Hit@[1, 5, 10]: [0.17276, 0.64618, 0.83455], NDCG@[1, 5, 10]: [0.17276, 0.41275, 0.4745]
INFO: [Epoch 3] [group evaluate] [metrics] pred_score max: 1.086962, num of top-score tie (avg per sample): 1.0028
INFO: [Epoch 3] [group evaluate] [metrics] top-score tie ratio (avg per sample): 0.9928%, samples with tied top (>1 item): 0.2759%
INFO: [Epoch 3] Group [metrics], Hit@[1, 5, 10]: [0.14483, 0.59034, 0.8069], NDCG@[1, 5, 10]: [0.14483, 0.3706, 0.44098]
INFO: [Epoch 3] [user evaluate] [metrics_first] pred_score max: 1.135942, num of top-score tie (avg per sample): 1.0030
INFO: [Epoch 3] [user evaluate] [metrics_first] top-score tie ratio (avg per sample): 0.9931%, samples with tied top (>1 item): 0.2990%
INFO: [Epoch 3] User [metrics_first], Hit@[1, 5, 10]: [0.17276, 0.64618, 0.83455], NDCG@[1, 5, 10]: [0.17276, 0.41277, 0.47453]
INFO: [Epoch 3] [group evaluate] [metrics_first] pred_score max: 1.086962, num of top-score tie (avg per sample): 1.0028
INFO: [Epoch 3] [group evaluate] [metrics_first] top-score tie ratio (avg per sample): 0.9928%, samples with tied top (>1 item): 0.2759%
INFO: [Epoch 3] Group [metrics_first], Hit@[1, 5, 10]: [0.14483, 0.59034, 0.8069], NDCG@[1, 5, 10]: [0.14483, 0.37072, 0.44111]
INFO: [Epoch 3] [user evaluate] [metrics_last] pred_score max: 1.135942, num of top-score tie (avg per sample): 1.0030
INFO: [Epoch 3] [user evaluate] [metrics_last] top-score tie ratio (avg per sample): 0.9931%, samples with tied top (>1 item): 0.2990%
INFO: [Epoch 3] User [metrics_last], Hit@[1, 5, 10]: [0.16977, 0.64618, 0.83422], NDCG@[1, 5, 10]: [0.16977, 0.41116, 0.47279]
INFO: [Epoch 3] [group evaluate] [metrics_last] pred_score max: 1.086962, num of top-score tie (avg per sample): 1.0028
INFO: [Epoch 3] [group evaluate] [metrics_last] top-score tie ratio (avg per sample): 0.9928%, samples with tied top (>1 item): 0.2759%
INFO: [Epoch 3] Group [metrics_last], Hit@[1, 5, 10]: [0.14207, 0.58897, 0.80621], NDCG@[1, 5, 10]: [0.14207, 0.3686, 0.43925]
INFO: [Epoch 3] [user evaluate] [metrics_tie_aware] pred_score max: 1.135942, num of top-score tie (avg per sample): 1.0030
INFO: [Epoch 3] [user evaluate] [metrics_tie_aware] top-score tie ratio (avg per sample): 0.9931%, samples with tied top (>1 item): 0.2990%
INFO: [Epoch 3] User [metrics_tie_aware], Hit@[1, 5, 10]: [0.17126, 0.64618, 0.83439], NDCG@[1, 5, 10]: [0.17126, 0.41197, 0.47366]
INFO: [Epoch 3] [group evaluate] [metrics_tie_aware] pred_score max: 1.086962, num of top-score tie (avg per sample): 1.0028
INFO: [Epoch 3] [group evaluate] [metrics_tie_aware] top-score tie ratio (avg per sample): 0.9928%, samples with tied top (>1 item): 0.2759%
INFO: [Epoch 3] Group [metrics_tie_aware], Hit@[1, 5, 10]: [0.14345, 0.58966, 0.80655], NDCG@[1, 5, 10]: [0.14345, 0.36966, 0.44018]
INFO: 
INFO: [Epoch 4] user loss: 0.17076
INFO: [Epoch 4] group loss: 0.14366
INFO: [Epoch 4] [user evaluate] [metrics] pred_score max: 1.233413, num of top-score tie (avg per sample): 1.0027
INFO: [Epoch 4] [user evaluate] [metrics] top-score tie ratio (avg per sample): 0.9927%, samples with tied top (>1 item): 0.2658%
INFO: [Epoch 4] User [metrics], Hit@[1, 5, 10]: [0.17342, 0.65947, 0.83821], NDCG@[1, 5, 10]: [0.17342, 0.42364, 0.48216]
INFO: [Epoch 4] [group evaluate] [metrics] pred_score max: 1.202337, num of top-score tie (avg per sample): 1.0021
INFO: [Epoch 4] [group evaluate] [metrics] top-score tie ratio (avg per sample): 0.9921%, samples with tied top (>1 item): 0.2069%
INFO: [Epoch 4] Group [metrics], Hit@[1, 5, 10]: [0.17448, 0.60966, 0.81448], NDCG@[1, 5, 10]: [0.17448, 0.39304, 0.46023]
INFO: [Epoch 4] [user evaluate] [metrics_first] pred_score max: 1.233413, num of top-score tie (avg per sample): 1.0027
INFO: [Epoch 4] [user evaluate] [metrics_first] top-score tie ratio (avg per sample): 0.9927%, samples with tied top (>1 item): 0.2658%
INFO: [Epoch 4] User [metrics_first], Hit@[1, 5, 10]: [0.17342, 0.65947, 0.83821], NDCG@[1, 5, 10]: [0.17342, 0.42367, 0.4822]
INFO: [Epoch 4] [group evaluate] [metrics_first] pred_score max: 1.202337, num of top-score tie (avg per sample): 1.0021
INFO: [Epoch 4] [group evaluate] [metrics_first] top-score tie ratio (avg per sample): 0.9921%, samples with tied top (>1 item): 0.2069%
INFO: [Epoch 4] Group [metrics_first], Hit@[1, 5, 10]: [0.17448, 0.60966, 0.81448], NDCG@[1, 5, 10]: [0.17448, 0.3931, 0.4603]
INFO: [Epoch 4] [user evaluate] [metrics_last] pred_score max: 1.233413, num of top-score tie (avg per sample): 1.0027
INFO: [Epoch 4] [user evaluate] [metrics_last] top-score tie ratio (avg per sample): 0.9927%, samples with tied top (>1 item): 0.2658%
INFO: [Epoch 4] User [metrics_last], Hit@[1, 5, 10]: [0.17076, 0.65914, 0.83821], NDCG@[1, 5, 10]: [0.17076, 0.42212, 0.4807]
INFO: [Epoch 4] [group evaluate] [metrics_last] pred_score max: 1.202337, num of top-score tie (avg per sample): 1.0021
INFO: [Epoch 4] [group evaluate] [metrics_last] top-score tie ratio (avg per sample): 0.9921%, samples with tied top (>1 item): 0.2069%
INFO: [Epoch 4] Group [metrics_last], Hit@[1, 5, 10]: [0.17241, 0.60828, 0.81448], NDCG@[1, 5, 10]: [0.17241, 0.39107, 0.45873]
INFO: [Epoch 4] [user evaluate] [metrics_tie_aware] pred_score max: 1.233413, num of top-score tie (avg per sample): 1.0027
INFO: [Epoch 4] [user evaluate] [metrics_tie_aware] top-score tie ratio (avg per sample): 0.9927%, samples with tied top (>1 item): 0.2658%
INFO: [Epoch 4] User [metrics_tie_aware], Hit@[1, 5, 10]: [0.17209, 0.6593, 0.83821], NDCG@[1, 5, 10]: [0.17209, 0.42289, 0.48145]
INFO: [Epoch 4] [group evaluate] [metrics_tie_aware] pred_score max: 1.202337, num of top-score tie (avg per sample): 1.0021
INFO: [Epoch 4] [group evaluate] [metrics_tie_aware] top-score tie ratio (avg per sample): 0.9921%, samples with tied top (>1 item): 0.2069%
INFO: [Epoch 4] Group [metrics_tie_aware], Hit@[1, 5, 10]: [0.17345, 0.60897, 0.81448], NDCG@[1, 5, 10]: [0.17345, 0.39208, 0.45951]
INFO: 
INFO: [Epoch 5] user loss: 0.15115
INFO: [Epoch 5] group loss: 0.12758
INFO: [Epoch 5] [user evaluate] [metrics] pred_score max: 1.194111, num of top-score tie (avg per sample): 1.0023
INFO: [Epoch 5] [user evaluate] [metrics] top-score tie ratio (avg per sample): 0.9924%, samples with tied top (>1 item): 0.2326%
INFO: [Epoch 5] User [metrics], Hit@[1, 5, 10]: [0.18505, 0.66379, 0.84585], NDCG@[1, 5, 10]: [0.18505, 0.43029, 0.48977]
INFO: [Epoch 5] [group evaluate] [metrics] pred_score max: 1.185056, num of top-score tie (avg per sample): 1.0021
INFO: [Epoch 5] [group evaluate] [metrics] top-score tie ratio (avg per sample): 0.9921%, samples with tied top (>1 item): 0.2069%
INFO: [Epoch 5] Group [metrics], Hit@[1, 5, 10]: [0.16276, 0.6131, 0.80897], NDCG@[1, 5, 10]: [0.16276, 0.38827, 0.45242]
INFO: [Epoch 5] [user evaluate] [metrics_first] pred_score max: 1.194111, num of top-score tie (avg per sample): 1.0023
INFO: [Epoch 5] [user evaluate] [metrics_first] top-score tie ratio (avg per sample): 0.9924%, samples with tied top (>1 item): 0.2326%
INFO: [Epoch 5] User [metrics_first], Hit@[1, 5, 10]: [0.18505, 0.66412, 0.84618], NDCG@[1, 5, 10]: [0.18505, 0.43044, 0.48991]
INFO: [Epoch 5] [group evaluate] [metrics_first] pred_score max: 1.185056, num of top-score tie (avg per sample): 1.0021
INFO: [Epoch 5] [group evaluate] [metrics_first] top-score tie ratio (avg per sample): 0.9921%, samples with tied top (>1 item): 0.2069%
INFO: [Epoch 5] Group [metrics_first], Hit@[1, 5, 10]: [0.16276, 0.6131, 0.80897], NDCG@[1, 5, 10]: [0.16276, 0.38855, 0.4527]
INFO: [Epoch 5] [user evaluate] [metrics_last] pred_score max: 1.194111, num of top-score tie (avg per sample): 1.0023
INFO: [Epoch 5] [user evaluate] [metrics_last] top-score tie ratio (avg per sample): 0.9924%, samples with tied top (>1 item): 0.2326%
INFO: [Epoch 5] User [metrics_last], Hit@[1, 5, 10]: [0.18272, 0.66379, 0.84551], NDCG@[1, 5, 10]: [0.18272, 0.42891, 0.48827]
INFO: [Epoch 5] [group evaluate] [metrics_last] pred_score max: 1.185056, num of top-score tie (avg per sample): 1.0021
INFO: [Epoch 5] [group evaluate] [metrics_last] top-score tie ratio (avg per sample): 0.9921%, samples with tied top (>1 item): 0.2069%
INFO: [Epoch 5] Group [metrics_last], Hit@[1, 5, 10]: [0.16069, 0.61241, 0.80897], NDCG@[1, 5, 10]: [0.16069, 0.38668, 0.45105]
INFO: [Epoch 5] [user evaluate] [metrics_tie_aware] pred_score max: 1.194111, num of top-score tie (avg per sample): 1.0023
INFO: [Epoch 5] [user evaluate] [metrics_tie_aware] top-score tie ratio (avg per sample): 0.9924%, samples with tied top (>1 item): 0.2326%
INFO: [Epoch 5] User [metrics_tie_aware], Hit@[1, 5, 10]: [0.18389, 0.66395, 0.84585], NDCG@[1, 5, 10]: [0.18389, 0.42968, 0.48909]
INFO: [Epoch 5] [group evaluate] [metrics_tie_aware] pred_score max: 1.185056, num of top-score tie (avg per sample): 1.0021
INFO: [Epoch 5] [group evaluate] [metrics_tie_aware] top-score tie ratio (avg per sample): 0.9921%, samples with tied top (>1 item): 0.2069%
INFO: [Epoch 5] Group [metrics_tie_aware], Hit@[1, 5, 10]: [0.16172, 0.61276, 0.80897], NDCG@[1, 5, 10]: [0.16172, 0.38762, 0.45188]
INFO: 
INFO: [Epoch 6] user loss: 0.13690
INFO: [Epoch 6] group loss: 0.11550
INFO: [Epoch 6] [user evaluate] [metrics] pred_score max: 1.091458, num of top-score tie (avg per sample): 1.0023
INFO: [Epoch 6] [user evaluate] [metrics] top-score tie ratio (avg per sample): 0.9924%, samples with tied top (>1 item): 0.2326%
INFO: [Epoch 6] User [metrics], Hit@[1, 5, 10]: [0.18937, 0.67176, 0.85183], NDCG@[1, 5, 10]: [0.18937, 0.43489, 0.49406]
INFO: [Epoch 6] [group evaluate] [metrics] pred_score max: 1.173738, num of top-score tie (avg per sample): 1.0021
INFO: [Epoch 6] [group evaluate] [metrics] top-score tie ratio (avg per sample): 0.9921%, samples with tied top (>1 item): 0.2069%
INFO: [Epoch 6] Group [metrics], Hit@[1, 5, 10]: [0.1731, 0.61034, 0.81655], NDCG@[1, 5, 10]: [0.1731, 0.39417, 0.46148]
INFO: [Epoch 6] [user evaluate] [metrics_first] pred_score max: 1.091458, num of top-score tie (avg per sample): 1.0023
INFO: [Epoch 6] [user evaluate] [metrics_first] top-score tie ratio (avg per sample): 0.9924%, samples with tied top (>1 item): 0.2326%
INFO: [Epoch 6] User [metrics_first], Hit@[1, 5, 10]: [0.18937, 0.67209, 0.85216], NDCG@[1, 5, 10]: [0.18937, 0.43502, 0.49417]
INFO: [Epoch 6] [group evaluate] [metrics_first] pred_score max: 1.173738, num of top-score tie (avg per sample): 1.0021
INFO: [Epoch 6] [group evaluate] [metrics_first] top-score tie ratio (avg per sample): 0.9921%, samples with tied top (>1 item): 0.2069%
INFO: [Epoch 6] Group [metrics_first], Hit@[1, 5, 10]: [0.1731, 0.61103, 0.81655], NDCG@[1, 5, 10]: [0.1731, 0.39456, 0.46163]
INFO: [Epoch 6] [user evaluate] [metrics_last] pred_score max: 1.091458, num of top-score tie (avg per sample): 1.0023
INFO: [Epoch 6] [user evaluate] [metrics_last] top-score tie ratio (avg per sample): 0.9924%, samples with tied top (>1 item): 0.2326%
INFO: [Epoch 6] User [metrics_last], Hit@[1, 5, 10]: [0.18704, 0.67176, 0.8515], NDCG@[1, 5, 10]: [0.18704, 0.43351, 0.49253]
INFO: [Epoch 6] [group evaluate] [metrics_last] pred_score max: 1.173738, num of top-score tie (avg per sample): 1.0021
INFO: [Epoch 6] [group evaluate] [metrics_last] top-score tie ratio (avg per sample): 0.9921%, samples with tied top (>1 item): 0.2069%
INFO: [Epoch 6] Group [metrics_last], Hit@[1, 5, 10]: [0.17103, 0.60897, 0.81655], NDCG@[1, 5, 10]: [0.17103, 0.39238, 0.46015]
INFO: [Epoch 6] [user evaluate] [metrics_tie_aware] pred_score max: 1.091458, num of top-score tie (avg per sample): 1.0023
INFO: [Epoch 6] [user evaluate] [metrics_tie_aware] top-score tie ratio (avg per sample): 0.9924%, samples with tied top (>1 item): 0.2326%
INFO: [Epoch 6] User [metrics_tie_aware], Hit@[1, 5, 10]: [0.18821, 0.67193, 0.85183], NDCG@[1, 5, 10]: [0.18821, 0.43427, 0.49335]
INFO: [Epoch 6] [group evaluate] [metrics_tie_aware] pred_score max: 1.173738, num of top-score tie (avg per sample): 1.0021
INFO: [Epoch 6] [group evaluate] [metrics_tie_aware] top-score tie ratio (avg per sample): 0.9921%, samples with tied top (>1 item): 0.2069%
INFO: [Epoch 6] Group [metrics_tie_aware], Hit@[1, 5, 10]: [0.17207, 0.61, 0.81655], NDCG@[1, 5, 10]: [0.17207, 0.39347, 0.46089]
INFO: 
INFO: [Epoch 7] user loss: 0.12670
INFO: [Epoch 7] group loss: 0.10616
INFO: [Epoch 7] [user evaluate] [metrics] pred_score max: 1.023792, num of top-score tie (avg per sample): 1.0037
INFO: [Epoch 7] [user evaluate] [metrics] top-score tie ratio (avg per sample): 0.9937%, samples with tied top (>1 item): 0.3654%
INFO: [Epoch 7] User [metrics], Hit@[1, 5, 10]: [0.19103, 0.67608, 0.8608], NDCG@[1, 5, 10]: [0.19103, 0.43888, 0.49937]
INFO: [Epoch 7] [group evaluate] [metrics] pred_score max: 1.408432, num of top-score tie (avg per sample): 1.0014
INFO: [Epoch 7] [group evaluate] [metrics] top-score tie ratio (avg per sample): 0.9915%, samples with tied top (>1 item): 0.1379%
INFO: [Epoch 7] Group [metrics], Hit@[1, 5, 10]: [0.16069, 0.59793, 0.80207], NDCG@[1, 5, 10]: [0.16069, 0.37997, 0.44721]
INFO: [Epoch 7] [user evaluate] [metrics_first] pred_score max: 1.023792, num of top-score tie (avg per sample): 1.0037
INFO: [Epoch 7] [user evaluate] [metrics_first] top-score tie ratio (avg per sample): 0.9937%, samples with tied top (>1 item): 0.3654%
INFO: [Epoch 7] User [metrics_first], Hit@[1, 5, 10]: [0.19103, 0.67641, 0.8608], NDCG@[1, 5, 10]: [0.19103, 0.43904, 0.49942]
INFO: [Epoch 7] [group evaluate] [metrics_first] pred_score max: 1.408432, num of top-score tie (avg per sample): 1.0014
INFO: [Epoch 7] [group evaluate] [metrics_first] top-score tie ratio (avg per sample): 0.9915%, samples with tied top (>1 item): 0.1379%
INFO: [Epoch 7] Group [metrics_first], Hit@[1, 5, 10]: [0.16069, 0.59793, 0.80207], NDCG@[1, 5, 10]: [0.16069, 0.3801, 0.44735]
INFO: [Epoch 7] [user evaluate] [metrics_last] pred_score max: 1.023792, num of top-score tie (avg per sample): 1.0037
INFO: [Epoch 7] [user evaluate] [metrics_last] top-score tie ratio (avg per sample): 0.9937%, samples with tied top (>1 item): 0.3654%
INFO: [Epoch 7] User [metrics_last], Hit@[1, 5, 10]: [0.18738, 0.67542, 0.86047], NDCG@[1, 5, 10]: [0.18738, 0.43701, 0.4976]
INFO: [Epoch 7] [group evaluate] [metrics_last] pred_score max: 1.408432, num of top-score tie (avg per sample): 1.0014
INFO: [Epoch 7] [group evaluate] [metrics_last] top-score tie ratio (avg per sample): 0.9915%, samples with tied top (>1 item): 0.1379%
INFO: [Epoch 7] Group [metrics_last], Hit@[1, 5, 10]: [0.15931, 0.59724, 0.80138], NDCG@[1, 5, 10]: [0.15931, 0.37859, 0.44583]
INFO: [Epoch 7] [user evaluate] [metrics_tie_aware] pred_score max: 1.023792, num of top-score tie (avg per sample): 1.0037
INFO: [Epoch 7] [user evaluate] [metrics_tie_aware] top-score tie ratio (avg per sample): 0.9937%, samples with tied top (>1 item): 0.3654%
INFO: [Epoch 7] User [metrics_tie_aware], Hit@[1, 5, 10]: [0.1892, 0.67591, 0.86063], NDCG@[1, 5, 10]: [0.1892, 0.43802, 0.49851]
INFO: [Epoch 7] [group evaluate] [metrics_tie_aware] pred_score max: 1.408432, num of top-score tie (avg per sample): 1.0014
INFO: [Epoch 7] [group evaluate] [metrics_tie_aware] top-score tie ratio (avg per sample): 0.9915%, samples with tied top (>1 item): 0.1379%
INFO: [Epoch 7] Group [metrics_tie_aware], Hit@[1, 5, 10]: [0.16, 0.59759, 0.80172], NDCG@[1, 5, 10]: [0.16, 0.37934, 0.44659]
INFO: 
INFO: [Epoch 8] user loss: 0.11880
INFO: [Epoch 8] group loss: 0.10050
INFO: [Epoch 8] [user evaluate] [metrics] pred_score max: 1.080631, num of top-score tie (avg per sample): 1.0030
INFO: [Epoch 8] [user evaluate] [metrics] top-score tie ratio (avg per sample): 0.9931%, samples with tied top (>1 item): 0.2990%
INFO: [Epoch 8] User [metrics], Hit@[1, 5, 10]: [0.19601, 0.66977, 0.86047], NDCG@[1, 5, 10]: [0.19601, 0.43771, 0.50037]
INFO: [Epoch 8] [group evaluate] [metrics] pred_score max: 1.286929, num of top-score tie (avg per sample): 1.0028
INFO: [Epoch 8] [group evaluate] [metrics] top-score tie ratio (avg per sample): 0.9928%, samples with tied top (>1 item): 0.2759%
INFO: [Epoch 8] Group [metrics], Hit@[1, 5, 10]: [0.15034, 0.5931, 0.80897], NDCG@[1, 5, 10]: [0.15034, 0.37639, 0.44678]
INFO: [Epoch 8] [user evaluate] [metrics_first] pred_score max: 1.080631, num of top-score tie (avg per sample): 1.0030
INFO: [Epoch 8] [user evaluate] [metrics_first] top-score tie ratio (avg per sample): 0.9931%, samples with tied top (>1 item): 0.2990%
INFO: [Epoch 8] User [metrics_first], Hit@[1, 5, 10]: [0.19601, 0.6701, 0.8608], NDCG@[1, 5, 10]: [0.19601, 0.43791, 0.50056]
INFO: [Epoch 8] [group evaluate] [metrics_first] pred_score max: 1.286929, num of top-score tie (avg per sample): 1.0028
INFO: [Epoch 8] [group evaluate] [metrics_first] top-score tie ratio (avg per sample): 0.9928%, samples with tied top (>1 item): 0.2759%
INFO: [Epoch 8] Group [metrics_first], Hit@[1, 5, 10]: [0.15034, 0.5931, 0.80897], NDCG@[1, 5, 10]: [0.15034, 0.37642, 0.44682]
INFO: [Epoch 8] [user evaluate] [metrics_last] pred_score max: 1.080631, num of top-score tie (avg per sample): 1.0030
INFO: [Epoch 8] [user evaluate] [metrics_last] top-score tie ratio (avg per sample): 0.9931%, samples with tied top (>1 item): 0.2990%
INFO: [Epoch 8] User [metrics_last], Hit@[1, 5, 10]: [0.19302, 0.66977, 0.86047], NDCG@[1, 5, 10]: [0.19302, 0.43626, 0.49888]
INFO: [Epoch 8] [group evaluate] [metrics_last] pred_score max: 1.286929, num of top-score tie (avg per sample): 1.0028
INFO: [Epoch 8] [group evaluate] [metrics_last] top-score tie ratio (avg per sample): 0.9928%, samples with tied top (>1 item): 0.2759%
INFO: [Epoch 8] Group [metrics_last], Hit@[1, 5, 10]: [0.14759, 0.5931, 0.80897], NDCG@[1, 5, 10]: [0.14759, 0.37471, 0.44505]
INFO: [Epoch 8] [user evaluate] [metrics_tie_aware] pred_score max: 1.080631, num of top-score tie (avg per sample): 1.0030
INFO: [Epoch 8] [user evaluate] [metrics_tie_aware] top-score tie ratio (avg per sample): 0.9931%, samples with tied top (>1 item): 0.2990%
INFO: [Epoch 8] User [metrics_tie_aware], Hit@[1, 5, 10]: [0.19452, 0.66993, 0.86063], NDCG@[1, 5, 10]: [0.19452, 0.43709, 0.49972]
INFO: [Epoch 8] [group evaluate] [metrics_tie_aware] pred_score max: 1.286929, num of top-score tie (avg per sample): 1.0028
INFO: [Epoch 8] [group evaluate] [metrics_tie_aware] top-score tie ratio (avg per sample): 0.9928%, samples with tied top (>1 item): 0.2759%
INFO: [Epoch 8] Group [metrics_tie_aware], Hit@[1, 5, 10]: [0.14897, 0.5931, 0.80897], NDCG@[1, 5, 10]: [0.14897, 0.37556, 0.44593]
INFO: 
INFO: [Epoch 9] user loss: 0.11372
INFO: [Epoch 9] group loss: 0.09514
INFO: [Epoch 9] [user evaluate] [metrics] pred_score max: 1.073519, num of top-score tie (avg per sample): 1.0033
INFO: [Epoch 9] [user evaluate] [metrics] top-score tie ratio (avg per sample): 0.9934%, samples with tied top (>1 item): 0.3322%
INFO: [Epoch 9] User [metrics], Hit@[1, 5, 10]: [0.1794, 0.68239, 0.86346], NDCG@[1, 5, 10]: [0.1794, 0.43475, 0.49415]
INFO: [Epoch 9] [group evaluate] [metrics] pred_score max: 1.377754, num of top-score tie (avg per sample): 1.0021
INFO: [Epoch 9] [group evaluate] [metrics] top-score tie ratio (avg per sample): 0.9921%, samples with tied top (>1 item): 0.2069%
INFO: [Epoch 9] Group [metrics], Hit@[1, 5, 10]: [0.16, 0.58966, 0.80759], NDCG@[1, 5, 10]: [0.16, 0.37569, 0.44676]
INFO: [Epoch 9] [user evaluate] [metrics_first] pred_score max: 1.073519, num of top-score tie (avg per sample): 1.0033
INFO: [Epoch 9] [user evaluate] [metrics_first] top-score tie ratio (avg per sample): 0.9934%, samples with tied top (>1 item): 0.3322%
INFO: [Epoch 9] User [metrics_first], Hit@[1, 5, 10]: [0.1794, 0.68272, 0.86346], NDCG@[1, 5, 10]: [0.1794, 0.43498, 0.49429]
INFO: [Epoch 9] [group evaluate] [metrics_first] pred_score max: 1.377754, num of top-score tie (avg per sample): 1.0021
INFO: [Epoch 9] [group evaluate] [metrics_first] top-score tie ratio (avg per sample): 0.9921%, samples with tied top (>1 item): 0.2069%
INFO: [Epoch 9] Group [metrics_first], Hit@[1, 5, 10]: [0.16, 0.58966, 0.80759], NDCG@[1, 5, 10]: [0.16, 0.37583, 0.44691]
INFO: [Epoch 9] [user evaluate] [metrics_last] pred_score max: 1.073519, num of top-score tie (avg per sample): 1.0033
INFO: [Epoch 9] [user evaluate] [metrics_last] top-score tie ratio (avg per sample): 0.9934%, samples with tied top (>1 item): 0.3322%
INFO: [Epoch 9] User [metrics_last], Hit@[1, 5, 10]: [0.17608, 0.68173, 0.86279], NDCG@[1, 5, 10]: [0.17608, 0.43301, 0.49241]
INFO: [Epoch 9] [group evaluate] [metrics_last] pred_score max: 1.377754, num of top-score tie (avg per sample): 1.0021
INFO: [Epoch 9] [group evaluate] [metrics_last] top-score tie ratio (avg per sample): 0.9921%, samples with tied top (>1 item): 0.2069%
INFO: [Epoch 9] Group [metrics_last], Hit@[1, 5, 10]: [0.15793, 0.58966, 0.8069], NDCG@[1, 5, 10]: [0.15793, 0.37414, 0.44498]
INFO: [Epoch 9] [user evaluate] [metrics_tie_aware] pred_score max: 1.073519, num of top-score tie (avg per sample): 1.0033
INFO: [Epoch 9] [user evaluate] [metrics_tie_aware] top-score tie ratio (avg per sample): 0.9934%, samples with tied top (>1 item): 0.3322%
INFO: [Epoch 9] User [metrics_tie_aware], Hit@[1, 5, 10]: [0.17774, 0.68223, 0.86312], NDCG@[1, 5, 10]: [0.17774, 0.434, 0.49335]
INFO: [Epoch 9] [group evaluate] [metrics_tie_aware] pred_score max: 1.377754, num of top-score tie (avg per sample): 1.0021
INFO: [Epoch 9] [group evaluate] [metrics_tie_aware] top-score tie ratio (avg per sample): 0.9921%, samples with tied top (>1 item): 0.2069%
INFO: [Epoch 9] Group [metrics_tie_aware], Hit@[1, 5, 10]: [0.15897, 0.58966, 0.80724], NDCG@[1, 5, 10]: [0.15897, 0.37499, 0.44594]
INFO: 
INFO: [Epoch 10] user loss: 0.10966
INFO: [Epoch 10] group loss: 0.09112
INFO: [Epoch 10] [user evaluate] [metrics] pred_score max: 1.138217, num of top-score tie (avg per sample): 1.0030
INFO: [Epoch 10] [user evaluate] [metrics] top-score tie ratio (avg per sample): 0.9931%, samples with tied top (>1 item): 0.2990%
INFO: [Epoch 10] User [metrics], Hit@[1, 5, 10]: [0.19169, 0.68173, 0.85947], NDCG@[1, 5, 10]: [0.19169, 0.43941, 0.49737]
INFO: [Epoch 10] [group evaluate] [metrics] pred_score max: 1.587606, num of top-score tie (avg per sample): 1.0014
INFO: [Epoch 10] [group evaluate] [metrics] top-score tie ratio (avg per sample): 0.9915%, samples with tied top (>1 item): 0.1379%
INFO: [Epoch 10] Group [metrics], Hit@[1, 5, 10]: [0.15931, 0.6, 0.80966], NDCG@[1, 5, 10]: [0.15931, 0.38201, 0.45022]
INFO: [Epoch 10] [user evaluate] [metrics_first] pred_score max: 1.138217, num of top-score tie (avg per sample): 1.0030
INFO: [Epoch 10] [user evaluate] [metrics_first] top-score tie ratio (avg per sample): 0.9931%, samples with tied top (>1 item): 0.2990%
INFO: [Epoch 10] User [metrics_first], Hit@[1, 5, 10]: [0.19169, 0.68173, 0.85947], NDCG@[1, 5, 10]: [0.19169, 0.43954, 0.49753]
INFO: [Epoch 10] [group evaluate] [metrics_first] pred_score max: 1.587606, num of top-score tie (avg per sample): 1.0014
INFO: [Epoch 10] [group evaluate] [metrics_first] top-score tie ratio (avg per sample): 0.9915%, samples with tied top (>1 item): 0.1379%
INFO: [Epoch 10] Group [metrics_first], Hit@[1, 5, 10]: [0.15931, 0.60069, 0.80966], NDCG@[1, 5, 10]: [0.15931, 0.38231, 0.45027]
INFO: [Epoch 10] [user evaluate] [metrics_last] pred_score max: 1.138217, num of top-score tie (avg per sample): 1.0030
INFO: [Epoch 10] [user evaluate] [metrics_last] top-score tie ratio (avg per sample): 0.9931%, samples with tied top (>1 item): 0.2990%
INFO: [Epoch 10] User [metrics_last], Hit@[1, 5, 10]: [0.1887, 0.68173, 0.85947], NDCG@[1, 5, 10]: [0.1887, 0.43794, 0.49586]
INFO: [Epoch 10] [group evaluate] [metrics_last] pred_score max: 1.587606, num of top-score tie (avg per sample): 1.0014
INFO: [Epoch 10] [group evaluate] [metrics_last] top-score tie ratio (avg per sample): 0.9915%, samples with tied top (>1 item): 0.1379%
INFO: [Epoch 10] Group [metrics_last], Hit@[1, 5, 10]: [0.15793, 0.6, 0.80897], NDCG@[1, 5, 10]: [0.15793, 0.38079, 0.44875]
INFO: [Epoch 10] [user evaluate] [metrics_tie_aware] pred_score max: 1.138217, num of top-score tie (avg per sample): 1.0030
INFO: [Epoch 10] [user evaluate] [metrics_tie_aware] top-score tie ratio (avg per sample): 0.9931%, samples with tied top (>1 item): 0.2990%
INFO: [Epoch 10] User [metrics_tie_aware], Hit@[1, 5, 10]: [0.1902, 0.68173, 0.85947], NDCG@[1, 5, 10]: [0.1902, 0.43874, 0.4967]
INFO: [Epoch 10] [group evaluate] [metrics_tie_aware] pred_score max: 1.587606, num of top-score tie (avg per sample): 1.0014
INFO: [Epoch 10] [group evaluate] [metrics_tie_aware] top-score tie ratio (avg per sample): 0.9915%, samples with tied top (>1 item): 0.1379%
INFO: [Epoch 10] Group [metrics_tie_aware], Hit@[1, 5, 10]: [0.15862, 0.60034, 0.80931], NDCG@[1, 5, 10]: [0.15862, 0.38155, 0.44951]
INFO: 
INFO: [Epoch 11] user loss: 0.10709
INFO: [Epoch 11] group loss: 0.08916
INFO: [Epoch 11] [user evaluate] [metrics] pred_score max: 1.073318, num of top-score tie (avg per sample): 1.0037
INFO: [Epoch 11] [user evaluate] [metrics] top-score tie ratio (avg per sample): 0.9937%, samples with tied top (>1 item): 0.3654%
INFO: [Epoch 11] User [metrics], Hit@[1, 5, 10]: [0.18904, 0.67774, 0.86478], NDCG@[1, 5, 10]: [0.18904, 0.43613, 0.49723]
INFO: [Epoch 11] [group evaluate] [metrics] pred_score max: 1.444983, num of top-score tie (avg per sample): 1.0014
INFO: [Epoch 11] [group evaluate] [metrics] top-score tie ratio (avg per sample): 0.9915%, samples with tied top (>1 item): 0.1379%
INFO: [Epoch 11] Group [metrics], Hit@[1, 5, 10]: [0.16, 0.57034, 0.79862], NDCG@[1, 5, 10]: [0.16, 0.36374, 0.43882]
INFO: [Epoch 11] [user evaluate] [metrics_first] pred_score max: 1.073318, num of top-score tie (avg per sample): 1.0037
INFO: [Epoch 11] [user evaluate] [metrics_first] top-score tie ratio (avg per sample): 0.9937%, samples with tied top (>1 item): 0.3654%
INFO: [Epoch 11] User [metrics_first], Hit@[1, 5, 10]: [0.18904, 0.67841, 0.86545], NDCG@[1, 5, 10]: [0.18904, 0.4364, 0.49746]
INFO: [Epoch 11] [group evaluate] [metrics_first] pred_score max: 1.444983, num of top-score tie (avg per sample): 1.0014
INFO: [Epoch 11] [group evaluate] [metrics_first] top-score tie ratio (avg per sample): 0.9915%, samples with tied top (>1 item): 0.1379%
INFO: [Epoch 11] Group [metrics_first], Hit@[1, 5, 10]: [0.16, 0.57103, 0.79931], NDCG@[1, 5, 10]: [0.16, 0.36409, 0.43914]
INFO: [Epoch 11] [user evaluate] [metrics_last] pred_score max: 1.073318, num of top-score tie (avg per sample): 1.0037
INFO: [Epoch 11] [user evaluate] [metrics_last] top-score tie ratio (avg per sample): 0.9937%, samples with tied top (>1 item): 0.3654%
INFO: [Epoch 11] User [metrics_last], Hit@[1, 5, 10]: [0.18538, 0.67641, 0.86445], NDCG@[1, 5, 10]: [0.18538, 0.4339, 0.49535]
INFO: [Epoch 11] [group evaluate] [metrics_last] pred_score max: 1.444983, num of top-score tie (avg per sample): 1.0014
INFO: [Epoch 11] [group evaluate] [metrics_last] top-score tie ratio (avg per sample): 0.9915%, samples with tied top (>1 item): 0.1379%
INFO: [Epoch 11] Group [metrics_last], Hit@[1, 5, 10]: [0.15862, 0.56966, 0.79862], NDCG@[1, 5, 10]: [0.15862, 0.36211, 0.4374]
INFO: [Epoch 11] [user evaluate] [metrics_tie_aware] pred_score max: 1.073318, num of top-score tie (avg per sample): 1.0037
INFO: [Epoch 11] [user evaluate] [metrics_tie_aware] top-score tie ratio (avg per sample): 0.9937%, samples with tied top (>1 item): 0.3654%
INFO: [Epoch 11] User [metrics_tie_aware], Hit@[1, 5, 10]: [0.18721, 0.67741, 0.86495], NDCG@[1, 5, 10]: [0.18721, 0.43515, 0.49641]
INFO: [Epoch 11] [group evaluate] [metrics_tie_aware] pred_score max: 1.444983, num of top-score tie (avg per sample): 1.0014
INFO: [Epoch 11] [group evaluate] [metrics_tie_aware] top-score tie ratio (avg per sample): 0.9915%, samples with tied top (>1 item): 0.1379%
INFO: [Epoch 11] Group [metrics_tie_aware], Hit@[1, 5, 10]: [0.15931, 0.57034, 0.79897], NDCG@[1, 5, 10]: [0.15931, 0.3631, 0.43827]
INFO: 
INFO: [Epoch 12] user loss: 0.10463
INFO: [Epoch 12] group loss: 0.08753
INFO: [Epoch 12] [user evaluate] [metrics] pred_score max: 0.989124, num of top-score tie (avg per sample): 1.0030
INFO: [Epoch 12] [user evaluate] [metrics] top-score tie ratio (avg per sample): 0.9931%, samples with tied top (>1 item): 0.2990%
INFO: [Epoch 12] User [metrics], Hit@[1, 5, 10]: [0.17276, 0.6814, 0.86113], NDCG@[1, 5, 10]: [0.17276, 0.42946, 0.48812]
INFO: [Epoch 12] [group evaluate] [metrics] pred_score max: 1.571846, num of top-score tie (avg per sample): 1.0007
INFO: [Epoch 12] [group evaluate] [metrics] top-score tie ratio (avg per sample): 0.9908%, samples with tied top (>1 item): 0.0690%
INFO: [Epoch 12] Group [metrics], Hit@[1, 5, 10]: [0.14414, 0.57655, 0.79862], NDCG@[1, 5, 10]: [0.14414, 0.36218, 0.43481]
INFO: [Epoch 12] [user evaluate] [metrics_first] pred_score max: 0.989124, num of top-score tie (avg per sample): 1.0030
INFO: [Epoch 12] [user evaluate] [metrics_first] top-score tie ratio (avg per sample): 0.9931%, samples with tied top (>1 item): 0.2990%
INFO: [Epoch 12] User [metrics_first], Hit@[1, 5, 10]: [0.17276, 0.68173, 0.86113], NDCG@[1, 5, 10]: [0.17276, 0.4297, 0.48826]
INFO: [Epoch 12] [group evaluate] [metrics_first] pred_score max: 1.571846, num of top-score tie (avg per sample): 1.0007
INFO: [Epoch 12] [group evaluate] [metrics_first] top-score tie ratio (avg per sample): 0.9908%, samples with tied top (>1 item): 0.0690%
INFO: [Epoch 12] Group [metrics_first], Hit@[1, 5, 10]: [0.14414, 0.57655, 0.79862], NDCG@[1, 5, 10]: [0.14414, 0.36235, 0.435]
INFO: [Epoch 12] [user evaluate] [metrics_last] pred_score max: 0.989124, num of top-score tie (avg per sample): 1.0030
INFO: [Epoch 12] [user evaluate] [metrics_last] top-score tie ratio (avg per sample): 0.9931%, samples with tied top (>1 item): 0.2990%
INFO: [Epoch 12] User [metrics_last], Hit@[1, 5, 10]: [0.16977, 0.68073, 0.86113], NDCG@[1, 5, 10]: [0.16977, 0.42762, 0.48649]
INFO: [Epoch 12] [group evaluate] [metrics_last] pred_score max: 1.571846, num of top-score tie (avg per sample): 1.0007
INFO: [Epoch 12] [group evaluate] [metrics_last] top-score tie ratio (avg per sample): 0.9908%, samples with tied top (>1 item): 0.0690%
INFO: [Epoch 12] Group [metrics_last], Hit@[1, 5, 10]: [0.14345, 0.57586, 0.79862], NDCG@[1, 5, 10]: [0.14345, 0.36099, 0.43384]
INFO: [Epoch 12] [user evaluate] [metrics_tie_aware] pred_score max: 0.989124, num of top-score tie (avg per sample): 1.0030
INFO: [Epoch 12] [user evaluate] [metrics_tie_aware] top-score tie ratio (avg per sample): 0.9931%, samples with tied top (>1 item): 0.2990%
INFO: [Epoch 12] User [metrics_tie_aware], Hit@[1, 5, 10]: [0.17126, 0.68123, 0.86113], NDCG@[1, 5, 10]: [0.17126, 0.42866, 0.48738]
INFO: [Epoch 12] [group evaluate] [metrics_tie_aware] pred_score max: 1.571846, num of top-score tie (avg per sample): 1.0007
INFO: [Epoch 12] [group evaluate] [metrics_tie_aware] top-score tie ratio (avg per sample): 0.9908%, samples with tied top (>1 item): 0.0690%
INFO: [Epoch 12] Group [metrics_tie_aware], Hit@[1, 5, 10]: [0.14379, 0.57621, 0.79862], NDCG@[1, 5, 10]: [0.14379, 0.36167, 0.43442]
INFO: 
INFO: [Epoch 13] user loss: 0.10337
INFO: [Epoch 13] group loss: 0.08443
INFO: [Epoch 13] [user evaluate] [metrics] pred_score max: 0.944973, num of top-score tie (avg per sample): 1.0023
INFO: [Epoch 13] [user evaluate] [metrics] top-score tie ratio (avg per sample): 0.9924%, samples with tied top (>1 item): 0.2326%
INFO: [Epoch 13] User [metrics], Hit@[1, 5, 10]: [0.19136, 0.67741, 0.86512], NDCG@[1, 5, 10]: [0.19136, 0.44008, 0.50155]
INFO: [Epoch 13] [group evaluate] [metrics] pred_score max: 1.505400, num of top-score tie (avg per sample): 1.0028
INFO: [Epoch 13] [group evaluate] [metrics] top-score tie ratio (avg per sample): 0.9928%, samples with tied top (>1 item): 0.2759%
INFO: [Epoch 13] Group [metrics], Hit@[1, 5, 10]: [0.1531, 0.57172, 0.80276], NDCG@[1, 5, 10]: [0.1531, 0.36541, 0.44053]
INFO: [Epoch 13] [user evaluate] [metrics_first] pred_score max: 0.944973, num of top-score tie (avg per sample): 1.0023
INFO: [Epoch 13] [user evaluate] [metrics_first] top-score tie ratio (avg per sample): 0.9924%, samples with tied top (>1 item): 0.2326%
INFO: [Epoch 13] User [metrics_first], Hit@[1, 5, 10]: [0.19136, 0.67741, 0.86512], NDCG@[1, 5, 10]: [0.19136, 0.44019, 0.50169]
INFO: [Epoch 13] [group evaluate] [metrics_first] pred_score max: 1.505400, num of top-score tie (avg per sample): 1.0028
INFO: [Epoch 13] [group evaluate] [metrics_first] top-score tie ratio (avg per sample): 0.9928%, samples with tied top (>1 item): 0.2759%
INFO: [Epoch 13] Group [metrics_first], Hit@[1, 5, 10]: [0.1531, 0.57172, 0.80276], NDCG@[1, 5, 10]: [0.1531, 0.36546, 0.44059]
INFO: [Epoch 13] [user evaluate] [metrics_last] pred_score max: 0.944973, num of top-score tie (avg per sample): 1.0023
INFO: [Epoch 13] [user evaluate] [metrics_last] top-score tie ratio (avg per sample): 0.9924%, samples with tied top (>1 item): 0.2326%
INFO: [Epoch 13] User [metrics_last], Hit@[1, 5, 10]: [0.18904, 0.67674, 0.86512], NDCG@[1, 5, 10]: [0.18904, 0.43843, 0.50012]
INFO: [Epoch 13] [group evaluate] [metrics_last] pred_score max: 1.505400, num of top-score tie (avg per sample): 1.0028
INFO: [Epoch 13] [group evaluate] [metrics_last] top-score tie ratio (avg per sample): 0.9928%, samples with tied top (>1 item): 0.2759%
INFO: [Epoch 13] Group [metrics_last], Hit@[1, 5, 10]: [0.15034, 0.57103, 0.80207], NDCG@[1, 5, 10]: [0.15034, 0.36352, 0.43867]
INFO: [Epoch 13] [user evaluate] [metrics_tie_aware] pred_score max: 0.944973, num of top-score tie (avg per sample): 1.0023
INFO: [Epoch 13] [user evaluate] [metrics_tie_aware] top-score tie ratio (avg per sample): 0.9924%, samples with tied top (>1 item): 0.2326%
INFO: [Epoch 13] User [metrics_tie_aware], Hit@[1, 5, 10]: [0.1902, 0.67708, 0.86512], NDCG@[1, 5, 10]: [0.1902, 0.43931, 0.5009]
INFO: [Epoch 13] [group evaluate] [metrics_tie_aware] pred_score max: 1.505400, num of top-score tie (avg per sample): 1.0028
INFO: [Epoch 13] [group evaluate] [metrics_tie_aware] top-score tie ratio (avg per sample): 0.9928%, samples with tied top (>1 item): 0.2759%
INFO: [Epoch 13] Group [metrics_tie_aware], Hit@[1, 5, 10]: [0.15172, 0.57138, 0.80241], NDCG@[1, 5, 10]: [0.15172, 0.36449, 0.43963]
INFO: 
INFO: [Epoch 14] user loss: 0.10217
INFO: [Epoch 14] group loss: 0.08433
INFO: [Epoch 14] [user evaluate] [metrics] pred_score max: 1.117319, num of top-score tie (avg per sample): 1.0027
INFO: [Epoch 14] [user evaluate] [metrics] top-score tie ratio (avg per sample): 0.9927%, samples with tied top (>1 item): 0.2658%
INFO: [Epoch 14] User [metrics], Hit@[1, 5, 10]: [0.19003, 0.68738, 0.8598], NDCG@[1, 5, 10]: [0.19003, 0.44348, 0.49976]
INFO: [Epoch 14] [group evaluate] [metrics] pred_score max: 1.887735, num of top-score tie (avg per sample): 1.0021
INFO: [Epoch 14] [group evaluate] [metrics] top-score tie ratio (avg per sample): 0.9921%, samples with tied top (>1 item): 0.2069%
INFO: [Epoch 14] Group [metrics], Hit@[1, 5, 10]: [0.16759, 0.58621, 0.79448], NDCG@[1, 5, 10]: [0.16759, 0.37769, 0.44595]
INFO: [Epoch 14] [user evaluate] [metrics_first] pred_score max: 1.117319, num of top-score tie (avg per sample): 1.0027
INFO: [Epoch 14] [user evaluate] [metrics_first] top-score tie ratio (avg per sample): 0.9927%, samples with tied top (>1 item): 0.2658%
INFO: [Epoch 14] User [metrics_first], Hit@[1, 5, 10]: [0.19003, 0.68738, 0.8598], NDCG@[1, 5, 10]: [0.19003, 0.4436, 0.49989]
INFO: [Epoch 14] [group evaluate] [metrics_first] pred_score max: 1.887735, num of top-score tie (avg per sample): 1.0021
INFO: [Epoch 14] [group evaluate] [metrics_first] top-score tie ratio (avg per sample): 0.9921%, samples with tied top (>1 item): 0.2069%
INFO: [Epoch 14] Group [metrics_first], Hit@[1, 5, 10]: [0.16759, 0.5869, 0.79448], NDCG@[1, 5, 10]: [0.16759, 0.37801, 0.44602]
INFO: [Epoch 14] [user evaluate] [metrics_last] pred_score max: 1.117319, num of top-score tie (avg per sample): 1.0027
INFO: [Epoch 14] [user evaluate] [metrics_last] top-score tie ratio (avg per sample): 0.9927%, samples with tied top (>1 item): 0.2658%
INFO: [Epoch 14] User [metrics_last], Hit@[1, 5, 10]: [0.18738, 0.68605, 0.8598], NDCG@[1, 5, 10]: [0.18738, 0.44162, 0.49835]
INFO: [Epoch 14] [group evaluate] [metrics_last] pred_score max: 1.887735, num of top-score tie (avg per sample): 1.0021
INFO: [Epoch 14] [group evaluate] [metrics_last] top-score tie ratio (avg per sample): 0.9921%, samples with tied top (>1 item): 0.2069%
INFO: [Epoch 14] Group [metrics_last], Hit@[1, 5, 10]: [0.16552, 0.58621, 0.79379], NDCG@[1, 5, 10]: [0.16552, 0.37645, 0.44442]
INFO: [Epoch 14] [user evaluate] [metrics_tie_aware] pred_score max: 1.117319, num of top-score tie (avg per sample): 1.0027
INFO: [Epoch 14] [user evaluate] [metrics_tie_aware] top-score tie ratio (avg per sample): 0.9927%, samples with tied top (>1 item): 0.2658%
INFO: [Epoch 14] User [metrics_tie_aware], Hit@[1, 5, 10]: [0.1887, 0.68671, 0.8598], NDCG@[1, 5, 10]: [0.1887, 0.44261, 0.49912]
INFO: [Epoch 14] [group evaluate] [metrics_tie_aware] pred_score max: 1.887735, num of top-score tie (avg per sample): 1.0021
INFO: [Epoch 14] [group evaluate] [metrics_tie_aware] top-score tie ratio (avg per sample): 0.9921%, samples with tied top (>1 item): 0.2069%
INFO: [Epoch 14] Group [metrics_tie_aware], Hit@[1, 5, 10]: [0.16655, 0.58655, 0.79414], NDCG@[1, 5, 10]: [0.16655, 0.37723, 0.44522]
INFO: 
INFO: [Epoch 15] user loss: 0.10079
INFO: [Epoch 15] group loss: 0.08287
INFO: [Epoch 15] [user evaluate] [metrics] pred_score max: 1.110698, num of top-score tie (avg per sample): 1.0033
INFO: [Epoch 15] [user evaluate] [metrics] top-score tie ratio (avg per sample): 0.9934%, samples with tied top (>1 item): 0.3322%
INFO: [Epoch 15] User [metrics], Hit@[1, 5, 10]: [0.18904, 0.68239, 0.86777], NDCG@[1, 5, 10]: [0.18904, 0.44108, 0.50154]
INFO: [Epoch 15] [group evaluate] [metrics] pred_score max: 1.618994, num of top-score tie (avg per sample): 1.0021
INFO: [Epoch 15] [group evaluate] [metrics] top-score tie ratio (avg per sample): 0.9921%, samples with tied top (>1 item): 0.2069%
INFO: [Epoch 15] Group [metrics], Hit@[1, 5, 10]: [0.16345, 0.58621, 0.8], NDCG@[1, 5, 10]: [0.16345, 0.3782, 0.44781]
INFO: [Epoch 15] [user evaluate] [metrics_first] pred_score max: 1.110698, num of top-score tie (avg per sample): 1.0033
INFO: [Epoch 15] [user evaluate] [metrics_first] top-score tie ratio (avg per sample): 0.9934%, samples with tied top (>1 item): 0.3322%
INFO: [Epoch 15] User [metrics_first], Hit@[1, 5, 10]: [0.18904, 0.68306, 0.86811], NDCG@[1, 5, 10]: [0.18904, 0.44137, 0.5017]
INFO: [Epoch 15] [group evaluate] [metrics_first] pred_score max: 1.618994, num of top-score tie (avg per sample): 1.0021
INFO: [Epoch 15] [group evaluate] [metrics_first] top-score tie ratio (avg per sample): 0.9921%, samples with tied top (>1 item): 0.2069%
INFO: [Epoch 15] Group [metrics_first], Hit@[1, 5, 10]: [0.16345, 0.5869, 0.8], NDCG@[1, 5, 10]: [0.16345, 0.37847, 0.44786]
INFO: [Epoch 15] [user evaluate] [metrics_last] pred_score max: 1.110698, num of top-score tie (avg per sample): 1.0033
INFO: [Epoch 15] [user evaluate] [metrics_last] top-score tie ratio (avg per sample): 0.9934%, samples with tied top (>1 item): 0.3322%
INFO: [Epoch 15] User [metrics_last], Hit@[1, 5, 10]: [0.18571, 0.6814, 0.86777], NDCG@[1, 5, 10]: [0.18571, 0.43905, 0.49985]
INFO: [Epoch 15] [group evaluate] [metrics_last] pred_score max: 1.618994, num of top-score tie (avg per sample): 1.0021
INFO: [Epoch 15] [group evaluate] [metrics_last] top-score tie ratio (avg per sample): 0.9921%, samples with tied top (>1 item): 0.2069%
INFO: [Epoch 15] Group [metrics_last], Hit@[1, 5, 10]: [0.16138, 0.58552, 0.79931], NDCG@[1, 5, 10]: [0.16138, 0.3765, 0.44614]
INFO: [Epoch 15] [user evaluate] [metrics_tie_aware] pred_score max: 1.110698, num of top-score tie (avg per sample): 1.0033
INFO: [Epoch 15] [user evaluate] [metrics_tie_aware] top-score tie ratio (avg per sample): 0.9934%, samples with tied top (>1 item): 0.3322%
INFO: [Epoch 15] User [metrics_tie_aware], Hit@[1, 5, 10]: [0.18738, 0.68223, 0.86794], NDCG@[1, 5, 10]: [0.18738, 0.44021, 0.50078]
INFO: [Epoch 15] [group evaluate] [metrics_tie_aware] pred_score max: 1.618994, num of top-score tie (avg per sample): 1.0021
INFO: [Epoch 15] [group evaluate] [metrics_tie_aware] top-score tie ratio (avg per sample): 0.9921%, samples with tied top (>1 item): 0.2069%
INFO: [Epoch 15] Group [metrics_tie_aware], Hit@[1, 5, 10]: [0.16241, 0.58621, 0.79966], NDCG@[1, 5, 10]: [0.16241, 0.37748, 0.447]
INFO: 
INFO: [Epoch 16] user loss: 0.09954
INFO: [Epoch 16] group loss: 0.08184
INFO: [Epoch 16] [user evaluate] [metrics] pred_score max: 1.076733, num of top-score tie (avg per sample): 1.0033
INFO: [Epoch 16] [user evaluate] [metrics] top-score tie ratio (avg per sample): 0.9934%, samples with tied top (>1 item): 0.3322%
INFO: [Epoch 16] User [metrics], Hit@[1, 5, 10]: [0.18372, 0.68538, 0.86944], NDCG@[1, 5, 10]: [0.18372, 0.44106, 0.50108]
INFO: [Epoch 16] [group evaluate] [metrics] pred_score max: 1.576402, num of top-score tie (avg per sample): 1.0021
INFO: [Epoch 16] [group evaluate] [metrics] top-score tie ratio (avg per sample): 0.9921%, samples with tied top (>1 item): 0.2069%
INFO: [Epoch 16] Group [metrics], Hit@[1, 5, 10]: [0.16897, 0.58621, 0.79586], NDCG@[1, 5, 10]: [0.16897, 0.37965, 0.44801]
INFO: [Epoch 16] [user evaluate] [metrics_first] pred_score max: 1.076733, num of top-score tie (avg per sample): 1.0033
INFO: [Epoch 16] [user evaluate] [metrics_first] top-score tie ratio (avg per sample): 0.9934%, samples with tied top (>1 item): 0.3322%
INFO: [Epoch 16] User [metrics_first], Hit@[1, 5, 10]: [0.18372, 0.68571, 0.86977], NDCG@[1, 5, 10]: [0.18372, 0.44124, 0.50124]
INFO: [Epoch 16] [group evaluate] [metrics_first] pred_score max: 1.576402, num of top-score tie (avg per sample): 1.0021
INFO: [Epoch 16] [group evaluate] [metrics_first] top-score tie ratio (avg per sample): 0.9921%, samples with tied top (>1 item): 0.2069%
INFO: [Epoch 16] Group [metrics_first], Hit@[1, 5, 10]: [0.16897, 0.58621, 0.79586], NDCG@[1, 5, 10]: [0.16897, 0.37977, 0.44815]
INFO: [Epoch 16] [user evaluate] [metrics_last] pred_score max: 1.076733, num of top-score tie (avg per sample): 1.0033
INFO: [Epoch 16] [user evaluate] [metrics_last] top-score tie ratio (avg per sample): 0.9934%, samples with tied top (>1 item): 0.3322%
INFO: [Epoch 16] User [metrics_last], Hit@[1, 5, 10]: [0.1804, 0.68439, 0.8691], NDCG@[1, 5, 10]: [0.1804, 0.43901, 0.49927]
INFO: [Epoch 16] [group evaluate] [metrics_last] pred_score max: 1.576402, num of top-score tie (avg per sample): 1.0021
INFO: [Epoch 16] [group evaluate] [metrics_last] top-score tie ratio (avg per sample): 0.9921%, samples with tied top (>1 item): 0.2069%
INFO: [Epoch 16] Group [metrics_last], Hit@[1, 5, 10]: [0.1669, 0.58552, 0.79586], NDCG@[1, 5, 10]: [0.1669, 0.37813, 0.44668]
INFO: [Epoch 16] [user evaluate] [metrics_tie_aware] pred_score max: 1.076733, num of top-score tie (avg per sample): 1.0033
INFO: [Epoch 16] [user evaluate] [metrics_tie_aware] top-score tie ratio (avg per sample): 0.9934%, samples with tied top (>1 item): 0.3322%
INFO: [Epoch 16] User [metrics_tie_aware], Hit@[1, 5, 10]: [0.18206, 0.68505, 0.86944], NDCG@[1, 5, 10]: [0.18206, 0.44012, 0.50025]
INFO: [Epoch 16] [group evaluate] [metrics_tie_aware] pred_score max: 1.576402, num of top-score tie (avg per sample): 1.0021
INFO: [Epoch 16] [group evaluate] [metrics_tie_aware] top-score tie ratio (avg per sample): 0.9921%, samples with tied top (>1 item): 0.2069%
INFO: [Epoch 16] Group [metrics_tie_aware], Hit@[1, 5, 10]: [0.16793, 0.58586, 0.79586], NDCG@[1, 5, 10]: [0.16793, 0.37895, 0.44742]
INFO: 
INFO: [Epoch 17] user loss: 0.09821
INFO: [Epoch 17] group loss: 0.08121
INFO: [Epoch 17] [user evaluate] [metrics] pred_score max: 1.148444, num of top-score tie (avg per sample): 1.0023
INFO: [Epoch 17] [user evaluate] [metrics] top-score tie ratio (avg per sample): 0.9924%, samples with tied top (>1 item): 0.2326%
INFO: [Epoch 17] User [metrics], Hit@[1, 5, 10]: [0.18771, 0.69601, 0.86777], NDCG@[1, 5, 10]: [0.18771, 0.44882, 0.50485]
INFO: [Epoch 17] [group evaluate] [metrics] pred_score max: 1.875569, num of top-score tie (avg per sample): 1.0034
INFO: [Epoch 17] [group evaluate] [metrics] top-score tie ratio (avg per sample): 0.9935%, samples with tied top (>1 item): 0.3448%
INFO: [Epoch 17] Group [metrics], Hit@[1, 5, 10]: [0.17586, 0.58276, 0.79655], NDCG@[1, 5, 10]: [0.17586, 0.38249, 0.45206]
INFO: [Epoch 17] [user evaluate] [metrics_first] pred_score max: 1.148444, num of top-score tie (avg per sample): 1.0023
INFO: [Epoch 17] [user evaluate] [metrics_first] top-score tie ratio (avg per sample): 0.9924%, samples with tied top (>1 item): 0.2326%
INFO: [Epoch 17] User [metrics_first], Hit@[1, 5, 10]: [0.18771, 0.69635, 0.86777], NDCG@[1, 5, 10]: [0.18771, 0.44897, 0.50488]
INFO: [Epoch 17] [group evaluate] [metrics_first] pred_score max: 1.875569, num of top-score tie (avg per sample): 1.0034
INFO: [Epoch 17] [group evaluate] [metrics_first] top-score tie ratio (avg per sample): 0.9935%, samples with tied top (>1 item): 0.3448%
INFO: [Epoch 17] Group [metrics_first], Hit@[1, 5, 10]: [0.17586, 0.58276, 0.79724], NDCG@[1, 5, 10]: [0.17586, 0.38255, 0.45235]
INFO: [Epoch 17] [user evaluate] [metrics_last] pred_score max: 1.148444, num of top-score tie (avg per sample): 1.0023
INFO: [Epoch 17] [user evaluate] [metrics_last] top-score tie ratio (avg per sample): 0.9924%, samples with tied top (>1 item): 0.2326%
INFO: [Epoch 17] User [metrics_last], Hit@[1, 5, 10]: [0.18538, 0.69435, 0.86711], NDCG@[1, 5, 10]: [0.18538, 0.44686, 0.50326]
INFO: [Epoch 17] [group evaluate] [metrics_last] pred_score max: 1.875569, num of top-score tie (avg per sample): 1.0034
INFO: [Epoch 17] [group evaluate] [metrics_last] top-score tie ratio (avg per sample): 0.9935%, samples with tied top (>1 item): 0.3448%
INFO: [Epoch 17] Group [metrics_last], Hit@[1, 5, 10]: [0.17241, 0.58207, 0.79586], NDCG@[1, 5, 10]: [0.17241, 0.38057, 0.45015]
INFO: [Epoch 17] [user evaluate] [metrics_tie_aware] pred_score max: 1.148444, num of top-score tie (avg per sample): 1.0023
INFO: [Epoch 17] [user evaluate] [metrics_tie_aware] top-score tie ratio (avg per sample): 0.9924%, samples with tied top (>1 item): 0.2326%
INFO: [Epoch 17] User [metrics_tie_aware], Hit@[1, 5, 10]: [0.18654, 0.69535, 0.86744], NDCG@[1, 5, 10]: [0.18654, 0.44791, 0.50407]
INFO: [Epoch 17] [group evaluate] [metrics_tie_aware] pred_score max: 1.875569, num of top-score tie (avg per sample): 1.0034
INFO: [Epoch 17] [group evaluate] [metrics_tie_aware] top-score tie ratio (avg per sample): 0.9935%, samples with tied top (>1 item): 0.3448%
INFO: [Epoch 17] Group [metrics_tie_aware], Hit@[1, 5, 10]: [0.17414, 0.58241, 0.79655], NDCG@[1, 5, 10]: [0.17414, 0.38156, 0.45125]
INFO: 
INFO: [Epoch 18] user loss: 0.09795
INFO: [Epoch 18] group loss: 0.08088
INFO: [Epoch 18] [user evaluate] [metrics] pred_score max: 1.144116, num of top-score tie (avg per sample): 1.0040
INFO: [Epoch 18] [user evaluate] [metrics] top-score tie ratio (avg per sample): 0.9940%, samples with tied top (>1 item): 0.3987%
INFO: [Epoch 18] User [metrics], Hit@[1, 5, 10]: [0.19535, 0.69867, 0.86944], NDCG@[1, 5, 10]: [0.19535, 0.45022, 0.50606]
INFO: [Epoch 18] [group evaluate] [metrics] pred_score max: 1.958409, num of top-score tie (avg per sample): 1.0021
INFO: [Epoch 18] [group evaluate] [metrics] top-score tie ratio (avg per sample): 0.9921%, samples with tied top (>1 item): 0.2069%
INFO: [Epoch 18] Group [metrics], Hit@[1, 5, 10]: [0.17517, 0.58621, 0.80345], NDCG@[1, 5, 10]: [0.17517, 0.38645, 0.45674]
INFO: [Epoch 18] [user evaluate] [metrics_first] pred_score max: 1.144116, num of top-score tie (avg per sample): 1.0040
INFO: [Epoch 18] [user evaluate] [metrics_first] top-score tie ratio (avg per sample): 0.9940%, samples with tied top (>1 item): 0.3987%
INFO: [Epoch 18] User [metrics_first], Hit@[1, 5, 10]: [0.19535, 0.69867, 0.86977], NDCG@[1, 5, 10]: [0.19535, 0.45029, 0.50623]
INFO: [Epoch 18] [group evaluate] [metrics_first] pred_score max: 1.958409, num of top-score tie (avg per sample): 1.0021
INFO: [Epoch 18] [group evaluate] [metrics_first] top-score tie ratio (avg per sample): 0.9921%, samples with tied top (>1 item): 0.2069%
INFO: [Epoch 18] Group [metrics_first], Hit@[1, 5, 10]: [0.17517, 0.5869, 0.80345], NDCG@[1, 5, 10]: [0.17517, 0.38685, 0.45691]
INFO: [Epoch 18] [user evaluate] [metrics_last] pred_score max: 1.144116, num of top-score tie (avg per sample): 1.0040
INFO: [Epoch 18] [user evaluate] [metrics_last] top-score tie ratio (avg per sample): 0.9940%, samples with tied top (>1 item): 0.3987%
INFO: [Epoch 18] User [metrics_last], Hit@[1, 5, 10]: [0.19136, 0.69801, 0.86944], NDCG@[1, 5, 10]: [0.19136, 0.4481, 0.50413]
INFO: [Epoch 18] [group evaluate] [metrics_last] pred_score max: 1.958409, num of top-score tie (avg per sample): 1.0021
INFO: [Epoch 18] [group evaluate] [metrics_last] top-score tie ratio (avg per sample): 0.9921%, samples with tied top (>1 item): 0.2069%
INFO: [Epoch 18] Group [metrics_last], Hit@[1, 5, 10]: [0.1731, 0.58552, 0.80207], NDCG@[1, 5, 10]: [0.1731, 0.385, 0.4551]
INFO: [Epoch 18] [user evaluate] [metrics_tie_aware] pred_score max: 1.144116, num of top-score tie (avg per sample): 1.0040
INFO: [Epoch 18] [user evaluate] [metrics_tie_aware] top-score tie ratio (avg per sample): 0.9940%, samples with tied top (>1 item): 0.3987%
INFO: [Epoch 18] User [metrics_tie_aware], Hit@[1, 5, 10]: [0.19336, 0.69834, 0.8696], NDCG@[1, 5, 10]: [0.19336, 0.44919, 0.50518]
INFO: [Epoch 18] [group evaluate] [metrics_tie_aware] pred_score max: 1.958409, num of top-score tie (avg per sample): 1.0021
INFO: [Epoch 18] [group evaluate] [metrics_tie_aware] top-score tie ratio (avg per sample): 0.9921%, samples with tied top (>1 item): 0.2069%
INFO: [Epoch 18] Group [metrics_tie_aware], Hit@[1, 5, 10]: [0.17414, 0.58621, 0.80276], NDCG@[1, 5, 10]: [0.17414, 0.38592, 0.456]
INFO: 
INFO: [Epoch 19] user loss: 0.09644
INFO: [Epoch 19] group loss: 0.08006
INFO: [Epoch 19] [user evaluate] [metrics] pred_score max: 1.031286, num of top-score tie (avg per sample): 1.0037
INFO: [Epoch 19] [user evaluate] [metrics] top-score tie ratio (avg per sample): 0.9937%, samples with tied top (>1 item): 0.3654%
INFO: [Epoch 19] User [metrics], Hit@[1, 5, 10]: [0.18671, 0.68505, 0.86977], NDCG@[1, 5, 10]: [0.18671, 0.44096, 0.50127]
INFO: [Epoch 19] [group evaluate] [metrics] pred_score max: 2.249253, num of top-score tie (avg per sample): 1.0014
INFO: [Epoch 19] [group evaluate] [metrics] top-score tie ratio (avg per sample): 0.9915%, samples with tied top (>1 item): 0.1379%
INFO: [Epoch 19] Group [metrics], Hit@[1, 5, 10]: [0.16552, 0.57586, 0.79724], NDCG@[1, 5, 10]: [0.16552, 0.37231, 0.44413]
INFO: [Epoch 19] [user evaluate] [metrics_first] pred_score max: 1.031286, num of top-score tie (avg per sample): 1.0037
INFO: [Epoch 19] [user evaluate] [metrics_first] top-score tie ratio (avg per sample): 0.9937%, samples with tied top (>1 item): 0.3654%
INFO: [Epoch 19] User [metrics_first], Hit@[1, 5, 10]: [0.18671, 0.68538, 0.86977], NDCG@[1, 5, 10]: [0.18671, 0.44111, 0.50132]
INFO: [Epoch 19] [group evaluate] [metrics_first] pred_score max: 2.249253, num of top-score tie (avg per sample): 1.0014
INFO: [Epoch 19] [group evaluate] [metrics_first] top-score tie ratio (avg per sample): 0.9915%, samples with tied top (>1 item): 0.1379%
INFO: [Epoch 19] Group [metrics_first], Hit@[1, 5, 10]: [0.16552, 0.57655, 0.79724], NDCG@[1, 5, 10]: [0.16552, 0.37266, 0.44425]
INFO: [Epoch 19] [user evaluate] [metrics_last] pred_score max: 1.031286, num of top-score tie (avg per sample): 1.0037
INFO: [Epoch 19] [user evaluate] [metrics_last] top-score tie ratio (avg per sample): 0.9937%, samples with tied top (>1 item): 0.3654%
INFO: [Epoch 19] User [metrics_last], Hit@[1, 5, 10]: [0.18306, 0.68439, 0.86944], NDCG@[1, 5, 10]: [0.18306, 0.43901, 0.49943]
INFO: [Epoch 19] [group evaluate] [metrics_last] pred_score max: 2.249253, num of top-score tie (avg per sample): 1.0014
INFO: [Epoch 19] [group evaluate] [metrics_last] top-score tie ratio (avg per sample): 0.9915%, samples with tied top (>1 item): 0.1379%
INFO: [Epoch 19] Group [metrics_last], Hit@[1, 5, 10]: [0.16414, 0.57517, 0.79724], NDCG@[1, 5, 10]: [0.16414, 0.37094, 0.44295]
INFO: [Epoch 19] [user evaluate] [metrics_tie_aware] pred_score max: 1.031286, num of top-score tie (avg per sample): 1.0037
INFO: [Epoch 19] [user evaluate] [metrics_tie_aware] top-score tie ratio (avg per sample): 0.9937%, samples with tied top (>1 item): 0.3654%
INFO: [Epoch 19] User [metrics_tie_aware], Hit@[1, 5, 10]: [0.18488, 0.68488, 0.8696], NDCG@[1, 5, 10]: [0.18488, 0.44006, 0.50038]
INFO: [Epoch 19] [group evaluate] [metrics_tie_aware] pred_score max: 2.249253, num of top-score tie (avg per sample): 1.0014
INFO: [Epoch 19] [group evaluate] [metrics_tie_aware] top-score tie ratio (avg per sample): 0.9915%, samples with tied top (>1 item): 0.1379%
INFO: [Epoch 19] Group [metrics_tie_aware], Hit@[1, 5, 10]: [0.16483, 0.57586, 0.79724], NDCG@[1, 5, 10]: [0.16483, 0.3718, 0.4436]
INFO: 
INFO: [Epoch 20] user loss: 0.09711
INFO: [Epoch 20] group loss: 0.07919
INFO: [Epoch 20] [user evaluate] [metrics] pred_score max: 1.062458, num of top-score tie (avg per sample): 1.0043
INFO: [Epoch 20] [user evaluate] [metrics] top-score tie ratio (avg per sample): 0.9944%, samples with tied top (>1 item): 0.4319%
INFO: [Epoch 20] User [metrics], Hit@[1, 5, 10]: [0.18638, 0.68239, 0.86645], NDCG@[1, 5, 10]: [0.18638, 0.43979, 0.50017]
INFO: [Epoch 20] [group evaluate] [metrics] pred_score max: 2.358396, num of top-score tie (avg per sample): 1.0028
INFO: [Epoch 20] [group evaluate] [metrics] top-score tie ratio (avg per sample): 0.9928%, samples with tied top (>1 item): 0.2759%
INFO: [Epoch 20] Group [metrics], Hit@[1, 5, 10]: [0.16, 0.57448, 0.79379], NDCG@[1, 5, 10]: [0.16, 0.36838, 0.43971]
INFO: [Epoch 20] [user evaluate] [metrics_first] pred_score max: 1.062458, num of top-score tie (avg per sample): 1.0043
INFO: [Epoch 20] [user evaluate] [metrics_first] top-score tie ratio (avg per sample): 0.9944%, samples with tied top (>1 item): 0.4319%
INFO: [Epoch 20] User [metrics_first], Hit@[1, 5, 10]: [0.18638, 0.68239, 0.86645], NDCG@[1, 5, 10]: [0.18638, 0.43985, 0.50025]
INFO: [Epoch 20] [group evaluate] [metrics_first] pred_score max: 2.358396, num of top-score tie (avg per sample): 1.0028
INFO: [Epoch 20] [group evaluate] [metrics_first] top-score tie ratio (avg per sample): 0.9928%, samples with tied top (>1 item): 0.2759%
INFO: [Epoch 20] Group [metrics_first], Hit@[1, 5, 10]: [0.16, 0.57586, 0.79379], NDCG@[1, 5, 10]: [0.16, 0.36891, 0.43976]
INFO: [Epoch 20] [user evaluate] [metrics_last] pred_score max: 1.062458, num of top-score tie (avg per sample): 1.0043
INFO: [Epoch 20] [user evaluate] [metrics_last] top-score tie ratio (avg per sample): 0.9944%, samples with tied top (>1 item): 0.4319%
INFO: [Epoch 20] User [metrics_last], Hit@[1, 5, 10]: [0.18206, 0.68206, 0.86611], NDCG@[1, 5, 10]: [0.18206, 0.43777, 0.49813]
INFO: [Epoch 20] [group evaluate] [metrics_last] pred_score max: 2.358396, num of top-score tie (avg per sample): 1.0028
INFO: [Epoch 20] [group evaluate] [metrics_last] top-score tie ratio (avg per sample): 0.9928%, samples with tied top (>1 item): 0.2759%
INFO: [Epoch 20] Group [metrics_last], Hit@[1, 5, 10]: [0.15724, 0.57448, 0.79379], NDCG@[1, 5, 10]: [0.15724, 0.36687, 0.43816]
INFO: [Epoch 20] [user evaluate] [metrics_tie_aware] pred_score max: 1.062458, num of top-score tie (avg per sample): 1.0043
INFO: [Epoch 20] [user evaluate] [metrics_tie_aware] top-score tie ratio (avg per sample): 0.9944%, samples with tied top (>1 item): 0.4319%
INFO: [Epoch 20] User [metrics_tie_aware], Hit@[1, 5, 10]: [0.18422, 0.68223, 0.86628], NDCG@[1, 5, 10]: [0.18422, 0.43881, 0.49919]
INFO: [Epoch 20] [group evaluate] [metrics_tie_aware] pred_score max: 2.358396, num of top-score tie (avg per sample): 1.0028
INFO: [Epoch 20] [group evaluate] [metrics_tie_aware] top-score tie ratio (avg per sample): 0.9928%, samples with tied top (>1 item): 0.2759%
INFO: [Epoch 20] Group [metrics_tie_aware], Hit@[1, 5, 10]: [0.15862, 0.57517, 0.79379], NDCG@[1, 5, 10]: [0.15862, 0.36789, 0.43896]
INFO: 
INFO: [Epoch 21] user loss: 0.09647
INFO: [Epoch 21] group loss: 0.07885
INFO: [Epoch 21] [user evaluate] [metrics] pred_score max: 1.165968, num of top-score tie (avg per sample): 1.0037
INFO: [Epoch 21] [user evaluate] [metrics] top-score tie ratio (avg per sample): 0.9937%, samples with tied top (>1 item): 0.3654%
INFO: [Epoch 21] User [metrics], Hit@[1, 5, 10]: [0.17774, 0.67774, 0.8701], NDCG@[1, 5, 10]: [0.17774, 0.43361, 0.49668]
INFO: [Epoch 21] [group evaluate] [metrics] pred_score max: 2.341528, num of top-score tie (avg per sample): 1.0028
INFO: [Epoch 21] [group evaluate] [metrics] top-score tie ratio (avg per sample): 0.9928%, samples with tied top (>1 item): 0.2759%
INFO: [Epoch 21] Group [metrics], Hit@[1, 5, 10]: [0.14483, 0.57448, 0.81103], NDCG@[1, 5, 10]: [0.14483, 0.35988, 0.43683]
INFO: [Epoch 21] [user evaluate] [metrics_first] pred_score max: 1.165968, num of top-score tie (avg per sample): 1.0037
INFO: [Epoch 21] [user evaluate] [metrics_first] top-score tie ratio (avg per sample): 0.9937%, samples with tied top (>1 item): 0.3654%
INFO: [Epoch 21] User [metrics_first], Hit@[1, 5, 10]: [0.17774, 0.67774, 0.8701], NDCG@[1, 5, 10]: [0.17774, 0.43371, 0.4968]
INFO: [Epoch 21] [group evaluate] [metrics_first] pred_score max: 2.341528, num of top-score tie (avg per sample): 1.0028
INFO: [Epoch 21] [group evaluate] [metrics_first] top-score tie ratio (avg per sample): 0.9928%, samples with tied top (>1 item): 0.2759%
INFO: [Epoch 21] Group [metrics_first], Hit@[1, 5, 10]: [0.14483, 0.57448, 0.81103], NDCG@[1, 5, 10]: [0.14483, 0.35988, 0.43684]
INFO: [Epoch 21] [user evaluate] [metrics_last] pred_score max: 1.165968, num of top-score tie (avg per sample): 1.0037
INFO: [Epoch 21] [user evaluate] [metrics_last] top-score tie ratio (avg per sample): 0.9937%, samples with tied top (>1 item): 0.3654%
INFO: [Epoch 21] User [metrics_last], Hit@[1, 5, 10]: [0.17409, 0.67741, 0.8701], NDCG@[1, 5, 10]: [0.17409, 0.43185, 0.49498]
INFO: [Epoch 21] [group evaluate] [metrics_last] pred_score max: 2.341528, num of top-score tie (avg per sample): 1.0028
INFO: [Epoch 21] [group evaluate] [metrics_last] top-score tie ratio (avg per sample): 0.9928%, samples with tied top (>1 item): 0.2759%
INFO: [Epoch 21] Group [metrics_last], Hit@[1, 5, 10]: [0.14207, 0.57448, 0.80966], NDCG@[1, 5, 10]: [0.14207, 0.35828, 0.4348]
INFO: [Epoch 21] [user evaluate] [metrics_tie_aware] pred_score max: 1.165968, num of top-score tie (avg per sample): 1.0037
INFO: [Epoch 21] [user evaluate] [metrics_tie_aware] top-score tie ratio (avg per sample): 0.9937%, samples with tied top (>1 item): 0.3654%
INFO: [Epoch 21] User [metrics_tie_aware], Hit@[1, 5, 10]: [0.17591, 0.67757, 0.8701], NDCG@[1, 5, 10]: [0.17591, 0.43278, 0.49589]
INFO: [Epoch 21] [group evaluate] [metrics_tie_aware] pred_score max: 2.341528, num of top-score tie (avg per sample): 1.0028
INFO: [Epoch 21] [group evaluate] [metrics_tie_aware] top-score tie ratio (avg per sample): 0.9928%, samples with tied top (>1 item): 0.2759%
INFO: [Epoch 21] Group [metrics_tie_aware], Hit@[1, 5, 10]: [0.14345, 0.57448, 0.81034], NDCG@[1, 5, 10]: [0.14345, 0.35908, 0.43582]
INFO: 
INFO: [Epoch 22] user loss: 0.09586
INFO: [Epoch 22] group loss: 0.07900
INFO: [Epoch 22] [user evaluate] [metrics] pred_score max: 1.216708, num of top-score tie (avg per sample): 1.0037
INFO: [Epoch 22] [user evaluate] [metrics] top-score tie ratio (avg per sample): 0.9937%, samples with tied top (>1 item): 0.3654%
INFO: [Epoch 22] User [metrics], Hit@[1, 5, 10]: [0.19336, 0.68505, 0.86877], NDCG@[1, 5, 10]: [0.19336, 0.44395, 0.50388]
INFO: [Epoch 22] [group evaluate] [metrics] pred_score max: 1.988756, num of top-score tie (avg per sample): 1.0028
INFO: [Epoch 22] [group evaluate] [metrics] top-score tie ratio (avg per sample): 0.9928%, samples with tied top (>1 item): 0.2759%
INFO: [Epoch 22] Group [metrics], Hit@[1, 5, 10]: [0.16483, 0.59586, 0.79655], NDCG@[1, 5, 10]: [0.16483, 0.38053, 0.44544]
INFO: [Epoch 22] [user evaluate] [metrics_first] pred_score max: 1.216708, num of top-score tie (avg per sample): 1.0037
INFO: [Epoch 22] [user evaluate] [metrics_first] top-score tie ratio (avg per sample): 0.9937%, samples with tied top (>1 item): 0.3654%
INFO: [Epoch 22] User [metrics_first], Hit@[1, 5, 10]: [0.19336, 0.68505, 0.86944], NDCG@[1, 5, 10]: [0.19336, 0.44402, 0.50416]
INFO: [Epoch 22] [group evaluate] [metrics_first] pred_score max: 1.988756, num of top-score tie (avg per sample): 1.0028
INFO: [Epoch 22] [group evaluate] [metrics_first] top-score tie ratio (avg per sample): 0.9928%, samples with tied top (>1 item): 0.2759%
INFO: [Epoch 22] Group [metrics_first], Hit@[1, 5, 10]: [0.16483, 0.59586, 0.79655], NDCG@[1, 5, 10]: [0.16483, 0.38058, 0.44552]
INFO: [Epoch 22] [user evaluate] [metrics_last] pred_score max: 1.216708, num of top-score tie (avg per sample): 1.0037
INFO: [Epoch 22] [user evaluate] [metrics_last] top-score tie ratio (avg per sample): 0.9937%, samples with tied top (>1 item): 0.3654%
INFO: [Epoch 22] User [metrics_last], Hit@[1, 5, 10]: [0.1897, 0.68405, 0.86844], NDCG@[1, 5, 10]: [0.1897, 0.44184, 0.50201]
INFO: [Epoch 22] [group evaluate] [metrics_last] pred_score max: 1.988756, num of top-score tie (avg per sample): 1.0028
INFO: [Epoch 22] [group evaluate] [metrics_last] top-score tie ratio (avg per sample): 0.9928%, samples with tied top (>1 item): 0.2759%
INFO: [Epoch 22] Group [metrics_last], Hit@[1, 5, 10]: [0.16207, 0.59379, 0.79586], NDCG@[1, 5, 10]: [0.16207, 0.37824, 0.44366]
INFO: [Epoch 22] [user evaluate] [metrics_tie_aware] pred_score max: 1.216708, num of top-score tie (avg per sample): 1.0037
INFO: [Epoch 22] [user evaluate] [metrics_tie_aware] top-score tie ratio (avg per sample): 0.9937%, samples with tied top (>1 item): 0.3654%
INFO: [Epoch 22] User [metrics_tie_aware], Hit@[1, 5, 10]: [0.19153, 0.68455, 0.86894], NDCG@[1, 5, 10]: [0.19153, 0.44293, 0.50308]
INFO: [Epoch 22] [group evaluate] [metrics_tie_aware] pred_score max: 1.988756, num of top-score tie (avg per sample): 1.0028
INFO: [Epoch 22] [group evaluate] [metrics_tie_aware] top-score tie ratio (avg per sample): 0.9928%, samples with tied top (>1 item): 0.2759%
INFO: [Epoch 22] Group [metrics_tie_aware], Hit@[1, 5, 10]: [0.16345, 0.59483, 0.79621], NDCG@[1, 5, 10]: [0.16345, 0.37941, 0.44459]
INFO: 
INFO: [Epoch 23] user loss: 0.09536
INFO: [Epoch 23] group loss: 0.07891
INFO: [Epoch 23] [user evaluate] [metrics] pred_score max: 1.166685, num of top-score tie (avg per sample): 1.0023
INFO: [Epoch 23] [user evaluate] [metrics] top-score tie ratio (avg per sample): 0.9924%, samples with tied top (>1 item): 0.2326%
INFO: [Epoch 23] User [metrics], Hit@[1, 5, 10]: [0.17774, 0.6804, 0.86744], NDCG@[1, 5, 10]: [0.17774, 0.43446, 0.49606]
INFO: [Epoch 23] [group evaluate] [metrics] pred_score max: 2.023629, num of top-score tie (avg per sample): 1.0021
INFO: [Epoch 23] [group evaluate] [metrics] top-score tie ratio (avg per sample): 0.9921%, samples with tied top (>1 item): 0.2069%
INFO: [Epoch 23] Group [metrics], Hit@[1, 5, 10]: [0.15931, 0.5869, 0.80552], NDCG@[1, 5, 10]: [0.15931, 0.37539, 0.44647]
INFO: [Epoch 23] [user evaluate] [metrics_first] pred_score max: 1.166685, num of top-score tie (avg per sample): 1.0023
INFO: [Epoch 23] [user evaluate] [metrics_first] top-score tie ratio (avg per sample): 0.9924%, samples with tied top (>1 item): 0.2326%
INFO: [Epoch 23] User [metrics_first], Hit@[1, 5, 10]: [0.17774, 0.68106, 0.86744], NDCG@[1, 5, 10]: [0.17774, 0.43475, 0.49613]
INFO: [Epoch 23] [group evaluate] [metrics_first] pred_score max: 2.023629, num of top-score tie (avg per sample): 1.0021
INFO: [Epoch 23] [group evaluate] [metrics_first] top-score tie ratio (avg per sample): 0.9921%, samples with tied top (>1 item): 0.2069%
INFO: [Epoch 23] Group [metrics_first], Hit@[1, 5, 10]: [0.15931, 0.58759, 0.80552], NDCG@[1, 5, 10]: [0.15931, 0.3758, 0.44665]
INFO: [Epoch 23] [user evaluate] [metrics_last] pred_score max: 1.166685, num of top-score tie (avg per sample): 1.0023
INFO: [Epoch 23] [user evaluate] [metrics_last] top-score tie ratio (avg per sample): 0.9924%, samples with tied top (>1 item): 0.2326%
INFO: [Epoch 23] User [metrics_last], Hit@[1, 5, 10]: [0.17542, 0.68007, 0.86711], NDCG@[1, 5, 10]: [0.17542, 0.43285, 0.49444]
INFO: [Epoch 23] [group evaluate] [metrics_last] pred_score max: 2.023629, num of top-score tie (avg per sample): 1.0021
INFO: [Epoch 23] [group evaluate] [metrics_last] top-score tie ratio (avg per sample): 0.9921%, samples with tied top (>1 item): 0.2069%
INFO: [Epoch 23] Group [metrics_last], Hit@[1, 5, 10]: [0.15724, 0.58621, 0.80552], NDCG@[1, 5, 10]: [0.15724, 0.37394, 0.4452]
INFO: [Epoch 23] [user evaluate] [metrics_tie_aware] pred_score max: 1.166685, num of top-score tie (avg per sample): 1.0023
INFO: [Epoch 23] [user evaluate] [metrics_tie_aware] top-score tie ratio (avg per sample): 0.9924%, samples with tied top (>1 item): 0.2326%
INFO: [Epoch 23] User [metrics_tie_aware], Hit@[1, 5, 10]: [0.17658, 0.68056, 0.86728], NDCG@[1, 5, 10]: [0.17658, 0.4338, 0.49528]
INFO: [Epoch 23] [group evaluate] [metrics_tie_aware] pred_score max: 2.023629, num of top-score tie (avg per sample): 1.0021
INFO: [Epoch 23] [group evaluate] [metrics_tie_aware] top-score tie ratio (avg per sample): 0.9921%, samples with tied top (>1 item): 0.2069%
INFO: [Epoch 23] Group [metrics_tie_aware], Hit@[1, 5, 10]: [0.15828, 0.5869, 0.80552], NDCG@[1, 5, 10]: [0.15828, 0.37487, 0.44593]
INFO: 
INFO: [Epoch 24] user loss: 0.09540
INFO: [Epoch 24] group loss: 0.07800
INFO: [Epoch 24] [user evaluate] [metrics] pred_score max: 1.228411, num of top-score tie (avg per sample): 1.0030
INFO: [Epoch 24] [user evaluate] [metrics] top-score tie ratio (avg per sample): 0.9931%, samples with tied top (>1 item): 0.2990%
INFO: [Epoch 24] User [metrics], Hit@[1, 5, 10]: [0.18007, 0.68339, 0.86977], NDCG@[1, 5, 10]: [0.18007, 0.43604, 0.49737]
INFO: [Epoch 24] [group evaluate] [metrics] pred_score max: 2.344158, num of top-score tie (avg per sample): 1.0048
INFO: [Epoch 24] [group evaluate] [metrics] top-score tie ratio (avg per sample): 0.9949%, samples with tied top (>1 item): 0.4828%
INFO: [Epoch 24] Group [metrics], Hit@[1, 5, 10]: [0.15448, 0.58483, 0.80207], NDCG@[1, 5, 10]: [0.15448, 0.37224, 0.44307]
INFO: [Epoch 24] [user evaluate] [metrics_first] pred_score max: 1.228411, num of top-score tie (avg per sample): 1.0030
INFO: [Epoch 24] [user evaluate] [metrics_first] top-score tie ratio (avg per sample): 0.9931%, samples with tied top (>1 item): 0.2990%
INFO: [Epoch 24] User [metrics_first], Hit@[1, 5, 10]: [0.18007, 0.68339, 0.86977], NDCG@[1, 5, 10]: [0.18007, 0.43613, 0.49748]
INFO: [Epoch 24] [group evaluate] [metrics_first] pred_score max: 2.344158, num of top-score tie (avg per sample): 1.0048
INFO: [Epoch 24] [group evaluate] [metrics_first] top-score tie ratio (avg per sample): 0.9949%, samples with tied top (>1 item): 0.4828%
INFO: [Epoch 24] Group [metrics_first], Hit@[1, 5, 10]: [0.15448, 0.58621, 0.80276], NDCG@[1, 5, 10]: [0.15448, 0.3728, 0.44335]
INFO: [Epoch 24] [user evaluate] [metrics_last] pred_score max: 1.228411, num of top-score tie (avg per sample): 1.0030
INFO: [Epoch 24] [user evaluate] [metrics_last] top-score tie ratio (avg per sample): 0.9931%, samples with tied top (>1 item): 0.2990%
INFO: [Epoch 24] User [metrics_last], Hit@[1, 5, 10]: [0.17708, 0.68272, 0.86977], NDCG@[1, 5, 10]: [0.17708, 0.43434, 0.49586]
INFO: [Epoch 24] [group evaluate] [metrics_last] pred_score max: 2.344158, num of top-score tie (avg per sample): 1.0048
INFO: [Epoch 24] [group evaluate] [metrics_last] top-score tie ratio (avg per sample): 0.9949%, samples with tied top (>1 item): 0.4828%
INFO: [Epoch 24] Group [metrics_last], Hit@[1, 5, 10]: [0.14966, 0.58483, 0.80207], NDCG@[1, 5, 10]: [0.14966, 0.37006, 0.44086]
INFO: [Epoch 24] [user evaluate] [metrics_tie_aware] pred_score max: 1.228411, num of top-score tie (avg per sample): 1.0030
INFO: [Epoch 24] [user evaluate] [metrics_tie_aware] top-score tie ratio (avg per sample): 0.9931%, samples with tied top (>1 item): 0.2990%
INFO: [Epoch 24] User [metrics_tie_aware], Hit@[1, 5, 10]: [0.17857, 0.68306, 0.86977], NDCG@[1, 5, 10]: [0.17857, 0.43523, 0.49667]
INFO: [Epoch 24] [group evaluate] [metrics_tie_aware] pred_score max: 2.344158, num of top-score tie (avg per sample): 1.0048
INFO: [Epoch 24] [group evaluate] [metrics_tie_aware] top-score tie ratio (avg per sample): 0.9949%, samples with tied top (>1 item): 0.4828%
INFO: [Epoch 24] Group [metrics_tie_aware], Hit@[1, 5, 10]: [0.15207, 0.58552, 0.80241], NDCG@[1, 5, 10]: [0.15207, 0.37143, 0.4421]
INFO: 
INFO: [Epoch 25] user loss: 0.09511
INFO: [Epoch 25] group loss: 0.07784
INFO: [Epoch 25] [user evaluate] [metrics] pred_score max: 1.248445, num of top-score tie (avg per sample): 1.0033
INFO: [Epoch 25] [user evaluate] [metrics] top-score tie ratio (avg per sample): 0.9934%, samples with tied top (>1 item): 0.3322%
INFO: [Epoch 25] User [metrics], Hit@[1, 5, 10]: [0.18405, 0.69169, 0.86777], NDCG@[1, 5, 10]: [0.18405, 0.44299, 0.5008]
INFO: [Epoch 25] [group evaluate] [metrics] pred_score max: 1.818207, num of top-score tie (avg per sample): 1.0028
INFO: [Epoch 25] [group evaluate] [metrics] top-score tie ratio (avg per sample): 0.9928%, samples with tied top (>1 item): 0.2759%
INFO: [Epoch 25] Group [metrics], Hit@[1, 5, 10]: [0.15931, 0.58966, 0.79793], NDCG@[1, 5, 10]: [0.15931, 0.37585, 0.44406]
INFO: [Epoch 25] [user evaluate] [metrics_first] pred_score max: 1.248445, num of top-score tie (avg per sample): 1.0033
INFO: [Epoch 25] [user evaluate] [metrics_first] top-score tie ratio (avg per sample): 0.9934%, samples with tied top (>1 item): 0.3322%
INFO: [Epoch 25] User [metrics_first], Hit@[1, 5, 10]: [0.18405, 0.69169, 0.86811], NDCG@[1, 5, 10]: [0.18405, 0.44305, 0.50097]
INFO: [Epoch 25] [group evaluate] [metrics_first] pred_score max: 1.818207, num of top-score tie (avg per sample): 1.0028
INFO: [Epoch 25] [group evaluate] [metrics_first] top-score tie ratio (avg per sample): 0.9928%, samples with tied top (>1 item): 0.2759%
INFO: [Epoch 25] Group [metrics_first], Hit@[1, 5, 10]: [0.15931, 0.58966, 0.79793], NDCG@[1, 5, 10]: [0.15931, 0.37594, 0.44415]
INFO: [Epoch 25] [user evaluate] [metrics_last] pred_score max: 1.248445, num of top-score tie (avg per sample): 1.0033
INFO: [Epoch 25] [user evaluate] [metrics_last] top-score tie ratio (avg per sample): 0.9934%, samples with tied top (>1 item): 0.3322%
INFO: [Epoch 25] User [metrics_last], Hit@[1, 5, 10]: [0.18073, 0.69037, 0.86777], NDCG@[1, 5, 10]: [0.18073, 0.44085, 0.49911]
INFO: [Epoch 25] [group evaluate] [metrics_last] pred_score max: 1.818207, num of top-score tie (avg per sample): 1.0028
INFO: [Epoch 25] [group evaluate] [metrics_last] top-score tie ratio (avg per sample): 0.9928%, samples with tied top (>1 item): 0.2759%
INFO: [Epoch 25] Group [metrics_last], Hit@[1, 5, 10]: [0.15655, 0.58897, 0.79793], NDCG@[1, 5, 10]: [0.15655, 0.37402, 0.44242]
INFO: [Epoch 25] [user evaluate] [metrics_tie_aware] pred_score max: 1.248445, num of top-score tie (avg per sample): 1.0033
INFO: [Epoch 25] [user evaluate] [metrics_tie_aware] top-score tie ratio (avg per sample): 0.9934%, samples with tied top (>1 item): 0.3322%
INFO: [Epoch 25] User [metrics_tie_aware], Hit@[1, 5, 10]: [0.18239, 0.69103, 0.86794], NDCG@[1, 5, 10]: [0.18239, 0.44195, 0.50004]
INFO: [Epoch 25] [group evaluate] [metrics_tie_aware] pred_score max: 1.818207, num of top-score tie (avg per sample): 1.0028
INFO: [Epoch 25] [group evaluate] [metrics_tie_aware] top-score tie ratio (avg per sample): 0.9928%, samples with tied top (>1 item): 0.2759%
INFO: [Epoch 25] Group [metrics_tie_aware], Hit@[1, 5, 10]: [0.15793, 0.58931, 0.79793], NDCG@[1, 5, 10]: [0.15793, 0.37498, 0.44328]
INFO: 
INFO: [Epoch 26] user loss: 0.09430
INFO: [Epoch 26] group loss: 0.07738
INFO: [Epoch 26] [user evaluate] [metrics] pred_score max: 1.224039, num of top-score tie (avg per sample): 1.0023
INFO: [Epoch 26] [user evaluate] [metrics] top-score tie ratio (avg per sample): 0.9924%, samples with tied top (>1 item): 0.2326%
INFO: [Epoch 26] User [metrics], Hit@[1, 5, 10]: [0.18937, 0.68538, 0.86678], NDCG@[1, 5, 10]: [0.18937, 0.4426, 0.50169]
INFO: [Epoch 26] [group evaluate] [metrics] pred_score max: 1.898354, num of top-score tie (avg per sample): 1.0028
INFO: [Epoch 26] [group evaluate] [metrics] top-score tie ratio (avg per sample): 0.9928%, samples with tied top (>1 item): 0.2759%
INFO: [Epoch 26] Group [metrics], Hit@[1, 5, 10]: [0.16207, 0.59517, 0.8], NDCG@[1, 5, 10]: [0.16207, 0.37883, 0.44555]
INFO: [Epoch 26] [user evaluate] [metrics_first] pred_score max: 1.224039, num of top-score tie (avg per sample): 1.0023
INFO: [Epoch 26] [user evaluate] [metrics_first] top-score tie ratio (avg per sample): 0.9924%, samples with tied top (>1 item): 0.2326%
INFO: [Epoch 26] User [metrics_first], Hit@[1, 5, 10]: [0.18937, 0.68571, 0.86678], NDCG@[1, 5, 10]: [0.18937, 0.44286, 0.50183]
INFO: [Epoch 26] [group evaluate] [metrics_first] pred_score max: 1.898354, num of top-score tie (avg per sample): 1.0028
INFO: [Epoch 26] [group evaluate] [metrics_first] top-score tie ratio (avg per sample): 0.9928%, samples with tied top (>1 item): 0.2759%
INFO: [Epoch 26] Group [metrics_first], Hit@[1, 5, 10]: [0.16207, 0.59517, 0.8], NDCG@[1, 5, 10]: [0.16207, 0.37891, 0.44568]
INFO: [Epoch 26] [user evaluate] [metrics_last] pred_score max: 1.224039, num of top-score tie (avg per sample): 1.0023
INFO: [Epoch 26] [user evaluate] [metrics_last] top-score tie ratio (avg per sample): 0.9924%, samples with tied top (>1 item): 0.2326%
INFO: [Epoch 26] User [metrics_last], Hit@[1, 5, 10]: [0.18704, 0.68505, 0.86645], NDCG@[1, 5, 10]: [0.18704, 0.44127, 0.50033]
INFO: [Epoch 26] [group evaluate] [metrics_last] pred_score max: 1.898354, num of top-score tie (avg per sample): 1.0028
INFO: [Epoch 26] [group evaluate] [metrics_last] top-score tie ratio (avg per sample): 0.9928%, samples with tied top (>1 item): 0.2759%
INFO: [Epoch 26] Group [metrics_last], Hit@[1, 5, 10]: [0.15931, 0.5931, 0.8], NDCG@[1, 5, 10]: [0.15931, 0.37676, 0.44419]
INFO: [Epoch 26] [user evaluate] [metrics_tie_aware] pred_score max: 1.224039, num of top-score tie (avg per sample): 1.0023
INFO: [Epoch 26] [user evaluate] [metrics_tie_aware] top-score tie ratio (avg per sample): 0.9924%, samples with tied top (>1 item): 0.2326%
INFO: [Epoch 26] User [metrics_tie_aware], Hit@[1, 5, 10]: [0.18821, 0.68538, 0.86661], NDCG@[1, 5, 10]: [0.18821, 0.44206, 0.50108]
INFO: [Epoch 26] [group evaluate] [metrics_tie_aware] pred_score max: 1.898354, num of top-score tie (avg per sample): 1.0028
INFO: [Epoch 26] [group evaluate] [metrics_tie_aware] top-score tie ratio (avg per sample): 0.9928%, samples with tied top (>1 item): 0.2759%
INFO: [Epoch 26] Group [metrics_tie_aware], Hit@[1, 5, 10]: [0.16069, 0.59414, 0.8], NDCG@[1, 5, 10]: [0.16069, 0.37784, 0.44493]
INFO: 
INFO: [Epoch 27] user loss: 0.09462
INFO: [Epoch 27] group loss: 0.07713
INFO: [Epoch 27] [user evaluate] [metrics] pred_score max: 1.257654, num of top-score tie (avg per sample): 1.0047
INFO: [Epoch 27] [user evaluate] [metrics] top-score tie ratio (avg per sample): 0.9947%, samples with tied top (>1 item): 0.4651%
INFO: [Epoch 27] User [metrics], Hit@[1, 5, 10]: [0.18339, 0.68272, 0.86844], NDCG@[1, 5, 10]: [0.18339, 0.43823, 0.49905]
INFO: [Epoch 27] [group evaluate] [metrics] pred_score max: 2.034043, num of top-score tie (avg per sample): 1.0021
INFO: [Epoch 27] [group evaluate] [metrics] top-score tie ratio (avg per sample): 0.9921%, samples with tied top (>1 item): 0.2069%
INFO: [Epoch 27] Group [metrics], Hit@[1, 5, 10]: [0.17724, 0.59724, 0.80483], NDCG@[1, 5, 10]: [0.17724, 0.38845, 0.45604]
INFO: [Epoch 27] [user evaluate] [metrics_first] pred_score max: 1.257654, num of top-score tie (avg per sample): 1.0047
INFO: [Epoch 27] [user evaluate] [metrics_first] top-score tie ratio (avg per sample): 0.9947%, samples with tied top (>1 item): 0.4651%
INFO: [Epoch 27] User [metrics_first], Hit@[1, 5, 10]: [0.18339, 0.68306, 0.8691], NDCG@[1, 5, 10]: [0.18339, 0.43837, 0.49926]
INFO: [Epoch 27] [group evaluate] [metrics_first] pred_score max: 2.034043, num of top-score tie (avg per sample): 1.0021
INFO: [Epoch 27] [group evaluate] [metrics_first] top-score tie ratio (avg per sample): 0.9921%, samples with tied top (>1 item): 0.2069%
INFO: [Epoch 27] Group [metrics_first], Hit@[1, 5, 10]: [0.17724, 0.59793, 0.80483], NDCG@[1, 5, 10]: [0.17724, 0.3888, 0.45614]
INFO: [Epoch 27] [user evaluate] [metrics_last] pred_score max: 1.257654, num of top-score tie (avg per sample): 1.0047
INFO: [Epoch 27] [user evaluate] [metrics_last] top-score tie ratio (avg per sample): 0.9947%, samples with tied top (>1 item): 0.4651%
INFO: [Epoch 27] User [metrics_last], Hit@[1, 5, 10]: [0.17874, 0.68206, 0.86844], NDCG@[1, 5, 10]: [0.17874, 0.43598, 0.497]
INFO: [Epoch 27] [group evaluate] [metrics_last] pred_score max: 2.034043, num of top-score tie (avg per sample): 1.0021
INFO: [Epoch 27] [group evaluate] [metrics_last] top-score tie ratio (avg per sample): 0.9921%, samples with tied top (>1 item): 0.2069%
INFO: [Epoch 27] Group [metrics_last], Hit@[1, 5, 10]: [0.17517, 0.59586, 0.80483], NDCG@[1, 5, 10]: [0.17517, 0.38681, 0.45479]
INFO: [Epoch 27] [user evaluate] [metrics_tie_aware] pred_score max: 1.257654, num of top-score tie (avg per sample): 1.0047
INFO: [Epoch 27] [user evaluate] [metrics_tie_aware] top-score tie ratio (avg per sample): 0.9947%, samples with tied top (>1 item): 0.4651%
INFO: [Epoch 27] User [metrics_tie_aware], Hit@[1, 5, 10]: [0.18106, 0.68256, 0.86877], NDCG@[1, 5, 10]: [0.18106, 0.43718, 0.49813]
INFO: [Epoch 27] [group evaluate] [metrics_tie_aware] pred_score max: 2.034043, num of top-score tie (avg per sample): 1.0021
INFO: [Epoch 27] [group evaluate] [metrics_tie_aware] top-score tie ratio (avg per sample): 0.9921%, samples with tied top (>1 item): 0.2069%
INFO: [Epoch 27] Group [metrics_tie_aware], Hit@[1, 5, 10]: [0.17621, 0.5969, 0.80483], NDCG@[1, 5, 10]: [0.17621, 0.3878, 0.45547]
INFO: 
INFO: [Epoch 28] user loss: 0.09352
INFO: [Epoch 28] group loss: 0.07658
INFO: [Epoch 28] [user evaluate] [metrics] pred_score max: 1.319009, num of top-score tie (avg per sample): 1.0023
INFO: [Epoch 28] [user evaluate] [metrics] top-score tie ratio (avg per sample): 0.9924%, samples with tied top (>1 item): 0.2326%
INFO: [Epoch 28] User [metrics], Hit@[1, 5, 10]: [0.18837, 0.68073, 0.86711], NDCG@[1, 5, 10]: [0.18837, 0.439, 0.50035]
INFO: [Epoch 28] [group evaluate] [metrics] pred_score max: 2.145414, num of top-score tie (avg per sample): 1.0028
INFO: [Epoch 28] [group evaluate] [metrics] top-score tie ratio (avg per sample): 0.9928%, samples with tied top (>1 item): 0.2759%
INFO: [Epoch 28] Group [metrics], Hit@[1, 5, 10]: [0.15724, 0.57517, 0.79862], NDCG@[1, 5, 10]: [0.15724, 0.3698, 0.44279]
INFO: [Epoch 28] [user evaluate] [metrics_first] pred_score max: 1.319009, num of top-score tie (avg per sample): 1.0023
INFO: [Epoch 28] [user evaluate] [metrics_first] top-score tie ratio (avg per sample): 0.9924%, samples with tied top (>1 item): 0.2326%
INFO: [Epoch 28] User [metrics_first], Hit@[1, 5, 10]: [0.18837, 0.68106, 0.86744], NDCG@[1, 5, 10]: [0.18837, 0.43916, 0.50049]
INFO: [Epoch 28] [group evaluate] [metrics_first] pred_score max: 2.145414, num of top-score tie (avg per sample): 1.0028
INFO: [Epoch 28] [group evaluate] [metrics_first] top-score tie ratio (avg per sample): 0.9928%, samples with tied top (>1 item): 0.2759%
INFO: [Epoch 28] Group [metrics_first], Hit@[1, 5, 10]: [0.15724, 0.57517, 0.8], NDCG@[1, 5, 10]: [0.15724, 0.36983, 0.44324]
INFO: [Epoch 28] [user evaluate] [metrics_last] pred_score max: 1.319009, num of top-score tie (avg per sample): 1.0023
INFO: [Epoch 28] [user evaluate] [metrics_last] top-score tie ratio (avg per sample): 0.9924%, samples with tied top (>1 item): 0.2326%
INFO: [Epoch 28] User [metrics_last], Hit@[1, 5, 10]: [0.18605, 0.68007, 0.86678], NDCG@[1, 5, 10]: [0.18605, 0.43733, 0.49878]
INFO: [Epoch 28] [group evaluate] [metrics_last] pred_score max: 2.145414, num of top-score tie (avg per sample): 1.0028
INFO: [Epoch 28] [group evaluate] [metrics_last] top-score tie ratio (avg per sample): 0.9928%, samples with tied top (>1 item): 0.2759%
INFO: [Epoch 28] Group [metrics_last], Hit@[1, 5, 10]: [0.15448, 0.57448, 0.79862], NDCG@[1, 5, 10]: [0.15448, 0.36801, 0.44119]
INFO: [Epoch 28] [user evaluate] [metrics_tie_aware] pred_score max: 1.319009, num of top-score tie (avg per sample): 1.0023
INFO: [Epoch 28] [user evaluate] [metrics_tie_aware] top-score tie ratio (avg per sample): 0.9924%, samples with tied top (>1 item): 0.2326%
INFO: [Epoch 28] User [metrics_tie_aware], Hit@[1, 5, 10]: [0.18721, 0.68056, 0.86711], NDCG@[1, 5, 10]: [0.18721, 0.43824, 0.49963]
INFO: [Epoch 28] [group evaluate] [metrics_tie_aware] pred_score max: 2.145414, num of top-score tie (avg per sample): 1.0028
INFO: [Epoch 28] [group evaluate] [metrics_tie_aware] top-score tie ratio (avg per sample): 0.9928%, samples with tied top (>1 item): 0.2759%
INFO: [Epoch 28] Group [metrics_tie_aware], Hit@[1, 5, 10]: [0.15586, 0.57483, 0.79931], NDCG@[1, 5, 10]: [0.15586, 0.36892, 0.44222]
INFO: 
INFO: [Epoch 29] user loss: 0.09333
INFO: [Epoch 29] group loss: 0.07674
INFO: [Epoch 29] [user evaluate] [metrics] pred_score max: 1.127093, num of top-score tie (avg per sample): 1.0033
INFO: [Epoch 29] [user evaluate] [metrics] top-score tie ratio (avg per sample): 0.9934%, samples with tied top (>1 item): 0.3322%
INFO: [Epoch 29] User [metrics], Hit@[1, 5, 10]: [0.18538, 0.68073, 0.8711], NDCG@[1, 5, 10]: [0.18538, 0.43717, 0.49968]
INFO: [Epoch 29] [group evaluate] [metrics] pred_score max: 1.897896, num of top-score tie (avg per sample): 1.0021
INFO: [Epoch 29] [group evaluate] [metrics] top-score tie ratio (avg per sample): 0.9921%, samples with tied top (>1 item): 0.2069%
INFO: [Epoch 29] Group [metrics], Hit@[1, 5, 10]: [0.15241, 0.58966, 0.8], NDCG@[1, 5, 10]: [0.15241, 0.37293, 0.44167]
INFO: [Epoch 29] [user evaluate] [metrics_first] pred_score max: 1.127093, num of top-score tie (avg per sample): 1.0033
INFO: [Epoch 29] [user evaluate] [metrics_first] top-score tie ratio (avg per sample): 0.9934%, samples with tied top (>1 item): 0.3322%
INFO: [Epoch 29] User [metrics_first], Hit@[1, 5, 10]: [0.18538, 0.6814, 0.8711], NDCG@[1, 5, 10]: [0.18538, 0.43749, 0.49977]
INFO: [Epoch 29] [group evaluate] [metrics_first] pred_score max: 1.897896, num of top-score tie (avg per sample): 1.0021
INFO: [Epoch 29] [group evaluate] [metrics_first] top-score tie ratio (avg per sample): 0.9921%, samples with tied top (>1 item): 0.2069%
INFO: [Epoch 29] Group [metrics_first], Hit@[1, 5, 10]: [0.15241, 0.58966, 0.8], NDCG@[1, 5, 10]: [0.15241, 0.37301, 0.44178]
INFO: [Epoch 29] [user evaluate] [metrics_last] pred_score max: 1.127093, num of top-score tie (avg per sample): 1.0033
INFO: [Epoch 29] [user evaluate] [metrics_last] top-score tie ratio (avg per sample): 0.9934%, samples with tied top (>1 item): 0.3322%
INFO: [Epoch 29] User [metrics_last], Hit@[1, 5, 10]: [0.18206, 0.6804, 0.8701], NDCG@[1, 5, 10]: [0.18206, 0.43546, 0.49778]
INFO: [Epoch 29] [group evaluate] [metrics_last] pred_score max: 1.897896, num of top-score tie (avg per sample): 1.0021
INFO: [Epoch 29] [group evaluate] [metrics_last] top-score tie ratio (avg per sample): 0.9921%, samples with tied top (>1 item): 0.2069%
INFO: [Epoch 29] Group [metrics_last], Hit@[1, 5, 10]: [0.15034, 0.58897, 0.8], NDCG@[1, 5, 10]: [0.15034, 0.37135, 0.44027]
INFO: [Epoch 29] [user evaluate] [metrics_tie_aware] pred_score max: 1.127093, num of top-score tie (avg per sample): 1.0033
INFO: [Epoch 29] [user evaluate] [metrics_tie_aware] top-score tie ratio (avg per sample): 0.9934%, samples with tied top (>1 item): 0.3322%
INFO: [Epoch 29] User [metrics_tie_aware], Hit@[1, 5, 10]: [0.18372, 0.6809, 0.8706], NDCG@[1, 5, 10]: [0.18372, 0.43647, 0.49878]
INFO: [Epoch 29] [group evaluate] [metrics_tie_aware] pred_score max: 1.897896, num of top-score tie (avg per sample): 1.0021
INFO: [Epoch 29] [group evaluate] [metrics_tie_aware] top-score tie ratio (avg per sample): 0.9921%, samples with tied top (>1 item): 0.2069%
INFO: [Epoch 29] Group [metrics_tie_aware], Hit@[1, 5, 10]: [0.15138, 0.58931, 0.8], NDCG@[1, 5, 10]: [0.15138, 0.37218, 0.44103]
INFO: 
INFO: 
INFO: ## Finishing Time: 2026-03-25 08:34:18
INFO: = = = = = = = = = = = = = = = = = = = = 
INFO: Done!
