= = = = = = = = = = = = = = = = = = = = 
## Starting Time: 2026-05-02 23:02:00
Namespace(seed=2, dataset='Mafengwo', device='cuda:0', layers=3, emb_dim=32, num_negatives=8, cluster=10, g2i=10, topK=[1, 5, 10], epoch=2000, learning_rate=0.0001, batch_size=512, patience=4, predictor='MLP', loss_type='BPR')
[MAFENGWO] loading...
UserItem: (5275, 1513) with 38011 interactions, sparsity: 0.99524
GroupItem: (995, 539) with 2600 interactions, sparsity: 0.99515
/home/guest/r14944001/projects/reproducibility/ITR/dataloader.py:208: UserWarning: torch.sparse.SparseTensor(indices, values, shape, *, device=) is deprecated.  Please use torch.sparse_coo_tensor(indices, values, shape, dtype=, device=). (Triggered internally at ../torch/csrc/utils/tensor_new.cpp:651.)
  return torch.sparse.FloatTensor(index, data, torch.Size(coo.shape))
/home/guest/r14944001/projects/reproducibility/ITR/dataloader.py:190: UserWarning: Sparse CSR tensor support is in beta state. If you miss a functionality in the sparse tensor support, please submit a feature request to https://github.com/pytorch/pytorch/issues. (Triggered internally at ../aten/src/ATen/SparseCsrTensorImpl.cpp:53.)
  user_hyper_graph = torch.sparse.mm(convert_sp_mat_to_sp_tensor(user_hg_deg),
User hyper-graph torch.Size([995, 5275]), Item hyper-graph torch.Size([995, 1513]), Full hyper-graph torch.Size([6788, 995])
/home/guest/r14944001/projects/reproducibility/ITR/dataloader.py:222: RuntimeWarning: divide by zero encountered in power
  d_inv = np.power(row_sum, -0.5).flatten()
[0;30;43mMAFENGWO finish loading![0m #Users 5275, #Items 1513, #Groups 995

Epoch 9, user loss: 0.13345, Cost time: 2.28s
Epoch 19, user loss: 0.10312, Cost time: 2.28s
Epoch 29, user loss: 0.07690, Cost time: 2.34s
Epoch 39, user loss: 0.05620, Cost time: 2.41s
Epoch 49, user loss: 0.04181, Cost time: 2.14s
Epoch 59, user loss: 0.03360, Cost time: 2.30s
Epoch 69, user loss: 0.02882, Cost time: 2.32s
Epoch 79, user loss: 0.02544, Cost time: 2.24s
Epoch 89, user loss: 0.02222, Cost time: 2.26s
Epoch 99, user loss: 0.02043, Cost time: 2.31s
[Epoch 99] [group evaluate] [metrics] pred_score max: 4.787745, num of top-score tie (avg per sample): 1.0090
[Epoch 99] [group evaluate] [metrics] top-score tie ratio (avg per sample): 0.9991%, samples with tied top (>1 item): 0.8040%
[Epoch 99] Group [metrics], Hit@[1, 5, 10]: [0.02613, 0.11357, 0.18995], NDCG@[1, 5, 10]: [0.02613, 0.06873, 0.09343]
[Epoch 99] [user evaluate] [metrics] pred_score max: 7.943278, num of top-score tie (avg per sample): 1.0399
[Epoch 99] [user evaluate] [metrics] top-score tie ratio (avg per sample): 1.0296%, samples with tied top (>1 item): 3.8198%
[Epoch 99] User [metrics], Hit@[1, 5, 10]: [0.29532, 0.69156, 0.80901], NDCG@[1, 5, 10]: [0.29532, 0.50574, 0.54379]
[Epoch 99] [group evaluate] [metrics_first] pred_score max: 4.787745, num of top-score tie (avg per sample): 1.0090
[Epoch 99] [group evaluate] [metrics_first] top-score tie ratio (avg per sample): 0.9991%, samples with tied top (>1 item): 0.8040%
[Epoch 99] Group [metrics_first], Hit@[1, 5, 10]: [0.02613, 0.11357, 0.18995], NDCG@[1, 5, 10]: [0.02613, 0.06873, 0.09343]
[Epoch 99] [user evaluate] [metrics_first] pred_score max: 7.943278, num of top-score tie (avg per sample): 1.0399
[Epoch 99] [user evaluate] [metrics_first] top-score tie ratio (avg per sample): 1.0296%, samples with tied top (>1 item): 3.8198%
[Epoch 99] User [metrics_first], Hit@[1, 5, 10]: [0.29532, 0.69498, 0.81471], NDCG@[1, 5, 10]: [0.29532, 0.5075, 0.54619]
[Epoch 99] [group evaluate] [metrics_last] pred_score max: 4.787745, num of top-score tie (avg per sample): 1.0090
[Epoch 99] [group evaluate] [metrics_last] top-score tie ratio (avg per sample): 0.9991%, samples with tied top (>1 item): 0.8040%
[Epoch 99] Group [metrics_last], Hit@[1, 5, 10]: [0.02513, 0.11357, 0.18894], NDCG@[1, 5, 10]: [0.02513, 0.06818, 0.09255]
[Epoch 99] [user evaluate] [metrics_last] pred_score max: 7.943278, num of top-score tie (avg per sample): 1.0399
[Epoch 99] [user evaluate] [metrics_last] top-score tie ratio (avg per sample): 1.0296%, samples with tied top (>1 item): 3.8198%
[Epoch 99] User [metrics_last], Hit@[1, 5, 10]: [0.2634, 0.68415, 0.80673], NDCG@[1, 5, 10]: [0.2634, 0.48683, 0.52656]
[Epoch 99] [group evaluate] [metrics_tie_aware] pred_score max: 4.787745, num of top-score tie (avg per sample): 1.0090
[Epoch 99] [group evaluate] [metrics_tie_aware] top-score tie ratio (avg per sample): 0.9991%, samples with tied top (>1 item): 0.8040%
[Epoch 99] Group [metrics_tie_aware], Hit@[1, 5, 10]: [0.02563, 0.11357, 0.18945], NDCG@[1, 5, 10]: [0.02563, 0.06846, 0.09299]
[Epoch 99] [user evaluate] [metrics_tie_aware] pred_score max: 7.943278, num of top-score tie (avg per sample): 1.0399
[Epoch 99] [user evaluate] [metrics_tie_aware] top-score tie ratio (avg per sample): 1.0296%, samples with tied top (>1 item): 3.8198%
[Epoch 99] User [metrics_tie_aware], Hit@[1, 5, 10]: [0.27917, 0.68947, 0.81072], NDCG@[1, 5, 10]: [0.27917, 0.49707, 0.53632]

Epoch 109, user loss: 0.01767, Cost time: 2.52s
Epoch 119, user loss: 0.01641, Cost time: 2.29s
Epoch 129, user loss: 0.01472, Cost time: 2.14s
Epoch 139, user loss: 0.01323, Cost time: 2.39s
Epoch 149, user loss: 0.01270, Cost time: 2.17s
Epoch 159, user loss: 0.01174, Cost time: 2.17s
Epoch 169, user loss: 0.01115, Cost time: 2.06s
Epoch 179, user loss: 0.01059, Cost time: 2.16s
Epoch 189, user loss: 0.01003, Cost time: 2.18s
Epoch 199, user loss: 0.01001, Cost time: 2.03s
[Epoch 199] [group evaluate] [metrics] pred_score max: 11.831874, num of top-score tie (avg per sample): 1.0141
[Epoch 199] [group evaluate] [metrics] top-score tie ratio (avg per sample): 1.0040%, samples with tied top (>1 item): 1.3065%
[Epoch 199] Group [metrics], Hit@[1, 5, 10]: [0.02613, 0.09849, 0.16784], NDCG@[1, 5, 10]: [0.02613, 0.06144, 0.08387]
[Epoch 199] [user evaluate] [metrics] pred_score max: 16.307262, num of top-score tie (avg per sample): 1.0393
[Epoch 199] [user evaluate] [metrics] top-score tie ratio (avg per sample): 1.0290%, samples with tied top (>1 item): 3.8769%
[Epoch 199] User [metrics], Hit@[1, 5, 10]: [0.28164, 0.68928, 0.80673], NDCG@[1, 5, 10]: [0.28164, 0.49792, 0.53607]
[Epoch 199] [group evaluate] [metrics_first] pred_score max: 11.831874, num of top-score tie (avg per sample): 1.0141
[Epoch 199] [group evaluate] [metrics_first] top-score tie ratio (avg per sample): 1.0040%, samples with tied top (>1 item): 1.3065%
[Epoch 199] Group [metrics_first], Hit@[1, 5, 10]: [0.02613, 0.09849, 0.16784], NDCG@[1, 5, 10]: [0.02613, 0.06144, 0.08387]
[Epoch 199] [user evaluate] [metrics_first] pred_score max: 16.307262, num of top-score tie (avg per sample): 1.0393
[Epoch 199] [user evaluate] [metrics_first] top-score tie ratio (avg per sample): 1.0290%, samples with tied top (>1 item): 3.8769%
[Epoch 199] User [metrics_first], Hit@[1, 5, 10]: [0.28164, 0.69156, 0.81015], NDCG@[1, 5, 10]: [0.28164, 0.49938, 0.53792]
[Epoch 199] [group evaluate] [metrics_last] pred_score max: 11.831874, num of top-score tie (avg per sample): 1.0141
[Epoch 199] [group evaluate] [metrics_last] top-score tie ratio (avg per sample): 1.0040%, samples with tied top (>1 item): 1.3065%
[Epoch 199] Group [metrics_last], Hit@[1, 5, 10]: [0.02613, 0.09749, 0.16784], NDCG@[1, 5, 10]: [0.02613, 0.06068, 0.08343]
[Epoch 199] [user evaluate] [metrics_last] pred_score max: 16.307262, num of top-score tie (avg per sample): 1.0393
[Epoch 199] [user evaluate] [metrics_last] top-score tie ratio (avg per sample): 1.0290%, samples with tied top (>1 item): 3.8769%
[Epoch 199] User [metrics_last], Hit@[1, 5, 10]: [0.25485, 0.6813, 0.80388], NDCG@[1, 5, 10]: [0.25485, 0.48105, 0.52085]
[Epoch 199] [group evaluate] [metrics_tie_aware] pred_score max: 11.831874, num of top-score tie (avg per sample): 1.0141
[Epoch 199] [group evaluate] [metrics_tie_aware] top-score tie ratio (avg per sample): 1.0040%, samples with tied top (>1 item): 1.3065%
[Epoch 199] Group [metrics_tie_aware], Hit@[1, 5, 10]: [0.02613, 0.09799, 0.16784], NDCG@[1, 5, 10]: [0.02613, 0.06106, 0.08365]
[Epoch 199] [user evaluate] [metrics_tie_aware] pred_score max: 16.307262, num of top-score tie (avg per sample): 1.0393
[Epoch 199] [user evaluate] [metrics_tie_aware] top-score tie ratio (avg per sample): 1.0290%, samples with tied top (>1 item): 3.8769%
[Epoch 199] User [metrics_tie_aware], Hit@[1, 5, 10]: [0.26815, 0.68653, 0.80692], NDCG@[1, 5, 10]: [0.26815, 0.49021, 0.52932]

Epoch 209, user loss: 0.01009, Cost time: 2.17s
Epoch 219, user loss: 0.00952, Cost time: 2.11s
Epoch 229, user loss: 0.00989, Cost time: 2.23s
Epoch 239, user loss: 0.00909, Cost time: 2.06s
Epoch 249, user loss: 0.00944, Cost time: 2.01s
Epoch 259, user loss: 0.00854, Cost time: 2.22s
Epoch 269, user loss: 0.00911, Cost time: 2.04s
Epoch 279, user loss: 0.00882, Cost time: 2.12s
Epoch 289, user loss: 0.00855, Cost time: 2.12s
Epoch 299, user loss: 0.00834, Cost time: 2.11s
[Epoch 299] [group evaluate] [metrics] pred_score max: 16.498199, num of top-score tie (avg per sample): 1.0131
[Epoch 299] [group evaluate] [metrics] top-score tie ratio (avg per sample): 1.0030%, samples with tied top (>1 item): 1.2060%
[Epoch 299] Group [metrics], Hit@[1, 5, 10]: [0.02513, 0.08945, 0.17789], NDCG@[1, 5, 10]: [0.02513, 0.05642, 0.08459]
[Epoch 299] [user evaluate] [metrics] pred_score max: 20.935335, num of top-score tie (avg per sample): 1.0393
[Epoch 299] [user evaluate] [metrics] top-score tie ratio (avg per sample): 1.0290%, samples with tied top (>1 item): 3.8769%
[Epoch 299] User [metrics], Hit@[1, 5, 10]: [0.28392, 0.68871, 0.81471], NDCG@[1, 5, 10]: [0.28392, 0.4993, 0.54029]
[Epoch 299] [group evaluate] [metrics_first] pred_score max: 16.498199, num of top-score tie (avg per sample): 1.0131
[Epoch 299] [group evaluate] [metrics_first] top-score tie ratio (avg per sample): 1.0030%, samples with tied top (>1 item): 1.2060%
[Epoch 299] Group [metrics_first], Hit@[1, 5, 10]: [0.02513, 0.08945, 0.17789], NDCG@[1, 5, 10]: [0.02513, 0.05646, 0.08463]
[Epoch 299] [user evaluate] [metrics_first] pred_score max: 20.935335, num of top-score tie (avg per sample): 1.0393
[Epoch 299] [user evaluate] [metrics_first] top-score tie ratio (avg per sample): 1.0290%, samples with tied top (>1 item): 3.8769%
[Epoch 299] User [metrics_first], Hit@[1, 5, 10]: [0.28392, 0.68985, 0.81927], NDCG@[1, 5, 10]: [0.28392, 0.50032, 0.54246]
[Epoch 299] [group evaluate] [metrics_last] pred_score max: 16.498199, num of top-score tie (avg per sample): 1.0131
[Epoch 299] [group evaluate] [metrics_last] top-score tie ratio (avg per sample): 1.0030%, samples with tied top (>1 item): 1.2060%
[Epoch 299] Group [metrics_last], Hit@[1, 5, 10]: [0.02412, 0.08844, 0.17789], NDCG@[1, 5, 10]: [0.02412, 0.05555, 0.08401]
[Epoch 299] [user evaluate] [metrics_last] pred_score max: 20.935335, num of top-score tie (avg per sample): 1.0393
[Epoch 299] [user evaluate] [metrics_last] top-score tie ratio (avg per sample): 1.0290%, samples with tied top (>1 item): 3.8769%
[Epoch 299] User [metrics_last], Hit@[1, 5, 10]: [0.25599, 0.67959, 0.81186], NDCG@[1, 5, 10]: [0.25599, 0.48143, 0.52447]
[Epoch 299] [group evaluate] [metrics_tie_aware] pred_score max: 16.498199, num of top-score tie (avg per sample): 1.0131
[Epoch 299] [group evaluate] [metrics_tie_aware] top-score tie ratio (avg per sample): 1.0030%, samples with tied top (>1 item): 1.2060%
[Epoch 299] Group [metrics_tie_aware], Hit@[1, 5, 10]: [0.02462, 0.08894, 0.17789], NDCG@[1, 5, 10]: [0.02462, 0.05601, 0.08432]
[Epoch 299] [user evaluate] [metrics_tie_aware] pred_score max: 20.935335, num of top-score tie (avg per sample): 1.0393
[Epoch 299] [user evaluate] [metrics_tie_aware] top-score tie ratio (avg per sample): 1.0290%, samples with tied top (>1 item): 3.8769%
[Epoch 299] User [metrics_tie_aware], Hit@[1, 5, 10]: [0.26986, 0.68491, 0.81566], NDCG@[1, 5, 10]: [0.26986, 0.49091, 0.53345]

Epoch 309, user loss: 0.00801, Cost time: 2.06s
Epoch 319, user loss: 0.00786, Cost time: 2.06s
Epoch 329, user loss: 0.00781, Cost time: 2.13s
Epoch 339, user loss: 0.00791, Cost time: 2.26s
Epoch 349, user loss: 0.00758, Cost time: 2.07s
Epoch 359, user loss: 0.00759, Cost time: 2.05s
Epoch 369, user loss: 0.00731, Cost time: 2.07s
Epoch 379, user loss: 0.00758, Cost time: 2.09s
Epoch 389, user loss: 0.00749, Cost time: 2.07s
Epoch 399, user loss: 0.00731, Cost time: 2.34s
[Epoch 399] [group evaluate] [metrics] pred_score max: 18.470470, num of top-score tie (avg per sample): 1.0171
[Epoch 399] [group evaluate] [metrics] top-score tie ratio (avg per sample): 1.0070%, samples with tied top (>1 item): 1.6080%
[Epoch 399] Group [metrics], Hit@[1, 5, 10]: [0.02111, 0.08543, 0.15477], NDCG@[1, 5, 10]: [0.02111, 0.05204, 0.07481]
[Epoch 399] [user evaluate] [metrics] pred_score max: 24.830011, num of top-score tie (avg per sample): 1.0428
[Epoch 399] [user evaluate] [metrics] top-score tie ratio (avg per sample): 1.0324%, samples with tied top (>1 item): 4.2759%
[Epoch 399] User [metrics], Hit@[1, 5, 10]: [0.28962, 0.6927, 0.81585], NDCG@[1, 5, 10]: [0.28962, 0.50248, 0.54247]
[Epoch 399] [group evaluate] [metrics_first] pred_score max: 18.470470, num of top-score tie (avg per sample): 1.0171
[Epoch 399] [group evaluate] [metrics_first] top-score tie ratio (avg per sample): 1.0070%, samples with tied top (>1 item): 1.6080%
[Epoch 399] Group [metrics_first], Hit@[1, 5, 10]: [0.02111, 0.08744, 0.15477], NDCG@[1, 5, 10]: [0.02111, 0.05281, 0.07488]
[Epoch 399] [user evaluate] [metrics_first] pred_score max: 24.830011, num of top-score tie (avg per sample): 1.0428
[Epoch 399] [user evaluate] [metrics_first] top-score tie ratio (avg per sample): 1.0324%, samples with tied top (>1 item): 4.2759%
[Epoch 399] User [metrics_first], Hit@[1, 5, 10]: [0.28962, 0.69612, 0.8187], NDCG@[1, 5, 10]: [0.28962, 0.50431, 0.54411]
[Epoch 399] [group evaluate] [metrics_last] pred_score max: 18.470470, num of top-score tie (avg per sample): 1.0171
[Epoch 399] [group evaluate] [metrics_last] top-score tie ratio (avg per sample): 1.0070%, samples with tied top (>1 item): 1.6080%
[Epoch 399] Group [metrics_last], Hit@[1, 5, 10]: [0.0201, 0.08442, 0.15477], NDCG@[1, 5, 10]: [0.0201, 0.05107, 0.0742]
[Epoch 399] [user evaluate] [metrics_last] pred_score max: 24.830011, num of top-score tie (avg per sample): 1.0428
[Epoch 399] [user evaluate] [metrics_last] top-score tie ratio (avg per sample): 1.0324%, samples with tied top (>1 item): 4.2759%
[Epoch 399] User [metrics_last], Hit@[1, 5, 10]: [0.25827, 0.68073, 0.813], NDCG@[1, 5, 10]: [0.25827, 0.48271, 0.52578]
[Epoch 399] [group evaluate] [metrics_tie_aware] pred_score max: 18.470470, num of top-score tie (avg per sample): 1.0171
[Epoch 399] [group evaluate] [metrics_tie_aware] top-score tie ratio (avg per sample): 1.0070%, samples with tied top (>1 item): 1.6080%
[Epoch 399] Group [metrics_tie_aware], Hit@[1, 5, 10]: [0.0206, 0.08593, 0.15477], NDCG@[1, 5, 10]: [0.0206, 0.05194, 0.07454]
[Epoch 399] [user evaluate] [metrics_tie_aware] pred_score max: 24.830011, num of top-score tie (avg per sample): 1.0428
[Epoch 399] [user evaluate] [metrics_tie_aware] top-score tie ratio (avg per sample): 1.0324%, samples with tied top (>1 item): 4.2759%
[Epoch 399] User [metrics_tie_aware], Hit@[1, 5, 10]: [0.27395, 0.68862, 0.81575], NDCG@[1, 5, 10]: [0.27395, 0.49356, 0.5349]

Epoch 409, user loss: 0.00693, Cost time: 2.19s
Epoch 419, user loss: 0.00695, Cost time: 2.16s
Epoch 429, user loss: 0.00721, Cost time: 1.99s
Epoch 439, user loss: 0.00698, Cost time: 2.09s
Epoch 449, user loss: 0.00654, Cost time: 2.17s
Epoch 459, user loss: 0.00689, Cost time: 2.08s
Epoch 469, user loss: 0.00743, Cost time: 1.98s
Epoch 479, user loss: 0.00688, Cost time: 2.07s
Epoch 489, user loss: 0.00690, Cost time: 2.06s
Epoch 499, user loss: 0.00686, Cost time: 2.22s
[Epoch 499] [group evaluate] [metrics] pred_score max: 19.562944, num of top-score tie (avg per sample): 1.0161
[Epoch 499] [group evaluate] [metrics] top-score tie ratio (avg per sample): 1.0060%, samples with tied top (>1 item): 1.5075%
[Epoch 499] Group [metrics], Hit@[1, 5, 10]: [0.0191, 0.06834, 0.14573], NDCG@[1, 5, 10]: [0.0191, 0.04171, 0.06618]
[Epoch 499] [user evaluate] [metrics] pred_score max: 30.049406, num of top-score tie (avg per sample): 1.0416
[Epoch 499] [user evaluate] [metrics] top-score tie ratio (avg per sample): 1.0313%, samples with tied top (>1 item): 4.1049%
[Epoch 499] User [metrics], Hit@[1, 5, 10]: [0.26511, 0.68529, 0.82269], NDCG@[1, 5, 10]: [0.26511, 0.48879, 0.5335]
[Epoch 499] [group evaluate] [metrics_first] pred_score max: 19.562944, num of top-score tie (avg per sample): 1.0161
[Epoch 499] [group evaluate] [metrics_first] top-score tie ratio (avg per sample): 1.0060%, samples with tied top (>1 item): 1.5075%
[Epoch 499] Group [metrics_first], Hit@[1, 5, 10]: [0.0191, 0.06834, 0.14573], NDCG@[1, 5, 10]: [0.0191, 0.04171, 0.06621]
[Epoch 499] [user evaluate] [metrics_first] pred_score max: 30.049406, num of top-score tie (avg per sample): 1.0416
[Epoch 499] [user evaluate] [metrics_first] top-score tie ratio (avg per sample): 1.0313%, samples with tied top (>1 item): 4.1049%
[Epoch 499] User [metrics_first], Hit@[1, 5, 10]: [0.26511, 0.68757, 0.82611], NDCG@[1, 5, 10]: [0.26511, 0.4899, 0.53504]
[Epoch 499] [group evaluate] [metrics_last] pred_score max: 19.562944, num of top-score tie (avg per sample): 1.0161
[Epoch 499] [group evaluate] [metrics_last] top-score tie ratio (avg per sample): 1.0060%, samples with tied top (>1 item): 1.5075%
[Epoch 499] Group [metrics_last], Hit@[1, 5, 10]: [0.01709, 0.06834, 0.14271], NDCG@[1, 5, 10]: [0.01709, 0.04092, 0.06451]
[Epoch 499] [user evaluate] [metrics_last] pred_score max: 30.049406, num of top-score tie (avg per sample): 1.0416
[Epoch 499] [user evaluate] [metrics_last] top-score tie ratio (avg per sample): 1.0313%, samples with tied top (>1 item): 4.1049%
[Epoch 499] User [metrics_last], Hit@[1, 5, 10]: [0.23546, 0.67788, 0.81756], NDCG@[1, 5, 10]: [0.23546, 0.47127, 0.51673]
[Epoch 499] [group evaluate] [metrics_tie_aware] pred_score max: 19.562944, num of top-score tie (avg per sample): 1.0161
[Epoch 499] [group evaluate] [metrics_tie_aware] top-score tie ratio (avg per sample): 1.0060%, samples with tied top (>1 item): 1.5075%
[Epoch 499] Group [metrics_tie_aware], Hit@[1, 5, 10]: [0.01809, 0.06834, 0.14422], NDCG@[1, 5, 10]: [0.01809, 0.04131, 0.06536]
[Epoch 499] [user evaluate] [metrics_tie_aware] pred_score max: 30.049406, num of top-score tie (avg per sample): 1.0416
[Epoch 499] [user evaluate] [metrics_tie_aware] top-score tie ratio (avg per sample): 1.0313%, samples with tied top (>1 item): 4.1049%
[Epoch 499] User [metrics_tie_aware], Hit@[1, 5, 10]: [0.25019, 0.68273, 0.82165], NDCG@[1, 5, 10]: [0.25019, 0.48055, 0.52579]

Epoch 509, user loss: 0.00697, Cost time: 2.30s
Epoch 519, user loss: 0.00695, Cost time: 2.02s
Epoch 529, user loss: 0.00722, Cost time: 1.97s
Epoch 539, user loss: 0.00706, Cost time: 2.02s
Epoch 549, user loss: 0.00695, Cost time: 2.38s
Epoch 559, user loss: 0.00659, Cost time: 1.94s
Epoch 569, user loss: 0.00685, Cost time: 2.02s
Epoch 579, user loss: 0.00649, Cost time: 2.03s
Epoch 589, user loss: 0.00674, Cost time: 2.07s
Epoch 599, user loss: 0.00674, Cost time: 2.21s
[Epoch 599] [group evaluate] [metrics] pred_score max: 18.457678, num of top-score tie (avg per sample): 1.0111
[Epoch 599] [group evaluate] [metrics] top-score tie ratio (avg per sample): 1.0010%, samples with tied top (>1 item): 1.1055%
[Epoch 599] Group [metrics], Hit@[1, 5, 10]: [0.01307, 0.05528, 0.08844], NDCG@[1, 5, 10]: [0.01307, 0.03408, 0.04467]
[Epoch 599] [user evaluate] [metrics] pred_score max: 34.737309, num of top-score tie (avg per sample): 1.0445
[Epoch 599] [user evaluate] [metrics] top-score tie ratio (avg per sample): 1.0341%, samples with tied top (>1 item): 4.4470%
[Epoch 599] User [metrics], Hit@[1, 5, 10]: [0.27024, 0.67674, 0.81243], NDCG@[1, 5, 10]: [0.27024, 0.48509, 0.52943]
[Epoch 599] [group evaluate] [metrics_first] pred_score max: 18.457678, num of top-score tie (avg per sample): 1.0111
[Epoch 599] [group evaluate] [metrics_first] top-score tie ratio (avg per sample): 1.0010%, samples with tied top (>1 item): 1.1055%
[Epoch 599] Group [metrics_first], Hit@[1, 5, 10]: [0.01307, 0.05528, 0.08844], NDCG@[1, 5, 10]: [0.01307, 0.03408, 0.04469]
[Epoch 599] [user evaluate] [metrics_first] pred_score max: 34.737309, num of top-score tie (avg per sample): 1.0445
[Epoch 599] [user evaluate] [metrics_first] top-score tie ratio (avg per sample): 1.0341%, samples with tied top (>1 item): 4.4470%
[Epoch 599] User [metrics_first], Hit@[1, 5, 10]: [0.27024, 0.67959, 0.81699], NDCG@[1, 5, 10]: [0.27024, 0.48694, 0.53186]
[Epoch 599] [group evaluate] [metrics_last] pred_score max: 18.457678, num of top-score tie (avg per sample): 1.0111
[Epoch 599] [group evaluate] [metrics_last] top-score tie ratio (avg per sample): 1.0010%, samples with tied top (>1 item): 1.1055%
[Epoch 599] Group [metrics_last], Hit@[1, 5, 10]: [0.01206, 0.05528, 0.08844], NDCG@[1, 5, 10]: [0.01206, 0.03354, 0.04413]
[Epoch 599] [user evaluate] [metrics_last] pred_score max: 34.737309, num of top-score tie (avg per sample): 1.0445
[Epoch 599] [user evaluate] [metrics_last] top-score tie ratio (avg per sample): 1.0341%, samples with tied top (>1 item): 4.4470%
[Epoch 599] User [metrics_last], Hit@[1, 5, 10]: [0.24059, 0.66876, 0.81129], NDCG@[1, 5, 10]: [0.24059, 0.46817, 0.51458]
[Epoch 599] [group evaluate] [metrics_tie_aware] pred_score max: 18.457678, num of top-score tie (avg per sample): 1.0111
[Epoch 599] [group evaluate] [metrics_tie_aware] top-score tie ratio (avg per sample): 1.0010%, samples with tied top (>1 item): 1.1055%
[Epoch 599] Group [metrics_tie_aware], Hit@[1, 5, 10]: [0.01256, 0.05528, 0.08844], NDCG@[1, 5, 10]: [0.01256, 0.03381, 0.04441]
[Epoch 599] [user evaluate] [metrics_tie_aware] pred_score max: 34.737309, num of top-score tie (avg per sample): 1.0445
[Epoch 599] [user evaluate] [metrics_tie_aware] top-score tie ratio (avg per sample): 1.0341%, samples with tied top (>1 item): 4.4470%
[Epoch 599] User [metrics_tie_aware], Hit@[1, 5, 10]: [0.25542, 0.67408, 0.81404], NDCG@[1, 5, 10]: [0.25542, 0.4775, 0.52317]

Epoch 609, user loss: 0.00695, Cost time: 2.00s
Epoch 619, user loss: 0.00673, Cost time: 2.21s
Epoch 629, user loss: 0.00679, Cost time: 2.05s
Epoch 639, user loss: 0.00690, Cost time: 1.99s
Epoch 649, user loss: 0.00688, Cost time: 2.11s
Epoch 659, user loss: 0.00693, Cost time: 2.33s
Epoch 669, user loss: 0.00689, Cost time: 2.06s
Epoch 679, user loss: 0.00660, Cost time: 2.16s
Epoch 689, user loss: 0.00652, Cost time: 2.08s
Epoch 699, user loss: 0.00685, Cost time: 2.06s
[Epoch 699] [group evaluate] [metrics] pred_score max: 17.647732, num of top-score tie (avg per sample): 1.0121
[Epoch 699] [group evaluate] [metrics] top-score tie ratio (avg per sample): 1.0020%, samples with tied top (>1 item): 1.2060%
[Epoch 699] Group [metrics], Hit@[1, 5, 10]: [0.00905, 0.02814, 0.06834], NDCG@[1, 5, 10]: [0.00905, 0.01882, 0.03181]
[Epoch 699] [user evaluate] [metrics] pred_score max: 37.365116, num of top-score tie (avg per sample): 1.0490
[Epoch 699] [user evaluate] [metrics] top-score tie ratio (avg per sample): 1.0386%, samples with tied top (>1 item): 4.7891%
[Epoch 699] User [metrics], Hit@[1, 5, 10]: [0.26454, 0.67104, 0.80502], NDCG@[1, 5, 10]: [0.26454, 0.48077, 0.52443]
[Epoch 699] [group evaluate] [metrics_first] pred_score max: 17.647732, num of top-score tie (avg per sample): 1.0121
[Epoch 699] [group evaluate] [metrics_first] top-score tie ratio (avg per sample): 1.0020%, samples with tied top (>1 item): 1.2060%
[Epoch 699] Group [metrics_first], Hit@[1, 5, 10]: [0.00905, 0.02915, 0.06834], NDCG@[1, 5, 10]: [0.00905, 0.01921, 0.03186]
[Epoch 699] [user evaluate] [metrics_first] pred_score max: 37.365116, num of top-score tie (avg per sample): 1.0490
[Epoch 699] [user evaluate] [metrics_first] top-score tie ratio (avg per sample): 1.0386%, samples with tied top (>1 item): 4.7891%
[Epoch 699] User [metrics_first], Hit@[1, 5, 10]: [0.26454, 0.67446, 0.80787], NDCG@[1, 5, 10]: [0.26454, 0.48267, 0.52617]
[Epoch 699] [group evaluate] [metrics_last] pred_score max: 17.647732, num of top-score tie (avg per sample): 1.0121
[Epoch 699] [group evaluate] [metrics_last] top-score tie ratio (avg per sample): 1.0020%, samples with tied top (>1 item): 1.2060%
[Epoch 699] Group [metrics_last], Hit@[1, 5, 10]: [0.00905, 0.02814, 0.06834], NDCG@[1, 5, 10]: [0.00905, 0.01882, 0.03181]
[Epoch 699] [user evaluate] [metrics_last] pred_score max: 37.365116, num of top-score tie (avg per sample): 1.0490
[Epoch 699] [user evaluate] [metrics_last] top-score tie ratio (avg per sample): 1.0386%, samples with tied top (>1 item): 4.7891%
[Epoch 699] User [metrics_last], Hit@[1, 5, 10]: [0.22976, 0.66249, 0.80103], NDCG@[1, 5, 10]: [0.22976, 0.46183, 0.50706]
[Epoch 699] [group evaluate] [metrics_tie_aware] pred_score max: 17.647732, num of top-score tie (avg per sample): 1.0121
[Epoch 699] [group evaluate] [metrics_tie_aware] top-score tie ratio (avg per sample): 1.0020%, samples with tied top (>1 item): 1.2060%
[Epoch 699] Group [metrics_tie_aware], Hit@[1, 5, 10]: [0.00905, 0.02864, 0.06834], NDCG@[1, 5, 10]: [0.00905, 0.01902, 0.03183]
[Epoch 699] [user evaluate] [metrics_tie_aware] pred_score max: 37.365116, num of top-score tie (avg per sample): 1.0490
[Epoch 699] [user evaluate] [metrics_tie_aware] top-score tie ratio (avg per sample): 1.0386%, samples with tied top (>1 item): 4.7891%
[Epoch 699] User [metrics_tie_aware], Hit@[1, 5, 10]: [0.24696, 0.66847, 0.80435], NDCG@[1, 5, 10]: [0.24696, 0.47219, 0.51653]

Epoch 709, user loss: 0.00673, Cost time: 2.10s
Epoch 719, user loss: 0.00682, Cost time: 2.12s
Epoch 729, user loss: 0.00696, Cost time: 2.09s
Epoch 739, user loss: 0.00677, Cost time: 2.17s
Epoch 749, user loss: 0.00730, Cost time: 1.99s
Epoch 759, user loss: 0.00678, Cost time: 2.28s
Epoch 769, user loss: 0.00739, Cost time: 2.03s
Epoch 779, user loss: 0.00710, Cost time: 2.17s
Epoch 789, user loss: 0.00676, Cost time: 2.24s
Epoch 799, user loss: 0.00702, Cost time: 2.03s
[Epoch 799] [group evaluate] [metrics] pred_score max: 19.702524, num of top-score tie (avg per sample): 1.0111
[Epoch 799] [group evaluate] [metrics] top-score tie ratio (avg per sample): 1.0010%, samples with tied top (>1 item): 1.1055%
[Epoch 799] Group [metrics], Hit@[1, 5, 10]: [0.00804, 0.02714, 0.04925], NDCG@[1, 5, 10]: [0.00804, 0.01778, 0.02482]
[Epoch 799] [user evaluate] [metrics] pred_score max: 34.365086, num of top-score tie (avg per sample): 1.0445
[Epoch 799] [user evaluate] [metrics] top-score tie ratio (avg per sample): 1.0341%, samples with tied top (>1 item): 4.3900%
[Epoch 799] User [metrics], Hit@[1, 5, 10]: [0.26283, 0.66819, 0.8016], NDCG@[1, 5, 10]: [0.26283, 0.47647, 0.5197]
[Epoch 799] [group evaluate] [metrics_first] pred_score max: 19.702524, num of top-score tie (avg per sample): 1.0111
[Epoch 799] [group evaluate] [metrics_first] top-score tie ratio (avg per sample): 1.0010%, samples with tied top (>1 item): 1.1055%
[Epoch 799] Group [metrics_first], Hit@[1, 5, 10]: [0.00804, 0.02714, 0.04925], NDCG@[1, 5, 10]: [0.00804, 0.01778, 0.02482]
[Epoch 799] [user evaluate] [metrics_first] pred_score max: 34.365086, num of top-score tie (avg per sample): 1.0445
[Epoch 799] [user evaluate] [metrics_first] top-score tie ratio (avg per sample): 1.0341%, samples with tied top (>1 item): 4.3900%
[Epoch 799] User [metrics_first], Hit@[1, 5, 10]: [0.26283, 0.67161, 0.80616], NDCG@[1, 5, 10]: [0.26283, 0.47812, 0.52167]
[Epoch 799] [group evaluate] [metrics_last] pred_score max: 19.702524, num of top-score tie (avg per sample): 1.0111
[Epoch 799] [group evaluate] [metrics_last] top-score tie ratio (avg per sample): 1.0010%, samples with tied top (>1 item): 1.1055%
[Epoch 799] Group [metrics_last], Hit@[1, 5, 10]: [0.00804, 0.02714, 0.04925], NDCG@[1, 5, 10]: [0.00804, 0.01778, 0.0248]
[Epoch 799] [user evaluate] [metrics_last] pred_score max: 34.365086, num of top-score tie (avg per sample): 1.0445
[Epoch 799] [user evaluate] [metrics_last] top-score tie ratio (avg per sample): 1.0341%, samples with tied top (>1 item): 4.3900%
[Epoch 799] User [metrics_last], Hit@[1, 5, 10]: [0.23204, 0.65964, 0.79875], NDCG@[1, 5, 10]: [0.23204, 0.4589, 0.50396]
[Epoch 799] [group evaluate] [metrics_tie_aware] pred_score max: 19.702524, num of top-score tie (avg per sample): 1.0111
[Epoch 799] [group evaluate] [metrics_tie_aware] top-score tie ratio (avg per sample): 1.0010%, samples with tied top (>1 item): 1.1055%
[Epoch 799] Group [metrics_tie_aware], Hit@[1, 5, 10]: [0.00804, 0.02714, 0.04925], NDCG@[1, 5, 10]: [0.00804, 0.01778, 0.02481]
[Epoch 799] [user evaluate] [metrics_tie_aware] pred_score max: 34.365086, num of top-score tie (avg per sample): 1.0445
[Epoch 799] [user evaluate] [metrics_tie_aware] top-score tie ratio (avg per sample): 1.0341%, samples with tied top (>1 item): 4.3900%
[Epoch 799] User [metrics_tie_aware], Hit@[1, 5, 10]: [0.24734, 0.66572, 0.80236], NDCG@[1, 5, 10]: [0.24734, 0.46851, 0.51276]

Epoch 809, user loss: 0.00741, Cost time: 2.19s
Epoch 819, user loss: 0.00737, Cost time: 1.95s
Epoch 829, user loss: 0.00722, Cost time: 2.06s
Epoch 839, user loss: 0.00770, Cost time: 2.05s
Epoch 849, user loss: 0.00749, Cost time: 2.13s
Epoch 859, user loss: 0.00754, Cost time: 2.22s
Epoch 869, user loss: 0.00709, Cost time: 2.00s
Epoch 879, user loss: 0.00725, Cost time: 2.16s
Epoch 889, user loss: 0.00704, Cost time: 2.07s
Epoch 899, user loss: 0.00729, Cost time: 2.08s
[Epoch 899] [group evaluate] [metrics] pred_score max: 24.340548, num of top-score tie (avg per sample): 1.0090
[Epoch 899] [group evaluate] [metrics] top-score tie ratio (avg per sample): 0.9991%, samples with tied top (>1 item): 0.9045%
[Epoch 899] Group [metrics], Hit@[1, 5, 10]: [0.00503, 0.02613, 0.04322], NDCG@[1, 5, 10]: [0.00503, 0.01545, 0.02083]
[Epoch 899] [user evaluate] [metrics] pred_score max: 33.202675, num of top-score tie (avg per sample): 1.0439
[Epoch 899] [user evaluate] [metrics] top-score tie ratio (avg per sample): 1.0336%, samples with tied top (>1 item): 4.3330%
[Epoch 899] User [metrics], Hit@[1, 5, 10]: [0.26511, 0.67446, 0.80958], NDCG@[1, 5, 10]: [0.26511, 0.48219, 0.52612]
[Epoch 899] [group evaluate] [metrics_first] pred_score max: 24.340548, num of top-score tie (avg per sample): 1.0090
[Epoch 899] [group evaluate] [metrics_first] top-score tie ratio (avg per sample): 0.9991%, samples with tied top (>1 item): 0.9045%
[Epoch 899] Group [metrics_first], Hit@[1, 5, 10]: [0.00503, 0.02613, 0.04322], NDCG@[1, 5, 10]: [0.00503, 0.01545, 0.02085]
[Epoch 899] [user evaluate] [metrics_first] pred_score max: 33.202675, num of top-score tie (avg per sample): 1.0439
[Epoch 899] [user evaluate] [metrics_first] top-score tie ratio (avg per sample): 1.0336%, samples with tied top (>1 item): 4.3330%
[Epoch 899] User [metrics_first], Hit@[1, 5, 10]: [0.26511, 0.67731, 0.81129], NDCG@[1, 5, 10]: [0.26511, 0.48357, 0.52723]
[Epoch 899] [group evaluate] [metrics_last] pred_score max: 24.340548, num of top-score tie (avg per sample): 1.0090
[Epoch 899] [group evaluate] [metrics_last] top-score tie ratio (avg per sample): 0.9991%, samples with tied top (>1 item): 0.9045%
[Epoch 899] Group [metrics_last], Hit@[1, 5, 10]: [0.00503, 0.02613, 0.04322], NDCG@[1, 5, 10]: [0.00503, 0.01545, 0.02083]
[Epoch 899] [user evaluate] [metrics_last] pred_score max: 33.202675, num of top-score tie (avg per sample): 1.0439
[Epoch 899] [user evaluate] [metrics_last] top-score tie ratio (avg per sample): 1.0336%, samples with tied top (>1 item): 4.3330%
[Epoch 899] User [metrics_last], Hit@[1, 5, 10]: [0.23261, 0.6642, 0.80331], NDCG@[1, 5, 10]: [0.23261, 0.46311, 0.50855]
[Epoch 899] [group evaluate] [metrics_tie_aware] pred_score max: 24.340548, num of top-score tie (avg per sample): 1.0090
[Epoch 899] [group evaluate] [metrics_tie_aware] top-score tie ratio (avg per sample): 0.9991%, samples with tied top (>1 item): 0.9045%
[Epoch 899] Group [metrics_tie_aware], Hit@[1, 5, 10]: [0.00503, 0.02613, 0.04322], NDCG@[1, 5, 10]: [0.00503, 0.01545, 0.02084]
[Epoch 899] [user evaluate] [metrics_tie_aware] pred_score max: 33.202675, num of top-score tie (avg per sample): 1.0439
[Epoch 899] [user evaluate] [metrics_tie_aware] top-score tie ratio (avg per sample): 1.0336%, samples with tied top (>1 item): 4.3330%
[Epoch 899] User [metrics_tie_aware], Hit@[1, 5, 10]: [0.24876, 0.67075, 0.8072], NDCG@[1, 5, 10]: [0.24876, 0.4733, 0.51783]

Epoch 909, user loss: 0.00709, Cost time: 2.26s
Epoch 919, user loss: 0.00701, Cost time: 2.21s
Epoch 929, user loss: 0.00694, Cost time: 2.04s
Epoch 939, user loss: 0.00745, Cost time: 2.17s
Epoch 949, user loss: 0.00720, Cost time: 2.03s
Epoch 959, user loss: 0.00693, Cost time: 2.11s
Epoch 969, user loss: 0.00716, Cost time: 2.20s
Epoch 979, user loss: 0.00709, Cost time: 2.11s
Epoch 989, user loss: 0.00691, Cost time: 2.07s
Epoch 999, user loss: 0.00728, Cost time: 2.16s
[Epoch 999] [group evaluate] [metrics] pred_score max: 30.250513, num of top-score tie (avg per sample): 1.0101
[Epoch 999] [group evaluate] [metrics] top-score tie ratio (avg per sample): 1.0000%, samples with tied top (>1 item): 0.9045%
[Epoch 999] Group [metrics], Hit@[1, 5, 10]: [0.00201, 0.0201, 0.03417], NDCG@[1, 5, 10]: [0.00201, 0.01078, 0.01522]
[Epoch 999] [user evaluate] [metrics] pred_score max: 39.933865, num of top-score tie (avg per sample): 1.0410
[Epoch 999] [user evaluate] [metrics] top-score tie ratio (avg per sample): 1.0307%, samples with tied top (>1 item): 4.1049%
[Epoch 999] User [metrics], Hit@[1, 5, 10]: [0.26283, 0.67902, 0.80502], NDCG@[1, 5, 10]: [0.26283, 0.48242, 0.52331]
[Epoch 999] [group evaluate] [metrics_first] pred_score max: 30.250513, num of top-score tie (avg per sample): 1.0101
[Epoch 999] [group evaluate] [metrics_first] top-score tie ratio (avg per sample): 1.0000%, samples with tied top (>1 item): 0.9045%
[Epoch 999] Group [metrics_first], Hit@[1, 5, 10]: [0.00201, 0.0201, 0.03417], NDCG@[1, 5, 10]: [0.00201, 0.01078, 0.01522]
[Epoch 999] [user evaluate] [metrics_first] pred_score max: 39.933865, num of top-score tie (avg per sample): 1.0410
[Epoch 999] [user evaluate] [metrics_first] top-score tie ratio (avg per sample): 1.0307%, samples with tied top (>1 item): 4.1049%
[Epoch 999] User [metrics_first], Hit@[1, 5, 10]: [0.26283, 0.68415, 0.80844], NDCG@[1, 5, 10]: [0.26283, 0.48486, 0.52509]
[Epoch 999] [group evaluate] [metrics_last] pred_score max: 30.250513, num of top-score tie (avg per sample): 1.0101
[Epoch 999] [group evaluate] [metrics_last] top-score tie ratio (avg per sample): 1.0000%, samples with tied top (>1 item): 0.9045%
[Epoch 999] Group [metrics_last], Hit@[1, 5, 10]: [0.00201, 0.0201, 0.03417], NDCG@[1, 5, 10]: [0.00201, 0.01078, 0.01522]
[Epoch 999] [user evaluate] [metrics_last] pred_score max: 39.933865, num of top-score tie (avg per sample): 1.0410
[Epoch 999] [user evaluate] [metrics_last] top-score tie ratio (avg per sample): 1.0307%, samples with tied top (>1 item): 4.1049%
[Epoch 999] User [metrics_last], Hit@[1, 5, 10]: [0.23318, 0.66933, 0.80217], NDCG@[1, 5, 10]: [0.23318, 0.46459, 0.50774]
[Epoch 999] [group evaluate] [metrics_tie_aware] pred_score max: 30.250513, num of top-score tie (avg per sample): 1.0101
[Epoch 999] [group evaluate] [metrics_tie_aware] top-score tie ratio (avg per sample): 1.0000%, samples with tied top (>1 item): 0.9045%
[Epoch 999] Group [metrics_tie_aware], Hit@[1, 5, 10]: [0.00201, 0.0201, 0.03417], NDCG@[1, 5, 10]: [0.00201, 0.01078, 0.01522]
[Epoch 999] [user evaluate] [metrics_tie_aware] pred_score max: 39.933865, num of top-score tie (avg per sample): 1.0410
[Epoch 999] [user evaluate] [metrics_tie_aware] top-score tie ratio (avg per sample): 1.0307%, samples with tied top (>1 item): 4.1049%
[Epoch 999] User [metrics_tie_aware], Hit@[1, 5, 10]: [0.248, 0.67674, 0.8054], NDCG@[1, 5, 10]: [0.248, 0.4747, 0.51642]

Epoch 1009, user loss: 0.00702, Cost time: 2.18s
Epoch 1019, user loss: 0.00753, Cost time: 2.18s
Epoch 1029, user loss: 0.00705, Cost time: 2.13s
Epoch 1039, user loss: 0.00735, Cost time: 2.00s
Epoch 1049, user loss: 0.00724, Cost time: 2.22s
Epoch 1059, user loss: 0.00710, Cost time: 1.95s
Epoch 1069, user loss: 0.00701, Cost time: 2.18s
Epoch 1079, user loss: 0.00713, Cost time: 2.01s
Epoch 1089, user loss: 0.00710, Cost time: 2.09s
Epoch 1099, user loss: 0.00738, Cost time: 2.31s
[Epoch 1099] [group evaluate] [metrics] pred_score max: 37.563763, num of top-score tie (avg per sample): 1.0101
[Epoch 1099] [group evaluate] [metrics] top-score tie ratio (avg per sample): 1.0000%, samples with tied top (>1 item): 1.0050%
[Epoch 1099] Group [metrics], Hit@[1, 5, 10]: [0.00201, 0.01407, 0.03317], NDCG@[1, 5, 10]: [0.00201, 0.00817, 0.01433]
[Epoch 1099] [user evaluate] [metrics] pred_score max: 48.516285, num of top-score tie (avg per sample): 1.0439
[Epoch 1099] [user evaluate] [metrics] top-score tie ratio (avg per sample): 1.0336%, samples with tied top (>1 item): 4.3900%
[Epoch 1099] User [metrics], Hit@[1, 5, 10]: [0.26454, 0.6699, 0.80217], NDCG@[1, 5, 10]: [0.26454, 0.48069, 0.52389]
[Epoch 1099] [group evaluate] [metrics_first] pred_score max: 37.563763, num of top-score tie (avg per sample): 1.0101
[Epoch 1099] [group evaluate] [metrics_first] top-score tie ratio (avg per sample): 1.0000%, samples with tied top (>1 item): 1.0050%
[Epoch 1099] Group [metrics_first], Hit@[1, 5, 10]: [0.00201, 0.01407, 0.03317], NDCG@[1, 5, 10]: [0.00201, 0.00817, 0.01433]
[Epoch 1099] [user evaluate] [metrics_first] pred_score max: 48.516285, num of top-score tie (avg per sample): 1.0439
[Epoch 1099] [user evaluate] [metrics_first] top-score tie ratio (avg per sample): 1.0336%, samples with tied top (>1 item): 4.3900%
[Epoch 1099] User [metrics_first], Hit@[1, 5, 10]: [0.26454, 0.67617, 0.8073], NDCG@[1, 5, 10]: [0.26454, 0.48362, 0.52626]
[Epoch 1099] [group evaluate] [metrics_last] pred_score max: 37.563763, num of top-score tie (avg per sample): 1.0101
[Epoch 1099] [group evaluate] [metrics_last] top-score tie ratio (avg per sample): 1.0000%, samples with tied top (>1 item): 1.0050%
[Epoch 1099] Group [metrics_last], Hit@[1, 5, 10]: [0.00201, 0.01407, 0.03317], NDCG@[1, 5, 10]: [0.00201, 0.00817, 0.01433]
[Epoch 1099] [user evaluate] [metrics_last] pred_score max: 48.516285, num of top-score tie (avg per sample): 1.0439
[Epoch 1099] [user evaluate] [metrics_last] top-score tie ratio (avg per sample): 1.0336%, samples with tied top (>1 item): 4.3900%
[Epoch 1099] User [metrics_last], Hit@[1, 5, 10]: [0.23318, 0.66249, 0.79761], NDCG@[1, 5, 10]: [0.23318, 0.46318, 0.5074]
[Epoch 1099] [group evaluate] [metrics_tie_aware] pred_score max: 37.563763, num of top-score tie (avg per sample): 1.0101
[Epoch 1099] [group evaluate] [metrics_tie_aware] top-score tie ratio (avg per sample): 1.0000%, samples with tied top (>1 item): 1.0050%
[Epoch 1099] Group [metrics_tie_aware], Hit@[1, 5, 10]: [0.00201, 0.01407, 0.03317], NDCG@[1, 5, 10]: [0.00201, 0.00817, 0.01433]
[Epoch 1099] [user evaluate] [metrics_tie_aware] pred_score max: 48.516285, num of top-score tie (avg per sample): 1.0439
[Epoch 1099] [user evaluate] [metrics_tie_aware] top-score tie ratio (avg per sample): 1.0336%, samples with tied top (>1 item): 4.3900%
[Epoch 1099] User [metrics_tie_aware], Hit@[1, 5, 10]: [0.24886, 0.66933, 0.80245], NDCG@[1, 5, 10]: [0.24886, 0.47338, 0.51681]

Epoch 1109, user loss: 0.00727, Cost time: 2.02s
Epoch 1119, user loss: 0.00750, Cost time: 2.12s
Epoch 1129, user loss: 0.00758, Cost time: 2.00s
Epoch 1139, user loss: 0.00716, Cost time: 2.32s
Epoch 1149, user loss: 0.00722, Cost time: 2.11s
Epoch 1159, user loss: 0.00750, Cost time: 1.98s
Epoch 1169, user loss: 0.00712, Cost time: 2.29s
Epoch 1179, user loss: 0.00692, Cost time: 2.18s
Epoch 1189, user loss: 0.00737, Cost time: 2.27s
Epoch 1199, user loss: 0.00737, Cost time: 2.04s
[Epoch 1199] [group evaluate] [metrics] pred_score max: 45.737637, num of top-score tie (avg per sample): 1.0111
[Epoch 1199] [group evaluate] [metrics] top-score tie ratio (avg per sample): 1.0010%, samples with tied top (>1 item): 1.1055%
[Epoch 1199] Group [metrics], Hit@[1, 5, 10]: [0.00302, 0.01206, 0.02814], NDCG@[1, 5, 10]: [0.00302, 0.00775, 0.01281]
[Epoch 1199] [user evaluate] [metrics] pred_score max: 56.138039, num of top-score tie (avg per sample): 1.0490
[Epoch 1199] [user evaluate] [metrics] top-score tie ratio (avg per sample): 1.0386%, samples with tied top (>1 item): 4.9031%
[Epoch 1199] User [metrics], Hit@[1, 5, 10]: [0.26796, 0.67275, 0.8073], NDCG@[1, 5, 10]: [0.26796, 0.48304, 0.52658]
[Epoch 1199] [group evaluate] [metrics_first] pred_score max: 45.737637, num of top-score tie (avg per sample): 1.0111
[Epoch 1199] [group evaluate] [metrics_first] top-score tie ratio (avg per sample): 1.0010%, samples with tied top (>1 item): 1.1055%
[Epoch 1199] Group [metrics_first], Hit@[1, 5, 10]: [0.00302, 0.01206, 0.02814], NDCG@[1, 5, 10]: [0.00302, 0.00775, 0.01281]
[Epoch 1199] [user evaluate] [metrics_first] pred_score max: 56.138039, num of top-score tie (avg per sample): 1.0490
[Epoch 1199] [user evaluate] [metrics_first] top-score tie ratio (avg per sample): 1.0386%, samples with tied top (>1 item): 4.9031%
[Epoch 1199] User [metrics_first], Hit@[1, 5, 10]: [0.26796, 0.67674, 0.81129], NDCG@[1, 5, 10]: [0.26796, 0.48485, 0.52827]
[Epoch 1199] [group evaluate] [metrics_last] pred_score max: 45.737637, num of top-score tie (avg per sample): 1.0111
[Epoch 1199] [group evaluate] [metrics_last] top-score tie ratio (avg per sample): 1.0010%, samples with tied top (>1 item): 1.1055%
[Epoch 1199] Group [metrics_last], Hit@[1, 5, 10]: [0.00302, 0.01206, 0.02814], NDCG@[1, 5, 10]: [0.00302, 0.00775, 0.01281]
[Epoch 1199] [user evaluate] [metrics_last] pred_score max: 56.138039, num of top-score tie (avg per sample): 1.0490
[Epoch 1199] [user evaluate] [metrics_last] top-score tie ratio (avg per sample): 1.0386%, samples with tied top (>1 item): 4.9031%
[Epoch 1199] User [metrics_last], Hit@[1, 5, 10]: [0.23489, 0.66249, 0.8016], NDCG@[1, 5, 10]: [0.23489, 0.46373, 0.50884]
[Epoch 1199] [group evaluate] [metrics_tie_aware] pred_score max: 45.737637, num of top-score tie (avg per sample): 1.0111
[Epoch 1199] [group evaluate] [metrics_tie_aware] top-score tie ratio (avg per sample): 1.0010%, samples with tied top (>1 item): 1.1055%
[Epoch 1199] Group [metrics_tie_aware], Hit@[1, 5, 10]: [0.00302, 0.01206, 0.02814], NDCG@[1, 5, 10]: [0.00302, 0.00775, 0.01281]
[Epoch 1199] [user evaluate] [metrics_tie_aware] pred_score max: 56.138039, num of top-score tie (avg per sample): 1.0490
[Epoch 1199] [user evaluate] [metrics_tie_aware] top-score tie ratio (avg per sample): 1.0386%, samples with tied top (>1 item): 4.9031%
[Epoch 1199] User [metrics_tie_aware], Hit@[1, 5, 10]: [0.25143, 0.66961, 0.80635], NDCG@[1, 5, 10]: [0.25143, 0.47427, 0.51851]

Epoch 1209, user loss: 0.00739, Cost time: 2.43s
Epoch 1219, user loss: 0.00743, Cost time: 2.13s
Epoch 1229, user loss: 0.00740, Cost time: 2.04s
Epoch 1239, user loss: 0.00775, Cost time: 2.14s
Epoch 1249, user loss: 0.00701, Cost time: 2.09s
Epoch 1259, user loss: 0.00748, Cost time: 2.21s
Epoch 1269, user loss: 0.00733, Cost time: 2.00s
Epoch 1279, user loss: 0.00726, Cost time: 2.14s
Epoch 1289, user loss: 0.00760, Cost time: 2.07s
Epoch 1299, user loss: 0.00795, Cost time: 1.99s
[Epoch 1299] [group evaluate] [metrics] pred_score max: 54.680767, num of top-score tie (avg per sample): 1.0121
[Epoch 1299] [group evaluate] [metrics] top-score tie ratio (avg per sample): 1.0020%, samples with tied top (>1 item): 1.2060%
[Epoch 1299] Group [metrics], Hit@[1, 5, 10]: [0.00101, 0.01005, 0.03015], NDCG@[1, 5, 10]: [0.00101, 0.0056, 0.01191]
[Epoch 1299] [user evaluate] [metrics] pred_score max: 64.286530, num of top-score tie (avg per sample): 1.0473
[Epoch 1299] [user evaluate] [metrics] top-score tie ratio (avg per sample): 1.0370%, samples with tied top (>1 item): 4.6750%
[Epoch 1299] User [metrics], Hit@[1, 5, 10]: [0.27252, 0.67674, 0.79704], NDCG@[1, 5, 10]: [0.27252, 0.48542, 0.52439]
[Epoch 1299] [group evaluate] [metrics_first] pred_score max: 54.680767, num of top-score tie (avg per sample): 1.0121
[Epoch 1299] [group evaluate] [metrics_first] top-score tie ratio (avg per sample): 1.0020%, samples with tied top (>1 item): 1.2060%
[Epoch 1299] Group [metrics_first], Hit@[1, 5, 10]: [0.00101, 0.01005, 0.03015], NDCG@[1, 5, 10]: [0.00101, 0.0056, 0.01191]
[Epoch 1299] [user evaluate] [metrics_first] pred_score max: 64.286530, num of top-score tie (avg per sample): 1.0473
[Epoch 1299] [user evaluate] [metrics_first] top-score tie ratio (avg per sample): 1.0370%, samples with tied top (>1 item): 4.6750%
[Epoch 1299] User [metrics_first], Hit@[1, 5, 10]: [0.27252, 0.68016, 0.80217], NDCG@[1, 5, 10]: [0.27252, 0.48722, 0.52665]
[Epoch 1299] [group evaluate] [metrics_last] pred_score max: 54.680767, num of top-score tie (avg per sample): 1.0121
[Epoch 1299] [group evaluate] [metrics_last] top-score tie ratio (avg per sample): 1.0020%, samples with tied top (>1 item): 1.2060%
[Epoch 1299] Group [metrics_last], Hit@[1, 5, 10]: [0.00101, 0.01005, 0.03015], NDCG@[1, 5, 10]: [0.00101, 0.0056, 0.01191]
[Epoch 1299] [user evaluate] [metrics_last] pred_score max: 64.286530, num of top-score tie (avg per sample): 1.0473
[Epoch 1299] [user evaluate] [metrics_last] top-score tie ratio (avg per sample): 1.0370%, samples with tied top (>1 item): 4.6750%
[Epoch 1299] User [metrics_last], Hit@[1, 5, 10]: [0.24116, 0.66534, 0.79304], NDCG@[1, 5, 10]: [0.24116, 0.46634, 0.50788]
[Epoch 1299] [group evaluate] [metrics_tie_aware] pred_score max: 54.680767, num of top-score tie (avg per sample): 1.0121
[Epoch 1299] [group evaluate] [metrics_tie_aware] top-score tie ratio (avg per sample): 1.0020%, samples with tied top (>1 item): 1.2060%
[Epoch 1299] Group [metrics_tie_aware], Hit@[1, 5, 10]: [0.00101, 0.01005, 0.03015], NDCG@[1, 5, 10]: [0.00101, 0.0056, 0.01191]
[Epoch 1299] [user evaluate] [metrics_tie_aware] pred_score max: 64.286530, num of top-score tie (avg per sample): 1.0473
[Epoch 1299] [user evaluate] [metrics_tie_aware] top-score tie ratio (avg per sample): 1.0370%, samples with tied top (>1 item): 4.6750%
[Epoch 1299] User [metrics_tie_aware], Hit@[1, 5, 10]: [0.25675, 0.67275, 0.79761], NDCG@[1, 5, 10]: [0.25675, 0.47675, 0.51723]

Epoch 1309, user loss: 0.00715, Cost time: 1.97s
Epoch 1319, user loss: 0.00750, Cost time: 2.05s
Epoch 1329, user loss: 0.00752, Cost time: 2.16s
Epoch 1339, user loss: 0.00743, Cost time: 2.23s
Epoch 1349, user loss: 0.00747, Cost time: 2.07s
Epoch 1359, user loss: 0.00719, Cost time: 2.18s
Epoch 1369, user loss: 0.00772, Cost time: 2.03s
Epoch 1379, user loss: 0.00738, Cost time: 2.07s
Epoch 1389, user loss: 0.00725, Cost time: 2.12s
Epoch 1399, user loss: 0.00696, Cost time: 2.35s
[Epoch 1399] [group evaluate] [metrics] pred_score max: 62.922546, num of top-score tie (avg per sample): 1.0111
[Epoch 1399] [group evaluate] [metrics] top-score tie ratio (avg per sample): 1.0010%, samples with tied top (>1 item): 1.1055%
[Epoch 1399] Group [metrics], Hit@[1, 5, 10]: [0.00201, 0.00905, 0.02211], NDCG@[1, 5, 10]: [0.00201, 0.00549, 0.00955]
[Epoch 1399] [user evaluate] [metrics] pred_score max: 73.762589, num of top-score tie (avg per sample): 1.0473
[Epoch 1399] [user evaluate] [metrics] top-score tie ratio (avg per sample): 1.0370%, samples with tied top (>1 item): 4.6180%
[Epoch 1399] User [metrics], Hit@[1, 5, 10]: [0.27423, 0.6699, 0.8073], NDCG@[1, 5, 10]: [0.27423, 0.48349, 0.52803]
[Epoch 1399] [group evaluate] [metrics_first] pred_score max: 62.922546, num of top-score tie (avg per sample): 1.0111
[Epoch 1399] [group evaluate] [metrics_first] top-score tie ratio (avg per sample): 1.0010%, samples with tied top (>1 item): 1.1055%
[Epoch 1399] Group [metrics_first], Hit@[1, 5, 10]: [0.00201, 0.00905, 0.02211], NDCG@[1, 5, 10]: [0.00201, 0.00549, 0.00955]
[Epoch 1399] [user evaluate] [metrics_first] pred_score max: 73.762589, num of top-score tie (avg per sample): 1.0473
[Epoch 1399] [user evaluate] [metrics_first] top-score tie ratio (avg per sample): 1.0370%, samples with tied top (>1 item): 4.6180%
[Epoch 1399] User [metrics_first], Hit@[1, 5, 10]: [0.27423, 0.67275, 0.81072], NDCG@[1, 5, 10]: [0.27423, 0.4849, 0.52964]
[Epoch 1399] [group evaluate] [metrics_last] pred_score max: 62.922546, num of top-score tie (avg per sample): 1.0111
[Epoch 1399] [group evaluate] [metrics_last] top-score tie ratio (avg per sample): 1.0010%, samples with tied top (>1 item): 1.1055%
[Epoch 1399] Group [metrics_last], Hit@[1, 5, 10]: [0.00201, 0.00905, 0.02211], NDCG@[1, 5, 10]: [0.00201, 0.00549, 0.00955]
[Epoch 1399] [user evaluate] [metrics_last] pred_score max: 73.762589, num of top-score tie (avg per sample): 1.0473
[Epoch 1399] [user evaluate] [metrics_last] top-score tie ratio (avg per sample): 1.0370%, samples with tied top (>1 item): 4.6180%
[Epoch 1399] User [metrics_last], Hit@[1, 5, 10]: [0.24458, 0.66078, 0.80331], NDCG@[1, 5, 10]: [0.24458, 0.46565, 0.51179]
[Epoch 1399] [group evaluate] [metrics_tie_aware] pred_score max: 62.922546, num of top-score tie (avg per sample): 1.0111
[Epoch 1399] [group evaluate] [metrics_tie_aware] top-score tie ratio (avg per sample): 1.0010%, samples with tied top (>1 item): 1.1055%
[Epoch 1399] Group [metrics_tie_aware], Hit@[1, 5, 10]: [0.00201, 0.00905, 0.02211], NDCG@[1, 5, 10]: [0.00201, 0.00549, 0.00955]
[Epoch 1399] [user evaluate] [metrics_tie_aware] pred_score max: 73.762589, num of top-score tie (avg per sample): 1.0473
[Epoch 1399] [user evaluate] [metrics_tie_aware] top-score tie ratio (avg per sample): 1.0370%, samples with tied top (>1 item): 4.6180%
[Epoch 1399] User [metrics_tie_aware], Hit@[1, 5, 10]: [0.25931, 0.66648, 0.80701], NDCG@[1, 5, 10]: [0.25931, 0.47513, 0.52069]

Epoch 1409, user loss: 0.00740, Cost time: 2.24s
Epoch 1419, user loss: 0.00740, Cost time: 2.17s
Epoch 1429, user loss: 0.00759, Cost time: 2.01s
Epoch 1439, user loss: 0.00736, Cost time: 2.13s
Epoch 1449, user loss: 0.00711, Cost time: 2.14s
Epoch 1459, user loss: 0.00762, Cost time: 2.08s
Epoch 1469, user loss: 0.00741, Cost time: 2.01s
Epoch 1479, user loss: 0.00728, Cost time: 2.05s
Epoch 1489, user loss: 0.00707, Cost time: 2.05s
Epoch 1499, user loss: 0.00720, Cost time: 1.98s
[Epoch 1499] [group evaluate] [metrics] pred_score max: 69.936348, num of top-score tie (avg per sample): 1.0101
[Epoch 1499] [group evaluate] [metrics] top-score tie ratio (avg per sample): 1.0000%, samples with tied top (>1 item): 1.0050%
[Epoch 1499] Group [metrics], Hit@[1, 5, 10]: [0.00201, 0.00905, 0.01809], NDCG@[1, 5, 10]: [0.00201, 0.00529, 0.00814]
[Epoch 1499] [user evaluate] [metrics] pred_score max: 82.571541, num of top-score tie (avg per sample): 1.0479
[Epoch 1499] [user evaluate] [metrics] top-score tie ratio (avg per sample): 1.0375%, samples with tied top (>1 item): 4.6180%
[Epoch 1499] User [metrics], Hit@[1, 5, 10]: [0.2748, 0.66534, 0.80844], NDCG@[1, 5, 10]: [0.2748, 0.48227, 0.52864]
[Epoch 1499] [group evaluate] [metrics_first] pred_score max: 69.936348, num of top-score tie (avg per sample): 1.0101
[Epoch 1499] [group evaluate] [metrics_first] top-score tie ratio (avg per sample): 1.0000%, samples with tied top (>1 item): 1.0050%
[Epoch 1499] Group [metrics_first], Hit@[1, 5, 10]: [0.00201, 0.00905, 0.01809], NDCG@[1, 5, 10]: [0.00201, 0.00529, 0.00814]
[Epoch 1499] [user evaluate] [metrics_first] pred_score max: 82.571541, num of top-score tie (avg per sample): 1.0479
[Epoch 1499] [user evaluate] [metrics_first] top-score tie ratio (avg per sample): 1.0375%, samples with tied top (>1 item): 4.6180%
[Epoch 1499] User [metrics_first], Hit@[1, 5, 10]: [0.2748, 0.66933, 0.81129], NDCG@[1, 5, 10]: [0.2748, 0.48406, 0.53006]
[Epoch 1499] [group evaluate] [metrics_last] pred_score max: 69.936348, num of top-score tie (avg per sample): 1.0101
[Epoch 1499] [group evaluate] [metrics_last] top-score tie ratio (avg per sample): 1.0000%, samples with tied top (>1 item): 1.0050%
[Epoch 1499] Group [metrics_last], Hit@[1, 5, 10]: [0.00201, 0.00905, 0.01809], NDCG@[1, 5, 10]: [0.00201, 0.00529, 0.00814]
[Epoch 1499] [user evaluate] [metrics_last] pred_score max: 82.571541, num of top-score tie (avg per sample): 1.0479
[Epoch 1499] [user evaluate] [metrics_last] top-score tie ratio (avg per sample): 1.0375%, samples with tied top (>1 item): 4.6180%
[Epoch 1499] User [metrics_last], Hit@[1, 5, 10]: [0.24515, 0.65678, 0.80445], NDCG@[1, 5, 10]: [0.24515, 0.4645, 0.51229]
[Epoch 1499] [group evaluate] [metrics_tie_aware] pred_score max: 69.936348, num of top-score tie (avg per sample): 1.0101
[Epoch 1499] [group evaluate] [metrics_tie_aware] top-score tie ratio (avg per sample): 1.0000%, samples with tied top (>1 item): 1.0050%
[Epoch 1499] Group [metrics_tie_aware], Hit@[1, 5, 10]: [0.00201, 0.00905, 0.01809], NDCG@[1, 5, 10]: [0.00201, 0.00529, 0.00814]
[Epoch 1499] [user evaluate] [metrics_tie_aware] pred_score max: 82.571541, num of top-score tie (avg per sample): 1.0479
[Epoch 1499] [user evaluate] [metrics_tie_aware] top-score tie ratio (avg per sample): 1.0375%, samples with tied top (>1 item): 4.6180%
[Epoch 1499] User [metrics_tie_aware], Hit@[1, 5, 10]: [0.25979, 0.66287, 0.80787], NDCG@[1, 5, 10]: [0.25979, 0.47416, 0.52112]

Epoch 1509, user loss: 0.00744, Cost time: 2.03s
Epoch 1519, user loss: 0.00780, Cost time: 2.07s
Epoch 1529, user loss: 0.00753, Cost time: 2.08s
Epoch 1539, user loss: 0.00763, Cost time: 2.14s
Epoch 1549, user loss: 0.00714, Cost time: 2.07s
Epoch 1559, user loss: 0.00757, Cost time: 2.18s
Epoch 1569, user loss: 0.00762, Cost time: 2.16s
Epoch 1579, user loss: 0.00781, Cost time: 1.96s
Epoch 1589, user loss: 0.00798, Cost time: 2.06s
Epoch 1599, user loss: 0.00792, Cost time: 1.99s
[Epoch 1599] [group evaluate] [metrics] pred_score max: 75.191193, num of top-score tie (avg per sample): 1.0101
[Epoch 1599] [group evaluate] [metrics] top-score tie ratio (avg per sample): 1.0000%, samples with tied top (>1 item): 1.0050%
[Epoch 1599] Group [metrics], Hit@[1, 5, 10]: [0.00201, 0.00905, 0.01608], NDCG@[1, 5, 10]: [0.00201, 0.00529, 0.00754]
[Epoch 1599] [user evaluate] [metrics] pred_score max: 90.674973, num of top-score tie (avg per sample): 1.0473
[Epoch 1599] [user evaluate] [metrics] top-score tie ratio (avg per sample): 1.0370%, samples with tied top (>1 item): 4.6750%
[Epoch 1599] User [metrics], Hit@[1, 5, 10]: [0.27765, 0.67218, 0.81243], NDCG@[1, 5, 10]: [0.27765, 0.4855, 0.53087]
[Epoch 1599] [group evaluate] [metrics_first] pred_score max: 75.191193, num of top-score tie (avg per sample): 1.0101
[Epoch 1599] [group evaluate] [metrics_first] top-score tie ratio (avg per sample): 1.0000%, samples with tied top (>1 item): 1.0050%
[Epoch 1599] Group [metrics_first], Hit@[1, 5, 10]: [0.00201, 0.00905, 0.01608], NDCG@[1, 5, 10]: [0.00201, 0.00529, 0.00754]
[Epoch 1599] [user evaluate] [metrics_first] pred_score max: 90.674973, num of top-score tie (avg per sample): 1.0473
[Epoch 1599] [user evaluate] [metrics_first] top-score tie ratio (avg per sample): 1.0370%, samples with tied top (>1 item): 4.6750%
[Epoch 1599] User [metrics_first], Hit@[1, 5, 10]: [0.27765, 0.67446, 0.81471], NDCG@[1, 5, 10]: [0.27765, 0.48684, 0.53232]
[Epoch 1599] [group evaluate] [metrics_last] pred_score max: 75.191193, num of top-score tie (avg per sample): 1.0101
[Epoch 1599] [group evaluate] [metrics_last] top-score tie ratio (avg per sample): 1.0000%, samples with tied top (>1 item): 1.0050%
[Epoch 1599] Group [metrics_last], Hit@[1, 5, 10]: [0.00201, 0.00905, 0.01608], NDCG@[1, 5, 10]: [0.00201, 0.00529, 0.00754]
[Epoch 1599] [user evaluate] [metrics_last] pred_score max: 90.674973, num of top-score tie (avg per sample): 1.0473
[Epoch 1599] [user evaluate] [metrics_last] top-score tie ratio (avg per sample): 1.0370%, samples with tied top (>1 item): 4.6750%
[Epoch 1599] User [metrics_last], Hit@[1, 5, 10]: [0.248, 0.6642, 0.80958], NDCG@[1, 5, 10]: [0.248, 0.46788, 0.51492]
[Epoch 1599] [group evaluate] [metrics_tie_aware] pred_score max: 75.191193, num of top-score tie (avg per sample): 1.0101
[Epoch 1599] [group evaluate] [metrics_tie_aware] top-score tie ratio (avg per sample): 1.0000%, samples with tied top (>1 item): 1.0050%
[Epoch 1599] Group [metrics_tie_aware], Hit@[1, 5, 10]: [0.00201, 0.00905, 0.01608], NDCG@[1, 5, 10]: [0.00201, 0.00529, 0.00754]
[Epoch 1599] [user evaluate] [metrics_tie_aware] pred_score max: 90.674973, num of top-score tie (avg per sample): 1.0473
[Epoch 1599] [user evaluate] [metrics_tie_aware] top-score tie ratio (avg per sample): 1.0370%, samples with tied top (>1 item): 4.6750%
[Epoch 1599] User [metrics_tie_aware], Hit@[1, 5, 10]: [0.26273, 0.66952, 0.81214], NDCG@[1, 5, 10]: [0.26273, 0.4774, 0.52359]

Epoch 1609, user loss: 0.00774, Cost time: 2.20s
Epoch 1619, user loss: 0.00768, Cost time: 1.96s
Epoch 1629, user loss: 0.00771, Cost time: 2.19s
Epoch 1639, user loss: 0.00762, Cost time: 2.04s
Epoch 1649, user loss: 0.00757, Cost time: 2.05s
Epoch 1659, user loss: 0.00759, Cost time: 2.34s
Epoch 1669, user loss: 0.00796, Cost time: 2.01s
Epoch 1679, user loss: 0.00811, Cost time: 2.13s
Epoch 1689, user loss: 0.00805, Cost time: 2.02s
Epoch 1699, user loss: 0.00757, Cost time: 2.04s
[Epoch 1699] [group evaluate] [metrics] pred_score max: 80.879158, num of top-score tie (avg per sample): 1.0101
[Epoch 1699] [group evaluate] [metrics] top-score tie ratio (avg per sample): 1.0000%, samples with tied top (>1 item): 1.0050%
[Epoch 1699] Group [metrics], Hit@[1, 5, 10]: [0.00201, 0.01005, 0.01709], NDCG@[1, 5, 10]: [0.00201, 0.006, 0.00818]
[Epoch 1699] [user evaluate] [metrics] pred_score max: 97.253647, num of top-score tie (avg per sample): 1.0485
[Epoch 1699] [user evaluate] [metrics] top-score tie ratio (avg per sample): 1.0381%, samples with tied top (>1 item): 4.6750%
[Epoch 1699] User [metrics], Hit@[1, 5, 10]: [0.26625, 0.68187, 0.81414], NDCG@[1, 5, 10]: [0.26625, 0.48484, 0.5276]
[Epoch 1699] [group evaluate] [metrics_first] pred_score max: 80.879158, num of top-score tie (avg per sample): 1.0101
[Epoch 1699] [group evaluate] [metrics_first] top-score tie ratio (avg per sample): 1.0000%, samples with tied top (>1 item): 1.0050%
[Epoch 1699] Group [metrics_first], Hit@[1, 5, 10]: [0.00201, 0.01005, 0.01709], NDCG@[1, 5, 10]: [0.00201, 0.006, 0.00818]
[Epoch 1699] [user evaluate] [metrics_first] pred_score max: 97.253647, num of top-score tie (avg per sample): 1.0485
[Epoch 1699] [user evaluate] [metrics_first] top-score tie ratio (avg per sample): 1.0381%, samples with tied top (>1 item): 4.6750%
[Epoch 1699] User [metrics_first], Hit@[1, 5, 10]: [0.26625, 0.68301, 0.81756], NDCG@[1, 5, 10]: [0.26625, 0.48581, 0.52934]
[Epoch 1699] [group evaluate] [metrics_last] pred_score max: 80.879158, num of top-score tie (avg per sample): 1.0101
[Epoch 1699] [group evaluate] [metrics_last] top-score tie ratio (avg per sample): 1.0000%, samples with tied top (>1 item): 1.0050%
[Epoch 1699] Group [metrics_last], Hit@[1, 5, 10]: [0.00201, 0.01005, 0.01709], NDCG@[1, 5, 10]: [0.00201, 0.006, 0.00818]
[Epoch 1699] [user evaluate] [metrics_last] pred_score max: 97.253647, num of top-score tie (avg per sample): 1.0485
[Epoch 1699] [user evaluate] [metrics_last] top-score tie ratio (avg per sample): 1.0381%, samples with tied top (>1 item): 4.6750%
[Epoch 1699] User [metrics_last], Hit@[1, 5, 10]: [0.23717, 0.6756, 0.81015], NDCG@[1, 5, 10]: [0.23717, 0.46788, 0.51129]
[Epoch 1699] [group evaluate] [metrics_tie_aware] pred_score max: 80.879158, num of top-score tie (avg per sample): 1.0101
[Epoch 1699] [group evaluate] [metrics_tie_aware] top-score tie ratio (avg per sample): 1.0000%, samples with tied top (>1 item): 1.0050%
[Epoch 1699] Group [metrics_tie_aware], Hit@[1, 5, 10]: [0.00201, 0.01005, 0.01709], NDCG@[1, 5, 10]: [0.00201, 0.006, 0.00818]
[Epoch 1699] [user evaluate] [metrics_tie_aware] pred_score max: 97.253647, num of top-score tie (avg per sample): 1.0485
[Epoch 1699] [user evaluate] [metrics_tie_aware] top-score tie ratio (avg per sample): 1.0381%, samples with tied top (>1 item): 4.6750%
[Epoch 1699] User [metrics_tie_aware], Hit@[1, 5, 10]: [0.25152, 0.67921, 0.81385], NDCG@[1, 5, 10]: [0.25152, 0.47676, 0.52026]

Epoch 1709, user loss: 0.00777, Cost time: 2.19s
Epoch 1719, user loss: 0.00802, Cost time: 1.93s
Epoch 1729, user loss: 0.00793, Cost time: 2.12s
Epoch 1739, user loss: 0.00833, Cost time: 2.03s
Epoch 1749, user loss: 0.00766, Cost time: 1.96s
Epoch 1759, user loss: 0.00817, Cost time: 2.13s
Epoch 1769, user loss: 0.00831, Cost time: 2.07s
Epoch 1779, user loss: 0.00825, Cost time: 2.25s
Epoch 1789, user loss: 0.00803, Cost time: 2.00s
Epoch 1799, user loss: 0.00781, Cost time: 2.16s
[Epoch 1799] [group evaluate] [metrics] pred_score max: 86.743851, num of top-score tie (avg per sample): 1.0101
[Epoch 1799] [group evaluate] [metrics] top-score tie ratio (avg per sample): 1.0000%, samples with tied top (>1 item): 1.0050%
[Epoch 1799] Group [metrics], Hit@[1, 5, 10]: [0.00402, 0.01106, 0.01608], NDCG@[1, 5, 10]: [0.00402, 0.0071, 0.00875]
[Epoch 1799] [user evaluate] [metrics] pred_score max: 105.208153, num of top-score tie (avg per sample): 1.0473
[Epoch 1799] [user evaluate] [metrics] top-score tie ratio (avg per sample): 1.0370%, samples with tied top (>1 item): 4.5610%
[Epoch 1799] User [metrics], Hit@[1, 5, 10]: [0.26739, 0.6813, 0.813], NDCG@[1, 5, 10]: [0.26739, 0.48467, 0.52743]
[Epoch 1799] [group evaluate] [metrics_first] pred_score max: 86.743851, num of top-score tie (avg per sample): 1.0101
[Epoch 1799] [group evaluate] [metrics_first] top-score tie ratio (avg per sample): 1.0000%, samples with tied top (>1 item): 1.0050%
[Epoch 1799] Group [metrics_first], Hit@[1, 5, 10]: [0.00402, 0.01106, 0.01608], NDCG@[1, 5, 10]: [0.00402, 0.0071, 0.00875]
[Epoch 1799] [user evaluate] [metrics_first] pred_score max: 105.208153, num of top-score tie (avg per sample): 1.0473
[Epoch 1799] [user evaluate] [metrics_first] top-score tie ratio (avg per sample): 1.0370%, samples with tied top (>1 item): 4.5610%
[Epoch 1799] User [metrics_first], Hit@[1, 5, 10]: [0.26739, 0.68358, 0.81357], NDCG@[1, 5, 10]: [0.26739, 0.486, 0.5283]
[Epoch 1799] [group evaluate] [metrics_last] pred_score max: 86.743851, num of top-score tie (avg per sample): 1.0101
[Epoch 1799] [group evaluate] [metrics_last] top-score tie ratio (avg per sample): 1.0000%, samples with tied top (>1 item): 1.0050%
[Epoch 1799] Group [metrics_last], Hit@[1, 5, 10]: [0.00402, 0.01106, 0.01608], NDCG@[1, 5, 10]: [0.00402, 0.0071, 0.00875]
[Epoch 1799] [user evaluate] [metrics_last] pred_score max: 105.208153, num of top-score tie (avg per sample): 1.0473
[Epoch 1799] [user evaluate] [metrics_last] top-score tie ratio (avg per sample): 1.0370%, samples with tied top (>1 item): 4.5610%
[Epoch 1799] User [metrics_last], Hit@[1, 5, 10]: [0.23774, 0.6699, 0.80958], NDCG@[1, 5, 10]: [0.23774, 0.46572, 0.51113]
[Epoch 1799] [group evaluate] [metrics_tie_aware] pred_score max: 86.743851, num of top-score tie (avg per sample): 1.0101
[Epoch 1799] [group evaluate] [metrics_tie_aware] top-score tie ratio (avg per sample): 1.0000%, samples with tied top (>1 item): 1.0050%
[Epoch 1799] Group [metrics_tie_aware], Hit@[1, 5, 10]: [0.00402, 0.01106, 0.01608], NDCG@[1, 5, 10]: [0.00402, 0.0071, 0.00875]
[Epoch 1799] [user evaluate] [metrics_tie_aware] pred_score max: 105.208153, num of top-score tie (avg per sample): 1.0473
[Epoch 1799] [user evaluate] [metrics_tie_aware] top-score tie ratio (avg per sample): 1.0370%, samples with tied top (>1 item): 4.5610%
[Epoch 1799] User [metrics_tie_aware], Hit@[1, 5, 10]: [0.25238, 0.67683, 0.81167], NDCG@[1, 5, 10]: [0.25238, 0.47585, 0.51969]

Epoch 1809, user loss: 0.00795, Cost time: 2.21s
Epoch 1819, user loss: 0.00779, Cost time: 2.05s
Epoch 1829, user loss: 0.00790, Cost time: 2.19s
Epoch 1839, user loss: 0.00783, Cost time: 2.09s
Epoch 1849, user loss: 0.00813, Cost time: 2.05s
Epoch 1859, user loss: 0.00792, Cost time: 2.19s
Epoch 1869, user loss: 0.00783, Cost time: 2.07s
Epoch 1879, user loss: 0.00782, Cost time: 2.06s
Epoch 1889, user loss: 0.00795, Cost time: 2.08s
Epoch 1899, user loss: 0.00794, Cost time: 2.06s
[Epoch 1899] [group evaluate] [metrics] pred_score max: 92.864960, num of top-score tie (avg per sample): 1.0131
[Epoch 1899] [group evaluate] [metrics] top-score tie ratio (avg per sample): 1.0030%, samples with tied top (>1 item): 1.3065%
[Epoch 1899] Group [metrics], Hit@[1, 5, 10]: [0.00402, 0.01106, 0.01809], NDCG@[1, 5, 10]: [0.00402, 0.00721, 0.00943]
[Epoch 1899] [user evaluate] [metrics] pred_score max: 112.217072, num of top-score tie (avg per sample): 1.0479
[Epoch 1899] [user evaluate] [metrics] top-score tie ratio (avg per sample): 1.0375%, samples with tied top (>1 item): 4.6180%
[Epoch 1899] User [metrics], Hit@[1, 5, 10]: [0.26682, 0.67902, 0.81186], NDCG@[1, 5, 10]: [0.26682, 0.4846, 0.52778]
[Epoch 1899] [group evaluate] [metrics_first] pred_score max: 92.864960, num of top-score tie (avg per sample): 1.0131
[Epoch 1899] [group evaluate] [metrics_first] top-score tie ratio (avg per sample): 1.0030%, samples with tied top (>1 item): 1.3065%
[Epoch 1899] Group [metrics_first], Hit@[1, 5, 10]: [0.00402, 0.01106, 0.01809], NDCG@[1, 5, 10]: [0.00402, 0.00721, 0.00943]
[Epoch 1899] [user evaluate] [metrics_first] pred_score max: 112.217072, num of top-score tie (avg per sample): 1.0479
[Epoch 1899] [user evaluate] [metrics_first] top-score tie ratio (avg per sample): 1.0375%, samples with tied top (>1 item): 4.6180%
[Epoch 1899] User [metrics_first], Hit@[1, 5, 10]: [0.26682, 0.68073, 0.81642], NDCG@[1, 5, 10]: [0.26682, 0.48588, 0.53]
[Epoch 1899] [group evaluate] [metrics_last] pred_score max: 92.864960, num of top-score tie (avg per sample): 1.0131
[Epoch 1899] [group evaluate] [metrics_last] top-score tie ratio (avg per sample): 1.0030%, samples with tied top (>1 item): 1.3065%
[Epoch 1899] Group [metrics_last], Hit@[1, 5, 10]: [0.00402, 0.01106, 0.01809], NDCG@[1, 5, 10]: [0.00402, 0.00721, 0.00943]
[Epoch 1899] [user evaluate] [metrics_last] pred_score max: 112.217072, num of top-score tie (avg per sample): 1.0479
[Epoch 1899] [user evaluate] [metrics_last] top-score tie ratio (avg per sample): 1.0375%, samples with tied top (>1 item): 4.6180%
[Epoch 1899] User [metrics_last], Hit@[1, 5, 10]: [0.23717, 0.67161, 0.80901], NDCG@[1, 5, 10]: [0.23717, 0.46731, 0.5119]
[Epoch 1899] [group evaluate] [metrics_tie_aware] pred_score max: 92.864960, num of top-score tie (avg per sample): 1.0131
[Epoch 1899] [group evaluate] [metrics_tie_aware] top-score tie ratio (avg per sample): 1.0030%, samples with tied top (>1 item): 1.3065%
[Epoch 1899] Group [metrics_tie_aware], Hit@[1, 5, 10]: [0.00402, 0.01106, 0.01809], NDCG@[1, 5, 10]: [0.00402, 0.00721, 0.00943]
[Epoch 1899] [user evaluate] [metrics_tie_aware] pred_score max: 112.217072, num of top-score tie (avg per sample): 1.0479
[Epoch 1899] [user evaluate] [metrics_tie_aware] top-score tie ratio (avg per sample): 1.0375%, samples with tied top (>1 item): 4.6180%
[Epoch 1899] User [metrics_tie_aware], Hit@[1, 5, 10]: [0.25181, 0.67636, 0.81271], NDCG@[1, 5, 10]: [0.25181, 0.47662, 0.5209]

Epoch 1909, user loss: 0.00813, Cost time: 2.21s
Epoch 1919, user loss: 0.00822, Cost time: 1.99s
Epoch 1929, user loss: 0.00780, Cost time: 2.22s
Epoch 1939, user loss: 0.00771, Cost time: 2.06s
Epoch 1949, user loss: 0.00795, Cost time: 1.99s
Epoch 1959, user loss: 0.00772, Cost time: 2.13s
Epoch 1969, user loss: 0.00748, Cost time: 2.12s
Epoch 1979, user loss: 0.00744, Cost time: 2.08s
Epoch 1989, user loss: 0.00784, Cost time: 1.99s
Epoch 1999, user loss: 0.00787, Cost time: 2.10s
[Epoch 1999] [group evaluate] [metrics] pred_score max: 97.981064, num of top-score tie (avg per sample): 1.0111
[Epoch 1999] [group evaluate] [metrics] top-score tie ratio (avg per sample): 1.0010%, samples with tied top (>1 item): 1.1055%
[Epoch 1999] Group [metrics], Hit@[1, 5, 10]: [0.00402, 0.01206, 0.01709], NDCG@[1, 5, 10]: [0.00402, 0.00774, 0.00931]
[Epoch 1999] [user evaluate] [metrics] pred_score max: 117.167496, num of top-score tie (avg per sample): 1.0445
[Epoch 1999] [user evaluate] [metrics] top-score tie ratio (avg per sample): 1.0341%, samples with tied top (>1 item): 4.2759%
[Epoch 1999] User [metrics], Hit@[1, 5, 10]: [0.26853, 0.67731, 0.80844], NDCG@[1, 5, 10]: [0.26853, 0.48381, 0.52664]
[Epoch 1999] [group evaluate] [metrics_first] pred_score max: 97.981064, num of top-score tie (avg per sample): 1.0111
[Epoch 1999] [group evaluate] [metrics_first] top-score tie ratio (avg per sample): 1.0010%, samples with tied top (>1 item): 1.1055%
[Epoch 1999] Group [metrics_first], Hit@[1, 5, 10]: [0.00402, 0.01206, 0.01709], NDCG@[1, 5, 10]: [0.00402, 0.00774, 0.00931]
[Epoch 1999] [user evaluate] [metrics_first] pred_score max: 117.167496, num of top-score tie (avg per sample): 1.0445
[Epoch 1999] [user evaluate] [metrics_first] top-score tie ratio (avg per sample): 1.0341%, samples with tied top (>1 item): 4.2759%
[Epoch 1999] User [metrics_first], Hit@[1, 5, 10]: [0.26853, 0.67959, 0.81186], NDCG@[1, 5, 10]: [0.26853, 0.48526, 0.52853]
[Epoch 1999] [group evaluate] [metrics_last] pred_score max: 97.981064, num of top-score tie (avg per sample): 1.0111
[Epoch 1999] [group evaluate] [metrics_last] top-score tie ratio (avg per sample): 1.0010%, samples with tied top (>1 item): 1.1055%
[Epoch 1999] Group [metrics_last], Hit@[1, 5, 10]: [0.00402, 0.01206, 0.01709], NDCG@[1, 5, 10]: [0.00402, 0.00774, 0.00931]
[Epoch 1999] [user evaluate] [metrics_last] pred_score max: 117.167496, num of top-score tie (avg per sample): 1.0445
[Epoch 1999] [user evaluate] [metrics_last] top-score tie ratio (avg per sample): 1.0341%, samples with tied top (>1 item): 4.2759%
[Epoch 1999] User [metrics_last], Hit@[1, 5, 10]: [0.23831, 0.66819, 0.80331], NDCG@[1, 5, 10]: [0.23831, 0.46588, 0.51008]
[Epoch 1999] [group evaluate] [metrics_tie_aware] pred_score max: 97.981064, num of top-score tie (avg per sample): 1.0111
[Epoch 1999] [group evaluate] [metrics_tie_aware] top-score tie ratio (avg per sample): 1.0010%, samples with tied top (>1 item): 1.1055%
[Epoch 1999] Group [metrics_tie_aware], Hit@[1, 5, 10]: [0.00402, 0.01206, 0.01709], NDCG@[1, 5, 10]: [0.00402, 0.00774, 0.00931]
[Epoch 1999] [user evaluate] [metrics_tie_aware] pred_score max: 117.167496, num of top-score tie (avg per sample): 1.0445
[Epoch 1999] [user evaluate] [metrics_tie_aware] top-score tie ratio (avg per sample): 1.0341%, samples with tied top (>1 item): 4.2759%
[Epoch 1999] User [metrics_tie_aware], Hit@[1, 5, 10]: [0.25323, 0.67389, 0.80758], NDCG@[1, 5, 10]: [0.25323, 0.47552, 0.51926]

[Epoch 2000] [group evaluate] [metrics] pred_score max: 97.833374, num of top-score tie (avg per sample): 1.0111
[Epoch 2000] [group evaluate] [metrics] top-score tie ratio (avg per sample): 1.0010%, samples with tied top (>1 item): 1.1055%
[Epoch 2000] Group [metrics], Hit@[1, 5, 10]: [0.00402, 0.01106, 0.01709], NDCG@[1, 5, 10]: [0.00402, 0.00735, 0.00925]
[Epoch 2000] [user evaluate] [metrics] pred_score max: 117.175529, num of top-score tie (avg per sample): 1.0479
[Epoch 2000] [user evaluate] [metrics] top-score tie ratio (avg per sample): 1.0375%, samples with tied top (>1 item): 4.6180%
[Epoch 2000] User [metrics], Hit@[1, 5, 10]: [0.2691, 0.67503, 0.8073], NDCG@[1, 5, 10]: [0.2691, 0.48325, 0.52658]
[Epoch 2000] [group evaluate] [metrics_first] pred_score max: 97.833374, num of top-score tie (avg per sample): 1.0111
[Epoch 2000] [group evaluate] [metrics_first] top-score tie ratio (avg per sample): 1.0010%, samples with tied top (>1 item): 1.1055%
[Epoch 2000] Group [metrics_first], Hit@[1, 5, 10]: [0.00402, 0.01106, 0.01709], NDCG@[1, 5, 10]: [0.00402, 0.00735, 0.00925]
[Epoch 2000] [user evaluate] [metrics_first] pred_score max: 117.175529, num of top-score tie (avg per sample): 1.0479
[Epoch 2000] [user evaluate] [metrics_first] top-score tie ratio (avg per sample): 1.0375%, samples with tied top (>1 item): 4.6180%
[Epoch 2000] User [metrics_first], Hit@[1, 5, 10]: [0.2691, 0.67902, 0.81129], NDCG@[1, 5, 10]: [0.2691, 0.48551, 0.52875]
[Epoch 2000] [group evaluate] [metrics_last] pred_score max: 97.833374, num of top-score tie (avg per sample): 1.0111
[Epoch 2000] [group evaluate] [metrics_last] top-score tie ratio (avg per sample): 1.0010%, samples with tied top (>1 item): 1.1055%
[Epoch 2000] Group [metrics_last], Hit@[1, 5, 10]: [0.00402, 0.01106, 0.01709], NDCG@[1, 5, 10]: [0.00402, 0.00735, 0.00925]
[Epoch 2000] [user evaluate] [metrics_last] pred_score max: 117.175529, num of top-score tie (avg per sample): 1.0479
[Epoch 2000] [user evaluate] [metrics_last] top-score tie ratio (avg per sample): 1.0375%, samples with tied top (>1 item): 4.6180%
[Epoch 2000] User [metrics_last], Hit@[1, 5, 10]: [0.23831, 0.66477, 0.80331], NDCG@[1, 5, 10]: [0.23831, 0.46482, 0.51025]
[Epoch 2000] [group evaluate] [metrics_tie_aware] pred_score max: 97.833374, num of top-score tie (avg per sample): 1.0111
[Epoch 2000] [group evaluate] [metrics_tie_aware] top-score tie ratio (avg per sample): 1.0010%, samples with tied top (>1 item): 1.1055%
[Epoch 2000] Group [metrics_tie_aware], Hit@[1, 5, 10]: [0.00402, 0.01106, 0.01709], NDCG@[1, 5, 10]: [0.00402, 0.00735, 0.00925]
[Epoch 2000] [user evaluate] [metrics_tie_aware] pred_score max: 117.175529, num of top-score tie (avg per sample): 1.0479
[Epoch 2000] [user evaluate] [metrics_tie_aware] top-score tie ratio (avg per sample): 1.0375%, samples with tied top (>1 item): 4.6180%
[Epoch 2000] User [metrics_tie_aware], Hit@[1, 5, 10]: [0.25352, 0.67208, 0.80739], NDCG@[1, 5, 10]: [0.25352, 0.47518, 0.51947]


## Finishing Time: 2026-05-03 01:06:50
= = = = = = = = = = = = = = = = = = = = 
Done!
