= = = = = = = = = = = = = = = = = = = = 
## Starting Time: 2026-05-01 14:43:05
Namespace(seed=1, dataset='Mafengwo', device='cuda:0', layers=3, emb_dim=32, num_negatives=8, cluster=10, g2i=10, topK=[1, 5, 10], epoch=2000, learning_rate=0.0001, batch_size=512, patience=4, predictor='MLP', loss_type='BPR')
[MAFENGWO] loading...
UserItem: (5275, 1513) with 38011 interactions, sparsity: 0.99524
GroupItem: (995, 539) with 2600 interactions, sparsity: 0.99515
/home/guest/r14944001/projects/reproducibility/ITR/dataloader.py:208: UserWarning: torch.sparse.SparseTensor(indices, values, shape, *, device=) is deprecated.  Please use torch.sparse_coo_tensor(indices, values, shape, dtype=, device=). (Triggered internally at ../torch/csrc/utils/tensor_new.cpp:651.)
  return torch.sparse.FloatTensor(index, data, torch.Size(coo.shape))
/home/guest/r14944001/projects/reproducibility/ITR/dataloader.py:190: UserWarning: Sparse CSR tensor support is in beta state. If you miss a functionality in the sparse tensor support, please submit a feature request to https://github.com/pytorch/pytorch/issues. (Triggered internally at ../aten/src/ATen/SparseCsrTensorImpl.cpp:53.)
  user_hyper_graph = torch.sparse.mm(convert_sp_mat_to_sp_tensor(user_hg_deg),
User hyper-graph torch.Size([995, 5275]), Item hyper-graph torch.Size([995, 1513]), Full hyper-graph torch.Size([6788, 995])
/home/guest/r14944001/projects/reproducibility/ITR/dataloader.py:222: RuntimeWarning: divide by zero encountered in power
  d_inv = np.power(row_sum, -0.5).flatten()
[0;30;43mMAFENGWO finish loading![0m #Users 5275, #Items 1513, #Groups 995

Epoch 9, user loss: 0.41421, Cost time: 2.42s
Epoch 19, user loss: 0.39799, Cost time: 2.64s
Epoch 29, user loss: 0.38076, Cost time: 2.61s
Epoch 39, user loss: 0.36992, Cost time: 2.95s
Epoch 49, user loss: 0.36430, Cost time: 2.43s
Epoch 59, user loss: 0.36095, Cost time: 2.86s
Epoch 69, user loss: 0.35880, Cost time: 2.88s
Epoch 79, user loss: 0.35754, Cost time: 2.53s
Epoch 89, user loss: 0.35700, Cost time: 2.40s
Epoch 99, user loss: 0.35619, Cost time: 2.43s
[Epoch 99] [group evaluate] [metrics] pred_score max: 1.000000, num of top-score tie (avg per sample): 1.2060
[Epoch 99] [group evaluate] [metrics] top-score tie ratio (avg per sample): 1.1941%, samples with tied top (>1 item): 9.5477%
[Epoch 99] Group [metrics], Hit@[1, 5, 10]: [0.01005, 0.09749, 0.2], NDCG@[1, 5, 10]: [0.01005, 0.05189, 0.08472]
[Epoch 99] [user evaluate] [metrics] pred_score max: 1.000000, num of top-score tie (avg per sample): 8.1152
[Epoch 99] [user evaluate] [metrics] top-score tie ratio (avg per sample): 8.0348%, samples with tied top (>1 item): 66.5336%
[Epoch 99] User [metrics], Hit@[1, 5, 10]: [0.5667, 0.75941, 0.84664], NDCG@[1, 5, 10]: [0.5667, 0.66783, 0.69628]
[Epoch 99] [group evaluate] [metrics_first] pred_score max: 1.000000, num of top-score tie (avg per sample): 1.2060
[Epoch 99] [group evaluate] [metrics_first] top-score tie ratio (avg per sample): 1.1941%, samples with tied top (>1 item): 9.5477%
[Epoch 99] Group [metrics_first], Hit@[1, 5, 10]: [0.01005, 0.09749, 0.20101], NDCG@[1, 5, 10]: [0.01005, 0.05189, 0.08502]
[Epoch 99] [user evaluate] [metrics_first] pred_score max: 1.000000, num of top-score tie (avg per sample): 8.1152
[Epoch 99] [user evaluate] [metrics_first] top-score tie ratio (avg per sample): 8.0348%, samples with tied top (>1 item): 66.5336%
[Epoch 99] User [metrics_first], Hit@[1, 5, 10]: [0.5667, 0.76226, 0.85006], NDCG@[1, 5, 10]: [0.5667, 0.66938, 0.698]
[Epoch 99] [group evaluate] [metrics_last] pred_score max: 1.000000, num of top-score tie (avg per sample): 1.2060
[Epoch 99] [group evaluate] [metrics_last] top-score tie ratio (avg per sample): 1.1941%, samples with tied top (>1 item): 9.5477%
[Epoch 99] Group [metrics_last], Hit@[1, 5, 10]: [0.00804, 0.09749, 0.2], NDCG@[1, 5, 10]: [0.00804, 0.05068, 0.08349]
[Epoch 99] [user evaluate] [metrics_last] pred_score max: 1.000000, num of top-score tie (avg per sample): 8.1152
[Epoch 99] [user evaluate] [metrics_last] top-score tie ratio (avg per sample): 8.0348%, samples with tied top (>1 item): 66.5336%
[Epoch 99] User [metrics_last], Hit@[1, 5, 10]: [0.14538, 0.56328, 0.70011], NDCG@[1, 5, 10]: [0.14538, 0.35488, 0.40038]
[Epoch 99] [group evaluate] [metrics_tie_aware] pred_score max: 1.000000, num of top-score tie (avg per sample): 1.2060
[Epoch 99] [group evaluate] [metrics_tie_aware] top-score tie ratio (avg per sample): 1.1941%, samples with tied top (>1 item): 9.5477%
[Epoch 99] Group [metrics_tie_aware], Hit@[1, 5, 10]: [0.00858, 0.09749, 0.2005], NDCG@[1, 5, 10]: [0.00858, 0.05114, 0.08411]
[Epoch 99] [user evaluate] [metrics_tie_aware] pred_score max: 1.000000, num of top-score tie (avg per sample): 8.1152
[Epoch 99] [user evaluate] [metrics_tie_aware] top-score tie ratio (avg per sample): 8.0348%, samples with tied top (>1 item): 66.5336%
[Epoch 99] User [metrics_tie_aware], Hit@[1, 5, 10]: [0.23479, 0.63387, 0.76092], NDCG@[1, 5, 10]: [0.23479, 0.4443, 0.48576]

Epoch 109, user loss: 0.35572, Cost time: 2.58s
Epoch 119, user loss: 0.35507, Cost time: 2.39s
Epoch 129, user loss: 0.35479, Cost time: 2.37s
Epoch 139, user loss: 0.35462, Cost time: 2.43s
Epoch 149, user loss: 0.35448, Cost time: 2.48s
Epoch 159, user loss: 0.35448, Cost time: 2.54s
Epoch 169, user loss: 0.35435, Cost time: 2.32s
Epoch 179, user loss: 0.35399, Cost time: 2.37s
Epoch 189, user loss: 0.35393, Cost time: 2.46s
Epoch 199, user loss: 0.35422, Cost time: 2.49s
[Epoch 199] [group evaluate] [metrics] pred_score max: 1.000000, num of top-score tie (avg per sample): 29.5337
[Epoch 199] [group evaluate] [metrics] top-score tie ratio (avg per sample): 29.2413%, samples with tied top (>1 item): 33.8693%
[Epoch 199] Group [metrics], Hit@[1, 5, 10]: [0.28844, 0.65025, 0.7206], NDCG@[1, 5, 10]: [0.28844, 0.47564, 0.49935]
[Epoch 199] [user evaluate] [metrics] pred_score max: 1.000000, num of top-score tie (avg per sample): 8.6653
[Epoch 199] [user evaluate] [metrics] top-score tie ratio (avg per sample): 8.5795%, samples with tied top (>1 item): 77.8221%
[Epoch 199] User [metrics], Hit@[1, 5, 10]: [0.61688, 0.78107, 0.84949], NDCG@[1, 5, 10]: [0.61688, 0.70007, 0.72254]
[Epoch 199] [group evaluate] [metrics_first] pred_score max: 1.000000, num of top-score tie (avg per sample): 29.5337
[Epoch 199] [group evaluate] [metrics_first] top-score tie ratio (avg per sample): 29.2413%, samples with tied top (>1 item): 33.8693%
[Epoch 199] Group [metrics_first], Hit@[1, 5, 10]: [0.28844, 0.76884, 0.92663], NDCG@[1, 5, 10]: [0.28844, 0.52968, 0.58225]
[Epoch 199] [user evaluate] [metrics_first] pred_score max: 1.000000, num of top-score tie (avg per sample): 8.6653
[Epoch 199] [user evaluate] [metrics_first] top-score tie ratio (avg per sample): 8.5795%, samples with tied top (>1 item): 77.8221%
[Epoch 199] User [metrics_first], Hit@[1, 5, 10]: [0.61688, 0.78164, 0.8512], NDCG@[1, 5, 10]: [0.61688, 0.70043, 0.72325]
[Epoch 199] [group evaluate] [metrics_last] pred_score max: 1.000000, num of top-score tie (avg per sample): 29.5337
[Epoch 199] [group evaluate] [metrics_last] top-score tie ratio (avg per sample): 29.2413%, samples with tied top (>1 item): 33.8693%
[Epoch 199] Group [metrics_last], Hit@[1, 5, 10]: [0.00201, 0.02915, 0.04422], NDCG@[1, 5, 10]: [0.00201, 0.01584, 0.02071]
[Epoch 199] [user evaluate] [metrics_last] pred_score max: 1.000000, num of top-score tie (avg per sample): 8.6653
[Epoch 199] [user evaluate] [metrics_last] top-score tie ratio (avg per sample): 8.5795%, samples with tied top (>1 item): 77.8221%
[Epoch 199] User [metrics_last], Hit@[1, 5, 10]: [0.11117, 0.56442, 0.67161], NDCG@[1, 5, 10]: [0.11117, 0.33845, 0.37419]
[Epoch 199] [group evaluate] [metrics_tie_aware] pred_score max: 1.000000, num of top-score tie (avg per sample): 29.5337
[Epoch 199] [group evaluate] [metrics_tie_aware] top-score tie ratio (avg per sample): 29.2413%, samples with tied top (>1 item): 33.8693%
[Epoch 199] Group [metrics_tie_aware], Hit@[1, 5, 10]: [0.00553, 0.05562, 0.11367], NDCG@[1, 5, 10]: [0.00553, 0.03012, 0.04867]
[Epoch 199] [user evaluate] [metrics_tie_aware] pred_score max: 1.000000, num of top-score tie (avg per sample): 8.6653
[Epoch 199] [user evaluate] [metrics_tie_aware] top-score tie ratio (avg per sample): 8.5795%, samples with tied top (>1 item): 77.8221%
[Epoch 199] User [metrics_tie_aware], Hit@[1, 5, 10]: [0.22373, 0.63544, 0.75522], NDCG@[1, 5, 10]: [0.22373, 0.43955, 0.47867]

Epoch 209, user loss: 0.35397, Cost time: 2.32s
Epoch 219, user loss: 0.35386, Cost time: 2.70s
Epoch 229, user loss: 0.35374, Cost time: 2.40s
Epoch 239, user loss: 0.35381, Cost time: 2.36s
Epoch 249, user loss: 0.35387, Cost time: 2.44s
Epoch 259, user loss: 0.35369, Cost time: 2.32s
Epoch 269, user loss: 0.35394, Cost time: 2.44s
Epoch 279, user loss: 0.35391, Cost time: 2.40s
Epoch 289, user loss: 0.35366, Cost time: 2.46s
Epoch 299, user loss: 0.35381, Cost time: 2.31s
[Epoch 299] [group evaluate] [metrics] pred_score max: 1.000000, num of top-score tie (avg per sample): 54.9668
[Epoch 299] [group evaluate] [metrics] top-score tie ratio (avg per sample): 54.4226%, samples with tied top (>1 item): 59.4975%
[Epoch 299] Group [metrics], Hit@[1, 5, 10]: [0.54271, 0.82613, 0.85327], NDCG@[1, 5, 10]: [0.54271, 0.69642, 0.70552]
[Epoch 299] [user evaluate] [metrics] pred_score max: 1.000000, num of top-score tie (avg per sample): 9.2292
[Epoch 299] [user evaluate] [metrics] top-score tie ratio (avg per sample): 9.1378%, samples with tied top (>1 item): 83.2953%
[Epoch 299] User [metrics], Hit@[1, 5, 10]: [0.66363, 0.79989, 0.85804], NDCG@[1, 5, 10]: [0.66363, 0.73137, 0.75039]
[Epoch 299] [group evaluate] [metrics_first] pred_score max: 1.000000, num of top-score tie (avg per sample): 54.9668
[Epoch 299] [group evaluate] [metrics_first] top-score tie ratio (avg per sample): 54.4226%, samples with tied top (>1 item): 59.4975%
[Epoch 299] Group [metrics_first], Hit@[1, 5, 10]: [0.54271, 0.9206, 0.98492], NDCG@[1, 5, 10]: [0.54271, 0.74243, 0.76416]
[Epoch 299] [user evaluate] [metrics_first] pred_score max: 1.000000, num of top-score tie (avg per sample): 9.2292
[Epoch 299] [user evaluate] [metrics_first] top-score tie ratio (avg per sample): 9.1378%, samples with tied top (>1 item): 83.2953%
[Epoch 299] User [metrics_first], Hit@[1, 5, 10]: [0.66363, 0.80103, 0.85975], NDCG@[1, 5, 10]: [0.66363, 0.73187, 0.75105]
[Epoch 299] [group evaluate] [metrics_last] pred_score max: 1.000000, num of top-score tie (avg per sample): 54.9668
[Epoch 299] [group evaluate] [metrics_last] top-score tie ratio (avg per sample): 54.4226%, samples with tied top (>1 item): 59.4975%
[Epoch 299] Group [metrics_last], Hit@[1, 5, 10]: [0.00201, 0.00804, 0.01206], NDCG@[1, 5, 10]: [0.00201, 0.00483, 0.00605]
[Epoch 299] [user evaluate] [metrics_last] pred_score max: 1.000000, num of top-score tie (avg per sample): 9.2292
[Epoch 299] [user evaluate] [metrics_last] top-score tie ratio (avg per sample): 9.1378%, samples with tied top (>1 item): 83.2953%
[Epoch 299] User [metrics_last], Hit@[1, 5, 10]: [0.09293, 0.55131, 0.66078], NDCG@[1, 5, 10]: [0.09293, 0.32155, 0.35799]
[Epoch 299] [group evaluate] [metrics_tie_aware] pred_score max: 1.000000, num of top-score tie (avg per sample): 54.9668
[Epoch 299] [group evaluate] [metrics_tie_aware] top-score tie ratio (avg per sample): 54.4226%, samples with tied top (>1 item): 59.4975%
[Epoch 299] Group [metrics_tie_aware], Hit@[1, 5, 10]: [0.00805, 0.04604, 0.09826], NDCG@[1, 5, 10]: [0.00805, 0.02616, 0.04274]
[Epoch 299] [user evaluate] [metrics_tie_aware] pred_score max: 1.000000, num of top-score tie (avg per sample): 9.2292
[Epoch 299] [user evaluate] [metrics_tie_aware] top-score tie ratio (avg per sample): 9.1378%, samples with tied top (>1 item): 83.2953%
[Epoch 299] User [metrics_tie_aware], Hit@[1, 5, 10]: [0.21895, 0.63716, 0.75513], NDCG@[1, 5, 10]: [0.21895, 0.43755, 0.47596]

Epoch 309, user loss: 0.35382, Cost time: 2.40s
Epoch 319, user loss: 0.35384, Cost time: 2.33s
Epoch 329, user loss: 0.35391, Cost time: 2.37s
Epoch 339, user loss: 0.35366, Cost time: 2.38s
Epoch 349, user loss: 0.35371, Cost time: 2.43s
Epoch 359, user loss: 0.35378, Cost time: 2.38s
Epoch 369, user loss: 0.35358, Cost time: 2.67s
Epoch 379, user loss: 0.35370, Cost time: 2.39s
Epoch 389, user loss: 0.35394, Cost time: 2.42s
Epoch 399, user loss: 0.35370, Cost time: 2.37s
[Epoch 399] [group evaluate] [metrics] pred_score max: 1.000000, num of top-score tie (avg per sample): 63.4090
[Epoch 399] [group evaluate] [metrics] top-score tie ratio (avg per sample): 62.7812%, samples with tied top (>1 item): 67.8392%
[Epoch 399] Group [metrics], Hit@[1, 5, 10]: [0.62513, 0.8603, 0.88141], NDCG@[1, 5, 10]: [0.62513, 0.75557, 0.7628]
[Epoch 399] [user evaluate] [metrics] pred_score max: 1.000000, num of top-score tie (avg per sample): 9.5160
[Epoch 399] [user evaluate] [metrics] top-score tie ratio (avg per sample): 9.4217%, samples with tied top (>1 item): 85.6899%
[Epoch 399] User [metrics], Hit@[1, 5, 10]: [0.68073, 0.80388, 0.8626], NDCG@[1, 5, 10]: [0.68073, 0.7412, 0.7605]
[Epoch 399] [group evaluate] [metrics_first] pred_score max: 1.000000, num of top-score tie (avg per sample): 63.4090
[Epoch 399] [group evaluate] [metrics_first] top-score tie ratio (avg per sample): 62.7812%, samples with tied top (>1 item): 67.8392%
[Epoch 399] Group [metrics_first], Hit@[1, 5, 10]: [0.62513, 0.93668, 0.98894], NDCG@[1, 5, 10]: [0.62513, 0.79337, 0.81124]
[Epoch 399] [user evaluate] [metrics_first] pred_score max: 1.000000, num of top-score tie (avg per sample): 9.5160
[Epoch 399] [user evaluate] [metrics_first] top-score tie ratio (avg per sample): 9.4217%, samples with tied top (>1 item): 85.6899%
[Epoch 399] User [metrics_first], Hit@[1, 5, 10]: [0.68073, 0.80559, 0.86374], NDCG@[1, 5, 10]: [0.68073, 0.74198, 0.76109]
[Epoch 399] [group evaluate] [metrics_last] pred_score max: 1.000000, num of top-score tie (avg per sample): 63.4090
[Epoch 399] [group evaluate] [metrics_last] top-score tie ratio (avg per sample): 62.7812%, samples with tied top (>1 item): 67.8392%
[Epoch 399] Group [metrics_last], Hit@[1, 5, 10]: [0.0, 0.00503, 0.00503], NDCG@[1, 5, 10]: [0.0, 0.0023, 0.0023]
[Epoch 399] [user evaluate] [metrics_last] pred_score max: 1.000000, num of top-score tie (avg per sample): 9.5160
[Epoch 399] [user evaluate] [metrics_last] top-score tie ratio (avg per sample): 9.4217%, samples with tied top (>1 item): 85.6899%
[Epoch 399] User [metrics_last], Hit@[1, 5, 10]: [0.08267, 0.54219, 0.65564], NDCG@[1, 5, 10]: [0.08267, 0.31071, 0.34855]
[Epoch 399] [group evaluate] [metrics_tie_aware] pred_score max: 1.000000, num of top-score tie (avg per sample): 63.4090
[Epoch 399] [group evaluate] [metrics_tie_aware] top-score tie ratio (avg per sample): 62.7812%, samples with tied top (>1 item): 67.8392%
[Epoch 399] Group [metrics_tie_aware], Hit@[1, 5, 10]: [0.00671, 0.04552, 0.09428], NDCG@[1, 5, 10]: [0.00671, 0.02539, 0.04093]
[Epoch 399] [user evaluate] [metrics_tie_aware] pred_score max: 1.000000, num of top-score tie (avg per sample): 9.5160
[Epoch 399] [user evaluate] [metrics_tie_aware] top-score tie ratio (avg per sample): 9.4217%, samples with tied top (>1 item): 85.6899%
[Epoch 399] User [metrics_tie_aware], Hit@[1, 5, 10]: [0.21402, 0.63242, 0.75278], NDCG@[1, 5, 10]: [0.21402, 0.43223, 0.4715]

Epoch 409, user loss: 0.35397, Cost time: 2.46s
Epoch 419, user loss: 0.35363, Cost time: 2.50s
Epoch 429, user loss: 0.35375, Cost time: 2.39s
Epoch 439, user loss: 0.35370, Cost time: 2.46s
Epoch 449, user loss: 0.35397, Cost time: 2.27s
Epoch 459, user loss: 0.35381, Cost time: 2.49s
Epoch 469, user loss: 0.35400, Cost time: 2.33s
Epoch 479, user loss: 0.35369, Cost time: 2.33s
Epoch 489, user loss: 0.35361, Cost time: 2.29s
Epoch 499, user loss: 0.35384, Cost time: 2.32s
[Epoch 499] [group evaluate] [metrics] pred_score max: 1.000000, num of top-score tie (avg per sample): 67.0332
[Epoch 499] [group evaluate] [metrics] top-score tie ratio (avg per sample): 66.3695%, samples with tied top (>1 item): 71.6583%
[Epoch 499] Group [metrics], Hit@[1, 5, 10]: [0.66131, 0.87437, 0.89146], NDCG@[1, 5, 10]: [0.66131, 0.77987, 0.78581]
[Epoch 499] [user evaluate] [metrics] pred_score max: 1.000000, num of top-score tie (avg per sample): 9.6083
[Epoch 499] [user evaluate] [metrics] top-score tie ratio (avg per sample): 9.5132%, samples with tied top (>1 item): 86.6021%
[Epoch 499] User [metrics], Hit@[1, 5, 10]: [0.68814, 0.80559, 0.86203], NDCG@[1, 5, 10]: [0.68814, 0.74564, 0.76423]
[Epoch 499] [group evaluate] [metrics_first] pred_score max: 1.000000, num of top-score tie (avg per sample): 67.0332
[Epoch 499] [group evaluate] [metrics_first] top-score tie ratio (avg per sample): 66.3695%, samples with tied top (>1 item): 71.6583%
[Epoch 499] Group [metrics_first], Hit@[1, 5, 10]: [0.66131, 0.94372, 0.98894], NDCG@[1, 5, 10]: [0.66131, 0.81417, 0.82969]
[Epoch 499] [user evaluate] [metrics_first] pred_score max: 1.000000, num of top-score tie (avg per sample): 9.6083
[Epoch 499] [user evaluate] [metrics_first] top-score tie ratio (avg per sample): 9.5132%, samples with tied top (>1 item): 86.6021%
[Epoch 499] User [metrics_first], Hit@[1, 5, 10]: [0.68814, 0.8073, 0.8626], NDCG@[1, 5, 10]: [0.68814, 0.74637, 0.76458]
[Epoch 499] [group evaluate] [metrics_last] pred_score max: 1.000000, num of top-score tie (avg per sample): 67.0332
[Epoch 499] [group evaluate] [metrics_last] top-score tie ratio (avg per sample): 66.3695%, samples with tied top (>1 item): 71.6583%
[Epoch 499] Group [metrics_last], Hit@[1, 5, 10]: [0.0, 0.00503, 0.00503], NDCG@[1, 5, 10]: [0.0, 0.00243, 0.00243]
[Epoch 499] [user evaluate] [metrics_last] pred_score max: 1.000000, num of top-score tie (avg per sample): 9.6083
[Epoch 499] [user evaluate] [metrics_last] top-score tie ratio (avg per sample): 9.5132%, samples with tied top (>1 item): 86.6021%
[Epoch 499] User [metrics_last], Hit@[1, 5, 10]: [0.07925, 0.54048, 0.65222], NDCG@[1, 5, 10]: [0.07925, 0.30811, 0.34537]
[Epoch 499] [group evaluate] [metrics_tie_aware] pred_score max: 1.000000, num of top-score tie (avg per sample): 67.0332
[Epoch 499] [group evaluate] [metrics_tie_aware] top-score tie ratio (avg per sample): 66.3695%, samples with tied top (>1 item): 71.6583%
[Epoch 499] Group [metrics_tie_aware], Hit@[1, 5, 10]: [0.00723, 0.04641, 0.09521], NDCG@[1, 5, 10]: [0.00723, 0.02614, 0.0417]
[Epoch 499] [user evaluate] [metrics_tie_aware] pred_score max: 1.000000, num of top-score tie (avg per sample): 9.6083
[Epoch 499] [user evaluate] [metrics_tie_aware] top-score tie ratio (avg per sample): 9.5132%, samples with tied top (>1 item): 86.6021%
[Epoch 499] User [metrics_tie_aware], Hit@[1, 5, 10]: [0.21309, 0.63161, 0.75051], NDCG@[1, 5, 10]: [0.21309, 0.43158, 0.47037]

Epoch 509, user loss: 0.35369, Cost time: 2.25s
Epoch 519, user loss: 0.35351, Cost time: 2.40s
Epoch 529, user loss: 0.35389, Cost time: 2.26s
Epoch 539, user loss: 0.35383, Cost time: 2.26s
Epoch 549, user loss: 0.35392, Cost time: 2.42s
Epoch 559, user loss: 0.35375, Cost time: 2.32s
Epoch 569, user loss: 0.35387, Cost time: 2.32s
Epoch 579, user loss: 0.35383, Cost time: 2.44s
Epoch 589, user loss: 0.35385, Cost time: 2.32s
Epoch 599, user loss: 0.35376, Cost time: 2.53s
[Epoch 599] [group evaluate] [metrics] pred_score max: 1.000000, num of top-score tie (avg per sample): 69.2442
[Epoch 599] [group evaluate] [metrics] top-score tie ratio (avg per sample): 68.5586%, samples with tied top (>1 item): 73.7688%
[Epoch 599] Group [metrics], Hit@[1, 5, 10]: [0.68342, 0.88442, 0.90151], NDCG@[1, 5, 10]: [0.68342, 0.7958, 0.8017]
[Epoch 599] [user evaluate] [metrics] pred_score max: 1.000000, num of top-score tie (avg per sample): 9.6117
[Epoch 599] [user evaluate] [metrics] top-score tie ratio (avg per sample): 9.5166%, samples with tied top (>1 item): 86.8301%
[Epoch 599] User [metrics], Hit@[1, 5, 10]: [0.69099, 0.80787, 0.86203], NDCG@[1, 5, 10]: [0.69099, 0.7482, 0.766]
[Epoch 599] [group evaluate] [metrics_first] pred_score max: 1.000000, num of top-score tie (avg per sample): 69.2442
[Epoch 599] [group evaluate] [metrics_first] top-score tie ratio (avg per sample): 68.5586%, samples with tied top (>1 item): 73.7688%
[Epoch 599] Group [metrics_first], Hit@[1, 5, 10]: [0.68342, 0.94874, 0.98995], NDCG@[1, 5, 10]: [0.68342, 0.82758, 0.84174]
[Epoch 599] [user evaluate] [metrics_first] pred_score max: 1.000000, num of top-score tie (avg per sample): 9.6117
[Epoch 599] [user evaluate] [metrics_first] top-score tie ratio (avg per sample): 9.5166%, samples with tied top (>1 item): 86.8301%
[Epoch 599] User [metrics_first], Hit@[1, 5, 10]: [0.69099, 0.80901, 0.86317], NDCG@[1, 5, 10]: [0.69099, 0.74879, 0.76658]
[Epoch 599] [group evaluate] [metrics_last] pred_score max: 1.000000, num of top-score tie (avg per sample): 69.2442
[Epoch 599] [group evaluate] [metrics_last] top-score tie ratio (avg per sample): 68.5586%, samples with tied top (>1 item): 73.7688%
[Epoch 599] Group [metrics_last], Hit@[1, 5, 10]: [0.0, 0.00503, 0.00603], NDCG@[1, 5, 10]: [0.0, 0.00243, 0.00274]
[Epoch 599] [user evaluate] [metrics_last] pred_score max: 1.000000, num of top-score tie (avg per sample): 9.6117
[Epoch 599] [user evaluate] [metrics_last] top-score tie ratio (avg per sample): 9.5166%, samples with tied top (>1 item): 86.8301%
[Epoch 599] User [metrics_last], Hit@[1, 5, 10]: [0.07754, 0.53934, 0.65222], NDCG@[1, 5, 10]: [0.07754, 0.30721, 0.34481]
[Epoch 599] [group evaluate] [metrics_tie_aware] pred_score max: 1.000000, num of top-score tie (avg per sample): 69.2442
[Epoch 599] [group evaluate] [metrics_tie_aware] top-score tie ratio (avg per sample): 68.5586%, samples with tied top (>1 item): 73.7688%
[Epoch 599] Group [metrics_tie_aware], Hit@[1, 5, 10]: [0.00745, 0.04706, 0.0969], NDCG@[1, 5, 10]: [0.00745, 0.02658, 0.04245]
[Epoch 599] [user evaluate] [metrics_tie_aware] pred_score max: 1.000000, num of top-score tie (avg per sample): 9.6117
[Epoch 599] [user evaluate] [metrics_tie_aware] top-score tie ratio (avg per sample): 9.5166%, samples with tied top (>1 item): 86.8301%
[Epoch 599] User [metrics_tie_aware], Hit@[1, 5, 10]: [0.21275, 0.63202, 0.74976], NDCG@[1, 5, 10]: [0.21275, 0.43193, 0.47032]

Epoch 609, user loss: 0.35387, Cost time: 2.60s
Epoch 619, user loss: 0.35377, Cost time: 2.27s
Epoch 629, user loss: 0.35398, Cost time: 2.62s
Epoch 639, user loss: 0.35391, Cost time: 2.50s
Epoch 649, user loss: 0.35385, Cost time: 2.63s
Epoch 659, user loss: 0.35389, Cost time: 2.46s
Epoch 669, user loss: 0.35389, Cost time: 2.35s
Epoch 679, user loss: 0.35381, Cost time: 2.31s
Epoch 689, user loss: 0.35386, Cost time: 2.51s
Epoch 699, user loss: 0.35371, Cost time: 2.50s
[Epoch 699] [group evaluate] [metrics] pred_score max: 1.000000, num of top-score tie (avg per sample): 70.4442
[Epoch 699] [group evaluate] [metrics] top-score tie ratio (avg per sample): 69.7468%, samples with tied top (>1 item): 74.3719%
[Epoch 699] Group [metrics], Hit@[1, 5, 10]: [0.69548, 0.89146, 0.90653], NDCG@[1, 5, 10]: [0.69548, 0.80588, 0.81105]
[Epoch 699] [user evaluate] [metrics] pred_score max: 1.000000, num of top-score tie (avg per sample): 9.5690
[Epoch 699] [user evaluate] [metrics] top-score tie ratio (avg per sample): 9.4742%, samples with tied top (>1 item): 86.6021%
[Epoch 699] User [metrics], Hit@[1, 5, 10]: [0.68928, 0.80673, 0.86089], NDCG@[1, 5, 10]: [0.68928, 0.74684, 0.7647]
[Epoch 699] [group evaluate] [metrics_first] pred_score max: 1.000000, num of top-score tie (avg per sample): 70.4442
[Epoch 699] [group evaluate] [metrics_first] top-score tie ratio (avg per sample): 69.7468%, samples with tied top (>1 item): 74.3719%
[Epoch 699] Group [metrics_first], Hit@[1, 5, 10]: [0.69548, 0.95176, 0.98995], NDCG@[1, 5, 10]: [0.69548, 0.83567, 0.84876]
[Epoch 699] [user evaluate] [metrics_first] pred_score max: 1.000000, num of top-score tie (avg per sample): 9.5690
[Epoch 699] [user evaluate] [metrics_first] top-score tie ratio (avg per sample): 9.4742%, samples with tied top (>1 item): 86.6021%
[Epoch 699] User [metrics_first], Hit@[1, 5, 10]: [0.68928, 0.80787, 0.86146], NDCG@[1, 5, 10]: [0.68928, 0.74736, 0.76504]
[Epoch 699] [group evaluate] [metrics_last] pred_score max: 1.000000, num of top-score tie (avg per sample): 70.4442
[Epoch 699] [group evaluate] [metrics_last] top-score tie ratio (avg per sample): 69.7468%, samples with tied top (>1 item): 74.3719%
[Epoch 699] Group [metrics_last], Hit@[1, 5, 10]: [0.0, 0.00402, 0.00503], NDCG@[1, 5, 10]: [0.0, 0.0018, 0.00209]
[Epoch 699] [user evaluate] [metrics_last] pred_score max: 1.000000, num of top-score tie (avg per sample): 9.5690
[Epoch 699] [user evaluate] [metrics_last] top-score tie ratio (avg per sample): 9.4742%, samples with tied top (>1 item): 86.6021%
[Epoch 699] User [metrics_last], Hit@[1, 5, 10]: [0.07982, 0.5382, 0.65279], NDCG@[1, 5, 10]: [0.07982, 0.30773, 0.346]
[Epoch 699] [group evaluate] [metrics_tie_aware] pred_score max: 1.000000, num of top-score tie (avg per sample): 70.4442
[Epoch 699] [group evaluate] [metrics_tie_aware] top-score tie ratio (avg per sample): 69.7468%, samples with tied top (>1 item): 74.3719%
[Epoch 699] Group [metrics_tie_aware], Hit@[1, 5, 10]: [0.00757, 0.0465, 0.09638], NDCG@[1, 5, 10]: [0.00757, 0.02624, 0.04211]
[Epoch 699] [user evaluate] [metrics_tie_aware] pred_score max: 1.000000, num of top-score tie (avg per sample): 9.5690
[Epoch 699] [user evaluate] [metrics_tie_aware] top-score tie ratio (avg per sample): 9.4742%, samples with tied top (>1 item): 86.6021%
[Epoch 699] User [metrics_tie_aware], Hit@[1, 5, 10]: [0.21388, 0.63161, 0.74925], NDCG@[1, 5, 10]: [0.21388, 0.43223, 0.47068]

Epoch 709, user loss: 0.35387, Cost time: 2.40s
Epoch 719, user loss: 0.35395, Cost time: 2.37s
Epoch 729, user loss: 0.35383, Cost time: 2.49s
Epoch 739, user loss: 0.35379, Cost time: 2.30s
Epoch 749, user loss: 0.35379, Cost time: 2.37s
Epoch 759, user loss: 0.35397, Cost time: 2.51s
Epoch 769, user loss: 0.35381, Cost time: 2.26s
Epoch 779, user loss: 0.35405, Cost time: 2.44s
Epoch 789, user loss: 0.35420, Cost time: 2.30s
Epoch 799, user loss: 0.35447, Cost time: 2.34s
[Epoch 799] [group evaluate] [metrics] pred_score max: 1.000000, num of top-score tie (avg per sample): 71.9528
[Epoch 799] [group evaluate] [metrics] top-score tie ratio (avg per sample): 71.2404%, samples with tied top (>1 item): 76.1809%
[Epoch 799] Group [metrics], Hit@[1, 5, 10]: [0.71055, 0.8995, 0.91256], NDCG@[1, 5, 10]: [0.71055, 0.81649, 0.821]
[Epoch 799] [user evaluate] [metrics] pred_score max: 1.000000, num of top-score tie (avg per sample): 9.5314
[Epoch 799] [user evaluate] [metrics] top-score tie ratio (avg per sample): 9.4370%, samples with tied top (>1 item): 86.3740%
[Epoch 799] User [metrics], Hit@[1, 5, 10]: [0.68472, 0.80445, 0.85747], NDCG@[1, 5, 10]: [0.68472, 0.74374, 0.76124]
[Epoch 799] [group evaluate] [metrics_first] pred_score max: 1.000000, num of top-score tie (avg per sample): 71.9528
[Epoch 799] [group evaluate] [metrics_first] top-score tie ratio (avg per sample): 71.2404%, samples with tied top (>1 item): 76.1809%
[Epoch 799] Group [metrics_first], Hit@[1, 5, 10]: [0.71055, 0.95477, 0.99095], NDCG@[1, 5, 10]: [0.71055, 0.84345, 0.85581]
[Epoch 799] [user evaluate] [metrics_first] pred_score max: 1.000000, num of top-score tie (avg per sample): 9.5314
[Epoch 799] [user evaluate] [metrics_first] top-score tie ratio (avg per sample): 9.4370%, samples with tied top (>1 item): 86.3740%
[Epoch 799] User [metrics_first], Hit@[1, 5, 10]: [0.68472, 0.80559, 0.85804], NDCG@[1, 5, 10]: [0.68472, 0.74426, 0.76158]
[Epoch 799] [group evaluate] [metrics_last] pred_score max: 1.000000, num of top-score tie (avg per sample): 71.9528
[Epoch 799] [group evaluate] [metrics_last] top-score tie ratio (avg per sample): 71.2404%, samples with tied top (>1 item): 76.1809%
[Epoch 799] Group [metrics_last], Hit@[1, 5, 10]: [0.0, 0.00402, 0.00503], NDCG@[1, 5, 10]: [0.0, 0.0018, 0.0021]
[Epoch 799] [user evaluate] [metrics_last] pred_score max: 1.000000, num of top-score tie (avg per sample): 9.5314
[Epoch 799] [user evaluate] [metrics_last] top-score tie ratio (avg per sample): 9.4370%, samples with tied top (>1 item): 86.3740%
[Epoch 799] User [metrics_last], Hit@[1, 5, 10]: [0.07982, 0.53877, 0.65222], NDCG@[1, 5, 10]: [0.07982, 0.30811, 0.34601]
[Epoch 799] [group evaluate] [metrics_tie_aware] pred_score max: 1.000000, num of top-score tie (avg per sample): 71.9528
[Epoch 799] [group evaluate] [metrics_tie_aware] top-score tie ratio (avg per sample): 71.2404%, samples with tied top (>1 item): 76.1809%
[Epoch 799] Group [metrics_tie_aware], Hit@[1, 5, 10]: [0.00772, 0.04679, 0.09669], NDCG@[1, 5, 10]: [0.00772, 0.02646, 0.04235]
[Epoch 799] [user evaluate] [metrics_tie_aware] pred_score max: 1.000000, num of top-score tie (avg per sample): 9.5314
[Epoch 799] [user evaluate] [metrics_tie_aware] top-score tie ratio (avg per sample): 9.4370%, samples with tied top (>1 item): 86.3740%
[Epoch 799] User [metrics_tie_aware], Hit@[1, 5, 10]: [0.21299, 0.63124, 0.74695], NDCG@[1, 5, 10]: [0.21299, 0.4318, 0.46963]

Epoch 809, user loss: 0.35403, Cost time: 2.52s
Epoch 819, user loss: 0.35398, Cost time: 2.33s
Epoch 829, user loss: 0.35385, Cost time: 2.67s
Epoch 839, user loss: 0.35412, Cost time: 2.23s
Epoch 849, user loss: 0.35428, Cost time: 2.41s
Epoch 859, user loss: 0.35421, Cost time: 2.43s
Epoch 869, user loss: 0.35408, Cost time: 2.50s
Epoch 879, user loss: 0.35431, Cost time: 2.54s
Epoch 889, user loss: 0.35429, Cost time: 2.42s
Epoch 899, user loss: 0.35403, Cost time: 2.43s
[Epoch 899] [group evaluate] [metrics] pred_score max: 1.000000, num of top-score tie (avg per sample): 72.5578
[Epoch 899] [group evaluate] [metrics] top-score tie ratio (avg per sample): 71.8394%, samples with tied top (>1 item): 76.7839%
[Epoch 899] Group [metrics], Hit@[1, 5, 10]: [0.71658, 0.90151, 0.91256], NDCG@[1, 5, 10]: [0.71658, 0.81987, 0.82365]
[Epoch 899] [user evaluate] [metrics] pred_score max: 1.000000, num of top-score tie (avg per sample): 9.5593
[Epoch 899] [user evaluate] [metrics] top-score tie ratio (avg per sample): 9.4646%, samples with tied top (>1 item): 86.4880%
[Epoch 899] User [metrics], Hit@[1, 5, 10]: [0.69042, 0.80616, 0.86146], NDCG@[1, 5, 10]: [0.69042, 0.74727, 0.76552]
[Epoch 899] [group evaluate] [metrics_first] pred_score max: 1.000000, num of top-score tie (avg per sample): 72.5578
[Epoch 899] [group evaluate] [metrics_first] top-score tie ratio (avg per sample): 71.8394%, samples with tied top (>1 item): 76.7839%
[Epoch 899] Group [metrics_first], Hit@[1, 5, 10]: [0.71658, 0.95879, 0.99196], NDCG@[1, 5, 10]: [0.71658, 0.84798, 0.85933]
[Epoch 899] [user evaluate] [metrics_first] pred_score max: 1.000000, num of top-score tie (avg per sample): 9.5593
[Epoch 899] [user evaluate] [metrics_first] top-score tie ratio (avg per sample): 9.4646%, samples with tied top (>1 item): 86.4880%
[Epoch 899] User [metrics_first], Hit@[1, 5, 10]: [0.69042, 0.8073, 0.8626], NDCG@[1, 5, 10]: [0.69042, 0.74786, 0.7661]
[Epoch 899] [group evaluate] [metrics_last] pred_score max: 1.000000, num of top-score tie (avg per sample): 72.5578
[Epoch 899] [group evaluate] [metrics_last] top-score tie ratio (avg per sample): 71.8394%, samples with tied top (>1 item): 76.7839%
[Epoch 899] Group [metrics_last], Hit@[1, 5, 10]: [0.0, 0.00402, 0.00503], NDCG@[1, 5, 10]: [0.0, 0.0018, 0.00209]
[Epoch 899] [user evaluate] [metrics_last] pred_score max: 1.000000, num of top-score tie (avg per sample): 9.5593
[Epoch 899] [user evaluate] [metrics_last] top-score tie ratio (avg per sample): 9.4646%, samples with tied top (>1 item): 86.4880%
[Epoch 899] User [metrics_last], Hit@[1, 5, 10]: [0.07982, 0.5382, 0.65336], NDCG@[1, 5, 10]: [0.07982, 0.30742, 0.34586]
[Epoch 899] [group evaluate] [metrics_tie_aware] pred_score max: 1.000000, num of top-score tie (avg per sample): 72.5578
[Epoch 899] [group evaluate] [metrics_tie_aware] top-score tie ratio (avg per sample): 71.8394%, samples with tied top (>1 item): 76.7839%
[Epoch 899] Group [metrics_tie_aware], Hit@[1, 5, 10]: [0.00778, 0.04699, 0.09698], NDCG@[1, 5, 10]: [0.00778, 0.02658, 0.04249]
[Epoch 899] [user evaluate] [metrics_tie_aware] pred_score max: 1.000000, num of top-score tie (avg per sample): 9.5593
[Epoch 899] [user evaluate] [metrics_tie_aware] top-score tie ratio (avg per sample): 9.4646%, samples with tied top (>1 item): 86.4880%
[Epoch 899] User [metrics_tie_aware], Hit@[1, 5, 10]: [0.21405, 0.63042, 0.74903], NDCG@[1, 5, 10]: [0.21405, 0.43183, 0.47064]

Epoch 909, user loss: 0.35431, Cost time: 2.47s
Epoch 919, user loss: 0.35410, Cost time: 2.41s
Epoch 929, user loss: 0.35434, Cost time: 2.46s
Epoch 939, user loss: 0.35443, Cost time: 2.47s
Epoch 949, user loss: 0.35407, Cost time: 2.26s
Epoch 959, user loss: 0.35445, Cost time: 2.45s
Epoch 969, user loss: 0.35528, Cost time: 2.23s
Epoch 979, user loss: 0.35451, Cost time: 2.23s
Epoch 989, user loss: 0.35441, Cost time: 2.30s
Epoch 999, user loss: 0.35521, Cost time: 2.34s
[Epoch 999] [group evaluate] [metrics] pred_score max: 1.000000, num of top-score tie (avg per sample): 72.8643
[Epoch 999] [group evaluate] [metrics] top-score tie ratio (avg per sample): 72.1429%, samples with tied top (>1 item): 77.2864%
[Epoch 999] Group [metrics], Hit@[1, 5, 10]: [0.7196, 0.90352, 0.91357], NDCG@[1, 5, 10]: [0.7196, 0.82227, 0.82571]
[Epoch 999] [user evaluate] [metrics] pred_score max: 1.000000, num of top-score tie (avg per sample): 9.5587
[Epoch 999] [user evaluate] [metrics] top-score tie ratio (avg per sample): 9.4641%, samples with tied top (>1 item): 86.4880%
[Epoch 999] User [metrics], Hit@[1, 5, 10]: [0.68985, 0.80673, 0.86203], NDCG@[1, 5, 10]: [0.68985, 0.74723, 0.76542]
[Epoch 999] [group evaluate] [metrics_first] pred_score max: 1.000000, num of top-score tie (avg per sample): 72.8643
[Epoch 999] [group evaluate] [metrics_first] top-score tie ratio (avg per sample): 72.1429%, samples with tied top (>1 item): 77.2864%
[Epoch 999] Group [metrics_first], Hit@[1, 5, 10]: [0.7196, 0.9608, 0.99196], NDCG@[1, 5, 10]: [0.7196, 0.85034, 0.86101]
[Epoch 999] [user evaluate] [metrics_first] pred_score max: 1.000000, num of top-score tie (avg per sample): 9.5587
[Epoch 999] [user evaluate] [metrics_first] top-score tie ratio (avg per sample): 9.4641%, samples with tied top (>1 item): 86.4880%
[Epoch 999] User [metrics_first], Hit@[1, 5, 10]: [0.68985, 0.80787, 0.86317], NDCG@[1, 5, 10]: [0.68985, 0.74782, 0.766]
[Epoch 999] [group evaluate] [metrics_last] pred_score max: 1.000000, num of top-score tie (avg per sample): 72.8643
[Epoch 999] [group evaluate] [metrics_last] top-score tie ratio (avg per sample): 72.1429%, samples with tied top (>1 item): 77.2864%
[Epoch 999] Group [metrics_last], Hit@[1, 5, 10]: [0.0, 0.00402, 0.00503], NDCG@[1, 5, 10]: [0.0, 0.0018, 0.0021]
[Epoch 999] [user evaluate] [metrics_last] pred_score max: 1.000000, num of top-score tie (avg per sample): 9.5587
[Epoch 999] [user evaluate] [metrics_last] top-score tie ratio (avg per sample): 9.4641%, samples with tied top (>1 item): 86.4880%
[Epoch 999] User [metrics_last], Hit@[1, 5, 10]: [0.07982, 0.54048, 0.6545], NDCG@[1, 5, 10]: [0.07982, 0.30847, 0.34643]
[Epoch 999] [group evaluate] [metrics_tie_aware] pred_score max: 1.000000, num of top-score tie (avg per sample): 72.8643
[Epoch 999] [group evaluate] [metrics_tie_aware] top-score tie ratio (avg per sample): 72.1429%, samples with tied top (>1 item): 77.2864%
[Epoch 999] Group [metrics_tie_aware], Hit@[1, 5, 10]: [0.00781, 0.04708, 0.09708], NDCG@[1, 5, 10]: [0.00781, 0.02664, 0.04257]
[Epoch 999] [user evaluate] [metrics_tie_aware] pred_score max: 1.000000, num of top-score tie (avg per sample): 9.5587
[Epoch 999] [user evaluate] [metrics_tie_aware] top-score tie ratio (avg per sample): 9.4641%, samples with tied top (>1 item): 86.4880%
[Epoch 999] User [metrics_tie_aware], Hit@[1, 5, 10]: [0.21382, 0.6323, 0.75012], NDCG@[1, 5, 10]: [0.21382, 0.4326, 0.47105]

Epoch 1009, user loss: 0.35499, Cost time: 2.39s
Epoch 1019, user loss: 0.35433, Cost time: 2.53s
Epoch 1029, user loss: 0.35520, Cost time: 2.22s
Epoch 1039, user loss: 0.35479, Cost time: 2.55s
Epoch 1049, user loss: 0.35461, Cost time: 2.54s
Epoch 1059, user loss: 0.35557, Cost time: 2.52s
Epoch 1069, user loss: 0.35455, Cost time: 2.37s
Epoch 1079, user loss: 0.35541, Cost time: 2.53s
Epoch 1089, user loss: 0.35504, Cost time: 2.29s
Epoch 1099, user loss: 0.35492, Cost time: 2.33s
[Epoch 1099] [group evaluate] [metrics] pred_score max: 1.000000, num of top-score tie (avg per sample): 71.9829
[Epoch 1099] [group evaluate] [metrics] top-score tie ratio (avg per sample): 71.2702%, samples with tied top (>1 item): 77.3869%
[Epoch 1099] Group [metrics], Hit@[1, 5, 10]: [0.71055, 0.89347, 0.90754], NDCG@[1, 5, 10]: [0.71055, 0.81277, 0.81764]
[Epoch 1099] [user evaluate] [metrics] pred_score max: 1.000000, num of top-score tie (avg per sample): 10.6385
[Epoch 1099] [user evaluate] [metrics] top-score tie ratio (avg per sample): 10.5332%, samples with tied top (>1 item): 90.8210%
[Epoch 1099] User [metrics], Hit@[1, 5, 10]: [0.8016, 0.86317, 0.90365], NDCG@[1, 5, 10]: [0.8016, 0.83188, 0.84508]
[Epoch 1099] [group evaluate] [metrics_first] pred_score max: 1.000000, num of top-score tie (avg per sample): 71.9829
[Epoch 1099] [group evaluate] [metrics_first] top-score tie ratio (avg per sample): 71.2702%, samples with tied top (>1 item): 77.3869%
[Epoch 1099] Group [metrics_first], Hit@[1, 5, 10]: [0.71055, 0.95377, 0.99095], NDCG@[1, 5, 10]: [0.71055, 0.84183, 0.85455]
[Epoch 1099] [user evaluate] [metrics_first] pred_score max: 1.000000, num of top-score tie (avg per sample): 10.6385
[Epoch 1099] [user evaluate] [metrics_first] top-score tie ratio (avg per sample): 10.5332%, samples with tied top (>1 item): 90.8210%
[Epoch 1099] User [metrics_first], Hit@[1, 5, 10]: [0.8016, 0.86488, 0.90422], NDCG@[1, 5, 10]: [0.8016, 0.83267, 0.84548]
[Epoch 1099] [group evaluate] [metrics_last] pred_score max: 1.000000, num of top-score tie (avg per sample): 71.9829
[Epoch 1099] [group evaluate] [metrics_last] top-score tie ratio (avg per sample): 71.2702%, samples with tied top (>1 item): 77.3869%
[Epoch 1099] Group [metrics_last], Hit@[1, 5, 10]: [0.0, 0.00302, 0.00503], NDCG@[1, 5, 10]: [0.0, 0.00128, 0.00192]
[Epoch 1099] [user evaluate] [metrics_last] pred_score max: 1.000000, num of top-score tie (avg per sample): 10.6385
[Epoch 1099] [user evaluate] [metrics_last] top-score tie ratio (avg per sample): 10.5332%, samples with tied top (>1 item): 90.8210%
[Epoch 1099] User [metrics_last], Hit@[1, 5, 10]: [0.0667, 0.50456, 0.64538], NDCG@[1, 5, 10]: [0.0667, 0.28144, 0.32837]
[Epoch 1099] [group evaluate] [metrics_tie_aware] pred_score max: 1.000000, num of top-score tie (avg per sample): 71.9829
[Epoch 1099] [group evaluate] [metrics_tie_aware] top-score tie ratio (avg per sample): 71.2702%, samples with tied top (>1 item): 77.3869%
[Epoch 1099] Group [metrics_tie_aware], Hit@[1, 5, 10]: [0.00749, 0.04637, 0.09656], NDCG@[1, 5, 10]: [0.00749, 0.02611, 0.0421]
[Epoch 1099] [user evaluate] [metrics_tie_aware] pred_score max: 1.000000, num of top-score tie (avg per sample): 10.6385
[Epoch 1099] [user evaluate] [metrics_tie_aware] top-score tie ratio (avg per sample): 10.5332%, samples with tied top (>1 item): 90.8210%
[Epoch 1099] User [metrics_tie_aware], Hit@[1, 5, 10]: [0.21554, 0.6344, 0.75731], NDCG@[1, 5, 10]: [0.21554, 0.43471, 0.47477]

Epoch 1109, user loss: 0.35488, Cost time: 2.30s
Epoch 1119, user loss: 0.35468, Cost time: 2.40s
Epoch 1129, user loss: 0.35513, Cost time: 2.44s
Epoch 1139, user loss: 0.35458, Cost time: 2.52s
Epoch 1149, user loss: 0.35501, Cost time: 2.63s
Epoch 1159, user loss: 0.35464, Cost time: 2.56s
Epoch 1169, user loss: 0.35473, Cost time: 2.44s
Epoch 1179, user loss: 0.35625, Cost time: 2.52s
Epoch 1189, user loss: 0.35479, Cost time: 2.83s
Epoch 1199, user loss: 0.35514, Cost time: 2.51s
[Epoch 1199] [group evaluate] [metrics] pred_score max: 1.000000, num of top-score tie (avg per sample): 73.6693
[Epoch 1199] [group evaluate] [metrics] top-score tie ratio (avg per sample): 72.9399%, samples with tied top (>1 item): 78.0905%
[Epoch 1199] Group [metrics], Hit@[1, 5, 10]: [0.72764, 0.90452, 0.91457], NDCG@[1, 5, 10]: [0.72764, 0.82613, 0.82957]
[Epoch 1199] [user evaluate] [metrics] pred_score max: 1.000000, num of top-score tie (avg per sample): 9.5838
[Epoch 1199] [user evaluate] [metrics] top-score tie ratio (avg per sample): 9.4889%, samples with tied top (>1 item): 86.4310%
[Epoch 1199] User [metrics], Hit@[1, 5, 10]: [0.69441, 0.8073, 0.86317], NDCG@[1, 5, 10]: [0.69441, 0.74966, 0.76801]
[Epoch 1199] [group evaluate] [metrics_first] pred_score max: 1.000000, num of top-score tie (avg per sample): 73.6693
[Epoch 1199] [group evaluate] [metrics_first] top-score tie ratio (avg per sample): 72.9399%, samples with tied top (>1 item): 78.0905%
[Epoch 1199] Group [metrics_first], Hit@[1, 5, 10]: [0.72764, 0.9608, 0.99397], NDCG@[1, 5, 10]: [0.72764, 0.85361, 0.86486]
[Epoch 1199] [user evaluate] [metrics_first] pred_score max: 1.000000, num of top-score tie (avg per sample): 9.5838
[Epoch 1199] [user evaluate] [metrics_first] top-score tie ratio (avg per sample): 9.4889%, samples with tied top (>1 item): 86.4310%
[Epoch 1199] User [metrics_first], Hit@[1, 5, 10]: [0.69441, 0.80787, 0.86545], NDCG@[1, 5, 10]: [0.69441, 0.75003, 0.76895]
[Epoch 1199] [group evaluate] [metrics_last] pred_score max: 1.000000, num of top-score tie (avg per sample): 73.6693
[Epoch 1199] [group evaluate] [metrics_last] top-score tie ratio (avg per sample): 72.9399%, samples with tied top (>1 item): 78.0905%
[Epoch 1199] Group [metrics_last], Hit@[1, 5, 10]: [0.0, 0.00402, 0.00503], NDCG@[1, 5, 10]: [0.0, 0.0018, 0.0021]
[Epoch 1199] [user evaluate] [metrics_last] pred_score max: 1.000000, num of top-score tie (avg per sample): 9.5838
[Epoch 1199] [user evaluate] [metrics_last] top-score tie ratio (avg per sample): 9.4889%, samples with tied top (>1 item): 86.4310%
[Epoch 1199] User [metrics_last], Hit@[1, 5, 10]: [0.0821, 0.53877, 0.6545], NDCG@[1, 5, 10]: [0.0821, 0.30863, 0.34717]
[Epoch 1199] [group evaluate] [metrics_tie_aware] pred_score max: 1.000000, num of top-score tie (avg per sample): 73.6693
[Epoch 1199] [group evaluate] [metrics_tie_aware] top-score tie ratio (avg per sample): 72.9399%, samples with tied top (>1 item): 78.0905%
[Epoch 1199] Group [metrics_tie_aware], Hit@[1, 5, 10]: [0.00789, 0.04719, 0.0972], NDCG@[1, 5, 10]: [0.00789, 0.02674, 0.04267]
[Epoch 1199] [user evaluate] [metrics_tie_aware] pred_score max: 1.000000, num of top-score tie (avg per sample): 9.5838
[Epoch 1199] [user evaluate] [metrics_tie_aware] top-score tie ratio (avg per sample): 9.4889%, samples with tied top (>1 item): 86.4310%
[Epoch 1199] User [metrics_tie_aware], Hit@[1, 5, 10]: [0.21638, 0.63124, 0.75069], NDCG@[1, 5, 10]: [0.21638, 0.43325, 0.47224]

Epoch 1209, user loss: 0.35486, Cost time: 2.64s
Epoch 1219, user loss: 0.35508, Cost time: 2.62s
Epoch 1229, user loss: 0.35576, Cost time: 2.73s
Epoch 1239, user loss: 0.35479, Cost time: 2.86s
Epoch 1249, user loss: 0.35497, Cost time: 2.64s
Epoch 1259, user loss: 0.35548, Cost time: 2.45s
Epoch 1269, user loss: 0.35470, Cost time: 2.50s
Epoch 1279, user loss: 0.35528, Cost time: 2.58s
Epoch 1289, user loss: 0.35459, Cost time: 2.79s
Epoch 1299, user loss: 0.35590, Cost time: 2.52s
[Epoch 1299] [group evaluate] [metrics] pred_score max: 1.000000, num of top-score tie (avg per sample): 74.5749
[Epoch 1299] [group evaluate] [metrics] top-score tie ratio (avg per sample): 73.8365%, samples with tied top (>1 item): 79.0955%
[Epoch 1299] Group [metrics], Hit@[1, 5, 10]: [0.73668, 0.90754, 0.91759], NDCG@[1, 5, 10]: [0.73668, 0.83171, 0.83514]
[Epoch 1299] [user evaluate] [metrics] pred_score max: 1.000000, num of top-score tie (avg per sample): 9.6163
[Epoch 1299] [user evaluate] [metrics] top-score tie ratio (avg per sample): 9.5211%, samples with tied top (>1 item): 86.4880%
[Epoch 1299] User [metrics], Hit@[1, 5, 10]: [0.69156, 0.80559, 0.86317], NDCG@[1, 5, 10]: [0.69156, 0.74744, 0.76639]
[Epoch 1299] [group evaluate] [metrics_first] pred_score max: 1.000000, num of top-score tie (avg per sample): 74.5749
[Epoch 1299] [group evaluate] [metrics_first] top-score tie ratio (avg per sample): 73.8365%, samples with tied top (>1 item): 79.0955%
[Epoch 1299] Group [metrics_first], Hit@[1, 5, 10]: [0.73668, 0.96181, 0.99397], NDCG@[1, 5, 10]: [0.73668, 0.85796, 0.86887]
[Epoch 1299] [user evaluate] [metrics_first] pred_score max: 1.000000, num of top-score tie (avg per sample): 9.6163
[Epoch 1299] [user evaluate] [metrics_first] top-score tie ratio (avg per sample): 9.5211%, samples with tied top (>1 item): 86.4880%
[Epoch 1299] User [metrics_first], Hit@[1, 5, 10]: [0.69156, 0.8073, 0.86488], NDCG@[1, 5, 10]: [0.69156, 0.7484, 0.76737]
[Epoch 1299] [group evaluate] [metrics_last] pred_score max: 1.000000, num of top-score tie (avg per sample): 74.5749
[Epoch 1299] [group evaluate] [metrics_last] top-score tie ratio (avg per sample): 73.8365%, samples with tied top (>1 item): 79.0955%
[Epoch 1299] Group [metrics_last], Hit@[1, 5, 10]: [0.0, 0.00302, 0.00402], NDCG@[1, 5, 10]: [0.0, 0.00141, 0.00171]
[Epoch 1299] [user evaluate] [metrics_last] pred_score max: 1.000000, num of top-score tie (avg per sample): 9.6163
[Epoch 1299] [user evaluate] [metrics_last] top-score tie ratio (avg per sample): 9.5211%, samples with tied top (>1 item): 86.4880%
[Epoch 1299] User [metrics_last], Hit@[1, 5, 10]: [0.08039, 0.53592, 0.65393], NDCG@[1, 5, 10]: [0.08039, 0.30644, 0.34578]
[Epoch 1299] [group evaluate] [metrics_tie_aware] pred_score max: 1.000000, num of top-score tie (avg per sample): 74.5749
[Epoch 1299] [group evaluate] [metrics_tie_aware] top-score tie ratio (avg per sample): 73.8365%, samples with tied top (>1 item): 79.0955%
[Epoch 1299] Group [metrics_tie_aware], Hit@[1, 5, 10]: [0.00798, 0.04634, 0.0964], NDCG@[1, 5, 10]: [0.00798, 0.02648, 0.04242]
[Epoch 1299] [user evaluate] [metrics_tie_aware] pred_score max: 1.000000, num of top-score tie (avg per sample): 9.6163
[Epoch 1299] [user evaluate] [metrics_tie_aware] top-score tie ratio (avg per sample): 9.5211%, samples with tied top (>1 item): 86.4880%
[Epoch 1299] User [metrics_tie_aware], Hit@[1, 5, 10]: [0.21439, 0.62924, 0.74967], NDCG@[1, 5, 10]: [0.21439, 0.43118, 0.47052]

Epoch 1309, user loss: 0.35509, Cost time: 2.69s
Epoch 1319, user loss: 0.35491, Cost time: 2.50s
Epoch 1329, user loss: 0.35546, Cost time: 2.59s
Epoch 1339, user loss: 0.35520, Cost time: 2.89s
Epoch 1349, user loss: 0.35560, Cost time: 2.61s
Epoch 1359, user loss: 0.35513, Cost time: 2.50s
Epoch 1369, user loss: 0.35593, Cost time: 2.47s
Epoch 1379, user loss: 0.35530, Cost time: 2.60s
Epoch 1389, user loss: 0.35608, Cost time: 2.76s
Epoch 1399, user loss: 0.35555, Cost time: 2.58s
[Epoch 1399] [group evaluate] [metrics] pred_score max: 1.000000, num of top-score tie (avg per sample): 74.5779
[Epoch 1399] [group evaluate] [metrics] top-score tie ratio (avg per sample): 73.8395%, samples with tied top (>1 item): 79.1960%
[Epoch 1399] Group [metrics], Hit@[1, 5, 10]: [0.73668, 0.90854, 0.9196], NDCG@[1, 5, 10]: [0.73668, 0.83203, 0.83586]
[Epoch 1399] [user evaluate] [metrics] pred_score max: 1.000000, num of top-score tie (avg per sample): 9.6756
[Epoch 1399] [user evaluate] [metrics] top-score tie ratio (avg per sample): 9.5798%, samples with tied top (>1 item): 86.4880%
[Epoch 1399] User [metrics], Hit@[1, 5, 10]: [0.69783, 0.81015, 0.86602], NDCG@[1, 5, 10]: [0.69783, 0.75296, 0.77134]
[Epoch 1399] [group evaluate] [metrics_first] pred_score max: 1.000000, num of top-score tie (avg per sample): 74.5779
[Epoch 1399] [group evaluate] [metrics_first] top-score tie ratio (avg per sample): 73.8395%, samples with tied top (>1 item): 79.1960%
[Epoch 1399] Group [metrics_first], Hit@[1, 5, 10]: [0.73668, 0.96281, 0.99397], NDCG@[1, 5, 10]: [0.73668, 0.85829, 0.8689]
[Epoch 1399] [user evaluate] [metrics_first] pred_score max: 1.000000, num of top-score tie (avg per sample): 9.6756
[Epoch 1399] [user evaluate] [metrics_first] top-score tie ratio (avg per sample): 9.5798%, samples with tied top (>1 item): 86.4880%
[Epoch 1399] User [metrics_first], Hit@[1, 5, 10]: [0.69783, 0.81129, 0.86773], NDCG@[1, 5, 10]: [0.69783, 0.75372, 0.77233]
[Epoch 1399] [group evaluate] [metrics_last] pred_score max: 1.000000, num of top-score tie (avg per sample): 74.5779
[Epoch 1399] [group evaluate] [metrics_last] top-score tie ratio (avg per sample): 73.8395%, samples with tied top (>1 item): 79.1960%
[Epoch 1399] Group [metrics_last], Hit@[1, 5, 10]: [0.0, 0.00302, 0.00402], NDCG@[1, 5, 10]: [0.0, 0.00141, 0.00175]
[Epoch 1399] [user evaluate] [metrics_last] pred_score max: 1.000000, num of top-score tie (avg per sample): 9.6756
[Epoch 1399] [user evaluate] [metrics_last] top-score tie ratio (avg per sample): 9.5798%, samples with tied top (>1 item): 86.4880%
[Epoch 1399] User [metrics_last], Hit@[1, 5, 10]: [0.08153, 0.53649, 0.65393], NDCG@[1, 5, 10]: [0.08153, 0.30726, 0.34644]
[Epoch 1399] [group evaluate] [metrics_tie_aware] pred_score max: 1.000000, num of top-score tie (avg per sample): 74.5779
[Epoch 1399] [group evaluate] [metrics_tie_aware] top-score tie ratio (avg per sample): 73.8395%, samples with tied top (>1 item): 79.1960%
[Epoch 1399] Group [metrics_tie_aware], Hit@[1, 5, 10]: [0.00798, 0.04635, 0.09642], NDCG@[1, 5, 10]: [0.00798, 0.02648, 0.04246]
[Epoch 1399] [user evaluate] [metrics_tie_aware] pred_score max: 1.000000, num of top-score tie (avg per sample): 9.6756
[Epoch 1399] [user evaluate] [metrics_tie_aware] top-score tie ratio (avg per sample): 9.5798%, samples with tied top (>1 item): 86.4880%
[Epoch 1399] User [metrics_tie_aware], Hit@[1, 5, 10]: [0.21607, 0.63074, 0.7503], NDCG@[1, 5, 10]: [0.21607, 0.43284, 0.47191]

Epoch 1409, user loss: 0.35534, Cost time: 2.50s
Epoch 1419, user loss: 0.35553, Cost time: 2.40s
Epoch 1429, user loss: 0.35570, Cost time: 2.48s
Epoch 1439, user loss: 0.35551, Cost time: 2.63s
Epoch 1449, user loss: 0.35529, Cost time: 2.54s
Epoch 1459, user loss: 0.35648, Cost time: 2.44s
Epoch 1469, user loss: 0.35616, Cost time: 2.53s
Epoch 1479, user loss: 0.35547, Cost time: 2.63s
Epoch 1489, user loss: 0.35597, Cost time: 2.76s
Epoch 1499, user loss: 0.35582, Cost time: 2.50s
[Epoch 1499] [group evaluate] [metrics] pred_score max: 1.000000, num of top-score tie (avg per sample): 72.5930
[Epoch 1499] [group evaluate] [metrics] top-score tie ratio (avg per sample): 71.8742%, samples with tied top (>1 item): 78.1910%
[Epoch 1499] Group [metrics], Hit@[1, 5, 10]: [0.71658, 0.9005, 0.91457], NDCG@[1, 5, 10]: [0.71658, 0.81959, 0.82449]
[Epoch 1499] [user evaluate] [metrics] pred_score max: 1.000000, num of top-score tie (avg per sample): 10.7189
[Epoch 1499] [user evaluate] [metrics] top-score tie ratio (avg per sample): 10.6128%, samples with tied top (>1 item): 90.6499%
[Epoch 1499] User [metrics], Hit@[1, 5, 10]: [0.80673, 0.86545, 0.90764], NDCG@[1, 5, 10]: [0.80673, 0.83613, 0.84987]
[Epoch 1499] [group evaluate] [metrics_first] pred_score max: 1.000000, num of top-score tie (avg per sample): 72.5930
[Epoch 1499] [group evaluate] [metrics_first] top-score tie ratio (avg per sample): 71.8742%, samples with tied top (>1 item): 78.1910%
[Epoch 1499] Group [metrics_first], Hit@[1, 5, 10]: [0.71658, 0.95779, 0.99296], NDCG@[1, 5, 10]: [0.71658, 0.84752, 0.85963]
[Epoch 1499] [user evaluate] [metrics_first] pred_score max: 1.000000, num of top-score tie (avg per sample): 10.7189
[Epoch 1499] [user evaluate] [metrics_first] top-score tie ratio (avg per sample): 10.6128%, samples with tied top (>1 item): 90.6499%
[Epoch 1499] User [metrics_first], Hit@[1, 5, 10]: [0.80673, 0.86659, 0.90935], NDCG@[1, 5, 10]: [0.80673, 0.83664, 0.85055]
[Epoch 1499] [group evaluate] [metrics_last] pred_score max: 1.000000, num of top-score tie (avg per sample): 72.5930
[Epoch 1499] [group evaluate] [metrics_last] top-score tie ratio (avg per sample): 71.8742%, samples with tied top (>1 item): 78.1910%
[Epoch 1499] Group [metrics_last], Hit@[1, 5, 10]: [0.0, 0.00302, 0.00503], NDCG@[1, 5, 10]: [0.0, 0.00128, 0.00195]
[Epoch 1499] [user evaluate] [metrics_last] pred_score max: 1.000000, num of top-score tie (avg per sample): 10.7189
[Epoch 1499] [user evaluate] [metrics_last] top-score tie ratio (avg per sample): 10.6128%, samples with tied top (>1 item): 90.6499%
[Epoch 1499] User [metrics_last], Hit@[1, 5, 10]: [0.0667, 0.5, 0.64538], NDCG@[1, 5, 10]: [0.0667, 0.27985, 0.3281]
[Epoch 1499] [group evaluate] [metrics_tie_aware] pred_score max: 1.000000, num of top-score tie (avg per sample): 72.5930
[Epoch 1499] [group evaluate] [metrics_tie_aware] top-score tie ratio (avg per sample): 71.8742%, samples with tied top (>1 item): 78.1910%
[Epoch 1499] Group [metrics_tie_aware], Hit@[1, 5, 10]: [0.00755, 0.04669, 0.097], NDCG@[1, 5, 10]: [0.00755, 0.0263, 0.04237]
[Epoch 1499] [user evaluate] [metrics_tie_aware] pred_score max: 1.000000, num of top-score tie (avg per sample): 10.7189
[Epoch 1499] [user evaluate] [metrics_tie_aware] top-score tie ratio (avg per sample): 10.6128%, samples with tied top (>1 item): 90.6499%
[Epoch 1499] User [metrics_tie_aware], Hit@[1, 5, 10]: [0.21591, 0.63186, 0.75895], NDCG@[1, 5, 10]: [0.21591, 0.43396, 0.47534]

Epoch 1509, user loss: 0.35547, Cost time: 2.50s
Epoch 1519, user loss: 0.35522, Cost time: 2.60s
Epoch 1529, user loss: 0.35700, Cost time: 2.59s
Epoch 1539, user loss: 0.35609, Cost time: 2.65s
Epoch 1549, user loss: 0.35713, Cost time: 2.53s
Epoch 1559, user loss: 0.35578, Cost time: 2.49s
Epoch 1569, user loss: 0.35725, Cost time: 2.51s
Epoch 1579, user loss: 0.35663, Cost time: 2.56s
Epoch 1589, user loss: 0.35548, Cost time: 2.74s
Epoch 1599, user loss: 0.35601, Cost time: 2.51s
[Epoch 1599] [group evaluate] [metrics] pred_score max: 1.000000, num of top-score tie (avg per sample): 75.6794
[Epoch 1599] [group evaluate] [metrics] top-score tie ratio (avg per sample): 74.9301%, samples with tied top (>1 item): 80.1005%
[Epoch 1599] Group [metrics], Hit@[1, 5, 10]: [0.74774, 0.91357, 0.92261], NDCG@[1, 5, 10]: [0.74774, 0.83979, 0.8429]
[Epoch 1599] [user evaluate] [metrics] pred_score max: 1.000000, num of top-score tie (avg per sample): 9.5867
[Epoch 1599] [user evaluate] [metrics] top-score tie ratio (avg per sample): 9.4917%, samples with tied top (>1 item): 86.2030%
[Epoch 1599] User [metrics], Hit@[1, 5, 10]: [0.69213, 0.8073, 0.86431], NDCG@[1, 5, 10]: [0.69213, 0.74903, 0.76769]
[Epoch 1599] [group evaluate] [metrics_first] pred_score max: 1.000000, num of top-score tie (avg per sample): 75.6794
[Epoch 1599] [group evaluate] [metrics_first] top-score tie ratio (avg per sample): 74.9301%, samples with tied top (>1 item): 80.1005%
[Epoch 1599] Group [metrics_first], Hit@[1, 5, 10]: [0.74774, 0.96583, 0.99497], NDCG@[1, 5, 10]: [0.74774, 0.86509, 0.87503]
[Epoch 1599] [user evaluate] [metrics_first] pred_score max: 1.000000, num of top-score tie (avg per sample): 9.5867
[Epoch 1599] [user evaluate] [metrics_first] top-score tie ratio (avg per sample): 9.4917%, samples with tied top (>1 item): 86.2030%
[Epoch 1599] User [metrics_first], Hit@[1, 5, 10]: [0.69213, 0.80901, 0.86602], NDCG@[1, 5, 10]: [0.69213, 0.74989, 0.7686]
[Epoch 1599] [group evaluate] [metrics_last] pred_score max: 1.000000, num of top-score tie (avg per sample): 75.6794
[Epoch 1599] [group evaluate] [metrics_last] top-score tie ratio (avg per sample): 74.9301%, samples with tied top (>1 item): 80.1005%
[Epoch 1599] Group [metrics_last], Hit@[1, 5, 10]: [0.0, 0.00302, 0.00402], NDCG@[1, 5, 10]: [0.0, 0.00141, 0.00175]
[Epoch 1599] [user evaluate] [metrics_last] pred_score max: 1.000000, num of top-score tie (avg per sample): 9.5867
[Epoch 1599] [user evaluate] [metrics_last] top-score tie ratio (avg per sample): 9.4917%, samples with tied top (>1 item): 86.2030%
[Epoch 1599] User [metrics_last], Hit@[1, 5, 10]: [0.0821, 0.5382, 0.65507], NDCG@[1, 5, 10]: [0.0821, 0.30906, 0.34798]
[Epoch 1599] [group evaluate] [metrics_tie_aware] pred_score max: 1.000000, num of top-score tie (avg per sample): 75.6794
[Epoch 1599] [group evaluate] [metrics_tie_aware] top-score tie ratio (avg per sample): 74.9301%, samples with tied top (>1 item): 80.1005%
[Epoch 1599] Group [metrics_tie_aware], Hit@[1, 5, 10]: [0.00809, 0.04666, 0.0968], NDCG@[1, 5, 10]: [0.00809, 0.02669, 0.0427]
[Epoch 1599] [user evaluate] [metrics_tie_aware] pred_score max: 1.000000, num of top-score tie (avg per sample): 9.5867
[Epoch 1599] [user evaluate] [metrics_tie_aware] top-score tie ratio (avg per sample): 9.4917%, samples with tied top (>1 item): 86.2030%
[Epoch 1599] User [metrics_tie_aware], Hit@[1, 5, 10]: [0.21637, 0.63111, 0.7511], NDCG@[1, 5, 10]: [0.21637, 0.43352, 0.47263]

Epoch 1609, user loss: 0.35729, Cost time: 2.48s
Epoch 1619, user loss: 0.35688, Cost time: 2.35s
Epoch 1629, user loss: 0.35601, Cost time: 2.47s
Epoch 1639, user loss: 0.35733, Cost time: 2.62s
Epoch 1649, user loss: 0.35604, Cost time: 2.58s
Epoch 1659, user loss: 0.35587, Cost time: 2.48s
Epoch 1669, user loss: 0.35630, Cost time: 2.57s
Epoch 1679, user loss: 0.35661, Cost time: 2.46s
Epoch 1689, user loss: 0.35651, Cost time: 2.62s
Epoch 1699, user loss: 0.35615, Cost time: 2.44s
[Epoch 1699] [group evaluate] [metrics] pred_score max: 1.000000, num of top-score tie (avg per sample): 75.2814
[Epoch 1699] [group evaluate] [metrics] top-score tie ratio (avg per sample): 74.5360%, samples with tied top (>1 item): 79.7990%
[Epoch 1699] Group [metrics], Hit@[1, 5, 10]: [0.74372, 0.90754, 0.92161], NDCG@[1, 5, 10]: [0.74372, 0.83491, 0.83975]
[Epoch 1699] [user evaluate] [metrics] pred_score max: 1.000000, num of top-score tie (avg per sample): 9.6756
[Epoch 1699] [user evaluate] [metrics] top-score tie ratio (avg per sample): 9.5798%, samples with tied top (>1 item): 86.5450%
[Epoch 1699] User [metrics], Hit@[1, 5, 10]: [0.69669, 0.81015, 0.86488], NDCG@[1, 5, 10]: [0.69669, 0.75253, 0.77054]
[Epoch 1699] [group evaluate] [metrics_first] pred_score max: 1.000000, num of top-score tie (avg per sample): 75.2814
[Epoch 1699] [group evaluate] [metrics_first] top-score tie ratio (avg per sample): 74.5360%, samples with tied top (>1 item): 79.7990%
[Epoch 1699] Group [metrics_first], Hit@[1, 5, 10]: [0.74372, 0.9608, 0.99497], NDCG@[1, 5, 10]: [0.74372, 0.86064, 0.87233]
[Epoch 1699] [user evaluate] [metrics_first] pred_score max: 1.000000, num of top-score tie (avg per sample): 9.6756
[Epoch 1699] [user evaluate] [metrics_first] top-score tie ratio (avg per sample): 9.5798%, samples with tied top (>1 item): 86.5450%
[Epoch 1699] User [metrics_first], Hit@[1, 5, 10]: [0.69669, 0.81186, 0.86659], NDCG@[1, 5, 10]: [0.69669, 0.75342, 0.77144]
[Epoch 1699] [group evaluate] [metrics_last] pred_score max: 1.000000, num of top-score tie (avg per sample): 75.2814
[Epoch 1699] [group evaluate] [metrics_last] top-score tie ratio (avg per sample): 74.5360%, samples with tied top (>1 item): 79.7990%
[Epoch 1699] Group [metrics_last], Hit@[1, 5, 10]: [0.0, 0.00302, 0.00402], NDCG@[1, 5, 10]: [0.0, 0.00128, 0.0016]
[Epoch 1699] [user evaluate] [metrics_last] pred_score max: 1.000000, num of top-score tie (avg per sample): 9.6756
[Epoch 1699] [user evaluate] [metrics_last] top-score tie ratio (avg per sample): 9.5798%, samples with tied top (>1 item): 86.5450%
[Epoch 1699] User [metrics_last], Hit@[1, 5, 10]: [0.08096, 0.53763, 0.65336], NDCG@[1, 5, 10]: [0.08096, 0.30755, 0.34614]
[Epoch 1699] [group evaluate] [metrics_tie_aware] pred_score max: 1.000000, num of top-score tie (avg per sample): 75.2814
[Epoch 1699] [group evaluate] [metrics_tie_aware] top-score tie ratio (avg per sample): 74.5360%, samples with tied top (>1 item): 79.7990%
[Epoch 1699] Group [metrics_tie_aware], Hit@[1, 5, 10]: [0.00788, 0.04646, 0.09661], NDCG@[1, 5, 10]: [0.00788, 0.02647, 0.04246]
[Epoch 1699] [user evaluate] [metrics_tie_aware] pred_score max: 1.000000, num of top-score tie (avg per sample): 9.6756
[Epoch 1699] [user evaluate] [metrics_tie_aware] top-score tie ratio (avg per sample): 9.5798%, samples with tied top (>1 item): 86.5450%
[Epoch 1699] User [metrics_tie_aware], Hit@[1, 5, 10]: [0.2155, 0.63137, 0.74963], NDCG@[1, 5, 10]: [0.2155, 0.43291, 0.47153]

Epoch 1709, user loss: 0.35627, Cost time: 2.51s
Epoch 1719, user loss: 0.35695, Cost time: 2.41s
Epoch 1729, user loss: 0.35624, Cost time: 2.73s
Epoch 1739, user loss: 0.35659, Cost time: 2.47s
Epoch 1749, user loss: 0.35683, Cost time: 2.71s
Epoch 1759, user loss: 0.35722, Cost time: 2.41s
Epoch 1769, user loss: 0.35669, Cost time: 2.45s
Epoch 1779, user loss: 0.35711, Cost time: 2.62s
Epoch 1789, user loss: 0.35688, Cost time: 2.77s
Epoch 1799, user loss: 0.35711, Cost time: 2.51s
[Epoch 1799] [group evaluate] [metrics] pred_score max: 1.000000, num of top-score tie (avg per sample): 76.1839
[Epoch 1799] [group evaluate] [metrics] top-score tie ratio (avg per sample): 75.4296%, samples with tied top (>1 item): 80.6030%
[Epoch 1799] Group [metrics], Hit@[1, 5, 10]: [0.75276, 0.91156, 0.92261], NDCG@[1, 5, 10]: [0.75276, 0.84127, 0.8451]
[Epoch 1799] [user evaluate] [metrics] pred_score max: 1.000000, num of top-score tie (avg per sample): 9.7212
[Epoch 1799] [user evaluate] [metrics] top-score tie ratio (avg per sample): 9.6250%, samples with tied top (>1 item): 86.4310%
[Epoch 1799] User [metrics], Hit@[1, 5, 10]: [0.69441, 0.80616, 0.86374], NDCG@[1, 5, 10]: [0.69441, 0.74989, 0.76886]
[Epoch 1799] [group evaluate] [metrics_first] pred_score max: 1.000000, num of top-score tie (avg per sample): 76.1839
[Epoch 1799] [group evaluate] [metrics_first] top-score tie ratio (avg per sample): 75.4296%, samples with tied top (>1 item): 80.6030%
[Epoch 1799] Group [metrics_first], Hit@[1, 5, 10]: [0.75276, 0.96281, 0.99497], NDCG@[1, 5, 10]: [0.75276, 0.86621, 0.87722]
[Epoch 1799] [user evaluate] [metrics_first] pred_score max: 1.000000, num of top-score tie (avg per sample): 9.7212
[Epoch 1799] [user evaluate] [metrics_first] top-score tie ratio (avg per sample): 9.6250%, samples with tied top (>1 item): 86.4310%
[Epoch 1799] User [metrics_first], Hit@[1, 5, 10]: [0.69441, 0.80844, 0.86602], NDCG@[1, 5, 10]: [0.69441, 0.75112, 0.77011]
[Epoch 1799] [group evaluate] [metrics_last] pred_score max: 1.000000, num of top-score tie (avg per sample): 76.1839
[Epoch 1799] [group evaluate] [metrics_last] top-score tie ratio (avg per sample): 75.4296%, samples with tied top (>1 item): 80.6030%
[Epoch 1799] Group [metrics_last], Hit@[1, 5, 10]: [0.0, 0.00302, 0.00402], NDCG@[1, 5, 10]: [0.0, 0.00128, 0.00162]
[Epoch 1799] [user evaluate] [metrics_last] pred_score max: 1.000000, num of top-score tie (avg per sample): 9.7212
[Epoch 1799] [user evaluate] [metrics_last] top-score tie ratio (avg per sample): 9.6250%, samples with tied top (>1 item): 86.4310%
[Epoch 1799] User [metrics_last], Hit@[1, 5, 10]: [0.07982, 0.53364, 0.65165], NDCG@[1, 5, 10]: [0.07982, 0.30543, 0.3448]
[Epoch 1799] [group evaluate] [metrics_tie_aware] pred_score max: 1.000000, num of top-score tie (avg per sample): 76.1839
[Epoch 1799] [group evaluate] [metrics_tie_aware] top-score tie ratio (avg per sample): 75.4296%, samples with tied top (>1 item): 80.6030%
[Epoch 1799] Group [metrics_tie_aware], Hit@[1, 5, 10]: [0.00797, 0.04672, 0.09686], NDCG@[1, 5, 10]: [0.00797, 0.02665, 0.04265]
[Epoch 1799] [user evaluate] [metrics_tie_aware] pred_score max: 1.000000, num of top-score tie (avg per sample): 9.7212
[Epoch 1799] [user evaluate] [metrics_tie_aware] top-score tie ratio (avg per sample): 9.6250%, samples with tied top (>1 item): 86.4310%
[Epoch 1799] User [metrics_tie_aware], Hit@[1, 5, 10]: [0.21397, 0.62708, 0.74801], NDCG@[1, 5, 10]: [0.21397, 0.43042, 0.46994]

Epoch 1809, user loss: 0.35703, Cost time: 2.58s
Epoch 1819, user loss: 0.35723, Cost time: 2.51s
Epoch 1829, user loss: 0.35596, Cost time: 2.64s
Epoch 1839, user loss: 0.35641, Cost time: 2.50s
Epoch 1849, user loss: 0.35735, Cost time: 2.48s
Epoch 1859, user loss: 0.35686, Cost time: 2.45s
Epoch 1869, user loss: 0.35642, Cost time: 2.45s
Epoch 1879, user loss: 0.35716, Cost time: 2.55s
Epoch 1889, user loss: 0.35687, Cost time: 2.72s
Epoch 1899, user loss: 0.35763, Cost time: 2.60s
[Epoch 1899] [group evaluate] [metrics] pred_score max: 1.000000, num of top-score tie (avg per sample): 76.3869
[Epoch 1899] [group evaluate] [metrics] top-score tie ratio (avg per sample): 75.6306%, samples with tied top (>1 item): 81.0050%
[Epoch 1899] Group [metrics], Hit@[1, 5, 10]: [0.75477, 0.91156, 0.92161], NDCG@[1, 5, 10]: [0.75477, 0.84186, 0.84533]
[Epoch 1899] [user evaluate] [metrics] pred_score max: 1.000000, num of top-score tie (avg per sample): 9.7292
[Epoch 1899] [user evaluate] [metrics] top-score tie ratio (avg per sample): 9.6329%, samples with tied top (>1 item): 86.4880%
[Epoch 1899] User [metrics], Hit@[1, 5, 10]: [0.69612, 0.8073, 0.86602], NDCG@[1, 5, 10]: [0.69612, 0.75112, 0.7704]
[Epoch 1899] [group evaluate] [metrics_first] pred_score max: 1.000000, num of top-score tie (avg per sample): 76.3869
[Epoch 1899] [group evaluate] [metrics_first] top-score tie ratio (avg per sample): 75.6306%, samples with tied top (>1 item): 81.0050%
[Epoch 1899] Group [metrics_first], Hit@[1, 5, 10]: [0.75477, 0.96382, 0.99497], NDCG@[1, 5, 10]: [0.75477, 0.86725, 0.87791]
[Epoch 1899] [user evaluate] [metrics_first] pred_score max: 1.000000, num of top-score tie (avg per sample): 9.7292
[Epoch 1899] [user evaluate] [metrics_first] top-score tie ratio (avg per sample): 9.6329%, samples with tied top (>1 item): 86.4880%
[Epoch 1899] User [metrics_first], Hit@[1, 5, 10]: [0.69612, 0.80958, 0.8683], NDCG@[1, 5, 10]: [0.69612, 0.75235, 0.77166]
[Epoch 1899] [group evaluate] [metrics_last] pred_score max: 1.000000, num of top-score tie (avg per sample): 76.3869
[Epoch 1899] [group evaluate] [metrics_last] top-score tie ratio (avg per sample): 75.6306%, samples with tied top (>1 item): 81.0050%
[Epoch 1899] Group [metrics_last], Hit@[1, 5, 10]: [0.0, 0.00201, 0.00302], NDCG@[1, 5, 10]: [0.0, 0.00102, 0.00136]
[Epoch 1899] [user evaluate] [metrics_last] pred_score max: 1.000000, num of top-score tie (avg per sample): 9.7292
[Epoch 1899] [user evaluate] [metrics_last] top-score tie ratio (avg per sample): 9.6329%, samples with tied top (>1 item): 86.4880%
[Epoch 1899] User [metrics_last], Hit@[1, 5, 10]: [0.08096, 0.53421, 0.65222], NDCG@[1, 5, 10]: [0.08096, 0.30596, 0.34531]
[Epoch 1899] [group evaluate] [metrics_tie_aware] pred_score max: 1.000000, num of top-score tie (avg per sample): 76.3869
[Epoch 1899] [group evaluate] [metrics_tie_aware] top-score tie ratio (avg per sample): 75.6306%, samples with tied top (>1 item): 81.0050%
[Epoch 1899] Group [metrics_tie_aware], Hit@[1, 5, 10]: [0.00816, 0.04575, 0.09594], NDCG@[1, 5, 10]: [0.00816, 0.02639, 0.04241]
[Epoch 1899] [user evaluate] [metrics_tie_aware] pred_score max: 1.000000, num of top-score tie (avg per sample): 9.7292
[Epoch 1899] [user evaluate] [metrics_tie_aware] top-score tie ratio (avg per sample): 9.6329%, samples with tied top (>1 item): 86.4880%
[Epoch 1899] User [metrics_tie_aware], Hit@[1, 5, 10]: [0.21493, 0.62775, 0.74939], NDCG@[1, 5, 10]: [0.21493, 0.431, 0.47072]

Epoch 1909, user loss: 0.35719, Cost time: 2.39s
Epoch 1919, user loss: 0.35720, Cost time: 2.55s
Epoch 1929, user loss: 0.35691, Cost time: 2.67s
Epoch 1939, user loss: 0.35766, Cost time: 2.49s
Epoch 1949, user loss: 0.35720, Cost time: 2.60s
Epoch 1959, user loss: 0.35623, Cost time: 2.56s
Epoch 1969, user loss: 0.35658, Cost time: 2.57s
Epoch 1979, user loss: 0.35807, Cost time: 2.60s
Epoch 1989, user loss: 0.35667, Cost time: 2.59s
Epoch 1999, user loss: 0.35830, Cost time: 2.39s
[Epoch 1999] [group evaluate] [metrics] pred_score max: 1.000000, num of top-score tie (avg per sample): 76.6874
[Epoch 1999] [group evaluate] [metrics] top-score tie ratio (avg per sample): 75.9282%, samples with tied top (>1 item): 81.3065%
[Epoch 1999] Group [metrics], Hit@[1, 5, 10]: [0.75779, 0.90955, 0.9206], NDCG@[1, 5, 10]: [0.75779, 0.84229, 0.84608]
[Epoch 1999] [user evaluate] [metrics] pred_score max: 1.000000, num of top-score tie (avg per sample): 9.6995
[Epoch 1999] [user evaluate] [metrics] top-score tie ratio (avg per sample): 9.6035%, samples with tied top (>1 item): 86.2600%
[Epoch 1999] User [metrics], Hit@[1, 5, 10]: [0.69498, 0.8073, 0.86431], NDCG@[1, 5, 10]: [0.69498, 0.7504, 0.7691]
[Epoch 1999] [group evaluate] [metrics_first] pred_score max: 1.000000, num of top-score tie (avg per sample): 76.6874
[Epoch 1999] [group evaluate] [metrics_first] top-score tie ratio (avg per sample): 75.9282%, samples with tied top (>1 item): 81.3065%
[Epoch 1999] Group [metrics_first], Hit@[1, 5, 10]: [0.75779, 0.96281, 0.99497], NDCG@[1, 5, 10]: [0.75779, 0.86845, 0.87943]
[Epoch 1999] [user evaluate] [metrics_first] pred_score max: 1.000000, num of top-score tie (avg per sample): 9.6995
[Epoch 1999] [user evaluate] [metrics_first] top-score tie ratio (avg per sample): 9.6035%, samples with tied top (>1 item): 86.2600%
[Epoch 1999] User [metrics_first], Hit@[1, 5, 10]: [0.69498, 0.81015, 0.86716], NDCG@[1, 5, 10]: [0.69498, 0.75187, 0.77055]
[Epoch 1999] [group evaluate] [metrics_last] pred_score max: 1.000000, num of top-score tie (avg per sample): 76.6874
[Epoch 1999] [group evaluate] [metrics_last] top-score tie ratio (avg per sample): 75.9282%, samples with tied top (>1 item): 81.3065%
[Epoch 1999] Group [metrics_last], Hit@[1, 5, 10]: [0.0, 0.00201, 0.00302], NDCG@[1, 5, 10]: [0.0, 0.00102, 0.00133]
[Epoch 1999] [user evaluate] [metrics_last] pred_score max: 1.000000, num of top-score tie (avg per sample): 9.6995
[Epoch 1999] [user evaluate] [metrics_last] top-score tie ratio (avg per sample): 9.6035%, samples with tied top (>1 item): 86.2600%
[Epoch 1999] User [metrics_last], Hit@[1, 5, 10]: [0.08267, 0.53421, 0.65108], NDCG@[1, 5, 10]: [0.08267, 0.30693, 0.34588]
[Epoch 1999] [group evaluate] [metrics_tie_aware] pred_score max: 1.000000, num of top-score tie (avg per sample): 76.6874
[Epoch 1999] [group evaluate] [metrics_tie_aware] top-score tie ratio (avg per sample): 75.9282%, samples with tied top (>1 item): 81.3065%
[Epoch 1999] Group [metrics_tie_aware], Hit@[1, 5, 10]: [0.00819, 0.04582, 0.09601], NDCG@[1, 5, 10]: [0.00819, 0.02644, 0.04243]
[Epoch 1999] [user evaluate] [metrics_tie_aware] pred_score max: 1.000000, num of top-score tie (avg per sample): 9.6995
[Epoch 1999] [user evaluate] [metrics_tie_aware] top-score tie ratio (avg per sample): 9.6035%, samples with tied top (>1 item): 86.2600%
[Epoch 1999] User [metrics_tie_aware], Hit@[1, 5, 10]: [0.21604, 0.62833, 0.74868], NDCG@[1, 5, 10]: [0.21604, 0.43169, 0.47092]

[Epoch 2000] [group evaluate] [metrics] pred_score max: 1.000000, num of top-score tie (avg per sample): 76.4864
[Epoch 2000] [group evaluate] [metrics] top-score tie ratio (avg per sample): 75.7291%, samples with tied top (>1 item): 81.1055%
[Epoch 2000] Group [metrics], Hit@[1, 5, 10]: [0.75578, 0.90955, 0.9206], NDCG@[1, 5, 10]: [0.75578, 0.84136, 0.84516]
[Epoch 2000] [user evaluate] [metrics] pred_score max: 1.000000, num of top-score tie (avg per sample): 9.7417
[Epoch 2000] [user evaluate] [metrics] top-score tie ratio (avg per sample): 9.6453%, samples with tied top (>1 item): 86.4880%
[Epoch 2000] User [metrics], Hit@[1, 5, 10]: [0.69954, 0.80673, 0.86431], NDCG@[1, 5, 10]: [0.69954, 0.75232, 0.77123]
[Epoch 2000] [group evaluate] [metrics_first] pred_score max: 1.000000, num of top-score tie (avg per sample): 76.4864
[Epoch 2000] [group evaluate] [metrics_first] top-score tie ratio (avg per sample): 75.7291%, samples with tied top (>1 item): 81.1055%
[Epoch 2000] Group [metrics_first], Hit@[1, 5, 10]: [0.75578, 0.96281, 0.99497], NDCG@[1, 5, 10]: [0.75578, 0.86752, 0.8785]
[Epoch 2000] [user evaluate] [metrics_first] pred_score max: 1.000000, num of top-score tie (avg per sample): 9.7417
[Epoch 2000] [user evaluate] [metrics_first] top-score tie ratio (avg per sample): 9.6453%, samples with tied top (>1 item): 86.4880%
[Epoch 2000] User [metrics_first], Hit@[1, 5, 10]: [0.69954, 0.80958, 0.86716], NDCG@[1, 5, 10]: [0.69954, 0.75379, 0.77266]
[Epoch 2000] [group evaluate] [metrics_last] pred_score max: 1.000000, num of top-score tie (avg per sample): 76.4864
[Epoch 2000] [group evaluate] [metrics_last] top-score tie ratio (avg per sample): 75.7291%, samples with tied top (>1 item): 81.1055%
[Epoch 2000] Group [metrics_last], Hit@[1, 5, 10]: [0.0, 0.00201, 0.00302], NDCG@[1, 5, 10]: [0.0, 0.00102, 0.00133]
[Epoch 2000] [user evaluate] [metrics_last] pred_score max: 1.000000, num of top-score tie (avg per sample): 9.7417
[Epoch 2000] [user evaluate] [metrics_last] top-score tie ratio (avg per sample): 9.6453%, samples with tied top (>1 item): 86.4880%
[Epoch 2000] User [metrics_last], Hit@[1, 5, 10]: [0.0821, 0.53136, 0.65051], NDCG@[1, 5, 10]: [0.0821, 0.30517, 0.34489]
[Epoch 2000] [group evaluate] [metrics_tie_aware] pred_score max: 1.000000, num of top-score tie (avg per sample): 76.4864
[Epoch 2000] [group evaluate] [metrics_tie_aware] top-score tie ratio (avg per sample): 75.7291%, samples with tied top (>1 item): 81.1055%
[Epoch 2000] Group [metrics_tie_aware], Hit@[1, 5, 10]: [0.00817, 0.04577, 0.09596], NDCG@[1, 5, 10]: [0.00817, 0.02641, 0.0424]
[Epoch 2000] [user evaluate] [metrics_tie_aware] pred_score max: 1.000000, num of top-score tie (avg per sample): 9.7417
[Epoch 2000] [user evaluate] [metrics_tie_aware] top-score tie ratio (avg per sample): 9.6453%, samples with tied top (>1 item): 86.4880%
[Epoch 2000] User [metrics_tie_aware], Hit@[1, 5, 10]: [0.21668, 0.62669, 0.74809], NDCG@[1, 5, 10]: [0.21668, 0.43119, 0.47079]


## Finishing Time: 2026-05-01 17:47:23
= = = = = = = = = = = = = = = = = = = = 
Done!
