= = = = = = = = = = = = = = = = = = = = 
## Starting Time: 2026-05-01 14:28:30
Namespace(seed=1, dataset='CAMRa2011', device='cuda:0', layers=2, emb_dim=32, num_negatives=2, cluster=10, g2i=10, topK=[1, 5, 10], epoch=30, learning_rate=0.001, batch_size=512, patience=4, predictor='DOT', loss_type='BPR')
[CAMRA2011] loading...
UserItem: (602, 7710) with 111845 interactions, sparsity: 0.97590
GroupItem: (290, 7710) with 112659 interactions, sparsity: 0.94961
/home/guest/r14944001/projects/reproducibility/ITR/dataloader.py:208: UserWarning: torch.sparse.SparseTensor(indices, values, shape, *, device=) is deprecated.  Please use torch.sparse_coo_tensor(indices, values, shape, dtype=, device=). (Triggered internally at ../torch/csrc/utils/tensor_new.cpp:651.)
  return torch.sparse.FloatTensor(index, data, torch.Size(coo.shape))
/home/guest/r14944001/projects/reproducibility/ITR/dataloader.py:190: UserWarning: Sparse CSR tensor support is in beta state. If you miss a functionality in the sparse tensor support, please submit a feature request to https://github.com/pytorch/pytorch/issues. (Triggered internally at ../aten/src/ATen/SparseCsrTensorImpl.cpp:53.)
  user_hyper_graph = torch.sparse.mm(convert_sp_mat_to_sp_tensor(user_hg_deg),
User hyper-graph torch.Size([290, 602]), Item hyper-graph torch.Size([290, 7710]), Full hyper-graph torch.Size([8312, 290])
/home/guest/r14944001/projects/reproducibility/ITR/dataloader.py:222: RuntimeWarning: divide by zero encountered in power
  d_inv = np.power(row_sum, -0.5).flatten()
[0;30;43mCAMRA2011 finish loading![0m #Users 602, #Items 7710, #Groups 290

Epoch 9, user loss: 0.37757, Cost time: 1.77s
Epoch 19, user loss: 0.36203, Cost time: 1.69s
Epoch 29, user loss: 0.35740, Cost time: 1.68s
[Epoch 30] [group evaluate] [metrics] pred_score max: 1.000000, num of top-score tie (avg per sample): 5.0559
[Epoch 30] [group evaluate] [metrics] top-score tie ratio (avg per sample): 5.0058%, samples with tied top (>1 item): 85.1034%
[Epoch 30] Group [metrics], Hit@[1, 5, 10]: [0.58828, 0.67931, 0.81931], NDCG@[1, 5, 10]: [0.58828, 0.63041, 0.67538]
[Epoch 30] [user evaluate] [metrics] pred_score max: 1.000000, num of top-score tie (avg per sample): 4.8070
[Epoch 30] [user evaluate] [metrics] top-score tie ratio (avg per sample): 4.7594%, samples with tied top (>1 item): 78.6711%
[Epoch 30] User [metrics], Hit@[1, 5, 10]: [0.59435, 0.71694, 0.83654], NDCG@[1, 5, 10]: [0.59435, 0.65346, 0.69188]
[Epoch 30] [group evaluate] [metrics_first] pred_score max: 1.000000, num of top-score tie (avg per sample): 5.0559
[Epoch 30] [group evaluate] [metrics_first] top-score tie ratio (avg per sample): 5.0058%, samples with tied top (>1 item): 85.1034%
[Epoch 30] Group [metrics_first], Hit@[1, 5, 10]: [0.58828, 0.67931, 0.81931], NDCG@[1, 5, 10]: [0.58828, 0.63045, 0.67543]
[Epoch 30] [user evaluate] [metrics_first] pred_score max: 1.000000, num of top-score tie (avg per sample): 4.8070
[Epoch 30] [user evaluate] [metrics_first] top-score tie ratio (avg per sample): 4.7594%, samples with tied top (>1 item): 78.6711%
[Epoch 30] User [metrics_first], Hit@[1, 5, 10]: [0.59435, 0.71728, 0.83654], NDCG@[1, 5, 10]: [0.59435, 0.65375, 0.69206]
[Epoch 30] [group evaluate] [metrics_last] pred_score max: 1.000000, num of top-score tie (avg per sample): 5.0559
[Epoch 30] [group evaluate] [metrics_last] top-score tie ratio (avg per sample): 5.0058%, samples with tied top (>1 item): 85.1034%
[Epoch 30] Group [metrics_last], Hit@[1, 5, 10]: [0.03379, 0.3669, 0.78828], NDCG@[1, 5, 10]: [0.03379, 0.1865, 0.32427]
[Epoch 30] [user evaluate] [metrics_last] pred_score max: 1.000000, num of top-score tie (avg per sample): 4.8070
[Epoch 30] [user evaluate] [metrics_last] top-score tie ratio (avg per sample): 4.7594%, samples with tied top (>1 item): 78.6711%
[Epoch 30] User [metrics_last], Hit@[1, 5, 10]: [0.04086, 0.42691, 0.79169], NDCG@[1, 5, 10]: [0.04086, 0.22161, 0.3405]
[Epoch 30] [group evaluate] [metrics_tie_aware] pred_score max: 1.000000, num of top-score tie (avg per sample): 5.0559
[Epoch 30] [group evaluate] [metrics_tie_aware] top-score tie ratio (avg per sample): 5.0058%, samples with tied top (>1 item): 85.1034%
[Epoch 30] Group [metrics_tie_aware], Hit@[1, 5, 10]: [0.14479, 0.57681, 0.81413], NDCG@[1, 5, 10]: [0.14479, 0.35997, 0.43756]
[Epoch 30] [user evaluate] [metrics_tie_aware] pred_score max: 1.000000, num of top-score tie (avg per sample): 4.8070
[Epoch 30] [user evaluate] [metrics_tie_aware] top-score tie ratio (avg per sample): 4.7594%, samples with tied top (>1 item): 78.6711%
[Epoch 30] User [metrics_tie_aware], Hit@[1, 5, 10]: [0.15613, 0.6148, 0.82848], NDCG@[1, 5, 10]: [0.15613, 0.38678, 0.45659]


## Finishing Time: 2026-05-01 14:33:29
= = = = = = = = = = = = = = = = = = = = 
Done!
