= = = = = = = = = = = = = = = = = = = = 
## Starting Time: 2026-05-03 01:09:18
Namespace(seed=2, dataset='CAMRa2011', device='cuda:0', layers=2, emb_dim=32, num_negatives=2, cluster=10, g2i=10, topK=[1, 5, 10], epoch=30, learning_rate=0.001, batch_size=512, patience=4, predictor='DOT', loss_type='BPR')
[CAMRA2011] loading...
UserItem: (602, 7710) with 111845 interactions, sparsity: 0.97590
GroupItem: (290, 7710) with 112659 interactions, sparsity: 0.94961
/home/guest/r14944001/projects/reproducibility/ITR/dataloader.py:208: UserWarning: torch.sparse.SparseTensor(indices, values, shape, *, device=) is deprecated.  Please use torch.sparse_coo_tensor(indices, values, shape, dtype=, device=). (Triggered internally at ../torch/csrc/utils/tensor_new.cpp:651.)
  return torch.sparse.FloatTensor(index, data, torch.Size(coo.shape))
/home/guest/r14944001/projects/reproducibility/ITR/dataloader.py:190: UserWarning: Sparse CSR tensor support is in beta state. If you miss a functionality in the sparse tensor support, please submit a feature request to https://github.com/pytorch/pytorch/issues. (Triggered internally at ../aten/src/ATen/SparseCsrTensorImpl.cpp:53.)
  user_hyper_graph = torch.sparse.mm(convert_sp_mat_to_sp_tensor(user_hg_deg),
User hyper-graph torch.Size([290, 602]), Item hyper-graph torch.Size([290, 7710]), Full hyper-graph torch.Size([8312, 290])
/home/guest/r14944001/projects/reproducibility/ITR/dataloader.py:222: RuntimeWarning: divide by zero encountered in power
  d_inv = np.power(row_sum, -0.5).flatten()
[0;30;43mCAMRA2011 finish loading![0m #Users 602, #Items 7710, #Groups 290

Epoch 9, user loss: 0.08525, Cost time: 1.46s
Epoch 19, user loss: 0.06604, Cost time: 1.47s
Epoch 29, user loss: 0.05738, Cost time: 1.51s
[Epoch 30] [group evaluate] [metrics] pred_score max: 9.219989, num of top-score tie (avg per sample): 1.0021
[Epoch 30] [group evaluate] [metrics] top-score tie ratio (avg per sample): 0.9921%, samples with tied top (>1 item): 0.2069%
[Epoch 30] Group [metrics], Hit@[1, 5, 10]: [0.21379, 0.61103, 0.8069], NDCG@[1, 5, 10]: [0.21379, 0.41658, 0.48023]
[Epoch 30] [user evaluate] [metrics] pred_score max: 11.795672, num of top-score tie (avg per sample): 1.0037
[Epoch 30] [user evaluate] [metrics] top-score tie ratio (avg per sample): 0.9937%, samples with tied top (>1 item): 0.3654%
[Epoch 30] User [metrics], Hit@[1, 5, 10]: [0.20233, 0.63588, 0.81096], NDCG@[1, 5, 10]: [0.20233, 0.42688, 0.48391]
[Epoch 30] [group evaluate] [metrics_first] pred_score max: 9.219989, num of top-score tie (avg per sample): 1.0021
[Epoch 30] [group evaluate] [metrics_first] top-score tie ratio (avg per sample): 0.9921%, samples with tied top (>1 item): 0.2069%
[Epoch 30] Group [metrics_first], Hit@[1, 5, 10]: [0.21379, 0.61103, 0.80759], NDCG@[1, 5, 10]: [0.21379, 0.41662, 0.48047]
[Epoch 30] [user evaluate] [metrics_first] pred_score max: 11.795672, num of top-score tie (avg per sample): 1.0037
[Epoch 30] [user evaluate] [metrics_first] top-score tie ratio (avg per sample): 0.9937%, samples with tied top (>1 item): 0.3654%
[Epoch 30] User [metrics_first], Hit@[1, 5, 10]: [0.20233, 0.63588, 0.81096], NDCG@[1, 5, 10]: [0.20233, 0.42693, 0.48397]
[Epoch 30] [group evaluate] [metrics_last] pred_score max: 9.219989, num of top-score tie (avg per sample): 1.0021
[Epoch 30] [group evaluate] [metrics_last] top-score tie ratio (avg per sample): 0.9921%, samples with tied top (>1 item): 0.2069%
[Epoch 30] Group [metrics_last], Hit@[1, 5, 10]: [0.21172, 0.61103, 0.8069], NDCG@[1, 5, 10]: [0.21172, 0.41491, 0.47852]
[Epoch 30] [user evaluate] [metrics_last] pred_score max: 11.795672, num of top-score tie (avg per sample): 1.0037
[Epoch 30] [user evaluate] [metrics_last] top-score tie ratio (avg per sample): 0.9937%, samples with tied top (>1 item): 0.3654%
[Epoch 30] User [metrics_last], Hit@[1, 5, 10]: [0.19867, 0.63488, 0.81096], NDCG@[1, 5, 10]: [0.19867, 0.42476, 0.48212]
[Epoch 30] [group evaluate] [metrics_tie_aware] pred_score max: 9.219989, num of top-score tie (avg per sample): 1.0021
[Epoch 30] [group evaluate] [metrics_tie_aware] top-score tie ratio (avg per sample): 0.9921%, samples with tied top (>1 item): 0.2069%
[Epoch 30] Group [metrics_tie_aware], Hit@[1, 5, 10]: [0.21276, 0.61103, 0.80724], NDCG@[1, 5, 10]: [0.21276, 0.41577, 0.47949]
[Epoch 30] [user evaluate] [metrics_tie_aware] pred_score max: 11.795672, num of top-score tie (avg per sample): 1.0037
[Epoch 30] [user evaluate] [metrics_tie_aware] top-score tie ratio (avg per sample): 0.9937%, samples with tied top (>1 item): 0.3654%
[Epoch 30] User [metrics_tie_aware], Hit@[1, 5, 10]: [0.2005, 0.63538, 0.81096], NDCG@[1, 5, 10]: [0.2005, 0.42584, 0.48305]


## Finishing Time: 2026-05-03 01:11:57
= = = = = = = = = = = = = = = = = = = = 
Done!
