= = = = = = = = = = = = = = = = = = = = 
## Starting Time: 2026-05-01 14:42:29
Namespace(seed=2, dataset='CAMRa2011', device='cuda:0', layers=2, emb_dim=32, num_negatives=2, cluster=10, g2i=10, topK=[1, 5, 10], epoch=30, learning_rate=0.001, batch_size=512, patience=4, predictor='DOT', loss_type='BPR')
[CAMRA2011] loading...
UserItem: (602, 7710) with 111845 interactions, sparsity: 0.97590
GroupItem: (290, 7710) with 112659 interactions, sparsity: 0.94961
/home/guest/r14944001/projects/reproducibility/ITR/dataloader.py:208: UserWarning: torch.sparse.SparseTensor(indices, values, shape, *, device=) is deprecated.  Please use torch.sparse_coo_tensor(indices, values, shape, dtype=, device=). (Triggered internally at ../torch/csrc/utils/tensor_new.cpp:651.)
  return torch.sparse.FloatTensor(index, data, torch.Size(coo.shape))
/home/guest/r14944001/projects/reproducibility/ITR/dataloader.py:190: UserWarning: Sparse CSR tensor support is in beta state. If you miss a functionality in the sparse tensor support, please submit a feature request to https://github.com/pytorch/pytorch/issues. (Triggered internally at ../aten/src/ATen/SparseCsrTensorImpl.cpp:53.)
  user_hyper_graph = torch.sparse.mm(convert_sp_mat_to_sp_tensor(user_hg_deg),
User hyper-graph torch.Size([290, 602]), Item hyper-graph torch.Size([290, 7710]), Full hyper-graph torch.Size([8312, 290])
/home/guest/r14944001/projects/reproducibility/ITR/dataloader.py:222: RuntimeWarning: divide by zero encountered in power
  d_inv = np.power(row_sum, -0.5).flatten()
[0;30;43mCAMRA2011 finish loading![0m #Users 602, #Items 7710, #Groups 290

Epoch 9, user loss: 0.37146, Cost time: 1.68s
Epoch 19, user loss: 0.35897, Cost time: 1.75s
Epoch 29, user loss: 0.35490, Cost time: 1.78s
[Epoch 30] [group evaluate] [metrics] pred_score max: 1.000000, num of top-score tie (avg per sample): 4.8228
[Epoch 30] [group evaluate] [metrics] top-score tie ratio (avg per sample): 4.7750%, samples with tied top (>1 item): 84.4138%
[Epoch 30] Group [metrics], Hit@[1, 5, 10]: [0.57724, 0.67724, 0.81172], NDCG@[1, 5, 10]: [0.57724, 0.62316, 0.6665]
[Epoch 30] [user evaluate] [metrics] pred_score max: 1.000000, num of top-score tie (avg per sample): 4.7319
[Epoch 30] [user evaluate] [metrics] top-score tie ratio (avg per sample): 4.6850%, samples with tied top (>1 item): 80.3654%
[Epoch 30] User [metrics], Hit@[1, 5, 10]: [0.59369, 0.70332, 0.82658], NDCG@[1, 5, 10]: [0.59369, 0.64568, 0.68568]
[Epoch 30] [group evaluate] [metrics_first] pred_score max: 1.000000, num of top-score tie (avg per sample): 4.8228
[Epoch 30] [group evaluate] [metrics_first] top-score tie ratio (avg per sample): 4.7750%, samples with tied top (>1 item): 84.4138%
[Epoch 30] Group [metrics_first], Hit@[1, 5, 10]: [0.57724, 0.67793, 0.81241], NDCG@[1, 5, 10]: [0.57724, 0.62343, 0.66674]
[Epoch 30] [user evaluate] [metrics_first] pred_score max: 1.000000, num of top-score tie (avg per sample): 4.7319
[Epoch 30] [user evaluate] [metrics_first] top-score tie ratio (avg per sample): 4.6850%, samples with tied top (>1 item): 80.3654%
[Epoch 30] User [metrics_first], Hit@[1, 5, 10]: [0.59369, 0.70365, 0.82724], NDCG@[1, 5, 10]: [0.59369, 0.64588, 0.68598]
[Epoch 30] [group evaluate] [metrics_last] pred_score max: 1.000000, num of top-score tie (avg per sample): 4.8228
[Epoch 30] [group evaluate] [metrics_last] top-score tie ratio (avg per sample): 4.7750%, samples with tied top (>1 item): 84.4138%
[Epoch 30] Group [metrics_last], Hit@[1, 5, 10]: [0.0331, 0.38966, 0.78897], NDCG@[1, 5, 10]: [0.0331, 0.19652, 0.32738]
[Epoch 30] [user evaluate] [metrics_last] pred_score max: 1.000000, num of top-score tie (avg per sample): 4.7319
[Epoch 30] [user evaluate] [metrics_last] top-score tie ratio (avg per sample): 4.6850%, samples with tied top (>1 item): 80.3654%
[Epoch 30] User [metrics_last], Hit@[1, 5, 10]: [0.03422, 0.43223, 0.78173], NDCG@[1, 5, 10]: [0.03422, 0.21887, 0.3335]
[Epoch 30] [group evaluate] [metrics_tie_aware] pred_score max: 1.000000, num of top-score tie (avg per sample): 4.8228
[Epoch 30] [group evaluate] [metrics_tie_aware] top-score tie ratio (avg per sample): 4.7750%, samples with tied top (>1 item): 84.4138%
[Epoch 30] Group [metrics_tie_aware], Hit@[1, 5, 10]: [0.14572, 0.58517, 0.80792], NDCG@[1, 5, 10]: [0.14572, 0.36454, 0.43751]
[Epoch 30] [user evaluate] [metrics_tie_aware] pred_score max: 1.000000, num of top-score tie (avg per sample): 4.7319
[Epoch 30] [user evaluate] [metrics_tie_aware] top-score tie ratio (avg per sample): 4.6850%, samples with tied top (>1 item): 80.3654%
[Epoch 30] User [metrics_tie_aware], Hit@[1, 5, 10]: [0.1533, 0.60873, 0.81864], NDCG@[1, 5, 10]: [0.1533, 0.38255, 0.45144]


## Finishing Time: 2026-05-01 14:47:59
= = = = = = = = = = = = = = = = = = = = 
Done!
